Building DAG of jobs...
Using shell: /usr/bin/bash
Provided cores: 8
Rules claiming more threads will be scaled down.
Job stats:
job                     count
--------------------  -------
all                         1
coverage_stats_plots        1
total                       2

Select jobs to execute...

[Tue Jan  2 15:35:41 2024]
rule coverage_stats_plots:
    input: files/sample_metadata.csv, results/coverage_global_good.csv, results/coverage_good.csv, results/coverage_global_raw.csv, results/coverage_raw.csv
    output: results/norm_coverage_good.csv, results/cov_global_good.svg, results/cov_median_good.svg, results/cov_mean_good.svg, results/norm_coverage_raw.csv, results/cov_global_raw.svg, results/cov_median_raw.svg, results/cov_mean_raw.svg
    log: logs/coverage/stats_plot.log
    jobid: 171
    reason: Missing output files: results/cov_mean_raw.svg, results/cov_median_raw.svg, results/cov_global_good.svg, results/cov_median_good.svg, results/norm_coverage_raw.csv, results/cov_global_raw.svg, results/cov_mean_good.svg, results/norm_coverage_good.csv
    resources: tmpdir=/tmp

Rscript --vanilla /mnt/fatraid10/analysis/czirion/DiversityPipeline/.snakemake/scripts/tmpyduz_np6.cov_stats_all.R
[Tue Jan  2 15:35:46 2024]
Finished job 171.
1 of 2 steps (50%) done
Select jobs to execute...

[Tue Jan  2 15:35:46 2024]
localrule all:
    input: analysis/SRS881156/coverage.svg, analysis/SRS881204/coverage.svg, analysis/SRS881178/coverage.svg, analysis/SRS409176/coverage.svg, analysis/SRS881246/coverage.svg, analysis/SRS885884/coverage.svg, analysis/SRS881212/coverage.svg, analysis/SRS885843/coverage.svg, analysis/SRS885889/coverage.svg, analysis/SRS885170/coverage.svg, analysis/SRS885893/coverage.svg, analysis/SRS409067/coverage.svg, analysis/SRS881161/coverage.svg, analysis/SRS881185/coverage.svg, analysis/SRS881156/coverage.regions.bed.gz, analysis/SRS881204/coverage.regions.bed.gz, analysis/SRS881178/coverage.regions.bed.gz, analysis/SRS409176/coverage.regions.bed.gz, analysis/SRS881246/coverage.regions.bed.gz, analysis/SRS885884/coverage.regions.bed.gz, analysis/SRS881212/coverage.regions.bed.gz, analysis/SRS885843/coverage.regions.bed.gz, analysis/SRS885889/coverage.regions.bed.gz, analysis/SRS885170/coverage.regions.bed.gz, analysis/SRS885893/coverage.regions.bed.gz, analysis/SRS409067/coverage.regions.bed.gz, analysis/SRS881161/coverage.regions.bed.gz, analysis/SRS881185/coverage.regions.bed.gz, analysis/SRS881156/coverage_good.regions.bed.gz, analysis/SRS881204/coverage_good.regions.bed.gz, analysis/SRS881178/coverage_good.regions.bed.gz, analysis/SRS409176/coverage_good.regions.bed.gz, analysis/SRS881246/coverage_good.regions.bed.gz, analysis/SRS885884/coverage_good.regions.bed.gz, analysis/SRS881212/coverage_good.regions.bed.gz, analysis/SRS885843/coverage_good.regions.bed.gz, analysis/SRS885889/coverage_good.regions.bed.gz, analysis/SRS885170/coverage_good.regions.bed.gz, analysis/SRS885893/coverage_good.regions.bed.gz, analysis/SRS409067/coverage_good.regions.bed.gz, analysis/SRS881161/coverage_good.regions.bed.gz, analysis/SRS881185/coverage_good.regions.bed.gz, analysis/SRS881156/mapq_distribution.svg, analysis/SRS881204/mapq_distribution.svg, analysis/SRS881178/mapq_distribution.svg, analysis/SRS409176/mapq_distribution.svg, analysis/SRS881246/mapq_distribution.svg, analysis/SRS885884/mapq_distribution.svg, analysis/SRS881212/mapq_distribution.svg, analysis/SRS885843/mapq_distribution.svg, analysis/SRS885889/mapq_distribution.svg, analysis/SRS885170/mapq_distribution.svg, analysis/SRS885893/mapq_distribution.svg, analysis/SRS409067/mapq_distribution.svg, analysis/SRS881161/mapq_distribution.svg, analysis/SRS881185/mapq_distribution.svg, analysis/SRS881156/cov_distribution.svg, analysis/SRS881204/cov_distribution.svg, analysis/SRS881178/cov_distribution.svg, analysis/SRS409176/cov_distribution.svg, analysis/SRS881246/cov_distribution.svg, analysis/SRS885884/cov_distribution.svg, analysis/SRS881212/cov_distribution.svg, analysis/SRS885843/cov_distribution.svg, analysis/SRS885889/cov_distribution.svg, analysis/SRS885170/cov_distribution.svg, analysis/SRS885893/cov_distribution.svg, analysis/SRS409067/cov_distribution.svg, analysis/SRS881161/cov_distribution.svg, analysis/SRS881185/cov_distribution.svg, analysis/SRS881156/bamstats, analysis/SRS881204/bamstats, analysis/SRS881178/bamstats, analysis/SRS409176/bamstats, analysis/SRS881246/bamstats, analysis/SRS885884/bamstats, analysis/SRS881212/bamstats, analysis/SRS885843/bamstats, analysis/SRS885889/bamstats, analysis/SRS885170/bamstats, analysis/SRS885893/bamstats, analysis/SRS409067/bamstats, analysis/SRS881161/bamstats, analysis/SRS881185/bamstats, results/mapped_reads.svg, analysis/SRS881156/mapq_window.bed, analysis/SRS881204/mapq_window.bed, analysis/SRS881178/mapq_window.bed, analysis/SRS409176/mapq_window.bed, analysis/SRS881246/mapq_window.bed, analysis/SRS885884/mapq_window.bed, analysis/SRS881212/mapq_window.bed, analysis/SRS885843/mapq_window.bed, analysis/SRS885889/mapq_window.bed, analysis/SRS885170/mapq_window.bed, analysis/SRS885893/mapq_window.bed, analysis/SRS409067/mapq_window.bed, analysis/SRS881161/mapq_window.bed, analysis/SRS881185/mapq_window.bed, analysis/SRS881156/mapq.svg, analysis/SRS881204/mapq.svg, analysis/SRS881178/mapq.svg, analysis/SRS409176/mapq.svg, analysis/SRS881246/mapq.svg, analysis/SRS885884/mapq.svg, analysis/SRS881212/mapq.svg, analysis/SRS885843/mapq.svg, analysis/SRS885889/mapq.svg, analysis/SRS885170/mapq.svg, analysis/SRS885893/mapq.svg, analysis/SRS409067/mapq.svg, analysis/SRS881161/mapq.svg, analysis/SRS881185/mapq.svg, analysis/SRS881156/annotation.gff, analysis/SRS881204/annotation.gff, analysis/SRS881178/annotation.gff, analysis/SRS409176/annotation.gff, analysis/SRS881246/annotation.gff, analysis/SRS885884/annotation.gff, analysis/SRS881212/annotation.gff, analysis/SRS885843/annotation.gff, analysis/SRS885889/annotation.gff, analysis/SRS885170/annotation.gff, analysis/SRS885893/annotation.gff, analysis/SRS409067/annotation.gff, analysis/SRS881161/annotation.gff, analysis/SRS881185/annotation.gff, results/norm_coverage_good.csv, results/cov_global_good.svg, results/cov_median_good.svg, results/cov_mean_good.svg, results/norm_coverage_raw.csv, results/cov_global_raw.svg, results/cov_median_raw.svg, results/cov_mean_raw.svg
    jobid: 0
    reason: Input files updated by another job: results/cov_mean_raw.svg, results/cov_median_raw.svg, results/cov_global_good.svg, results/cov_global_raw.svg, results/norm_coverage_raw.csv, results/cov_median_good.svg, results/cov_mean_good.svg, results/norm_coverage_good.csv
    resources: tmpdir=/tmp

[Tue Jan  2 15:35:46 2024]
Finished job 0.
2 of 2 steps (100%) done
Complete log: .snakemake/log/2024-01-02T153539.937853.snakemake.log
