000377 65.9 000507 000632 gi|19 001943 002068 gi|52 
004523 82.3 021182 021898 gi|19 021671 022387 gi|71 
005774 92.1 021888 021184 gi|19 000001 000705 gi|56 
000579 88.5 021938 021835 gi|19 020725 020830 gi|62 
000933 84.0 022053 022208 gi|19 020860 021015 gi|62 
000862 83.6 022208 022063 gi|19 018466 018611 gi|34 
000784 82.1 022204 022065 gi|19 019922 020065 gi|62 
001140 94.2 022241 022070 gi|19 003711 003874 gi|56 
001026 83.1 026061 025801 gi|19 025116 025364 gi|72 
000356 82.8 025817 025985 gi|19 025236 025395 gi|72 
000264 77.7 005114 004936 gi|30 023926 024108 gi|64 
000985 88.2 024551 024703 gi|30 006423 006576 gi|56 
000617 84.3 029541 029699 gi|30 022303 022465 gi|78 
000259 72.7 000541 000388 gi|27 030231 030409 gi|42 
000624 78.6 000618 000418 gi|27 034399 034593 gi|42 
000507 82.3 000418 000621 gi|27 035115 035330 gi|39 
000425 74.7 000884 000636 gi|27 032252 032476 gi|77 
000397 76.6 000927 000642 gi|27 021149 021433 gi|42 
000431 76.2 000758 000938 gi|27 013748 013948 gi|42 
002535 82.1 009163 008488 gi|27 036986 037645 gi|42 
005359 81.9 010396 009303 gi|27 035851 036918 gi|42 
001165 80.6 010731 010397 gi|27 035001 035327 gi|39 
000793 75.5 010417 010710 gi|27 034390 034687 gi|42 
000282 71.3 010491 010605 gi|27 030227 030345 gi|42 
000273 77.6 010559 010502 gi|27 021958 022017 gi|54 
000700 76.7 000495 000333 gi|23 003342 003505 gi|52 
000296 69.9 000333 000485 gi|23 022654 022809 gi|71 
000304 71.1 000462 000335 gi|23 018797 018926 gi|34 
000484 76.9 000603 000487 gi|23 002936 003047 gi|52 
000494 75.6 026892 027129 gi|23 012194 012442 gi|76 
000262 76.6 029565 029675 gi|23 014790 014894 gi|76 
001118 85.7 031710 031933 gi|23 011053 011267 gi|39 
000823 86.7 032586 032720 gi|23 011271 011405 gi|39 
000315 75.0 017256 017153 gi|28 001811 001915 gi|51 
000285 72.5 016854 016955 gi|26 025423 025524 gi|36 
000269 72.1 017166 017495 gi|26 025820 026191 gi|36 
000414 74.9 017308 017638 gi|26 026004 026412 gi|36 
000348 77.6 021214 021436 gi|16 032236 032479 gi|77 
000322 84.4 021293 021427 gi|16 021290 021434 gi|42 
000718 80.6 021456 021677 gi|16 031850 032055 gi|53 
000337 83.9 021777 021691 gi|16 010556 010639 gi|73 
000486 89.5 021692 021777 gi|16 024938 025019 gi|42 
001220 82.4 021761 022101 gi|16 025216 025548 gi|42 
001362 90.0 025754 025555 gi|16 019805 020014 gi|54 
003476 100.0 001026 000654 gi|1 021504 021876 gi|40 
000267 74.2 000982 000894 gi|1 021345 021436 gi|40 
003992 100.0 004038 003599 gi|1 035810 036249 gi|65 
000899 93.7 004038 003897 gi|1 021182 021316 gi|40 
000540 95.1 016373 016454 gi|1 017217 017301 gi|65 
000412 69.6 019346 019585 gi|1 036220 036461 gi|59 
000283 71.0 019613 019705 gi|1 036556 036652 gi|59 
000533 70.3 024970 024671 gi|1 003224 003571 gi|2 
001140 76.8 010421 011014 gi|17 004577 005127 gi|30 
000316 70.0 032799 032577 gi|17 039787 040000 gi|46 
001199 94.4 003580 003421 gi|4 019851 020014 gi|54 
001113 90.1 003421 003571 gi|4 025555 025705 gi|16 
003077 84.2 004277 003728 gi|4 024364 024898 gi|5 
002448 82.1 005015 004540 gi|4 023895 024366 gi|5 
000781 89.7 005176 005051 gi|4 023373 023495 gi|5 
000781 81.2 012132 011808 gi|4 014485 014799 gi|14 
000438 76.4 012060 011815 gi|4 032234 032472 gi|77 
000974 82.2 011821 012230 gi|4 007875 008281 gi|14 
000468 82.6 011995 011829 gi|4 021220 021420 gi|42 
000455 81.7 011831 012130 gi|4 013701 013957 gi|42 
000414 80.1 011881 012121 gi|4 000733 000938 gi|27 
000271 83.3 035724 035777 gi|4 015164 015219 gi|11 
000264 82.7 036594 036520 gi|4 032376 032458 gi|17 
000283 77.5 038855 038785 gi|4 002671 002738 gi|18 
000265 75.0 038848 038915 gi|4 021804 021872 gi|8 
000396 87.2 009379 009302 gi|18 029912 029989 gi|38 
000368 76.0 036267 036608 gi|21 018663 019010 gi|74 
000269 84.6 036670 036632 gi|21 020092 020130 gi|75 
000364 82.8 003632 003505 gi|15 011178 011311 gi|36 
000375 74.3 003520 003632 gi|15 002736 002846 gi|40 
000333 77.7 003539 003632 gi|15 011525 011622 gi|40 
000353 84.2 003557 003632 gi|15 015510 015589 gi|40 
000740 85.5 025486 025637 gi|22 026242 026385 gi|61 
000430 83.0 013514 013409 gi|7 008233 008337 gi|52 
000268 94.3 013452 013418 gi|7 020704 020738 gi|46 
000250 68.5 025111 024988 gi|7 005117 005240 gi|42 
000421 78.2 039844 039976 gi|7 034041 034182 gi|8 
000342 75.7 039850 039997 gi|7 021510 021650 gi|16 
000456 82.3 039857 039997 gi|7 031897 032029 gi|53 
001896 76.4 020443 019901 gi|6 035115 035623 gi|42 
000290 82.0 020367 020279 gi|6 031557 031650 gi|53 
000789 77.2 020792 020433 gi|6 034502 034910 gi|42 
000339 72.0 020579 020792 gi|6 034994 035210 gi|39 
000626 78.2 020628 020829 gi|6 018469 018669 gi|73 
000331 79.3 020823 020684 gi|6 030233 030371 gi|42 
000462 75.7 020953 020806 gi|6 032338 032493 gi|77 
000596 81.1 020819 020950 gi|6 007863 007997 gi|14 
000329 70.7 020821 020984 gi|6 000636 000816 gi|27 
000582 81.4 020950 020822 gi|6 014663 014794 gi|14 
000308 74.8 020953 020823 gi|6 021286 021430 gi|16 
000297 68.0 032373 032274 gi|6 005395 005498 gi|23 
000685 82.7 034248 034139 gi|6 040269 040378 gi|39 
001262 85.4 034868 034677 gi|6 040077 040268 gi|39 
001175 81.9 035286 035083 gi|6 039873 040075 gi|39 
004340 86.9 036764 036032 gi|6 039159 039871 gi|39 
003203 89.8 036969 036482 gi|6 021858 022374 gi|40 
001152 88.3 036947 036760 gi|6 038459 038643 gi|39 
000320 78.8 038077 038142 gi|6 004104 004168 gi|26 
000302 82.0 013100 013001 gi|11 008727 008821 gi|70 
000301 77.1 017031 016604 gi|11 034366 034782 gi|42 
000689 80.7 000723 000924 gi|12 007282 007466 gi|34 
000263 75.0 004297 004186 gi|12 006880 007000 gi|66 
000279 71.5 006367 006238 gi|12 026041 026164 gi|18 
000271 84.7 017845 017644 gi|12 035150 035341 gi|39 
000258 77.8 019244 019324 gi|12 007962 008037 gi|41 
000575 97.2 021087 020980 gi|12 001333 001414 gi|41 
001110 97.0 022974 023104 gi|12 018038 018169 gi|34 
004302 95.9 034812 034272 gi|12 038639 039165 gi|39 
000329 76.5 034579 034812 gi|12 016113 016334 gi|40 
000528 81.6 034006 034206 gi|8 021455 021656 gi|16 
000261 79.2 037326 037402 gi|8 033799 033881 gi|9 
000632 74.2 008115 007864 gi|14 032237 032477 gi|77 
001040 79.8 007865 008180 gi|14 000636 000955 gi|27 
000380 79.8 008024 007867 gi|14 021276 021430 gi|16 
000563 77.1 008057 007870 gi|14 021220 021434 gi|42 
000646 79.9 007975 008178 gi|14 013748 013966 gi|42 
001402 79.6 014454 014028 gi|14 024031 024465 gi|44 
001052 79.3 014794 014485 gi|14 000637 000950 gi|27 
000667 80.2 014685 014489 gi|14 013748 013955 gi|42 
000635 74.6 014545 014792 gi|14 032237 032473 gi|77 
000550 76.1 014603 014790 gi|14 021220 021434 gi|42 
000376 79.8 014636 014793 gi|14 021276 021430 gi|16 
000266 72.1 019212 019152 gi|31 010328 010388 gi|48 
000693 94.3 020924 020837 gi|31 012710 012797 gi|40 
000687 93.2 020924 020837 gi|31 005906 005993 gi|71 
000687 93.2 020837 020924 gi|31 014804 014891 gi|38 
000290 74.6 028307 028570 gi|31 037127 037390 gi|53 
000865 100.0 000097 000002 gi|33 005508 005603 gi|36 
000865 100.0 000097 000002 gi|33 009554 009649 gi|36 
000849 99.0 000097 000002 gi|33 002198 002293 gi|36 
000315 85.0 000123 000011 gi|33 002223 002344 gi|36 
000304 86.1 000125 000011 gi|33 009585 009700 gi|36 
000279 85.2 000125 000011 gi|33 005539 005654 gi|36 
000257 79.7 007615 007752 gi|9 020734 020865 gi|16 
000263 81.6 035807 035645 gi|9 007127 007276 gi|15 
000339 76.2 022968 022826 gi|3 032619 032774 gi|72 
000351 70.4 023241 023063 gi|3 032271 032449 gi|72 
000292 93.5 000508 000463 gi|5 007939 007982 gi|14 
000292 93.5 000463 000508 gi|5 014678 014721 gi|14 
000378 73.7 003322 003576 gi|2 018203 018467 gi|64 
000256 82.8 029473 029588 gi|2 034718 034825 gi|25 
000343 80.5 004122 003964 gi|32 036150 036293 gi|50 
000278 73.6 009771 009685 gi|40 023526 023615 gi|65 
001931 81.3 010492 009791 gi|40 022572 023297 gi|65 
005297 86.7 011343 010493 gi|40 021377 022245 gi|65 
028522 95.1 012029 015302 gi|40 005207 008516 gi|71 
003958 93.4 012031 012527 gi|40 025063 025568 gi|73 
003967 96.5 012037 012527 gi|40 008515 009061 gi|71 
000601 98.5 019305 019373 gi|40 030954 031022 gi|65 
000921 93.3 021182 021316 gi|40 035810 035951 gi|65 
002620 88.5 002998 002580 gi|36 022373 022800 gi|40 
004087 97.3 006367 005892 gi|36 022327 022800 gi|40 
002957 90.4 010362 009935 gi|36 022373 022800 gi|40 
001168 76.2 010849 010362 gi|36 016354 016845 gi|40 
000806 78.5 011265 011052 gi|36 015502 015714 gi|40 
000997 83.1 011271 011053 gi|36 011529 011746 gi|40 
000409 75.5 011270 011108 gi|36 002758 002915 gi|40 
001239 83.2 000627 000248 gi|54 007432 007800 gi|56 
002833 79.7 001230 000635 gi|54 006598 007193 gi|56 
001024 72.3 001541 001217 gi|54 006082 006427 gi|56 
001794 84.3 001446 001758 gi|54 009471 009781 gi|73 
000426 84.4 002483 002572 gi|54 010521 010606 gi|73 
000465 79.0 012596 012464 gi|54 010480 010614 gi|73 
000297 89.7 013766 013891 gi|54 000623 000746 gi|68 
000750 86.7 024273 024139 gi|49 024526 024670 gi|73 
000257 83.2 007319 007407 gi|37 011506 011591 gi|48 
004003 94.3 008046 008551 gi|39 025047 025576 gi|73 
003939 97.1 008058 008545 gi|39 008507 009062 gi|71 
004162 96.5 008061 008544 gi|39 012031 012527 gi|40 
004145 97.1 008061 008544 gi|39 005209 005717 gi|71 
000487 77.7 009256 009136 gi|39 009110 009233 gi|65 
000969 81.5 035330 035033 gi|39 034374 034675 gi|42 
000304 79.1 035438 035329 gi|39 022463 022578 gi|72 
000260 73.1 038112 038020 gi|39 012162 012249 gi|40 
000297 76.0 038098 038020 gi|39 005362 005439 gi|71 
000287 73.9 038107 038020 gi|39 008696 008783 gi|71 
001008 83.2 038459 038648 gi|39 021875 022064 gi|40 
000345 79.9 038805 038637 gi|39 016173 016336 gi|40 
001355 87.5 039160 039438 gi|39 022056 022389 gi|40 
010505 92.4 032753 031409 gi|44 023157 024495 gi|71 
000530 76.6 031432 031692 gi|44 013861 014129 gi|57 
002941 95.6 033438 033095 gi|44 022812 023154 gi|71 
000423 79.3 010810 010896 gi|46 034936 035020 gi|76 
000338 85.9 011515 011578 gi|46 017797 017861 gi|64 
001493 81.8 021067 020667 gi|46 018871 019281 gi|47 
001584 78.5 020704 021071 gi|46 008316 008686 gi|52 
000501 76.8 022558 022708 gi|53 013946 014087 gi|54 
000269 83.6 023107 022974 gi|53 007358 007502 gi|56 
000463 68.0 002812 003042 gi|52 020097 020327 gi|62 
000287 66.0 003344 003505 gi|52 020328 020488 gi|62 
000495 72.3 003516 003347 gi|52 022644 022812 gi|71 
001059 74.2 004284 003564 gi|52 020852 021599 gi|71 
002496 72.6 003665 005104 gi|52 000885 002332 gi|56 
000896 84.3 018452 018604 gi|34 003722 003874 gi|56 
001055 92.5 018610 018465 gi|34 020872 021016 gi|62 
000856 86.1 018474 018610 gi|34 019927 020066 gi|62 
001168 74.1 018568 019019 gi|34 020121 020580 gi|62 
000474 78.7 018578 018741 gi|34 002848 003016 gi|52 
000504 72.8 018768 018951 gi|34 003344 003531 gi|52 
000841 77.5 019019 018771 gi|34 022558 022812 gi|71 
000271 74.2 024367 024205 gi|34 028834 028994 gi|57 
000708 79.1 008241 008508 gi|41 000265 000525 gi|54 
000490 73.2 008319 008508 gi|41 025644 025830 gi|42 
000621 72.5 008508 008327 gi|41 007521 007705 gi|56 
000960 73.4 034011 032855 gi|41 009916 011014 gi|78 
000890 97.8 003217 003351 gi|50 020120 020257 gi|55 
001051 83.8 018485 018295 gi|50 008992 009189 gi|59 
002973 79.1 019288 018480 gi|47 008231 009060 gi|52 
000325 71.4 018982 018836 gi|47 008742 008888 gi|52 
002183 72.5 000002 001414 gi|45 010164 011559 gi|64 
000815 84.7 006872 006684 gi|45 024477 024677 gi|73 
000758 85.8 006686 006805 gi|45 024134 024253 gi|49 
000252 75.8 007936 008030 gi|48 023762 023850 gi|56 
000257 78.6 013602 013704 gi|48 030300 030396 gi|55 
000322 76.7 013910 013722 gi|42 032227 032416 gi|77 
000258 86.2 013946 013889 gi|42 022943 023003 gi|53 
000456 79.7 021212 021433 gi|42 032287 032470 gi|77 
000378 79.1 025019 024910 gi|42 010556 010664 gi|73 
000274 74.1 025035 025150 gi|42 013567 013698 gi|54 
000360 77.4 025173 025521 gi|42 007005 007357 gi|56 
000392 78.0 025331 025173 gi|42 000661 000824 gi|54 
001221 83.9 025626 025942 gi|42 000317 000654 gi|54 
001845 84.3 026076 025649 gi|42 007211 007708 gi|56 
001264 80.5 026303 026058 gi|42 006080 006326 gi|56 
001652 79.1 026058 026521 gi|42 001313 001755 gi|54 
001940 78.8 026214 026689 gi|42 009471 009954 gi|73 
000505 83.0 027031 026932 gi|42 013586 013698 gi|54 
000369 82.3 028352 028430 gi|42 010581 010660 gi|73 
000472 75.7 030369 030226 gi|42 009170 009311 gi|73 
000327 77.1 030369 030226 gi|42 018056 018207 gi|63 
000397 76.5 034664 034371 gi|42 018469 018789 gi|73 
000347 71.8 034682 034470 gi|42 017976 018206 gi|63 
000265 69.0 035184 035354 gi|42 031557 031736 gi|53 
029275 98.6 015461 012166 gi|38 005318 008626 gi|71 
000897 98.2 012276 012166 gi|38 005216 005322 gi|71 
000911 99.1 012277 012166 gi|38 012037 012144 gi|40 
000961 97.5 012285 012166 gi|38 008058 008173 gi|39 
000829 94.7 012281 012168 gi|38 025064 025173 gi|73 
027410 97.5 015461 012276 gi|38 012140 015302 gi|40 
003405 98.5 015461 015074 gi|38 008654 009061 gi|71 
003259 96.5 015450 015074 gi|38 008160 008544 gi|39 
003238 93.7 015471 015074 gi|38 025168 025568 gi|73 
000292 73.9 015352 015439 gi|38 038020 038112 gi|39 
000255 77.5 040197 040118 gi|43 010008 010094 gi|55 
009228 82.3 001536 000001 gi|56 020831 022377 gi|71 
007382 84.8 003593 002320 gi|56 019605 020820 gi|71 
000883 87.7 003874 003721 gi|56 020878 021028 gi|62 
000771 81.5 003740 003874 gi|56 019922 020059 gi|62 
000383 77.4 006172 006080 gi|56 009471 009565 gi|73 
000407 82.2 016573 016707 gi|56 009273 009403 gi|73 
000286 86.8 022559 022507 gi|56 038794 038846 gi|59 
001359 80.0 000535 001133 gi|57 002660 003233 gi|71 
001183 83.2 001134 000557 gi|57 003909 004444 gi|71 
000560 78.0 014129 013948 gi|57 024218 024398 gi|71 
000266 73.7 026504 026368 gi|57 003481 003629 gi|67 
001231 74.6 005162 004261 gi|59 007358 008190 gi|69 
002178 93.3 025137 024749 gi|60 016910 017274 gi|65 
000304 78.1 002038 001975 gi|62 031190 031253 gi|68 
002686 84.4 020812 020331 gi|62 022344 022812 gi|71 
000412 81.9 018052 018250 gi|63 009166 009355 gi|73 
000997 81.0 017901 018173 gi|64 022252 022530 gi|65 
000601 75.7 017941 018199 gi|64 024670 024965 gi|73 
000439 77.4 020165 020687 gi|64 001464 001933 gi|73 
000459 87.5 000004 000115 gi|65 022133 022238 gi|78 
000724 76.5 022292 022563 gi|65 024670 025005 gi|73 
003988 94.5 005208 005717 gi|71 025061 025568 gi|73 
003846 94.8 008511 009066 gi|71 025064 025573 gi|73 
