000721 90.4 001387 001253 gi|17 025964 026092 gi|93 
003122 88.4 008737 009269 gi|17 007772 008286 gi|95 
001343 96.3 009269 009109 gi|17 013596 013760 gi|162 
000265 76.0 009145 009219 gi|17 013646 013720 gi|162 
000262 80.1 009675 009820 gi|17 027412 027562 gi|20 
000377 88.0 011422 011348 gi|17 023277 023346 gi|113 
000254 77.8 014490 014660 gi|17 013255 013425 gi|93 
000276 79.2 014567 014672 gi|17 022237 022344 gi|143 
000861 86.7 015774 015595 gi|17 036900 037069 gi|52 
000465 74.2 015726 015595 gi|17 020011 020145 gi|61 
000317 78.0 015610 015691 gi|17 038796 038877 gi|67 
001059 87.2 015807 015629 gi|17 023689 023867 gi|91 
000267 86.5 017171 017207 gi|17 014702 014738 gi|79 
000658 84.2 017312 017186 gi|17 023220 023345 gi|113 
004146 81.1 024119 024997 gi|17 006375 007317 gi|64 
001386 83.4 024994 025234 gi|17 008368 008604 gi|64 
000986 85.8 025134 024994 gi|17 000001 000141 gi|103 
001597 74.4 025823 025227 gi|17 010795 011413 gi|63 
000404 68.5 029282 029061 gi|17 014686 014906 gi|92 
000721 69.0 029653 029319 gi|17 034955 035289 gi|92 
001846 77.7 030606 029322 gi|17 013307 014539 gi|92 
000314 73.4 033507 033309 gi|17 010148 010365 gi|92 
000415 73.8 034432 033956 gi|17 008858 009359 gi|63 
000401 73.4 034447 034604 gi|17 017091 017252 gi|23 
000452 80.4 034605 034463 gi|17 009981 010114 gi|19 
000579 85.9 036476 036349 gi|17 023457 023580 gi|152 
000438 72.9 008406 008230 gi|26 013565 013752 gi|32 
003110 73.3 033111 034214 gi|26 005422 006632 gi|98 
004221 73.0 034255 035556 gi|26 006750 008042 gi|98 
000506 96.5 001463 001520 gi|13 015168 015225 gi|123 
000363 89.6 002908 002861 gi|13 025628 025675 gi|151 
000873 75.9 003181 003454 gi|13 028815 029100 gi|173 
000738 73.5 003467 003181 gi|13 021982 022286 gi|113 
000442 82.7 003313 003181 gi|13 039292 039429 gi|166 
000785 78.2 003184 003454 gi|13 023998 024287 gi|119 
000747 75.0 003451 003184 gi|13 014634 014919 gi|119 
000578 68.8 003451 003189 gi|13 027487 027769 gi|32 
000355 73.2 003424 003197 gi|13 019436 019687 gi|113 
001048 78.8 003457 003198 gi|13 002342 002613 gi|32 
000710 74.0 003198 003451 gi|13 006799 007068 gi|173 
000850 78.3 003198 003451 gi|13 031339 031603 gi|68 
000724 76.4 003451 003198 gi|13 038368 038631 gi|67 
000597 82.5 003334 003198 gi|13 025945 026086 gi|74 
000468 79.8 003211 003368 gi|13 012461 012620 gi|118 
000492 78.9 003280 003454 gi|13 001859 002040 gi|32 
000439 73.8 003454 003295 gi|13 021855 022017 gi|113 
000369 75.6 003451 003325 gi|13 025279 025411 gi|74 
000258 68.3 008555 008721 gi|13 023016 023182 gi|144 
000288 73.0 020851 020763 gi|13 039761 039849 gi|97 
000298 72.6 023731 023353 gi|13 039545 039920 gi|97 
000255 77.8 024627 024574 gi|13 003994 004047 gi|27 
000361 71.7 035004 035130 gi|13 008188 008314 gi|91 
000255 79.2 007447 007701 gi|4 032247 032513 gi|40 
000432 74.3 009598 009904 gi|4 039494 039799 gi|64 
001975 99.0 016060 016370 gi|4 023722 023980 gi|123 
000381 81.6 019513 019724 gi|4 021861 022058 gi|119 
000375 84.2 019579 019724 gi|4 005780 005921 gi|81 
000258 81.2 019581 019644 gi|4 005877 005935 gi|156 
000280 78.0 019642 019584 gi|4 038088 038148 gi|100 
001038 82.7 019886 019592 gi|4 026015 026309 gi|5 
000302 77.4 019755 019592 gi|4 016130 016293 gi|97 
000425 87.5 019968 019897 gi|4 021927 021997 gi|119 
000540 83.2 019998 019898 gi|4 005762 005859 gi|81 
000494 83.7 019900 019997 gi|4 026249 026343 gi|5 
000314 81.8 019902 020000 gi|4 016231 016335 gi|97 
000422 77.4 019907 020012 gi|4 038081 038191 gi|100 
000475 92.2 001890 001827 gi|30 034511 034575 gi|38 
000618 84.0 002579 002455 gi|30 035040 035161 gi|170 
000765 85.2 003550 003436 gi|30 023172 023289 gi|168 
008333 88.3 004006 005240 gi|30 029950 031171 gi|112 
003433 90.0 005240 004701 gi|30 021952 022469 gi|168 
000322 77.5 014926 014669 gi|30 009224 009438 gi|99 
000468 82.0 018096 017941 gi|30 018982 019123 gi|125 
000923 79.2 018471 018116 gi|30 004260 004628 gi|125 
000441 70.5 018442 018117 gi|30 009208 009536 gi|99 
001334 79.3 018145 018477 gi|30 005855 006193 gi|119 
000578 78.7 018209 018344 gi|30 016222 016356 gi|113 
000273 70.7 018210 018301 gi|30 025445 025533 gi|65 
000431 75.6 018420 018294 gi|30 034590 034723 gi|102 
000483 77.7 018739 018516 gi|30 003037 003236 gi|81 
000260 75.9 019534 019477 gi|27 023865 023922 gi|35 
000282 79.3 021125 021015 gi|27 022397 022509 gi|35 
000250 82.7 026801 026721 gi|28 009638 009708 gi|127 
000638 75.0 031559 031770 gi|28 003170 003399 gi|116 
000871 76.1 031789 031560 gi|28 034594 034826 gi|68 
000557 77.0 031591 031764 gi|28 030218 030385 gi|97 
000601 81.3 040071 040225 gi|28 038298 038445 gi|150 
000708 82.4 032990 032843 gi|22 015713 015859 gi|134 
000256 82.7 004818 004898 gi|18 009046 009138 gi|67 
000827 72.4 008058 008672 gi|18 039149 039751 gi|97 
000571 71.5 009344 009684 gi|18 000034 000373 gi|122 
000297 75.0 031357 031126 gi|18 022454 022691 gi|43 
000574 73.7 033449 033714 gi|18 007394 007650 gi|118 
002422 78.8 000026 000520 gi|16 026507 027025 gi|112 
000480 83.3 000602 000525 gi|16 035587 035665 gi|170 
000704 67.8 000912 001259 gi|16 019644 019992 gi|125 
000281 68.5 001100 001207 gi|16 002043 002148 gi|81 
000556 76.0 001337 001573 gi|16 018472 018742 gi|30 
001163 74.2 001846 001452 gi|16 002775 003143 gi|81 
000463 80.9 008652 008475 gi|16 019483 019652 gi|141 
000540 77.8 008753 008619 gi|16 017889 018043 gi|141 
000291 74.4 013027 013116 gi|16 013926 014015 gi|172 
000269 70.8 014745 014575 gi|16 034484 034651 gi|142 
000297 76.0 014706 014586 gi|16 033701 033824 gi|142 
000258 72.5 014621 014711 gi|16 036029 036119 gi|109 
000304 79.0 014844 014938 gi|16 036196 036285 gi|109 
000321 72.2 014852 015088 gi|16 036316 036582 gi|100 
000757 75.5 019986 019661 gi|16 035774 036084 gi|32 
001438 69.7 023606 024360 gi|16 019373 020142 gi|125 
001605 74.0 023796 024934 gi|16 001790 002975 gi|81 
000465 69.9 024360 024079 gi|16 006612 006882 gi|119 
000642 74.3 024380 024640 gi|16 020284 020552 gi|125 
000270 86.4 007881 007794 gi|9 018169 018241 gi|67 
000255 79.0 029938 030042 gi|9 028597 028709 gi|30 
000259 81.9 030785 030878 gi|9 014322 014404 gi|83 
000614 80.5 013927 014080 gi|23 007206 007365 gi|146 
000454 83.6 014647 014817 gi|23 032917 033065 gi|101 
000358 77.9 014824 014721 gi|23 024811 024908 gi|43 
000335 78.7 015109 015216 gi|23 025059 025170 gi|67 
001235 80.5 015238 015519 gi|23 024028 024324 gi|67 
002985 78.1 015625 016333 gi|23 024624 025366 gi|67 
000321 78.2 016619 016797 gi|23 025293 025461 gi|67 
000339 75.8 016826 016916 gi|23 012748 012844 gi|84 
000406 80.6 016914 016985 gi|23 034622 034694 gi|92 
000597 75.0 016937 017252 gi|23 001385 001695 gi|78 
000309 85.5 017133 017065 gi|23 000570 000650 gi|114 
000461 75.6 017256 017390 gi|23 025459 025603 gi|67 
000323 78.7 020535 020609 gi|23 036698 036777 gi|67 
000320 76.0 020609 020535 gi|23 023148 023227 gi|67 
000311 76.0 020535 020609 gi|23 020876 020955 gi|147 
000630 72.7 035413 035734 gi|23 033415 033734 gi|85 
000758 78.0 035932 036176 gi|23 033791 034035 gi|85 
000674 76.9 002314 002025 gi|29 024037 024362 gi|74 
001044 71.9 002749 002366 gi|29 023542 023925 gi|74 
000255 80.0 002869 002815 gi|29 023312 023366 gi|74 
000254 73.2 004081 003899 gi|29 021964 022148 gi|74 
000493 74.2 004836 004539 gi|29 021048 021370 gi|74 
000458 76.8 005249 005073 gi|29 020640 020801 gi|74 
000535 83.5 005690 005479 gi|29 020229 020517 gi|74 
000277 71.5 009985 010282 gi|29 010714 011011 gi|115 
000260 78.9 016000 015878 gi|29 001118 001227 gi|119 
000400 75.3 017930 017753 gi|29 018686 018863 gi|154 
000579 75.4 024520 024763 gi|29 032908 033154 gi|92 
000379 76.2 024782 025269 gi|29 033246 033688 gi|92 
000586 72.2 032959 033809 gi|29 037872 038719 gi|143 
000473 75.4 034109 033992 gi|29 016562 016680 gi|173 
000794 82.6 034599 034445 gi|29 013689 013850 gi|79 
001511 77.3 035221 034804 gi|29 023349 023740 gi|113 
002142 84.7 035231 034808 gi|29 019852 020256 gi|166 
000730 79.5 035221 034875 gi|29 028980 029358 gi|58 
000660 77.8 034879 035180 gi|29 015374 015656 gi|42 
000747 79.5 034952 035195 gi|29 022421 022661 gi|113 
000269 76.4 035588 035744 gi|29 040089 040273 gi|150 
000533 74.8 036330 036856 gi|29 008912 009415 gi|93 
000262 72.2 036564 036642 gi|29 002568 002646 gi|64 
007105 87.3 037702 038770 gi|29 038926 039993 gi|150 
006089 80.4 037704 039185 gi|29 014365 015828 gi|93 
000652 73.1 038029 037844 gi|29 005797 005984 gi|64 
000265 83.3 031223 031294 gi|3 029094 029168 gi|11 
000263 73.9 034310 034242 gi|3 015012 015077 gi|72 
000272 83.9 034267 034328 gi|3 022076 022137 gi|11 
000253 78.0 034267 034316 gi|3 010211 010260 gi|82 
000404 75.8 035563 035212 gi|3 014145 014496 gi|72 
000439 72.1 035402 035220 gi|3 004967 005158 gi|33 
000252 72.1 035410 035228 gi|3 007640 007823 gi|91 
000295 84.8 035333 035268 gi|3 024571 024636 gi|151 
000260 72.9 035579 035307 gi|3 012288 012569 gi|114 
000256 67.5 035685 035520 gi|3 004635 004800 gi|33 
000804 87.7 000269 000406 gi|12 014017 014162 gi|141 
003269 95.8 001204 001606 gi|12 024062 024469 gi|168 
004690 88.8 001209 001781 gi|12 005290 005862 gi|173 
003161 95.9 001577 001213 gi|12 022560 022924 gi|168 
000675 90.2 001215 001306 gi|12 021379 021472 gi|119 
004667 89.6 001221 001779 gi|12 024992 025550 gi|112 
004667 90.3 001779 001221 gi|12 032985 033543 gi|112 
003632 100.0 001221 001606 gi|12 036379 036764 gi|112 
004662 90.2 001782 001222 gi|12 017307 017867 gi|112 
003621 100.0 001222 001606 gi|12 020151 020535 gi|112 
003146 96.6 001222 001577 gi|12 029085 029440 gi|112 
004413 97.6 001796 001222 gi|12 033331 033894 gi|74 
003448 98.2 001606 001222 gi|12 026713 027096 gi|74 
003189 95.8 001222 001605 gi|12 023048 023445 gi|119 
002257 90.0 001551 001222 gi|12 034833 035175 gi|68 
002092 93.8 001598 001339 gi|12 031692 031959 gi|116 
001019 99.2 001665 001782 gi|12 036755 036872 gi|112 
000986 98.4 001665 001788 gi|12 020526 020650 gi|112 
000944 96.6 001781 001665 gi|12 026606 026722 gi|74 
000872 92.2 001780 001665 gi|12 023938 024053 gi|168 
000829 92.0 001665 001776 gi|12 024460 024571 gi|168 
000882 92.9 001665 001790 gi|12 023410 023539 gi|119 
000309 95.2 001665 001706 gi|12 021481 021521 gi|119 
000807 91.3 001779 001665 gi|12 031597 031713 gi|116 
000883 93.5 001798 001676 gi|12 022452 022573 gi|168 
000795 93.2 001677 001779 gi|12 029428 029530 gi|112 
000546 75.0 017424 017623 gi|12 019524 019723 gi|66 
000347 68.3 026479 026278 gi|12 025337 025541 gi|111 
000272 86.7 026490 026534 gi|12 005170 005217 gi|129 
000299 74.8 026536 026634 gi|12 020371 020481 gi|166 
000288 77.0 026587 026647 gi|12 028467 028527 gi|112 
000292 81.1 026587 026639 gi|12 009805 009857 gi|74 
000258 73.8 026587 026647 gi|12 026209 026269 gi|74 
000257 73.8 026647 026587 gi|12 026208 026268 gi|168 
000274 75.4 026587 026647 gi|12 022675 022735 gi|119 
000292 81.1 026639 026587 gi|12 030348 030400 gi|70 
001176 97.2 026830 026690 gi|12 008174 008318 gi|92 
001111 94.2 026693 026829 gi|12 023685 023822 gi|128 
000625 74.1 028062 027835 gi|12 013332 013559 gi|69 
000251 89.8 002386 002328 gi|5 032689 032751 gi|154 
000367 81.1 018542 018284 gi|5 021001 021234 gi|102 
000570 81.7 026120 026343 gi|5 016109 016332 gi|97 
000686 83.7 026350 026204 gi|5 005756 005899 gi|81 
000536 79.7 026316 026204 gi|5 021927 022036 gi|119 
000505 83.3 026256 026351 gi|5 038081 038182 gi|100 
000779 94.5 032339 032448 gi|5 002335 002441 gi|98 
000761 96.2 032339 032442 gi|5 024859 024960 gi|98 
000722 91.2 033010 032898 gi|5 002335 002449 gi|98 
000789 92.8 033054 032902 gi|5 024826 024966 gi|98 
000277 77.9 001292 001368 gi|20 039472 039547 gi|166 
002273 99.2 008373 008619 gi|20 009937 010183 gi|151 
000802 73.3 014149 013450 gi|20 030502 031167 gi|144 
000280 76.6 014246 014076 gi|20 004723 004896 gi|104 
000294 75.5 014778 014636 gi|20 029940 030082 gi|144 
000292 78.2 026780 026889 gi|20 031307 031422 gi|89 
000252 78.5 027060 026917 gi|20 018769 018914 gi|157 
001044 83.8 027581 027267 gi|20 003638 003988 gi|150 
000709 78.2 029674 030058 gi|20 019536 019892 gi|77 
000261 81.5 037619 037398 gi|20 036500 036729 gi|68 
000396 77.0 016192 016071 gi|24 027478 027609 gi|150 
000454 72.3 016776 016894 gi|24 019727 019848 gi|37 
000282 77.4 026292 026156 gi|24 002076 002206 gi|37 
000270 68.5 035131 034881 gi|24 003960 004208 gi|47 
001597 72.8 008321 007268 gi|25 021180 022172 gi|97 
000343 76.0 011936 012172 gi|25 005134 005352 gi|169 
005699 77.1 020461 018951 gi|25 017797 019304 gi|127 
000441 83.6 027340 027219 gi|25 019187 019302 gi|126 
000372 86.9 039349 039289 gi|25 008395 008453 gi|93 
000524 81.9 007912 007819 gi|10 024201 024296 gi|113 
000799 96.9 008009 007914 gi|10 028934 029026 gi|72 
001101 99.2 007920 008052 gi|10 029809 029946 gi|170 
000445 89.8 008065 008007 gi|10 026002 026060 gi|72 
000398 70.0 008180 008549 gi|10 027674 028012 gi|150 
000957 79.9 008714 008501 gi|10 004931 005141 gi|157 
000798 70.5 008707 009018 gi|10 015779 016090 gi|173 
000559 68.8 008963 008714 gi|10 014148 014388 gi|172 
000445 70.0 008716 008978 gi|10 017220 017483 gi|141 
001870 85.1 009372 009024 gi|10 023814 024179 gi|113 
000726 85.6 009139 009471 gi|10 025625 025949 gi|74 
000276 74.4 009149 009226 gi|10 002393 002475 gi|160 
000730 83.7 009171 009342 gi|10 013554 013736 gi|172 
000701 84.7 009191 009471 gi|10 024900 025189 gi|111 
000485 84.7 009230 009471 gi|10 030601 030845 gi|68 
000345 82.1 009288 009471 gi|10 016967 017150 gi|51 
000299 82.2 009288 009467 gi|10 016866 017046 gi|51 
000332 86.8 009320 009402 gi|10 014651 014751 gi|79 
000870 87.8 009480 009325 gi|10 023205 023355 gi|113 
000740 84.3 009329 009468 gi|10 017176 017312 gi|17 
000345 82.0 009334 009411 gi|10 011344 011422 gi|17 
000313 79.6 009365 009467 gi|10 016840 016945 gi|51 
000277 72.1 009390 009475 gi|10 024481 024566 gi|160 
000290 79.4 009872 009934 gi|10 009976 010040 gi|19 
000349 79.2 010148 009947 gi|10 003063 003234 gi|36 
000700 79.2 009954 010136 gi|10 010114 010298 gi|19 
000547 85.4 010059 009957 gi|10 017014 017111 gi|23 
000279 77.6 009960 010160 gi|10 000602 000796 gi|114 
000359 77.4 010168 009992 gi|10 012748 012921 gi|84 
000725 86.7 010186 010074 gi|10 016808 016916 gi|23 
000437 78.4 015179 015032 gi|15 014991 015130 gi|72 
000265 80.2 015238 015133 gi|15 013578 013692 gi|114 
000676 81.7 015523 015180 gi|15 014647 014929 gi|72 
001015 77.4 016071 015524 gi|15 014100 014592 gi|72 
000275 74.6 016089 015964 gi|15 007287 007418 gi|91 
000265 77.8 016118 015970 gi|15 004639 004804 gi|33 
000794 77.6 016210 016046 gi|15 013884 014048 gi|72 
000259 80.0 032728 032624 gi|15 004524 004634 gi|125 
000281 81.9 033189 033282 gi|15 001543 001633 gi|81 
000255 84.8 003217 003275 gi|8 016095 016162 gi|75 
000267 77.3 012568 012503 gi|8 024828 024895 gi|161 
000272 90.7 018048 017974 gi|8 016632 016715 gi|102 
000309 78.4 027418 027505 gi|8 010551 010637 gi|113 
000738 80.5 032376 032203 gi|8 039368 039533 gi|121 
000814 80.7 032468 032210 gi|8 025539 025781 gi|53 
001189 88.9 032694 032487 gi|8 000277 000470 gi|12 
000761 85.5 032707 032535 gi|8 014011 014182 gi|141 
000346 71.7 032717 032949 gi|8 005918 006148 gi|119 
000276 72.6 032910 032725 gi|8 004322 004508 gi|125 
000327 72.1 032749 032949 gi|8 018236 018432 gi|30 
000490 73.7 032947 032750 gi|8 009220 009408 gi|99 
000506 76.6 032769 032973 gi|8 014734 014956 gi|30 
001161 74.4 029556 029910 gi|21 037567 037921 gi|161 
000285 76.9 004172 004056 gi|19 005613 005726 gi|150 
000606 81.6 009976 009841 gi|19 027938 028071 gi|47 
000415 77.7 010271 009962 gi|19 001436 001722 gi|78 
001122 80.5 010235 009969 gi|19 017002 017265 gi|23 
000328 77.7 010089 010317 gi|19 000571 000785 gi|114 
000299 84.3 010298 010229 gi|19 016858 016926 gi|23 
000329 80.3 010550 010671 gi|19 018371 018475 gi|30 
000550 76.6 010551 010742 gi|19 006082 006258 gi|119 
000491 75.6 010742 010583 gi|19 005855 006002 gi|163 
000468 74.5 010742 010594 gi|19 004190 004328 gi|125 
000261 78.2 015924 015673 gi|19 025422 025692 gi|136 
000334 69.9 029368 029256 gi|19 014655 014767 gi|172 
017029 93.9 029910 032086 gi|19 010380 012525 gi|47 
007209 88.8 030813 031932 gi|19 026369 027484 gi|47 
000276 74.1 037758 037674 gi|19 028089 028173 gi|166 
000265 77.0 037678 037751 gi|19 029629 029702 gi|126 
000259 75.4 039438 039260 gi|19 037391 037566 gi|20 
000305 85.6 023615 023746 gi|7 016078 016202 gi|113 
000336 82.3 024179 024056 gi|7 016077 016205 gi|113 
000302 77.5 034049 033783 gi|7 017294 017568 gi|141 
000315 74.7 034052 033903 gi|7 008788 008954 gi|10 
000572 72.4 034053 034215 gi|7 027773 027939 gi|72 
000329 72.8 034263 034409 gi|7 014364 014511 gi|172 
000362 69.5 034273 034413 gi|7 023902 024048 gi|17 
000372 73.7 034653 034766 gi|7 037336 037443 gi|166 
000344 74.0 035356 035142 gi|7 005419 005632 gi|124 
000456 84.5 035765 035520 gi|7 032488 032714 gi|45 
000270 85.1 013235 013142 gi|6 034337 034417 gi|134 
001395 82.6 013237 013593 gi|6 028730 029108 gi|173 
001122 82.1 013237 013593 gi|6 006695 007079 gi|173 
000968 83.1 013485 013237 gi|6 039282 039514 gi|166 
000887 77.9 013593 013237 gi|6 038357 038755 gi|67 
001141 83.3 013240 013593 gi|6 031238 031614 gi|68 
000822 77.4 013593 013240 gi|6 027476 027854 gi|32 
001265 80.0 013604 013241 gi|6 002318 002715 gi|32 
000262 76.8 013490 013241 gi|6 022401 022649 gi|113 
001264 81.9 013605 013242 gi|6 021983 022366 gi|113 
001324 83.1 013593 013250 gi|6 014623 014990 gi|119 
000928 85.1 013498 013258 gi|6 025945 026159 gi|74 
000731 83.8 013258 013591 gi|6 001731 002046 gi|32 
001064 83.7 013284 013595 gi|6 023958 024297 gi|119 
000717 82.6 013344 013585 gi|6 003198 003454 gi|13 
000660 86.8 013359 013494 gi|6 012461 012594 gi|118 
000359 80.8 013501 013372 gi|6 019529 019660 gi|113 
000292 76.5 013593 013509 gi|6 025268 025359 gi|74 
000340 78.8 013593 013509 gi|6 021847 021937 gi|113 
000731 78.0 014015 014255 gi|6 019801 020041 gi|166 
000434 80.3 014055 014257 gi|6 023339 023536 gi|113 
000532 78.9 014255 014081 gi|6 035039 035215 gi|29 
000467 80.8 014255 014100 gi|6 022508 022661 gi|113 
000257 84.2 014258 014314 gi|6 023692 023743 gi|113 
000396 79.1 023404 023556 gi|6 006924 007068 gi|78 
000955 85.6 024255 024089 gi|6 023306 023471 gi|152 
000984 90.8 024092 024254 gi|6 029107 029258 gi|116 
000564 87.6 024255 024151 gi|6 037460 037566 gi|134 
002071 92.8 025639 025350 gi|6 022615 022908 gi|119 
002017 95.1 025359 025625 gi|6 030185 030444 gi|70 
001919 93.0 025632 025360 gi|6 028417 028683 gi|112 
001708 89.9 025629 025383 gi|6 023710 023959 gi|119 
000541 77.9 025636 025384 gi|6 020378 020649 gi|166 
002214 99.2 025630 025385 gi|6 026160 026406 gi|74 
000370 90.6 025385 025437 gi|6 026013 026067 gi|168 
001858 92.2 025641 025386 gi|6 009731 010005 gi|74 
001970 92.9 025386 025638 gi|6 026069 026325 gi|168 
000921 79.6 025609 025399 gi|6 022923 023142 gi|168 
000473 79.5 025554 025423 gi|6 027719 027861 gi|31 
000266 73.8 025581 025521 gi|6 026587 026647 gi|12 
003511 94.0 027055 027554 gi|6 022461 022915 gi|168 
003949 93.8 027554 027057 gi|6 024075 024592 gi|168 
001064 90.9 027057 027199 gi|6 023931 024074 gi|168 
014018 97.0 027063 028702 gi|6 033347 035045 gi|74 
004249 96.5 027063 027554 gi|6 026607 027096 gi|74 
003538 94.9 027554 027063 gi|6 029085 029531 gi|112 
003914 94.5 027554 027063 gi|6 023048 023525 gi|119 
000924 94.8 027178 027063 gi|6 005746 005861 gi|173 
004370 96.8 027559 027064 gi|6 020146 020640 gi|112 
004356 97.0 027557 027064 gi|6 036377 036869 gi|112 
000961 95.0 027064 027182 gi|6 017310 017428 gi|112 
000961 95.0 027064 027182 gi|6 032985 033103 gi|112 
000918 94.8 027178 027064 gi|6 025436 025550 gi|112 
000918 94.8 027178 027064 gi|6 001665 001779 gi|12 
002764 92.2 027064 027437 gi|6 031597 031959 gi|116 
000429 96.2 027189 027137 gi|6 021470 021521 gi|119 
003498 97.5 027169 027563 gi|6 017483 017876 gi|112 
003458 97.7 027557 027169 gi|6 024990 025377 gi|112 
003458 97.7 027169 027557 gi|6 033158 033545 gi|112 
003455 97.9 027554 027169 gi|6 005303 005687 gi|173 
003455 97.9 027554 027169 gi|6 001222 001606 gi|12 
002246 90.1 027224 027556 gi|6 034833 035177 gi|68 
000647 89.4 027554 027470 gi|6 021388 021472 gi|119 
000390 70.9 029289 029149 gi|6 025478 025630 gi|173 
000765 74.3 029995 029487 gi|6 024953 025433 gi|173 
023839 100.0 032339 034879 gi|6 000619 003154 gi|13 
000506 96.5 033188 033245 gi|6 015168 015225 gi|123 
000363 89.6 034633 034586 gi|6 025628 025675 gi|151 
000433 86.6 039570 039474 gi|6 018431 018526 gi|170 
000627 83.7 039611 039508 gi|6 015130 015234 gi|42 
000330 78.2 039539 039625 gi|6 003162 003245 gi|42 
000306 74.7 039552 039626 gi|6 005521 005596 gi|129 
000300 86.4 039902 039982 gi|6 003127 003197 gi|13 
001323 96.8 002192 002345 gi|11 006444 006597 gi|38 
000293 80.7 003348 003230 gi|11 008409 008526 gi|59 
000268 76.5 022047 022114 gi|11 010181 010249 gi|82 
000370 71.1 035509 035754 gi|11 027258 027502 gi|170 
000303 72.5 035688 035580 gi|11 030350 030459 gi|36 
000293 85.5 018976 019154 gi|2 016443 016603 gi|15 
000917 99.1 026880 026774 gi|2 003383 003490 gi|100 
000816 80.3 004810 004598 gi|44 012895 013130 gi|79 
000446 71.7 005694 006148 gi|44 037224 037671 gi|81 
009287 91.9 005804 006970 gi|44 033608 034776 gi|119 
001300 96.9 007570 007728 gi|44 034773 034930 gi|119 
000767 91.6 009357 009251 gi|44 025318 025425 gi|168 
000530 81.2 009254 009354 gi|44 026374 026475 gi|142 
000851 94.2 009357 009255 gi|44 002724 002826 gi|142 
000694 91.2 009357 009256 gi|44 030801 030903 gi|146 
001102 69.9 024656 024035 gi|44 014027 014648 gi|79 
000251 94.8 028465 028522 gi|44 021794 021871 gi|119 
000422 100.0 028522 028465 gi|44 031619 031676 gi|146 
009465 92.4 029902 028634 gi|44 026353 027658 gi|72 
000782 79.1 001717 002046 gi|32 006702 007077 gi|173 
001001 80.0 002046 001717 gi|32 021995 022364 gi|113 
000887 81.5 001730 002053 gi|32 031264 031619 gi|68 
000875 77.5 001730 002054 gi|32 028750 029114 gi|173 
000973 77.0 002050 001730 gi|32 014621 014983 gi|119 
000642 85.3 001954 001730 gi|32 025904 026160 gi|74 
000471 85.9 001906 001730 gi|32 039283 039494 gi|166 
000680 79.4 002058 001738 gi|32 038347 038727 gi|67 
000766 81.3 001758 002046 gi|32 023958 024293 gi|119 
000267 75.0 001982 001859 gi|32 019467 019590 gi|113 
000472 73.4 002046 001908 gi|32 021849 021992 gi|113 
000433 73.1 002319 002478 gi|32 025258 025411 gi|74 
001502 77.2 002732 002329 gi|32 028711 029111 gi|173 
000587 74.3 002331 002517 gi|32 021846 022021 gi|113 
000992 75.4 002331 002749 gi|32 038356 038792 gi|67 
001263 77.6 002732 002332 gi|32 031224 031614 gi|68 
001233 78.0 002744 002332 gi|32 006672 007079 gi|173 
001413 77.1 002332 002733 gi|32 014623 015012 gi|119 
001233 82.0 002664 002332 gi|32 023964 024295 gi|119 
001394 78.1 002332 002747 gi|32 021993 022397 gi|113 
000399 74.8 002374 002607 gi|32 019435 019687 gi|113 
000827 80.3 002435 002698 gi|32 025904 026159 gi|74 
000271 79.6 002478 002732 gi|32 022402 022653 gi|113 
000770 77.3 002483 002742 gi|32 039283 039535 gi|166 
000509 78.1 002597 002484 gi|32 012462 012578 gi|118 
000353 78.3 026652 026854 gi|32 029287 029468 gi|58 
000452 77.2 026659 026829 gi|32 023623 023794 gi|113 
000531 79.6 026659 026844 gi|32 020135 020321 gi|166 
000330 75.9 026746 026832 gi|32 021044 021129 gi|168 
000307 76.2 026829 026746 gi|32 031996 032078 gi|112 
000251 82.8 026844 026758 gi|32 021847 021923 gi|113 
000253 83.6 026775 026829 gi|32 029051 029101 gi|173 
000255 86.3 027377 027427 gi|32 039500 039550 gi|48 
000283 80.6 027536 027465 gi|32 021075 021146 gi|168 
000279 81.9 027465 027536 gi|32 031976 032047 gi|112 
001190 94.2 027466 027620 gi|32 025258 025411 gi|74 
000364 74.7 027467 027755 gi|32 019392 019670 gi|113 
001587 81.8 027467 027801 gi|32 038347 038678 gi|67 
001821 83.1 027473 027881 gi|32 014620 015027 gi|119 
000667 80.0 027474 027623 gi|32 021845 021992 gi|113 
000344 76.3 027887 027474 gi|32 019851 020323 gi|166 
002120 87.2 027905 027475 gi|32 031191 031615 gi|68 
000404 81.8 027876 027475 gi|32 023370 023802 gi|113 
002075 88.0 027890 027476 gi|32 006662 007079 gi|173 
001456 78.6 027881 027476 gi|32 028707 029108 gi|173 
001539 79.3 027798 027476 gi|32 023975 024295 gi|119 
001755 82.0 027476 027880 gi|32 021993 022394 gi|113 
000791 82.9 027612 027827 gi|32 025946 026159 gi|74 
000431 84.2 027757 027625 gi|32 012447 012579 gi|118 
000603 77.1 027637 027859 gi|32 039290 039520 gi|166 
000284 94.6 029283 029247 gi|32 021459 021495 gi|117 
004640 74.9 034655 032683 gi|32 027110 029017 gi|86 
000281 69.9 033962 034187 gi|32 027679 027909 gi|151 
000262 82.5 035265 035203 gi|32 034799 034861 gi|98 
000266 78.6 038487 038362 gi|32 006901 007050 gi|165 
000408 76.1 002974 003170 gi|31 035145 035334 gi|147 
000421 75.4 006726 006989 gi|31 028852 029105 gi|129 
000291 76.1 007111 007248 gi|31 029137 029268 gi|129 
000510 80.8 027719 027869 gi|31 022982 023131 gi|168 
000446 79.7 027861 027719 gi|31 026110 026241 gi|168 
000503 83.2 027719 027861 gi|31 023787 023918 gi|119 
000469 81.1 027719 027861 gi|31 022702 022833 gi|119 
000494 82.5 027719 027861 gi|31 009832 009964 gi|74 
000472 81.1 027719 027861 gi|31 026236 026367 gi|74 
000494 82.5 027861 027719 gi|31 030241 030373 gi|70 
000484 81.8 027719 027861 gi|31 028494 028625 gi|112 
000324 78.6 027719 027858 gi|31 020461 020600 gi|166 
000253 83.6 028132 028259 gi|31 013882 013991 gi|47 
001227 90.1 028247 028417 gi|31 031483 031653 gi|38 
000970 82.5 028417 028247 gi|31 031043 031214 gi|45 
000536 75.5 029191 028837 gi|31 013703 014064 gi|47 
000264 79.3 028931 028988 gi|31 039012 039067 gi|94 
000296 76.4 026157 026347 gi|35 014139 014326 gi|72 
001231 70.7 009842 010404 gi|42 037861 038438 gi|123 
000924 71.1 010380 010725 gi|42 038466 038812 gi|123 
000686 75.2 015667 015373 gi|42 019910 020201 gi|166 
000634 79.2 015647 015383 gi|42 023425 023673 gi|113 
000443 76.0 015667 015397 gi|42 029045 029332 gi|58 
000252 67.3 015669 015407 gi|42 028720 028984 gi|173 
000272 78.4 015473 015676 gi|42 022448 022665 gi|113 
000581 80.8 019971 019779 gi|42 032007 032228 gi|70 
000485 73.1 025780 026050 gi|42 035268 035541 gi|136 
000614 79.0 026193 026435 gi|42 035565 035812 gi|136 
000270 82.9 026149 026218 gi|34 004191 004261 gi|143 
000743 96.6 026239 026151 gi|34 023036 023125 gi|143 
000770 74.0 030125 029818 gi|34 031749 032047 gi|43 
000807 72.0 001796 001318 gi|37 009452 009976 gi|116 
000416 78.0 004164 004033 gi|37 028803 028927 gi|72 
000525 81.1 004138 004033 gi|37 027564 027664 gi|112 
000263 84.8 004078 004033 gi|37 026721 026765 gi|86 
001853 74.3 004956 004214 gi|37 026529 027281 gi|72 
001444 73.5 004214 004956 gi|37 029014 029714 gi|44 
000840 79.0 019397 019558 gi|37 025154 025316 gi|160 
000705 70.0 019863 020105 gi|37 025375 025619 gi|160 
000309 85.2 027934 027987 gi|37 007582 007638 gi|167 
000322 90.7 027936 027989 gi|37 021474 021527 gi|117 
000305 82.0 027937 027986 gi|37 039331 039380 gi|171 
000285 82.0 027986 027937 gi|37 000627 000676 gi|40 
000287 80.7 027940 028001 gi|37 031336 031398 gi|117 
000833 78.2 032026 032351 gi|37 007133 007429 gi|147 
000470 82.2 032352 032066 gi|37 015228 015489 gi|130 
000253 72.5 004704 004607 gi|33 011192 011289 gi|82 
000263 88.4 005042 005084 gi|33 024567 024610 gi|151 
000378 71.7 020529 020332 gi|33 026033 026230 gi|117 
000338 74.7 020529 020380 gi|33 030374 030523 gi|66 
000267 75.3 005523 005615 gi|39 001566 001658 gi|69 
000307 71.1 005815 005719 gi|39 032903 033005 gi|76 
000438 84.3 000705 000591 gi|40 021445 021553 gi|117 
000655 96.4 000710 000627 gi|40 031291 031382 gi|117 
000288 86.9 000627 000710 gi|40 031290 031381 gi|117 
000634 93.0 000712 000627 gi|40 039296 039380 gi|171 
000380 94.6 000682 000627 gi|40 007579 007637 gi|167 
000274 84.9 000628 000713 gi|40 039298 039382 gi|171 
000457 87.3 000706 000628 gi|40 040412 040496 gi|172 
000250 90.8 000628 000714 gi|40 040378 040501 gi|172 
000322 100.0 000676 000710 gi|40 008471 008505 gi|154 
000258 75.6 004615 004794 gi|40 011780 011961 gi|143 
000344 85.6 004939 005035 gi|40 016480 016612 gi|100 
000269 78.1 012294 012135 gi|40 038469 038627 gi|163 
001792 89.6 022065 021719 gi|40 002832 003166 gi|114 
000306 93.8 022278 022231 gi|40 002737 002780 gi|114 
000318 80.7 032229 032502 gi|40 002444 002714 gi|67 
000256 70.7 032427 032295 gi|40 021679 021811 gi|107 
006244 76.5 019786 017991 gi|46 036107 037926 gi|163 
000365 69.9 019081 018919 gi|46 018077 018244 gi|93 
000250 78.7 006006 005763 gi|38 039051 039278 gi|99 
000898 95.5 030042 029931 gi|38 009732 009843 gi|172 
001439 82.4 031721 031483 gi|38 030975 031214 gi|45 
000521 88.7 031901 031787 gi|38 039292 039394 gi|93 
001529 89.2 031907 032109 gi|38 025600 025802 gi|47 
000626 93.9 034264 034377 gi|38 027739 027875 gi|39 
000251 83.6 034676 034622 gi|38 039319 039379 gi|171 
000465 72.4 014074 013919 gi|47 038887 039059 gi|94 
001500 82.5 014738 014384 gi|47 038880 039288 gi|166 
000302 87.7 014806 014734 gi|47 037793 037867 gi|67 
000250 84.9 014806 014734 gi|47 021977 022050 gi|147 
000369 82.5 014954 014841 gi|47 006711 006826 gi|95 
000438 83.5 020221 020125 gi|47 010963 011059 gi|108 
000841 84.7 027816 027654 gi|47 005258 005421 gi|49 
000702 84.1 027654 027810 gi|47 027682 027845 gi|138 
000608 81.5 027679 027824 gi|47 009106 009254 gi|145 
000504 84.4 027716 027811 gi|47 037759 037856 gi|67 
000431 83.3 027716 027811 gi|47 021939 022039 gi|147 
000279 69.2 029394 029967 gi|47 023091 023653 gi|99 
000259 79.7 031937 031800 gi|47 030394 030523 gi|66 
000746 96.7 006677 006587 gi|51 007714 007806 gi|68 
000316 79.0 016939 016840 gi|51 023226 023322 gi|113 
000316 79.0 017040 016941 gi|51 023226 023322 gi|113 
000390 80.0 017166 017042 gi|51 023204 023322 gi|113 
000805 96.8 017277 017184 gi|51 007718 007811 gi|68 
000632 86.9 019360 019224 gi|51 040124 040285 gi|157 
000313 80.0 012637 012716 gi|52 023297 023370 gi|168 
000504 80.6 033485 033618 gi|52 027806 027942 gi|145 
000333 96.5 035225 035365 gi|52 028546 028641 gi|145 
000410 79.2 036843 036604 gi|52 001372 001583 gi|78 
000697 89.0 036900 037035 gi|52 023723 023867 gi|91 
000500 78.2 036969 037069 gi|52 020045 020145 gi|61 
000358 83.3 037054 036971 gi|52 038796 038877 gi|67 
000475 80.1 014615 014174 gi|57 008297 008772 gi|62 
000905 70.4 029018 028121 gi|45 036309 037214 gi|146 
000326 75.5 029035 029144 gi|45 001239 001359 gi|160 
000529 70.6 029993 029766 gi|45 035796 036038 gi|146 
000472 69.7 030686 030522 gi|45 025313 025478 gi|160 
000447 75.7 030527 030695 gi|45 004072 004246 gi|49 
000498 71.9 030556 030694 gi|45 032226 032359 gi|101 
000397 79.8 033268 033175 gi|45 001015 001105 gi|67 
000419 84.8 019065 018895 gi|54 014313 014458 gi|152 
000666 82.0 019061 018901 gi|54 001289 001457 gi|81 
000291 73.5 029843 029944 gi|54 019163 019258 gi|106 
000291 75.0 029875 030022 gi|54 033226 033376 gi|142 
000391 80.8 030277 030380 gi|54 019639 019733 gi|106 
000274 70.0 030417 030298 gi|54 028953 029072 gi|61 
000348 83.3 030391 030308 gi|54 036037 036121 gi|109 
000409 78.3 030309 030428 gi|54 034514 034635 gi|142 
000340 78.0 030310 030436 gi|54 033696 033822 gi|142 
000251 76.5 030363 030313 gi|54 036175 036225 gi|100 
000457 84.2 001235 001335 gi|49 023289 023386 gi|168 
000288 81.1 001243 001295 gi|49 012637 012689 gi|52 
000727 78.5 001308 001558 gi|49 012661 012899 gi|52 
000433 75.8 003848 003663 gi|49 035796 035996 gi|146 
000514 69.8 004474 004028 gi|49 025081 025520 gi|160 
000267 73.3 004516 004431 gi|49 013714 013794 gi|52 
003351 86.0 005003 004489 gi|49 013067 013574 gi|52 
000283 85.9 005225 005422 gi|49 029080 029264 gi|116 
000930 86.3 005408 005263 gi|49 009094 009236 gi|145 
000509 86.1 005370 005263 gi|49 037747 037856 gi|67 
000466 88.3 005365 005263 gi|49 021932 022039 gi|147 
000711 82.4 005422 005264 gi|49 027681 027845 gi|138 
000314 79.2 005364 005293 gi|49 003024 003099 gi|160 
000381 75.7 025683 025797 gi|49 019143 019257 gi|106 
000571 76.6 026035 025715 gi|49 036205 036535 gi|109 
000303 84.0 001958 001859 gi|36 027293 027396 gi|38 
000273 82.3 001953 001869 gi|36 002868 002952 gi|78 
000455 79.7 003256 003060 gi|36 000560 000778 gi|114 
000583 78.8 003067 003297 gi|36 001404 001623 gi|78 
000359 77.3 003344 003475 gi|36 002774 002918 gi|78 
000315 86.7 003353 003472 gi|36 027250 027345 gi|38 
000359 79.5 003471 003360 gi|36 000979 001101 gi|78 
000251 90.9 006715 006672 gi|36 037603 037646 gi|120 
000287 76.8 017982 017914 gi|36 029364 029429 gi|46 
000855 75.9 037307 037945 gi|36 008502 009083 gi|40 
001316 75.6 037551 038248 gi|36 008689 009473 gi|40 
000283 73.4 008968 008890 gi|50 036559 036637 gi|143 
000378 72.1 032561 031975 gi|50 037227 037901 gi|84 
000252 74.0 012530 012354 gi|43 002891 003047 gi|150 
000616 89.0 024342 024261 gi|43 033711 033792 gi|152 
000367 73.9 024909 024818 gi|43 032977 033065 gi|101 
001993 71.2 026900 025519 gi|43 025118 026560 gi|150 
001384 73.6 030996 030471 gi|43 004584 005111 gi|138 
000658 75.7 000235 000001 gi|55 025631 025847 gi|111 
002534 88.1 000961 000601 gi|55 007671 008035 gi|146 
002965 93.8 001854 001487 gi|55 026828 027195 gi|119 
000627 70.9 024047 024427 gi|58 014003 014379 gi|61 
000841 77.6 028980 029462 gi|58 019859 020321 gi|166 
000712 73.0 028980 029465 gi|58 023349 023804 gi|113 
000289 75.6 037334 036986 gi|58 003105 003501 gi|141 
000284 77.7 027183 026937 gi|41 004180 004410 gi|141 
000357 80.7 027935 027996 gi|41 037083 037144 gi|58 
000319 71.3 011441 011555 gi|53 008676 008790 gi|60 
000460 76.5 011832 012252 gi|53 008948 009371 gi|60 
000308 75.2 012002 011858 gi|53 001147 001290 gi|119 
000432 73.8 013842 014185 gi|53 010465 010802 gi|60 
000492 69.4 014236 013923 gi|53 018501 018815 gi|154 
000283 78.4 025515 025414 gi|53 017523 017633 gi|171 
000666 78.7 025604 025781 gi|53 039352 039526 gi|121 
004905 74.0 038711 040378 gi|53 016029 017671 gi|125 
000446 72.2 008564 008725 gi|60 037913 038074 gi|72 
000332 71.5 009054 008897 gi|60 001210 001369 gi|119 
000447 77.4 029025 029232 gi|60 023900 024085 gi|144 
000494 82.5 029329 029431 gi|60 024085 024187 gi|144 
000382 81.6 020014 020111 gi|61 023773 023867 gi|91 
000311 83.0 020123 020036 gi|61 038803 038886 gi|67 
000362 74.1 020131 020304 gi|61 035676 035838 gi|170 
000373 84.8 021107 021029 gi|61 018058 018132 gi|153 
000305 84.0 024096 024170 gi|61 020420 020489 gi|118 
000635 74.4 029415 028932 gi|61 034175 034643 gi|142 
000252 76.9 030135 029980 gi|61 033490 033652 gi|142 
000454 85.7 001282 001602 gi|81 014310 014564 gi|152 
001717 75.0 001779 002441 gi|81 019545 020220 gi|125 
001176 74.9 002477 002051 gi|81 006503 006902 gi|119 
000277 73.6 002201 002673 gi|81 005311 005794 gi|124 
001005 76.7 002406 002697 gi|81 020263 020557 gi|125 
000355 75.7 004307 004577 gi|81 003244 003511 gi|98 
000459 82.1 005850 005756 gi|81 038081 038181 gi|100 
000256 83.8 005784 005888 gi|81 005879 005973 gi|156 
001035 89.0 005790 005980 gi|81 021927 022107 gi|119 
000407 69.3 037317 037671 gi|81 033593 033952 gi|119 
000395 78.7 001583 001406 gi|78 000565 000769 gi|114 
003274 78.3 007782 008495 gi|78 032664 033350 gi|146 
000387 73.2 010676 010345 gi|78 006480 006802 gi|157 
000401 65.8 019807 019565 gi|78 006180 006422 gi|157 
000313 75.4 019565 019885 gi|78 015052 015369 gi|140 
000874 82.8 013542 013710 gi|80 010204 010366 gi|93 
005442 84.8 013813 014705 gi|80 010373 011258 gi|93 
000406 72.0 015058 014788 gi|80 023906 024184 gi|148 
000256 70.7 014972 014850 gi|80 038858 038979 gi|169 
000772 74.4 017547 016923 gi|80 021379 022044 gi|148 
000613 73.1 017644 017303 gi|80 036127 036464 gi|169 
009220 87.1 017799 019228 gi|80 011253 012670 gi|93 
000314 72.5 011465 011328 gi|63 010867 011004 gi|99 
000453 75.5 017263 017633 gi|63 010916 011339 gi|145 
000449 83.5 017352 017430 gi|65 025551 025633 gi|101 
000327 80.0 025532 025438 gi|65 004420 004524 gi|125 
000303 72.0 025445 025526 gi|65 016223 016304 gi|113 
000279 76.0 025445 025523 gi|65 005924 006001 gi|119 
000304 73.2 026568 026457 gi|65 028280 028394 gi|153 
000677 77.4 031438 031867 gi|62 025489 025893 gi|117 
000350 88.9 031469 031531 gi|62 029761 029823 gi|66 
000277 76.3 032077 032232 gi|62 026032 026188 gi|117 
000311 72.7 032080 032376 gi|62 030376 030658 gi|66 
000312 75.0 032351 032418 gi|62 026302 026369 gi|117 
000617 94.4 040288 040199 gi|62 012510 012595 gi|102 
001772 90.8 030462 030160 gi|70 023700 023988 gi|119 
001870 92.7 030184 030444 gi|70 026054 026312 gi|168 
000471 91.5 030193 030263 gi|70 026003 026075 gi|168 
002065 95.6 030444 030196 gi|70 022631 022879 gi|119 
001996 95.5 030444 030203 gi|70 026165 026406 gi|74 
000600 79.2 030399 030203 gi|70 020435 020648 gi|166 
002255 93.8 030507 030204 gi|70 009687 010005 gi|74 
001827 93.4 030444 030204 gi|70 028424 028666 gi|112 
000965 80.3 030465 030217 gi|70 022892 023142 gi|168 
000255 89.4 030458 030504 gi|70 023905 023951 gi|113 
000306 85.7 030518 030463 gi|70 025701 025759 gi|74 
000305 85.7 030518 030463 gi|70 024938 024996 gi|111 
001259 79.9 030816 030504 gi|70 013609 013911 gi|119 
001551 94.4 006183 006396 gi|66 011612 011829 gi|165 
000757 74.8 026144 026671 gi|66 021891 022417 gi|118 
001303 77.7 026928 027308 gi|66 022617 022994 gi|118 
000264 75.6 027359 027489 gi|66 022995 023125 gi|118 
000254 73.7 027766 027841 gi|66 023430 023505 gi|118 
000296 82.5 029316 029372 gi|66 007582 007641 gi|167 
000269 89.8 029317 029365 gi|66 039329 039377 gi|171 
000858 72.7 030111 030527 gi|66 025763 026186 gi|117 
000407 83.9 036749 036291 gi|66 037539 037896 gi|120 
000430 81.0 036836 036379 gi|66 037842 038278 gi|120 
000503 81.5 036769 036402 gi|66 037616 037916 gi|120 
000257 82.8 036488 036402 gi|66 037459 037553 gi|120 
000466 81.5 036945 036513 gi|66 037661 038027 gi|120 
000309 83.5 036709 036534 gi|66 037465 037649 gi|120 
000310 77.9 036951 036603 gi|66 037874 038222 gi|120 
000294 77.8 036844 036651 gi|66 038032 038234 gi|120 
000313 75.1 037042 036706 gi|66 037870 038231 gi|120 
002405 74.5 012602 013788 gi|93 021461 022632 gi|143 
004950 79.3 014152 015431 gi|93 038713 040014 gi|150 
000512 89.3 016541 016643 gi|93 039993 040087 gi|150 
000394 83.3 016832 016945 gi|93 040502 040627 gi|165 
004737 100.0 019753 020260 gi|93 011629 012136 gi|140 
004295 94.0 026658 026095 gi|93 009995 010539 gi|166 
000490 75.7 026422 026188 gi|93 010414 010677 gi|166 
001942 92.4 028594 028346 gi|93 018067 018315 gi|173 
000300 81.9 037581 037466 gi|93 001854 001968 gi|166 
000265 83.6 037804 037876 gi|93 012363 012433 gi|118 
001472 91.7 038993 038801 gi|93 017433 017625 gi|173 
000718 83.4 026544 026772 gi|86 027418 027671 gi|112 
000255 76.5 008517 008433 gi|88 020634 020715 gi|136 
000564 87.5 027378 027259 gi|88 014100 014216 gi|94 
000590 89.0 027272 027380 gi|88 011794 011902 gi|125 
000673 93.5 027380 027274 gi|88 009993 010101 gi|134 
000592 94.3 027274 027378 gi|88 028431 028539 gi|134 
000545 88.6 027396 027274 gi|88 020871 020997 gi|125 
000343 80.0 027274 027378 gi|88 034395 034498 gi|148 
000292 76.0 027283 027378 gi|88 019587 019683 gi|111 
000283 69.8 027283 027378 gi|88 007774 007869 gi|145 
007827 83.5 037056 038446 gi|88 037754 039238 gi|165 
002501 78.3 038599 039141 gi|88 039234 039797 gi|165 
000326 71.6 039765 039972 gi|88 038823 039033 gi|165 
000326 84.1 014718 014650 gi|79 023802 023866 gi|113 
000315 80.2 001151 001041 gi|87 008403 008507 gi|114 
000336 77.9 001071 001242 gi|87 021166 021328 gi|123 
000266 80.3 001146 001081 gi|87 001722 001784 gi|151 
000301 83.9 023683 023794 gi|77 015870 015975 gi|161 
000395 77.2 002287 002632 gi|64 008914 009215 gi|93 
001507 81.7 003802 004113 gi|64 014462 014763 gi|173 
000648 76.4 005985 005787 gi|64 014531 014728 gi|93 
000643 71.3 005986 005795 gi|64 039076 039258 gi|150 
005744 93.9 008508 007806 gi|64 000001 000701 gi|103 
000480 87.5 008644 008509 gi|64 040586 040703 gi|150 
000306 81.0 002634 002738 gi|89 034362 034466 gi|163 
000289 75.4 029124 029241 gi|83 006400 006515 gi|164 
000299 84.0 017311 017385 gi|73 039292 039363 gi|171 
000278 80.0 017319 017383 gi|73 021445 021505 gi|117 
000304 77.1 021341 021410 gi|73 037125 037195 gi|134 
000299 78.6 021437 021368 gi|73 028295 028369 gi|144 
000361 83.9 008895 008834 gi|67 009042 009103 gi|149 
000295 79.1 017978 017888 gi|67 002673 002763 gi|102 
000334 77.0 018764 018587 gi|67 002138 002315 gi|102 
000284 78.8 020048 019983 gi|67 000771 000836 gi|102 
011722 95.9 023695 022313 gi|67 020412 021803 gi|147 
000262 75.0 022732 022633 gi|67 003484 003579 gi|125 
000279 79.0 023857 023763 gi|67 018445 018529 gi|147 
015512 95.9 036203 038078 gi|67 020412 022261 gi|147 
000258 75.0 037193 037292 gi|67 003484 003579 gi|125 
000402 80.4 037745 037856 gi|67 009130 009236 gi|145 
000546 87.1 037759 037859 gi|67 027744 027851 gi|138 
001886 81.6 037859 038228 gi|67 032238 032595 gi|147 
000532 74.8 038346 038500 gi|67 021836 021991 gi|113 
001349 79.2 038775 038349 gi|67 028711 029116 gi|173 
001950 82.9 038351 038778 gi|67 021987 022395 gi|113 
002084 85.6 038775 038352 gi|67 031224 031619 gi|68 
002067 85.2 038775 038357 gi|67 006675 007079 gi|173 
002066 84.2 038357 038775 gi|67 014623 015023 gi|119 
001671 81.4 038706 038357 gi|67 023958 024295 gi|119 
000812 83.1 038357 038498 gi|67 025268 025411 gi|74 
000335 79.8 038486 038584 gi|67 019529 019630 gi|113 
001115 86.2 038490 038677 gi|67 025946 026132 gi|74 
000501 82.6 038613 038493 gi|67 012463 012594 gi|118 
000554 80.7 038514 038772 gi|67 039290 039531 gi|166 
000331 88.2 038862 038812 gi|67 023818 023868 gi|91 
000297 81.4 014163 014398 gi|72 012319 012566 gi|114 
000386 79.4 014861 015088 gi|72 013568 013783 gi|114 
000396 96.1 026060 026010 gi|72 029901 029949 gi|170 
001229 80.4 028643 028963 gi|72 027368 027698 gi|112 
000369 79.1 028922 028660 gi|72 027444 027719 gi|112 
000958 89.5 028698 028934 gi|72 026555 026772 gi|86 
000255 82.7 028922 028819 gi|72 027543 027661 gi|112 
000697 96.5 029020 028934 gi|72 029809 029903 gi|170 
000699 83.2 037362 037190 gi|72 008394 008547 gi|126 
000328 72.0 017773 017681 gi|68 004408 004500 gi|109 
000306 70.6 018025 017866 gi|68 004187 004346 gi|109 
001622 92.6 030603 030845 gi|68 025709 025949 gi|74 
001671 91.3 030603 030856 gi|68 024946 025199 gi|111 
000437 82.7 030801 030606 gi|68 023780 023956 gi|113 
000335 95.3 030653 030611 gi|68 030462 030504 gi|70 
000504 90.1 031322 031192 gi|68 017625 017751 gi|173 
002484 87.1 031616 031205 gi|68 014621 015042 gi|119 
002144 85.0 031614 031209 gi|68 021993 022407 gi|113 
000303 92.9 031268 031213 gi|68 026407 026463 gi|74 
001812 81.6 031217 031619 gi|68 028704 029113 gi|173 
000449 81.9 031219 031615 gi|68 023348 023802 gi|113 
002805 92.2 031220 031614 gi|68 006671 007079 gi|173 
000377 79.3 031220 031615 gi|68 019859 020322 gi|166 
000811 81.2 031466 031223 gi|68 039283 039535 gi|166 
000261 76.6 031472 031242 gi|68 022401 022656 gi|113 
001603 94.0 031479 031264 gi|68 025946 026160 gi|74 
001708 81.7 031298 031614 gi|68 023978 024295 gi|119 
000548 85.8 031336 031476 gi|68 012447 012594 gi|118 
000462 76.9 031575 031338 gi|68 019436 019670 gi|113 
000668 82.1 031629 031468 gi|68 021835 021992 gi|113 
001266 96.5 031614 031471 gi|68 025268 025411 gi|74 
000299 82.0 031614 031554 gi|68 031989 032047 gi|112 
000303 80.3 031554 031614 gi|68 021075 021133 gi|168 
000575 82.3 034768 034605 gi|68 030230 030394 gi|97 
000628 74.2 034829 034613 gi|68 003168 003399 gi|116 
002241 90.4 035175 034833 gi|68 005303 005632 gi|173 
002072 89.2 035175 034833 gi|68 023048 023376 gi|119 
002258 90.4 035177 034833 gi|68 020149 020480 gi|112 
002242 90.1 034833 035177 gi|68 017538 017869 gi|112 
002241 90.4 035175 034833 gi|68 024993 025322 gi|112 
002241 90.4 034833 035175 gi|68 033213 033542 gi|112 
002241 90.4 035175 034833 gi|68 036380 036709 gi|112 
002199 89.8 035176 034833 gi|68 029084 029414 gi|112 
002216 90.1 034833 035177 gi|68 033564 033896 gi|74 
002213 89.8 034833 035175 gi|68 026767 027096 gi|74 
002101 88.0 034833 035175 gi|68 022586 022915 gi|168 
002053 87.8 035175 034833 gi|68 024075 024403 gi|168 
001211 85.7 034837 035053 gi|68 031752 031959 gi|116 
000532 85.1 035175 035089 gi|68 021388 021472 gi|119 
000256 83.9 035644 035552 gi|82 038479 038575 gi|124 
001013 98.3 007379 007260 gi|90 035391 035507 gi|162 
000264 82.9 010745 010606 gi|90 000093 000237 gi|102 
001692 89.5 009739 009996 gi|74 023691 023950 gi|119 
000883 80.3 009742 009980 gi|74 022894 023134 gi|168 
002387 94.3 009761 010058 gi|74 028424 028720 gi|112 
001864 93.1 009761 010005 gi|74 022631 022870 gi|119 
002416 93.2 010067 009761 gi|74 026004 026312 gi|168 
000538 77.0 009806 009970 gi|74 020435 020607 gi|166 
000346 94.5 009996 009942 gi|74 026023 026075 gi|168 
000272 83.3 009998 010045 gi|74 023097 023142 gi|168 
000403 90.0 010058 009999 gi|74 026069 026132 gi|168 
000515 76.3 011441 011778 gi|74 018060 018394 gi|99 
000278 73.8 012571 012738 gi|74 019038 019199 gi|99 
000264 74.0 016277 016376 gi|74 014805 014904 gi|99 
000480 72.0 017111 017413 gi|74 015601 015920 gi|99 
000360 73.0 018096 018502 gi|74 016499 016893 gi|99 
001148 91.6 025411 025245 gi|74 006931 007099 gi|173 
000748 80.6 025428 025259 gi|74 024134 024302 gi|119 
000308 74.6 025377 025264 gi|74 020212 020324 gi|166 
000723 79.9 025428 025265 gi|74 028946 029111 gi|173 
000929 89.7 025267 025411 gi|74 021992 022134 gi|113 
000294 83.6 025268 025328 gi|74 031989 032047 gi|112 
000916 86.1 025268 025411 gi|74 014623 014765 gi|119 
000298 82.0 025328 025268 gi|74 021075 021133 gi|168 
000640 81.5 025268 025424 gi|74 021847 022005 gi|113 
000372 84.7 025365 025268 gi|74 023705 023801 gi|113 
004561 95.9 025412 025949 gi|74 024649 025189 gi|111 
000800 83.2 025881 025412 gi|74 023816 024291 gi|113 
000441 84.6 025669 025850 gi|74 013574 013735 gi|172 
000257 79.9 025784 025952 gi|74 024396 024566 gi|160 
000555 85.8 026089 025942 gi|74 012447 012603 gi|118 
001298 88.5 026160 025944 gi|74 006715 006941 gi|173 
000878 81.9 026160 025945 gi|74 028750 028975 gi|173 
000310 81.1 025945 026087 gi|74 019532 019670 gi|113 
001185 87.9 025946 026160 gi|74 014757 014983 gi|119 
000935 82.3 025946 026165 gi|74 022126 022357 gi|113 
000878 81.4 026126 025950 gi|74 023978 024158 gi|119 
000701 81.2 025959 026160 gi|74 039283 039494 gi|166 
000299 94.9 026102 026160 gi|74 017625 017690 gi|173 
002053 94.5 026152 026406 gi|74 022616 022871 gi|119 
001946 93.9 026161 026405 gi|74 028420 028666 gi|112 
001644 88.6 026161 026406 gi|74 023710 023957 gi|119 
001898 92.2 026405 026161 gi|74 026069 026316 gi|168 
000911 80.0 026171 026390 gi|74 022915 023141 gi|168 
000529 76.0 026181 026409 gi|74 020403 020651 gi|166 
000374 90.7 026406 026353 gi|74 026013 026067 gi|168 
004007 92.7 027098 026405 gi|74 023046 023682 gi|119 
000351 76.7 026455 026544 gi|74 037869 037959 gi|123 
001024 92.3 026722 026540 gi|74 025436 025600 gi|112 
001012 97.6 026601 026726 gi|74 032981 033103 gi|112 
003622 96.2 027096 026604 gi|74 029085 029535 gi|112 
003577 94.1 026604 027112 gi|74 022466 022930 gi|168 
000973 97.4 026722 026606 gi|74 005746 005862 gi|173 
004397 98.0 027096 026606 gi|74 036380 036871 gi|112 
004395 98.2 027096 026608 gi|74 020151 020640 gi|112 
000998 97.5 026608 026726 gi|74 017310 017428 gi|112 
001022 91.8 026608 026742 gi|74 023939 024074 gi|168 
002815 93.0 026608 026979 gi|74 031597 031959 gi|116 
003922 93.7 027099 026611 gi|74 024072 024571 gi|168 
000415 94.3 026733 026681 gi|74 021470 021521 gi|119 
003457 98.2 027101 026713 gi|74 005294 005687 gi|173 
003448 98.2 026713 027096 gi|74 017483 017867 gi|112 
003448 98.2 027096 026713 gi|74 024993 025377 gi|112 
003448 98.2 026713 027096 gi|74 033158 033542 gi|112 
000678 84.6 027115 027012 gi|74 021369 021472 gi|119 
000333 73.3 031187 030967 gi|74 029020 029237 gi|83 
000261 72.6 031990 031896 gi|74 028067 028161 gi|83 
001141 92.9 033483 033329 gi|74 023389 023540 gi|119 
000837 94.1 033334 033451 gi|74 022453 022573 gi|168 
003800 95.2 033899 033336 gi|74 020146 020650 gi|112 
000871 92.1 033450 033337 gi|74 029428 029541 gi|112 
001089 87.3 033337 033517 gi|74 023929 024116 gi|168 
004397 97.8 033894 033343 gi|74 005303 005865 gi|173 
004396 97.8 033897 033344 gi|74 024990 025554 gi|112 
004468 97.8 033348 033903 gi|74 017310 017876 gi|112 
004428 98.0 033348 033897 gi|74 032985 033545 gi|112 
003764 95.6 033897 033348 gi|74 036377 036869 gi|112 
002429 92.8 033348 033777 gi|74 031597 031959 gi|116 
003718 93.9 033894 033351 gi|74 024075 024571 gi|168 
000429 96.2 033473 033421 gi|74 021470 021521 gi|119 
003144 94.8 033894 033494 gi|74 023048 023434 gi|119 
000335 89.1 033494 033539 gi|74 024029 024074 gi|168 
003023 95.0 033894 033538 gi|74 029085 029440 gi|112 
002994 94.7 033538 033894 gi|74 022560 022915 gi|168 
000647 89.4 033894 033810 gi|74 021388 021472 gi|119 
002362 91.9 035319 035012 gi|74 003532 003837 gi|166 
011844 94.2 036391 035039 gi|74 000539 001891 gi|173 
002348 95.3 035319 035044 gi|74 008085 008360 gi|166 
018666 91.9 037464 035045 gi|74 003772 006227 gi|166 
005996 100.0 036575 035929 gi|74 001107 001753 gi|166 
010691 99.5 039441 038282 gi|74 001799 002956 gi|166 
000517 77.4 039271 039460 gi|74 037466 037655 gi|93 
000649 97.6 040737 040615 gi|74 000774 000915 gi|166 
001932 82.9 000522 001101 gi|91 013722 014278 gi|107 
000364 71.4 002675 002940 gi|92 020543 020820 gi|117 
001148 90.9 008332 008146 gi|92 023663 023841 gi|128 
000294 76.0 003763 003837 gi|94 015756 015829 gi|173 
001480 73.3 005162 004642 gi|94 027963 028485 gi|117 
005536 90.6 008903 008114 gi|94 002857 003646 gi|112 
000699 88.3 009005 008895 gi|94 002017 002125 gi|112 
000254 94.3 008957 008991 gi|94 008810 008843 gi|100 
000265 73.5 014241 014000 gi|94 007729 007977 gi|145 
000288 76.2 014222 014097 gi|94 019566 019686 gi|111 
000843 94.4 014205 014099 gi|94 011796 011901 gi|125 
000382 77.9 014238 014099 gi|94 034369 034499 gi|148 
000816 87.4 014100 014250 gi|94 020893 021039 gi|125 
000681 95.4 014100 014207 gi|94 009995 010103 gi|134 
000666 91.9 014235 014100 gi|94 028407 028539 gi|134 
000288 83.3 030093 030034 gi|94 016252 016312 gi|113 
000736 85.1 006808 006661 gi|95 006875 007013 gi|130 
000994 92.7 008291 008156 gi|95 013591 013722 gi|162 
000260 83.8 016294 016190 gi|97 021931 022032 gi|119 
000260 81.8 016237 016362 gi|97 038085 038220 gi|100 
000335 76.0 030187 030390 gi|97 003196 003400 gi|116 
000405 75.9 034722 034578 gi|102 006008 006143 gi|119 
000307 78.6 034620 034722 gi|102 004325 004419 gi|125 
000259 71.0 030737 030676 gi|98 027346 027407 gi|161 
000250 84.0 008379 008509 gi|114 001684 001843 gi|151 
000417 85.7 021438 021528 gi|117 040403 040501 gi|172 
000416 83.3 021445 021522 gi|117 039303 039378 gi|171 
000292 85.4 021475 021522 gi|117 007585 007635 gi|167 
002553 71.6 028954 030274 gi|117 018342 019703 gi|173 
000318 97.3 031325 031289 gi|117 008471 008507 gi|154 
000261 87.0 031381 031290 gi|117 039298 039380 gi|171 
000563 92.5 031291 031383 gi|117 039298 039381 gi|171 
000300 91.3 031394 031291 gi|117 040362 040496 gi|172 
000403 87.0 031295 031386 gi|117 040412 040503 gi|172 
000335 90.2 031322 031382 gi|117 007576 007637 gi|167 
001363 74.5 004041 005478 gi|104 036387 037882 gi|125 
000258 76.6 028584 028690 gi|104 000002 000108 gi|110 
000513 74.3 036277 036037 gi|109 034357 034597 gi|142 
000701 72.0 007112 006628 gi|99 006643 007138 gi|164 
000541 72.3 007592 007282 gi|99 006227 006542 gi|164 
001098 72.8 008201 007684 gi|99 005672 006199 gi|164 
000685 80.8 008582 008322 gi|99 005349 005614 gi|164 
000450 71.5 009445 009207 gi|99 005916 006159 gi|119 
000344 73.6 009258 009526 gi|99 004322 004616 gi|125 
000273 67.9 009432 009321 gi|99 016222 016337 gi|113 
000317 69.0 019559 019687 gi|111 011777 011906 gi|125 
000900 93.0 019576 019689 gi|111 007763 007876 gi|145 
000290 75.0 019683 019584 gi|111 020891 020991 gi|125 
000827 84.2 025118 024638 gi|111 023816 024301 gi|113 
000437 82.4 024906 025087 gi|111 013574 013735 gi|172 
000316 77.6 031751 031933 gi|111 005874 006071 gi|158 
001193 74.1 032353 033144 gi|111 006544 007279 gi|158 
000343 71.0 019262 019118 gi|106 036449 036593 gi|109 
000263 68.6 019119 019309 gi|106 034119 034309 gi|142 
000313 81.5 019733 019653 gi|106 036049 036129 gi|109 
000274 73.1 019656 019733 gi|106 034508 034585 gi|142 
000290 100.0 008842 008810 gi|100 002031 002063 gi|112 
000790 95.8 018953 018835 gi|100 027088 027201 gi|162 
000319 87.2 036222 036176 gi|100 034521 034567 gi|142 
000312 78.5 036240 036176 gi|100 033681 033748 gi|142 
000347 74.0 036656 036465 gi|100 019120 019313 gi|106 
000408 87.7 038137 038081 gi|100 021931 021987 gi|119 
000250 80.7 039236 039144 gi|100 036439 036528 gi|101 
003550 91.4 000441 000002 gi|112 037531 037970 gi|119 
001349 73.3 000005 000439 gi|112 027906 028311 gi|116 
002021 76.6 000441 000006 gi|112 027310 027745 gi|168 
000629 75.6 000140 000006 gi|112 036411 036545 gi|116 
000664 69.1 000007 000436 gi|112 035609 036032 gi|168 
000541 81.8 000243 000123 gi|112 035810 035921 gi|116 
000744 70.2 000149 000430 gi|112 032769 033047 gi|119 
004448 77.1 000418 002034 gi|112 034926 036512 gi|119 
000913 91.8 000605 000424 gi|112 036238 036400 gi|116 
000945 83.2 000433 000629 gi|112 035014 035217 gi|119 
001204 82.7 001058 000603 gi|112 035892 036301 gi|116 
000430 75.4 001198 001551 gi|112 034052 034394 gi|116 
000419 72.6 001213 001551 gi|112 024699 025030 gi|168 
000271 76.3 002032 001902 gi|112 029537 029663 gi|116 
000355 79.0 001909 002032 gi|112 025807 025931 gi|168 
000257 75.0 001909 002032 gi|112 034751 034875 gi|116 
001932 96.1 002123 002479 gi|112 031776 032076 gi|168 
001261 96.6 002123 002269 gi|112 038298 038444 gi|168 
005236 99.2 002266 002859 gi|112 032089 032682 gi|168 
004976 97.0 002266 002863 gi|112 038557 039154 gi|168 
000697 95.9 002383 002480 gi|112 038448 038545 gi|168 
022312 82.2 003641 008018 gi|112 034944 039276 gi|119 
001679 86.9 004248 003646 gi|112 035892 036389 gi|116 
000927 86.5 003647 003861 gi|112 035023 035220 gi|119 
000410 70.3 004403 004950 gi|112 024699 025233 gi|168 
000665 72.8 004403 005716 gi|112 034063 035374 gi|116 
000390 81.3 005099 005221 gi|112 025807 025930 gi|168 
007626 97.0 005216 006083 gi|112 039124 040000 gi|168 
000291 70.1 005367 005714 gi|112 026384 026737 gi|168 
007272 73.4 005868 007989 gi|112 026908 029033 gi|168 
000438 74.7 005868 006140 gi|112 035543 035810 gi|116 
002157 74.5 006860 005977 gi|112 027764 028601 gi|116 
001501 69.8 007316 006133 gi|112 034984 036173 gi|168 
001041 72.3 006839 006133 gi|112 032495 033194 gi|119 
000553 81.9 006422 006587 gi|112 035762 035921 gi|116 
004558 71.9 006550 007989 gi|112 036391 037833 gi|116 
002745 89.5 007063 006710 gi|112 039696 040049 gi|116 
000605 74.5 008045 007653 gi|112 031304 031677 gi|119 
000427 73.2 007960 007696 gi|112 034370 034634 gi|168 
010100 95.1 007974 009153 gi|112 038822 040000 gi|119 
004454 71.5 008008 009412 gi|112 028637 030066 gi|168 
004300 71.4 008008 009412 gi|112 037437 038866 gi|116 
000679 72.3 008627 008068 gi|112 031121 031677 gi|119 
000750 72.0 008792 008111 gi|112 033957 034634 gi|168 
000409 83.4 009389 009557 gi|112 030190 030383 gi|168 
000385 82.8 009389 009557 gi|112 038990 039183 gi|116 
004234 96.3 010118 009530 gi|112 038557 039223 gi|168 
004065 96.3 010118 009579 gi|112 032089 032684 gi|168 
057539 98.7 016391 009959 gi|112 032092 038545 gi|168 
010539 98.1 011142 009960 gi|112 030894 032076 gi|168 
002100 71.0 013624 012362 gi|112 031942 033217 gi|119 
001319 71.3 012372 013634 gi|112 037382 038655 gi|119 
000400 72.1 012925 012388 gi|112 027913 028436 gi|116 
001578 70.0 012389 013634 gi|112 027178 028434 gi|168 
000264 69.1 012721 012788 gi|112 035815 035882 gi|116 
000623 69.5 012830 013632 gi|112 036423 037232 gi|116 
000970 71.2 013832 014574 gi|112 028664 029415 gi|168 
000909 73.0 013838 014615 gi|112 038888 039671 gi|119 
001368 71.2 015043 013865 gi|112 030493 031677 gi|119 
000892 72.5 013950 014575 gi|112 037585 038219 gi|116 
000565 70.6 013997 014292 gi|112 016797 017105 gi|113 
004112 96.2 016391 015846 gi|112 038560 039163 gi|168 
001668 96.2 016551 016236 gi|112 038284 038545 gi|168 
002631 98.1 016551 016237 gi|112 031762 032076 gi|168 
001171 92.6 016536 016683 gi|112 020783 020930 gi|173 
005040 92.4 016682 017309 gi|112 039127 039763 gi|168 
001717 73.0 016684 017250 gi|112 036507 037073 gi|119 
000295 69.3 016838 017179 gi|112 035024 035374 gi|116 
000885 91.1 017305 017428 gi|112 031592 031717 gi|116 
000888 91.8 017428 017307 gi|112 024456 024576 gi|168 
000906 92.4 017310 017428 gi|112 023939 024057 gi|168 
000847 95.2 017310 017413 gi|112 022470 022573 gi|168 
000928 94.1 017428 017310 gi|112 023406 023524 gi|119 
004658 90.3 017867 017310 gi|112 005303 005860 gi|173 
000350 95.7 017428 017383 gi|112 021477 021521 gi|119 
003238 95.8 017867 017483 gi|112 024075 024469 gi|168 
003189 95.8 017867 017484 gi|112 023048 023445 gi|119 
002092 93.8 017491 017750 gi|112 031692 031959 gi|116 
003117 96.3 017512 017867 gi|112 022560 022915 gi|168 
000661 89.8 017870 017783 gi|112 021385 021472 gi|119 
002057 97.5 017865 018100 gi|112 039756 040000 gi|168 
003615 74.4 017885 019002 gi|112 026908 028024 gi|168 
000445 76.9 017885 018157 gi|112 035543 035810 gi|116 
007371 84.3 017899 019016 gi|112 037148 038260 gi|119 
002048 72.7 018877 017955 gi|112 027764 028642 gi|116 
001134 70.0 018880 018150 gi|112 035446 036173 gi|168 
000943 70.6 018856 018150 gi|112 032495 033194 gi|119 
000542 81.1 018439 018570 gi|112 035762 035895 gi|116 
001382 75.7 018587 019002 gi|112 036411 036824 gi|116 
001995 88.0 019002 018727 gi|112 039776 040049 gi|116 
004178 95.0 018982 019481 gi|112 035887 036389 gi|116 
003802 96.1 019480 018990 gi|112 035023 035493 gi|119 
000692 88.2 019498 019245 gi|112 034942 035152 gi|119 
000718 74.2 019448 019691 gi|112 027980 028218 gi|168 
000699 73.5 019448 019673 gi|112 036780 037002 gi|116 
001644 92.4 019481 019691 gi|112 038231 038439 gi|119 
000754 90.5 019575 019481 gi|112 039696 039790 gi|116 
000292 64.5 019676 019553 gi|112 035136 035259 gi|168 
001279 83.3 020104 019675 gi|112 035110 035492 gi|119 
001304 82.8 019675 020139 gi|112 035896 036301 gi|116 
000251 90.6 020139 020108 gi|112 035110 035141 gi|119 
004095 94.4 020136 020637 gi|112 024061 024571 gi|168 
000664 89.8 020148 020235 gi|112 021385 021472 gi|119 
003662 96.4 020647 020151 gi|112 022463 022915 gi|168 
004072 95.8 020151 020647 gi|112 023048 023533 gi|119 
003621 100.0 020151 020535 gi|112 005303 005687 gi|173 
003342 93.0 020735 020268 gi|112 031488 031959 gi|116 
001035 91.0 020649 020505 gi|112 023929 024074 gi|168 
000372 90.6 020515 020567 gi|112 021470 021521 gi|119 
000996 99.1 020526 020640 gi|112 005746 005860 gi|173 
004675 88.7 024958 025550 gi|112 005261 005860 gi|173 
003197 94.9 024968 025376 gi|112 023022 023445 gi|119 
000663 89.7 024991 025077 gi|112 021386 021472 gi|119 
003249 95.8 024992 025377 gi|112 024074 024469 gi|168 
003129 96.4 025348 024992 gi|112 022560 022916 gi|168 
002092 93.8 025369 025110 gi|112 031692 031959 gi|116 
000924 88.3 025436 025589 gi|112 024460 024611 gi|168 
000863 92.2 025550 025436 gi|112 023939 024053 gi|168 
000885 93.9 025436 025550 gi|112 023410 023524 gi|119 
000309 95.2 025436 025477 gi|112 021481 021521 gi|119 
000821 91.4 025551 025436 gi|112 031596 031713 gi|116 
000847 95.2 025550 025447 gi|112 022470 022573 gi|168 
002469 81.8 026054 026486 gi|112 002622 003051 gi|160 
001048 89.2 027654 027820 gi|112 035332 035492 gi|119 
001326 91.2 027959 027654 gi|112 035811 036056 gi|116 
001953 74.4 028457 027809 gi|112 027019 027653 gi|168 
001280 72.8 027819 028431 gi|112 028004 028590 gi|116 
003398 79.9 028417 027820 gi|112 037266 037867 gi|119 
000823 73.3 027879 028272 gi|112 032782 033177 gi|119 
000734 68.8 027888 028272 gi|112 035770 036156 gi|168 
000596 87.6 028442 028338 gi|112 039904 040000 gi|168 
001591 90.7 028419 028643 gi|112 023709 023937 gi|119 
002485 95.4 028721 028420 gi|112 026013 026316 gi|168 
001902 92.1 028420 028697 gi|112 022627 022910 gi|119 
000836 81.5 028428 028643 gi|112 022917 023136 gi|168 
000513 76.8 028468 028631 gi|112 020435 020607 gi|166 
000254 84.8 028659 028704 gi|112 023097 023140 gi|168 
000861 71.6 029080 028722 gi|112 039543 039923 gi|168 
002288 83.2 029085 028722 gi|112 036907 037267 gi|119 
003771 92.3 029537 029029 gi|112 022464 022963 gi|168 
000683 92.7 029061 029169 gi|112 021362 021472 gi|119 
003582 93.7 029078 029534 gi|112 023041 023528 gi|119 
003295 93.7 029085 029527 gi|112 024075 024571 gi|168 
003141 96.6 029085 029440 gi|112 005303 005658 gi|173 
002358 90.9 029530 029202 gi|112 031597 031959 gi|116 
000809 92.0 029540 029428 gi|112 023931 024041 gi|168 
000266 96.7 029428 029457 gi|112 021492 021521 gi|119 
000809 93.3 029428 029531 gi|112 005758 005861 gi|173 
002602 83.7 029945 029528 gi|112 036509 036915 gi|119 
001020 72.0 029939 029537 gi|112 039148 039537 gi|168 
017246 96.5 032685 030653 gi|112 020438 022469 gi|168 
000292 80.0 032047 031978 gi|112 007019 007094 gi|173 
000696 91.2 032077 031987 gi|112 023713 023803 gi|113 
000484 77.8 032078 031989 gi|112 020232 020321 gi|166 
002602 97.7 032984 032687 gi|112 019495 019792 gi|168 
004685 88.8 033577 032973 gi|112 005261 005872 gi|173 
000882 92.5 033103 032984 gi|112 024456 024574 gi|168 
000864 91.7 032984 033103 gi|112 031596 031717 gi|116 
000906 92.4 032985 033103 gi|112 023939 024057 gi|168 
000847 95.2 032985 033088 gi|112 022470 022573 gi|168 
000928 94.1 033103 032985 gi|112 023406 023524 gi|119 
000350 95.7 033103 033058 gi|112 021477 021521 gi|119 
003249 95.8 033543 033158 gi|112 024074 024469 gi|168 
003197 94.9 033567 033159 gi|112 023022 023445 gi|119 
002092 93.8 033166 033425 gi|112 031692 031959 gi|116 
003129 96.4 033187 033543 gi|112 022560 022916 gi|168 
000663 89.7 033544 033458 gi|112 021386 021472 gi|119 
003637 97.9 036345 036764 gi|112 005261 005687 gi|173 
004074 95.3 036355 036869 gi|112 023022 023524 gi|119 
000663 89.7 036378 036464 gi|112 021386 021472 gi|119 
004070 94.9 036379 036866 gi|112 024074 024571 gi|168 
003701 95.7 036907 036379 gi|112 022442 022916 gi|168 
002870 93.8 036869 036497 gi|112 031597 031959 gi|116 
001046 91.2 036870 036734 gi|112 023938 024074 gi|168 
000372 90.6 036744 036796 gi|112 021470 021521 gi|119 
001001 98.3 036755 036871 gi|112 005746 005862 gi|173 
000704 89.3 037064 036897 gi|112 034938 035149 gi|119 
000967 89.7 036897 037052 gi|112 036238 036391 gi|116 
000945 94.0 037049 036934 gi|112 035023 035139 gi|119 
000290 78.6 037051 037134 gi|112 035400 035495 gi|119 
000274 77.4 037134 037051 gi|112 035893 035988 gi|116 
000918 71.2 037469 037105 gi|112 026976 027336 gi|168 
006647 94.3 037908 037132 gi|112 036758 037535 gi|119 
000546 69.0 037132 037418 gi|112 028309 028591 gi|116 
000388 73.1 037156 037285 gi|112 036057 036186 gi|168 
000378 73.7 037445 037279 gi|112 035630 035796 gi|116 
001890 72.1 037908 037322 gi|112 039389 040000 gi|168 
000266 74.5 037908 037634 gi|112 026493 026769 gi|168 
001568 83.2 037909 038504 gi|112 034950 035492 gi|119 
000914 83.8 037909 038137 gi|112 035023 035234 gi|119 
001500 85.9 038504 037909 gi|112 035896 036388 gi|116 
005860 93.5 039214 038505 gi|112 036053 036762 gi|119 
000582 71.1 038746 038508 gi|112 039151 039390 gi|168 
000345 75.7 038919 038727 gi|112 025776 025973 gi|168 
000322 77.8 038883 038731 gi|112 034752 034902 gi|116 
002184 95.2 039546 039210 gi|112 024353 024647 gi|119 
000362 85.9 039548 039471 gi|112 021667 021742 gi|119 
004305 94.5 040049 039543 gi|112 035555 036060 gi|119 
000303 69.7 039932 039636 gi|112 034067 034356 gi|116 
000893 98.4 001104 001226 gi|113 000958 001078 gi|114 
000593 80.1 016209 016359 gi|113 005909 006059 gi|119 
000428 76.7 016368 016223 gi|113 004363 004510 gi|125 
000887 97.0 016533 016433 gi|113 000963 001063 gi|114 
000556 72.5 017105 016797 gi|113 034247 034542 gi|168 
000259 78.6 016801 017048 gi|113 039052 039287 gi|119 
000276 77.8 016801 017116 gi|113 028834 029132 gi|168 
000925 95.4 017153 017260 gi|113 000966 001073 gi|114 
000392 77.9 019406 019686 gi|113 014629 014922 gi|119 
000314 77.9 019688 019436 gi|113 006803 007040 gi|173 
000409 76.0 019677 019440 gi|113 028828 029065 gi|173 
000310 79.0 019685 019529 gi|113 024025 024165 gi|119 
000250 76.1 019684 019547 gi|113 012440 012578 gi|118 
000466 79.6 021594 021789 gi|113 022905 023092 gi|152 
000689 74.2 021992 021846 gi|113 028963 029109 gi|173 
000572 80.8 021992 021847 gi|113 024151 024295 gi|119 
000566 76.0 021847 021992 gi|113 014623 014768 gi|119 
000588 82.2 021992 021847 gi|113 006928 007079 gi|173 
002068 87.0 022321 021992 gi|113 023961 024296 gi|119 
002172 83.4 022394 021992 gi|113 006672 007080 gi|173 
002377 84.7 021993 022397 gi|113 014623 015029 gi|119 
001992 83.6 022394 021993 gi|113 028708 029108 gi|173 
000253 80.5 022033 021993 gi|113 021093 021133 gi|168 
001132 82.5 022125 022392 gi|113 039267 039535 gi|166 
000571 85.8 022252 022140 gi|113 012462 012578 gi|118 
000263 80.8 022290 022430 gi|113 017625 017763 gi|173 
000373 80.0 022595 022401 gi|113 023957 024155 gi|119 
000322 78.2 022401 022657 gi|113 014764 015005 gi|119 
000287 80.6 022550 022407 gi|113 012445 012579 gi|118 
000701 79.8 022660 022448 gi|113 019886 020102 gi|166 
000513 73.0 023057 023193 gi|113 036490 036623 gi|170 
000380 83.3 023802 023335 gi|113 014622 015039 gi|119 
000263 77.8 023348 023801 gi|113 028706 029108 gi|173 
000335 84.5 023349 023801 gi|113 006671 007079 gi|173 
001988 78.6 023349 023802 gi|113 019859 020322 gi|166 
000296 79.4 023442 023801 gi|113 023961 024295 gi|119 
000711 91.2 023713 023803 gi|113 021045 021135 gi|168 
000827 82.9 024033 023847 gi|113 013551 013732 gi|172 
000858 95.5 032427 032536 gi|113 000956 001063 gi|114 
000430 73.1 008890 008683 gi|107 006719 006920 gi|111 
001256 85.2 012193 011965 gi|107 003097 003321 gi|123 
000313 74.3 007638 008084 gi|115 005162 005611 gi|149 
000322 76.6 011433 011813 gi|115 005184 005566 gi|149 
000272 82.6 008049 007912 gi|101 006692 006854 gi|132 
000530 80.2 028861 028981 gi|101 010267 010385 gi|143 
000262 73.0 032347 032226 gi|101 025312 025443 gi|160 
000397 77.3 032912 032825 gi|101 025426 025514 gi|160 
000429 77.2 016794 017034 gi|116 025544 025761 gi|168 
001122 73.7 018787 019645 gi|116 009663 010522 gi|152 
004953 77.4 029110 027759 gi|116 026502 027906 gi|168 
002205 71.0 028607 027816 gi|116 037233 038054 gi|119 
000445 70.5 027926 028436 gi|116 035625 036170 gi|168 
000404 67.3 028067 028265 gi|116 032788 032986 gi|119 
000332 74.1 028642 028504 gi|116 039855 039992 gi|168 
000867 86.9 029259 029107 gi|116 023300 023468 gi|152 
000445 86.7 029258 029161 gi|116 037461 037571 gi|134 
000741 79.1 029453 029258 gi|116 026319 026511 gi|168 
000693 76.7 029656 029451 gi|116 025807 026012 gi|168 
002480 93.8 031589 031959 gi|116 022459 022798 gi|168 
002646 92.3 031959 031597 gi|116 024191 024584 gi|168 
001013 91.3 031597 031734 gi|116 023939 024074 gi|168 
002817 92.0 031959 031597 gi|116 023164 023524 gi|119 
000805 91.5 031713 031597 gi|116 005746 005860 gi|173 
000416 98.2 031724 031670 gi|116 021470 021521 gi|119 
002074 94.0 031959 031692 gi|116 005420 005679 gi|173 
002282 98.5 033496 033828 gi|116 030561 030893 gi|168 
002307 98.8 033497 033829 gi|116 033276 033608 gi|119 
005972 94.2 033986 034697 gi|116 024622 025333 gi|168 
000258 69.0 034067 034356 gi|116 035672 035968 gi|119 
001851 83.7 034675 034956 gi|116 025731 026012 gi|168 
000621 77.6 034751 035405 gi|116 036385 037033 gi|119 
007011 93.4 034952 035814 gi|116 026317 027183 gi|168 
000359 70.6 035025 035374 gi|116 039293 039633 gi|168 
000415 71.9 035605 035796 gi|116 037197 037388 gi|119 
000764 91.5 035807 035923 gi|116 027505 027635 gi|168 
000549 83.7 035810 035895 gi|116 037729 037814 gi|119 
000278 74.0 035891 035815 gi|116 032782 032858 gi|119 
004027 97.0 036388 035892 gi|116 035023 035496 gi|119 
000623 86.0 036388 036153 gi|116 034950 035152 gi|119 
028465 97.1 036389 039695 gi|116 027589 030893 gi|168 
007122 72.7 036391 038591 gi|116 037812 040000 gi|119 
000782 70.5 037239 036423 gi|116 034899 035728 gi|168 
000416 71.4 037208 036943 gi|116 031958 032225 gi|119 
000350 72.0 037880 037542 gi|116 031297 031635 gi|119 
000922 71.9 038219 037543 gi|116 033964 034631 gi|168 
002341 98.5 039358 039698 gi|116 033271 033610 gi|119 
003000 93.8 040049 039681 gi|116 037972 038337 gi|119 
000987 72.1 040049 039695 gi|116 027751 028105 gi|168 
000599 86.4 012611 012436 gi|118 039255 039420 gi|166 
000570 83.1 012443 012578 gi|118 024011 024148 gi|119 
000539 86.9 012447 012576 gi|118 006796 006923 gi|173 
000601 86.3 012578 012462 gi|118 014771 014882 gi|119 
000591 82.7 012462 012594 gi|118 028847 028971 gi|173 
000965 84.7 020258 020010 gi|118 038819 039062 gi|145 
000595 86.4 020632 020501 gi|118 004147 004319 gi|150 
002175 90.1 020956 020614 gi|118 037768 038115 gi|145 
000251 77.1 034831 034939 gi|118 007385 007491 gi|143 
002377 81.0 006440 005835 gi|119 004001 004604 gi|125 
001595 76.5 006495 006113 gi|119 005609 006003 gi|163 
000256 73.4 006251 006498 gi|119 014436 014684 gi|172 
001809 78.4 006921 006426 gi|119 019824 020346 gi|125 
000452 71.3 006827 006567 gi|119 005254 005519 gi|124 
002461 84.8 015086 014619 gi|119 006615 007082 gi|173 
000339 76.8 015027 014622 gi|119 019859 020322 gi|166 
001922 81.8 015028 014623 gi|119 028706 029108 gi|173 
000923 80.0 014770 015024 gi|119 039283 039535 gi|166 
000677 86.1 021472 021372 gi|119 022831 022930 gi|168 
000606 89.4 021388 021472 gi|119 024075 024158 gi|168 
000659 90.6 021388 021472 gi|119 005303 005387 gi|173 
000447 98.1 021521 021470 gi|119 024012 024064 gi|168 
000447 98.1 021470 021521 gi|119 024449 024501 gi|168 
000312 95.1 021481 021521 gi|119 005746 005787 gi|173 
000294 100.0 021521 021491 gi|119 022543 022573 gi|168 
000592 94.7 021926 021794 gi|119 031572 031676 gi|146 
001956 93.3 022870 022616 gi|119 026069 026325 gi|168 
000542 77.8 022624 022871 gi|119 020388 020648 gi|166 
000948 82.9 022677 022857 gi|119 022957 023142 gi|168 
000495 93.8 022874 022811 gi|119 026010 026075 gi|168 
003171 94.1 023024 023445 gi|119 005272 005686 gi|173 
003823 94.5 023046 023521 gi|119 024073 024571 gi|168 
003633 95.7 023534 023048 gi|119 022462 022915 gi|168 
001164 93.0 023546 023389 gi|119 023914 024074 gi|168 
000894 94.0 023410 023525 gi|119 005746 005861 gi|173 
001601 89.5 023937 023710 gi|119 026092 026316 gi|168 
000937 81.4 023710 023945 gi|119 022895 023142 gi|168 
000556 79.3 023756 023958 gi|119 020429 020649 gi|166 
000344 87.9 023952 023895 gi|119 026017 026077 gi|168 
000759 84.0 024149 023956 gi|119 039283 039467 gi|166 
000252 77.3 023956 024295 gi|119 019950 020321 gi|166 
001685 83.1 023958 024295 gi|119 028777 029108 gi|173 
001675 81.4 023959 024296 gi|119 006742 007080 gi|173 
000296 80.7 024239 024295 gi|119 021078 021133 gi|168 
001555 69.8 030493 031793 gi|119 033496 034790 gi|168 
002368 70.8 031942 033217 gi|119 034915 036196 gi|168 
001149 72.7 033177 031958 gi|119 027191 028408 gi|168 
002987 99.1 033271 033607 gi|119 030557 030893 gi|168 
000400 75.0 036381 036540 gi|119 025803 025973 gi|168 
002742 73.3 036502 037345 gi|119 039124 040000 gi|168 
000371 73.4 036662 037026 gi|119 026390 026760 gi|168 
009981 73.8 037197 040000 gi|119 026976 029791 gi|168 
001559 71.0 038669 037382 gi|119 034884 036186 gi|168 
000888 72.7 039882 038958 gi|119 033704 034634 gi|168 
000351 74.2 005310 005518 gi|124 019983 020186 gi|125 
001749 87.6 005804 005546 gi|124 015272 015531 gi|172 
000263 83.0 006102 006056 gi|124 014677 014723 gi|172 
000317 97.7 006394 006351 gi|124 014384 014427 gi|172 
000690 85.4 006788 006659 gi|124 014002 014128 gi|172 
000262 72.9 003484 003579 gi|125 021371 021470 gi|147 
001520 80.3 004024 004333 gi|125 005688 005998 gi|163 
000640 87.1 011757 011903 gi|125 028391 028542 gi|134 
000373 76.3 011788 011901 gi|125 034387 034499 gi|148 
000328 78.6 011790 011901 gi|125 007747 007871 gi|145 
000666 88.8 011902 011796 gi|125 009993 010101 gi|134 
000254 68.4 020573 020324 gi|125 015242 015494 gi|172 
000331 77.3 021007 020889 gi|125 007745 007871 gi|145 
000674 89.3 021010 020890 gi|125 028417 028541 gi|134 
000392 78.0 021000 020892 gi|125 034392 034498 gi|148 
000662 89.7 020893 021009 gi|125 009995 010115 gi|134 
000379 68.3 036528 036384 gi|125 031415 031558 gi|170 
000341 74.2 038514 038193 gi|125 030471 030806 gi|170 
000488 72.5 040316 039818 gi|125 028705 029206 gi|170 
000718 91.3 030800 030903 gi|146 025317 025420 gi|168 
000772 81.1 037516 037684 gi|146 025449 025621 gi|149 
001060 79.5 000636 000869 gi|142 032373 032599 gi|146 
000696 91.7 002723 002831 gi|142 030800 030907 gi|146 
000734 92.4 002723 002827 gi|142 025317 025422 gi|168 
000548 82.4 026478 026371 gi|142 025317 025425 gi|168 
000671 88.7 026478 026373 gi|142 030800 030905 gi|146 
000308 83.8 008186 008119 gi|126 033872 033946 gi|136 
000281 74.8 008236 008122 gi|126 000558 000679 gi|144 
000375 78.4 017703 018165 gi|126 017581 018017 gi|161 
000261 81.1 020429 020324 gi|126 018482 018572 gi|173 
000653 78.3 021384 021738 gi|148 036226 036594 gi|169 
000256 78.3 022010 022069 gi|148 036865 036927 gi|169 
000353 71.7 023931 024117 gi|148 038797 038982 gi|169 
000262 85.7 011822 011718 gi|127 000891 001024 gi|155 
000349 71.7 015278 015049 gi|140 006196 006425 gi|157 
000268 71.4 027591 027130 gi|150 005516 005981 gi|157 
000290 79.6 040406 040304 gi|150 021036 021144 gi|173 
000299 91.0 023124 023190 gi|152 013924 013994 gi|172 
000303 73.0 023722 023582 gi|152 001856 002001 gi|155 
000390 72.9 018481 018661 gi|154 038431 038613 gi|164 
000761 80.4 025348 024901 gi|155 017299 017700 gi|170 
000263 84.9 018516 018431 gi|128 035444 035544 gi|129 
000355 83.9 010137 009995 gi|134 034357 034498 gi|148 
000379 80.6 028427 028570 gi|134 034391 034523 gi|148 
000298 72.4 035965 036247 gi|134 021474 021771 gi|143 
000261 80.0 037195 037131 gi|134 028324 028395 gi|144 
000747 89.6 037457 037571 gi|134 023303 023413 gi|152 
000315 84.0 028356 028436 gi|137 027355 027426 gi|161 
000348 85.9 009257 009334 gi|138 031165 031256 gi|172 
000571 81.4 027695 027861 gi|138 009094 009252 gi|145 
000444 86.1 027744 027851 gi|138 021939 022042 gi|147 
000315 95.9 006968 007016 gi|130 028195 028239 gi|150 
000824 78.9 015496 015222 gi|130 007169 007436 gi|147 
000288 76.9 019956 019840 gi|130 007611 007738 gi|143 
000271 82.0 002058 002185 gi|135 007366 007505 gi|143 
000253 71.4 005989 006051 gi|135 037120 037182 gi|159 
000304 77.1 006288 006418 gi|135 037366 037493 gi|159 
000651 71.8 006596 006968 gi|135 037578 037944 gi|159 
000646 73.6 007180 007584 gi|135 038099 038555 gi|159 
000280 81.8 010033 009864 gi|136 037177 037347 gi|143 
000412 80.7 009887 010010 gi|136 011042 011180 gi|161 
000341 77.5 010030 009889 gi|136 001268 001438 gi|161 
000382 79.9 010034 009896 gi|136 001818 001971 gi|161 
000343 83.0 033872 033959 gi|136 000613 000695 gi|144 
000544 72.0 016688 016933 gi|141 015261 015506 gi|173 
000302 74.4 017184 017573 gi|141 015750 016113 gi|173 
000358 72.1 017958 017837 gi|141 033538 033671 gi|152 
000759 90.2 037195 037317 gi|143 001846 001968 gi|161 
000758 91.5 037329 037201 gi|143 011042 011170 gi|161 
000757 89.7 037201 037317 gi|143 001314 001428 gi|161 
000361 86.2 009143 009236 gi|145 021939 022039 gi|147 
000370 74.2 017167 017585 gi|153 032459 032868 gi|157 
000509 88.5 039302 039379 gi|171 040412 040496 gi|172 
000285 94.3 039379 039345 gi|171 040378 040412 gi|172 
000296 78.6 021075 021144 gi|168 007019 007094 gi|173 
000851 94.3 022573 022468 gi|168 005757 005862 gi|173 
003111 96.4 022916 022560 gi|168 005302 005658 gi|173 
000858 90.8 024053 023934 gi|168 005746 005865 gi|173 
003237 96.0 024073 024469 gi|168 005301 005687 gi|173 
000824 92.0 024460 024571 gi|168 005746 005857 gi|173 
000412 94.9 007579 007637 gi|167 039325 039380 gi|171 
000408 88.3 007579 007638 gi|167 040439 040498 gi|172 
000265 98.2 007636 007582 gi|167 040378 040440 gi|172 
000302 77.5 005862 005645 gi|163 014436 014654 gi|172 
000307 70.4 027692 027578 gi|163 002674 002789 gi|164 
000402 79.5 035378 035465 gi|170 013460 013549 gi|172 
000453 72.9 025427 025570 gi|160 001565 001715 gi|161 
004309 99.8 001291 001753 gi|166 000539 001001 gi|173 
002347 95.0 003532 003808 gi|166 001611 001887 gi|173 
009321 89.2 004843 006227 gi|166 000539 001885 gi|173 
002338 94.6 008085 008362 gi|166 001611 001888 gi|173 
000374 75.3 010717 010971 gi|166 000228 000494 gi|173 
000311 77.3 019859 020321 gi|166 006671 007079 gi|173 
000504 77.8 020232 020321 gi|166 021044 021133 gi|168 
000482 77.4 020616 020374 gi|166 026092 026317 gi|168 
000654 81.7 020398 020616 gi|166 022918 023136 gi|168 
001064 84.8 039525 039289 gi|166 028719 028951 gi|173 
000895 80.5 039535 039290 gi|166 006674 006915 gi|173 
002407 71.5 015096 014004 gi|172 015077 016188 gi|173 
