001457 84.0 013408 013644 gi|17 000633 000870 gi|71 
007894 98.0 013943 014828 gi|17 007588 008496 gi|18 
000507 89.5 000978 001091 gi|18 031989 032095 gi|148 
000548 73.7 001658 001381 gi|18 024671 024995 gi|67 
000395 78.7 001583 001406 gi|18 000565 000769 gi|64 
000551 71.6 001701 001410 gi|18 017898 018199 gi|144 
000397 76.0 001722 001436 gi|18 009962 010271 gi|140 
000471 77.1 002660 002565 gi|18 032489 032584 gi|148 
000676 83.7 002961 002668 gi|18 031943 032259 gi|148 
000369 81.9 006916 007020 gi|18 017552 017662 gi|144 
000401 77.9 006924 007068 gi|18 023404 023556 gi|102 
000387 73.2 010676 010345 gi|18 006480 006802 gi|160 
000441 68.3 019507 020042 gi|18 021662 022201 gi|168 
000401 65.8 019807 019565 gi|18 006180 006422 gi|160 
000251 73.8 020296 020421 gi|18 022433 022559 gi|168 
001815 91.9 013414 013636 gi|26 003751 003973 gi|50 
001738 91.4 013415 013636 gi|26 001737 001964 gi|122 
025032 95.8 014316 017198 gi|26 001964 004869 gi|122 
013947 94.7 014316 016094 gi|26 003973 005740 gi|50 
005523 95.0 016082 016741 gi|26 005867 006548 gi|50 
003745 94.0 016745 017198 gi|26 007471 007924 gi|50 
000605 68.2 026482 026071 gi|26 034242 034641 gi|71 
000363 81.3 026240 026107 gi|26 019615 019759 gi|72 
000440 66.5 026356 026115 gi|26 009183 009424 gi|52 
000401 77.2 033418 033270 gi|26 030374 030525 gi|162 
000285 73.2 033381 033270 gi|26 026073 026184 gi|113 
000356 80.0 033771 033607 gi|26 030235 030394 gi|162 
000286 77.6 033839 033715 gi|26 025765 025889 gi|113 
000250 89.4 020998 021091 gi|35 033387 033488 gi|95 
000669 86.0 029659 029808 gi|35 024827 024979 gi|37 
000759 95.6 029672 029785 gi|35 012835 012955 gi|59 
000704 94.9 029689 029786 gi|35 002335 002436 gi|37 
001896 76.4 020443 019901 gi|20 035115 035623 gi|58 
000402 76.9 020271 020430 gi|20 031302 031459 gi|151 
000789 77.2 020792 020433 gi|20 034502 034910 gi|58 
000976 76.3 020470 020819 gi|20 004124 004506 gi|137 
000282 84.5 020605 020535 gi|20 010672 010742 gi|140 
000339 72.0 020579 020792 gi|20 034994 035210 gi|50 
000558 82.9 020601 020746 gi|20 034575 034726 gi|47 
000607 79.5 020628 020817 gi|20 018469 018657 gi|67 
000334 78.7 020819 020684 gi|20 030236 030371 gi|58 
000343 91.2 020896 020952 gi|20 034061 034118 gi|145 
000298 85.5 020950 020896 gi|20 034764 034822 gi|77 
000264 84.6 020899 020950 gi|20 007942 007997 gi|24 
000264 84.6 020950 020899 gi|20 014663 014718 gi|24 
000312 76.5 025150 024989 gi|20 018117 018279 gi|81 
000257 72.8 025742 025822 gi|20 032475 032560 gi|107 
000256 82.3 025970 026037 gi|20 032690 032761 gi|107 
000592 79.5 032244 032365 gi|20 030365 030487 gi|148 
000348 72.0 032259 032358 gi|20 011343 011443 gi|106 
000297 68.0 032373 032274 gi|20 005395 005498 gi|116 
000431 74.1 033312 033604 gi|20 026266 026552 gi|53 
000423 73.3 033312 033614 gi|20 028428 028711 gi|113 
000826 78.6 038359 038559 gi|20 015163 015351 gi|52 
004244 84.0 038584 039316 gi|20 015838 016578 gi|52 
001605 77.5 039859 039495 gi|20 010376 010738 gi|49 
000253 85.5 013790 013872 gi|16 026526 026617 gi|75 
000283 79.2 039622 039905 gi|28 029967 030196 gi|61 
000554 81.3 039667 039934 gi|28 032972 033238 gi|170 
000253 75.8 003448 003687 gi|15 028224 028448 gi|21 
001222 73.3 010158 009310 gi|15 027925 028772 gi|59 
001561 94.0 021658 021460 gi|19 008819 009020 gi|145 
000898 79.8 018204 017967 gi|8 003624 003859 gi|69 
000278 80.0 017967 018036 gi|8 028686 028758 gi|155 
000285 85.2 018029 017969 gi|8 024478 024534 gi|71 
000913 79.6 018197 017973 gi|8 024258 024476 gi|71 
001161 85.2 017990 018219 gi|8 015836 016081 gi|33 
000509 76.5 018138 018007 gi|8 027719 027858 gi|38 
000457 82.1 019930 020141 gi|8 008689 008879 gi|13 
000382 81.6 020014 020111 gi|8 023773 023867 gi|48 
000362 74.1 020131 020304 gi|8 035676 035838 gi|80 
000635 74.4 029415 028932 gi|8 034175 034643 gi|71 
000390 73.1 029865 029957 gi|8 006275 006367 gi|153 
000252 76.9 030135 029980 gi|8 033490 033652 gi|71 
000337 73.5 030394 030233 gi|8 008957 009118 gi|52 
005498 95.1 008616 007942 gi|24 034151 034819 gi|77 
000281 95.1 007982 007942 gi|24 000463 000505 gi|108 
000956 79.6 007943 008172 gi|24 034065 034312 gi|145 
000390 74.0 008115 007943 gi|24 032237 032397 gi|75 
000425 79.8 008057 007964 gi|24 021220 021319 gi|58 
000646 79.9 007975 008178 gi|24 013748 013966 gi|58 
001092 82.8 010181 010407 gi|24 030227 030451 gi|152 
000984 75.8 010536 010882 gi|24 015351 015653 gi|52 
001062 81.0 014717 014465 gi|24 034065 034337 gi|145 
001809 94.0 014485 014718 gi|24 034592 034819 gi|77 
000667 80.2 014685 014489 gi|24 013748 013955 gi|58 
000390 74.0 014545 014717 gi|24 032237 032397 gi|75 
000425 79.8 014603 014696 gi|24 021220 021319 gi|58 
000281 95.1 014678 014718 gi|24 000463 000505 gi|108 
000602 74.3 032197 032468 gi|24 002614 002893 gi|94 
000582 75.1 032466 032826 gi|24 002963 003314 gi|94 
000262 81.2 037719 037587 gi|24 014308 014441 gi|78 
000337 72.3 010802 010633 gi|25 026900 027069 gi|116 
000447 77.4 029025 029232 gi|25 023900 024085 gi|150 
000494 82.5 029329 029431 gi|25 024085 024187 gi|150 
000328 81.2 030510 030298 gi|25 000924 001124 gi|31 
000741 91.5 002322 002451 gi|37 012840 012969 gi|59 
000685 91.9 024855 024965 gi|37 012849 012961 gi|59 
000291 82.5 034861 034799 gi|37 035203 035265 gi|123 
000284 76.5 003933 003653 gi|5 009736 010070 gi|139 
000496 70.6 004074 003932 gi|5 009540 009682 gi|139 
001377 70.9 004903 004120 gi|5 008659 009438 gi|139 
000534 71.4 008247 008543 gi|5 023356 023652 gi|161 
000264 71.1 008470 008374 gi|5 033598 033694 gi|37 
000488 81.5 030498 030627 gi|5 009412 009542 gi|63 
000280 85.9 030566 030707 gi|5 039308 039489 gi|7 
000404 86.4 031150 031252 gi|5 014253 014341 gi|54 
000267 76.8 009218 009372 gi|27 038169 038317 gi|64 
000261 84.8 014737 014848 gi|27 008208 008318 gi|48 
000826 80.2 017817 018347 gi|27 003942 004462 gi|168 
001030 76.0 018327 017845 gi|27 002688 003159 gi|168 
000940 74.5 018337 017852 gi|27 000549 001070 gi|165 
000508 72.7 020809 021625 gi|27 008912 009775 gi|61 
000366 81.6 035882 035785 gi|27 023951 024047 gi|54 
001890 77.4 037327 038030 gi|27 018604 019288 gi|136 
000571 73.6 000008 000208 gi|34 030081 030281 gi|137 
000501 70.7 000211 000021 gi|34 040134 040324 gi|45 
000294 76.7 000498 000383 gi|34 039864 039978 gi|45 
000355 82.7 002419 002516 gi|34 028435 028531 gi|134 
001409 74.9 008410 008970 gi|34 029728 030298 gi|137 
000493 74.0 008959 008768 gi|34 040134 040325 gi|45 
000319 82.5 009146 009225 gi|34 030465 030544 gi|137 
000259 70.5 009722 009577 gi|34 039417 039562 gi|45 
000485 86.1 010577 010434 gi|34 039420 039572 gi|102 
000298 69.9 035376 035581 gi|34 012098 012335 gi|171 
000633 78.9 003216 003089 gi|31 020295 020420 gi|32 
000520 84.8 003216 003118 gi|31 001891 001986 gi|158 
000457 81.0 003345 003460 gi|31 005310 005429 gi|65 
000477 79.7 003458 003346 gi|31 025765 025876 gi|121 
000542 84.2 003347 003460 gi|31 038144 038257 gi|170 
000627 89.0 003366 003456 gi|31 032088 032179 gi|51 
000260 87.0 003457 003412 gi|31 038081 038126 gi|170 
000607 86.9 003569 003448 gi|31 024132 024252 gi|156 
000579 83.5 003562 003448 gi|31 024092 024206 gi|102 
000711 93.2 003459 003561 gi|31 024571 024670 gi|67 
000360 83.7 003459 003562 gi|31 014704 014793 gi|172 
000310 77.9 003564 003649 gi|31 032124 032208 gi|51 
000299 70.4 003635 003565 gi|31 025752 025822 gi|121 
000268 82.8 003565 003622 gi|31 005368 005427 gi|65 
000374 74.3 003572 003645 gi|31 038207 038280 gi|170 
000340 82.0 003635 003575 gi|31 038067 038126 gi|170 
002245 95.2 004713 004424 gi|31 003369 003662 gi|91 
000304 79.0 005954 006067 gi|31 006856 006969 gi|56 
000252 75.6 005987 006076 gi|31 017732 017821 gi|54 
004455 93.4 011892 011348 gi|31 001153 001698 gi|166 
000503 83.5 012159 012045 gi|31 003562 003694 gi|32 
002117 97.2 012665 012418 gi|31 031753 032000 gi|40 
001170 85.4 012834 012650 gi|31 003452 003636 gi|32 
004527 84.9 013674 012792 gi|31 002189 003064 gi|32 
000293 76.4 013169 012878 gi|31 008286 008571 gi|138 
000665 86.9 013033 013169 gi|31 006659 006787 gi|96 
000363 90.9 013169 013115 gi|31 001708 001762 gi|158 
000500 88.0 013581 013680 gi|31 004451 004549 gi|32 
000464 77.5 013849 013752 gi|31 007604 007703 gi|130 
001005 93.5 016846 016983 gi|31 021112 021244 gi|74 
000987 94.0 016846 016995 gi|31 012654 012792 gi|62 
000275 82.5 016995 016933 gi|31 021826 021883 gi|44 
000269 73.0 021082 020827 gi|31 034347 034624 gi|71 
000470 72.0 021073 020917 gi|31 033498 033654 gi|71 
000363 78.0 023174 023066 gi|31 023831 023939 gi|112 
000825 99.0 027147 027241 gi|31 016992 017088 gi|68 
000377 81.6 038012 037834 gi|31 039399 039570 gi|102 
001902 77.6 039724 040325 gi|31 008169 008748 gi|34 
000664 75.1 039926 040194 gi|31 029652 029929 gi|137 
000322 88.6 017485 017563 gi|23 008637 008710 gi|51 
000949 90.2 019591 019763 gi|23 031958 032114 gi|133 
001052 89.9 020294 020472 gi|23 024485 024677 gi|67 
000955 86.4 020466 020305 gi|23 024093 024257 gi|102 
000486 87.4 020340 020466 gi|23 014677 014792 gi|172 
000791 88.7 020470 020356 gi|23 024135 024250 gi|156 
000713 91.0 020367 020466 gi|23 003459 003561 gi|31 
000292 76.9 021495 021801 gi|23 018896 019170 gi|149 
000718 79.9 021663 021801 gi|23 008939 009082 gi|51 
000289 81.1 021715 021788 gi|23 034674 034753 gi|115 
000529 83.5 023039 022937 gi|23 016570 016674 gi|49 
000306 90.2 022996 022946 gi|23 005888 005938 gi|36 
000352 85.9 023028 022951 gi|23 013571 013645 gi|83 
000806 91.5 005067 004951 gi|10 034817 034929 gi|116 
000250 80.1 005111 004956 gi|10 029634 029801 gi|35 
000992 92.9 012324 012491 gi|10 019554 019717 gi|11 
000274 72.4 012360 012464 gi|10 027283 027392 gi|111 
004653 95.1 014459 015007 gi|10 002686 003234 gi|32 
000536 71.9 014793 014459 gi|10 012840 013172 gi|31 
000278 74.5 014902 014758 gi|10 022590 022727 gi|100 
001166 73.1 015009 015317 gi|10 007300 007610 gi|32 
001784 93.0 015611 015355 gi|10 026247 026497 gi|14 
003722 79.2 016434 015698 gi|10 025060 025806 gi|32 
001610 90.9 016654 016414 gi|10 026247 026486 gi|14 
003475 78.1 017390 016728 gi|10 024412 025082 gi|32 
002443 81.2 017217 016786 gi|10 002622 003057 gi|69 
000414 68.2 018015 017846 gi|10 000367 000531 gi|116 
001428 81.5 018200 017883 gi|10 022466 022820 gi|168 
000278 81.2 018043 018106 gi|10 018936 019001 gi|129 
000517 90.0 018064 018173 gi|10 016076 016192 gi|33 
002667 88.7 018583 018195 gi|10 022005 022393 gi|168 
000506 71.8 018217 018577 gi|10 005774 006143 gi|160 
003516 90.5 018616 019153 gi|10 024635 025205 gi|11 
003456 90.8 018624 019136 gi|10 012121 012664 gi|31 
003316 89.4 018627 019136 gi|10 009968 010508 gi|14 
001609 90.2 019147 018892 gi|10 031746 032000 gi|40 
000372 80.8 019472 019395 gi|10 007289 007375 gi|130 
000482 68.1 020808 020643 gi|10 006937 007104 gi|130 
000534 78.3 020821 020981 gi|10 005495 005648 gi|96 
000315 72.0 024713 024812 gi|10 016166 016263 gi|42 
003437 81.0 036624 035895 gi|10 023410 024163 gi|109 
002391 79.0 037128 036620 gi|10 022474 022991 gi|109 
000741 81.9 037422 037263 gi|10 024505 024671 gi|67 
000458 79.3 037374 037264 gi|10 003451 003561 gi|31 
000896 81.1 037459 037264 gi|10 020278 020466 gi|23 
000634 77.4 037264 037422 gi|10 024093 024252 gi|102 
000482 84.7 037264 037433 gi|10 024139 024276 gi|156 
000453 81.4 037392 037264 gi|10 014677 014792 gi|172 
000304 71.8 004175 004397 gi|9 008372 008597 gi|123 
000298 70.9 005148 005672 gi|9 009647 010222 gi|123 
000320 78.3 020795 020900 gi|9 007445 007540 gi|92 
000293 76.5 020818 020898 gi|9 001590 001670 gi|162 
000288 71.7 022068 022587 gi|9 012997 013530 gi|152 
000261 72.5 023209 023277 gi|9 014143 014211 gi|152 
000273 78.0 036609 036551 gi|9 025135 025192 gi|11 
000270 72.6 036635 036552 gi|9 024481 024564 gi|69 
000253 85.7 036609 036554 gi|9 012610 012664 gi|31 
000278 76.8 036554 036635 gi|9 031754 031829 gi|40 
000435 80.6 036554 036785 gi|9 030065 030260 gi|168 
000584 81.5 036890 036631 gi|9 010219 010504 gi|14 
000426 82.6 036746 036661 gi|9 014650 014740 gi|78 
000464 81.6 036670 036854 gi|9 031804 032019 gi|40 
000582 79.9 036890 036697 gi|9 018846 019065 gi|10 
000630 82.5 036890 036697 gi|9 012375 012593 gi|31 
000630 82.5 036890 036697 gi|9 024900 025118 gi|11 
000267 75.3 036705 036890 gi|9 025804 025980 gi|121 
001963 92.3 037408 037008 gi|9 031813 032208 gi|51 
000338 77.2 037022 037100 gi|9 038065 038142 gi|170 
001932 86.5 037023 037408 gi|9 025751 026118 gi|121 
000600 85.2 037192 037024 gi|9 038112 038270 gi|170 
000762 80.5 037252 037027 gi|9 005208 005445 gi|65 
000662 86.4 037145 037036 gi|9 003349 003460 gi|31 
011969 94.0 039176 037696 gi|9 024153 025623 gi|32 
002716 79.9 037696 038268 gi|9 015881 016434 gi|10 
003556 79.6 038246 038913 gi|9 016728 017390 gi|10 
002968 87.1 038744 038302 gi|9 002620 003059 gi|69 
000484 73.9 006419 006041 gi|22 026517 026940 gi|109 
000707 77.9 007058 006797 gi|22 025919 026163 gi|109 
000263 72.0 022247 022371 gi|22 013419 013546 gi|39 
000331 69.2 022777 022990 gi|22 013742 013963 gi|39 
001589 97.8 025700 025520 gi|22 039236 039415 gi|59 
000444 84.3 025551 025633 gi|22 017352 017430 gi|163 
000466 71.2 028817 028986 gi|22 025623 025796 gi|58 
000306 73.0 028989 028853 gi|22 037478 037604 gi|40 
000304 92.1 029114 029077 gi|22 037407 037444 gi|40 
000499 70.9 032226 032359 gi|22 030556 030694 gi|152 
000262 73.0 032347 032226 gi|22 025312 025443 gi|69 
000397 77.3 032912 032825 gi|22 025426 025514 gi|69 
000291 76.3 019587 019683 gi|11 027283 027378 gi|111 
004446 93.1 024638 025217 gi|11 009957 010540 gi|14 
004673 96.5 024647 025189 gi|11 012122 012664 gi|31 
002200 97.0 025211 024943 gi|11 031737 032000 gi|40 
000348 68.8 025541 025337 gi|11 026278 026479 gi|131 
002119 80.2 026443 026841 gi|11 030135 030545 gi|90 
003473 89.2 026965 027674 gi|11 030501 031133 gi|90 
000250 83.3 009471 009412 gi|30 030219 030293 gi|58 
000277 86.9 009419 009540 gi|30 009251 009401 gi|67 
000295 85.7 009488 009419 gi|30 025415 025503 gi|163 
000302 89.1 009549 009449 gi|30 010947 011031 gi|67 
000418 77.8 014196 013737 gi|30 004382 004789 gi|157 
000273 69.7 013947 013839 gi|30 023151 023259 gi|163 
000337 82.8 019552 019495 gi|30 004732 004789 gi|157 
000581 83.0 020902 021013 gi|30 025509 025624 gi|154 
000285 84.7 004261 004190 gi|6 021267 021338 gi|30 
000414 76.3 010447 010245 gi|6 037406 037620 gi|40 
000974 80.9 010260 010515 gi|6 025663 025941 gi|58 
000515 79.8 010267 010385 gi|6 028861 028981 gi|22 
000293 84.1 010832 010900 gi|6 020717 020791 gi|30 
001757 80.5 011638 011986 gi|6 018494 018850 gi|136 
000271 71.1 011779 011958 gi|6 018815 018990 gi|136 
000279 89.1 012265 012328 gi|6 019221 019290 gi|136 
000356 70.3 021747 021307 gi|6 039498 039934 gi|107 
000347 70.0 021307 021719 gi|6 004602 005010 gi|107 
000269 71.5 022177 022327 gi|6 007760 007910 gi|138 
000828 90.4 023030 023195 gi|6 021240 021386 gi|30 
000449 88.2 032802 032701 gi|6 021089 021178 gi|153 
000271 82.4 032812 032739 gi|6 037679 037754 gi|58 
000421 82.6 033515 033344 gi|6 014429 014584 gi|172 
000312 88.3 033514 033455 gi|6 024248 024302 gi|14 
000274 73.4 036637 036559 gi|6 008890 008968 gi|81 
000568 72.0 037872 038719 gi|6 032959 033809 gi|79 
000257 81.4 000506 000575 gi|13 010944 011024 gi|72 
000435 88.5 007674 007751 gi|13 006905 006980 gi|18 
000365 84.5 007681 007751 gi|13 017549 017622 gi|144 
000679 83.8 008001 007891 gi|13 023495 023602 gi|108 
000494 72.7 007942 008241 gi|13 003101 003410 gi|69 
000453 81.0 008693 008850 gi|13 023719 023868 gi|48 
001705 83.6 009407 009024 gi|13 004046 004436 gi|39 
000557 82.0 009417 009262 gi|13 011202 011353 gi|31 
000647 90.1 013016 012856 gi|13 016043 016186 gi|162 
000653 100.0 013000 012909 gi|13 012533 012622 gi|170 
000306 78.2 014242 014142 gi|13 006865 006965 gi|56 
000265 78.2 002420 002173 gi|38 008837 009096 gi|62 
000369 80.2 003140 002974 gi|38 014167 014330 gi|41 
000282 78.7 003440 003352 gi|38 013948 014036 gi|41 
000263 79.5 018212 018474 gi|38 039279 039513 gi|49 
000515 83.4 027719 027869 gi|38 003690 003835 gi|69 
000469 81.1 027719 027861 gi|38 024313 024444 gi|71 
001227 90.1 028247 028417 gi|38 031483 031653 gi|115 
000970 82.5 028417 028247 gi|38 031043 031214 gi|152 
000481 76.6 036973 037216 gi|38 013806 014040 gi|157 
000460 86.1 003499 003378 gi|39 030519 030628 gi|99 
000520 93.8 003925 003862 gi|39 028214 028277 gi|113 
000262 77.1 008317 008187 gi|12 009631 009760 gi|92 
000265 81.6 008390 008206 gi|12 015523 015686 gi|60 
000461 84.2 008245 008408 gi|12 034045 034203 gi|161 
000261 86.9 008391 008451 gi|12 015253 015307 gi|15 
001049 97.6 019586 019461 gi|12 027337 027461 gi|49 
000758 72.5 000715 000302 gi|7 017879 018296 gi|146 
000460 80.2 000552 000442 gi|7 009264 009380 gi|66 
005514 73.1 000485 002946 gi|7 027963 030339 gi|113 
000705 70.2 000867 001239 gi|7 026185 026551 gi|53 
002356 90.9 000943 001250 gi|7 033307 033614 gi|20 
000328 76.8 004236 004129 gi|7 027274 027386 gi|111 
000636 74.6 034177 033364 gi|7 035252 036098 gi|9 
000941 76.5 034743 034182 gi|7 034572 035125 gi|9 
000758 87.5 039306 039578 gi|7 009477 009758 gi|63 
000286 96.9 039545 039576 gi|7 005860 005891 gi|63 
001460 85.5 016064 015802 gi|33 024238 024498 gi|71 
001465 87.8 016064 015828 gi|33 003612 003846 gi|69 
000525 81.5 015989 015855 gi|33 027719 027858 gi|38 
000256 89.5 016074 016111 gi|33 018958 018995 gi|129 
000623 87.8 016192 016078 gi|33 022493 022623 gi|168 
000326 80.6 016558 016492 gi|33 006435 006500 gi|34 
000410 79.3 016754 016586 gi|33 006098 006279 gi|34 
000387 73.0 016952 016749 gi|33 005559 005776 gi|34 
000388 82.8 001924 002190 gi|32 007107 007374 gi|92 
000281 72.0 003091 002985 gi|32 022620 022727 gi|100 
000283 89.0 004549 004657 gi|32 007277 007387 gi|92 
001271 79.7 005134 005507 gi|32 028600 028965 gi|140 
000403 86.2 006542 006478 gi|32 014258 014326 gi|102 
000385 79.0 006611 006493 gi|32 026659 026774 gi|123 
000287 77.5 006493 006581 gi|32 034804 034911 gi|79 
000284 90.2 006522 006572 gi|32 003210 003263 gi|98 
000735 75.8 006562 006780 gi|32 015384 015610 gi|173 
000683 77.3 006839 006562 gi|32 031445 031731 gi|40 
000284 70.0 007737 007461 gi|32 022047 022327 gi|100 
003133 84.4 019540 020180 gi|32 001023 001711 gi|158 
000495 76.2 019903 019803 gi|32 032114 032213 gi|133 
001648 87.7 020166 020393 gi|32 001758 001987 gi|158 
002950 86.9 024584 025026 gi|32 002620 003059 gi|69 
000955 89.5 026112 026348 gi|32 026555 026772 gi|169 
004124 93.8 000708 000175 gi|14 010062 010630 gi|71 
003963 93.3 000175 000710 gi|14 022487 023086 gi|71 
001901 86.2 000175 000855 gi|14 012393 013007 gi|71 
000796 91.0 000709 000610 gi|14 001848 001947 gi|71 
000334 69.7 001054 001310 gi|14 023467 023708 gi|71 
000318 71.6 001054 001310 gi|14 013272 013513 gi|71 
001579 83.4 001364 001856 gi|14 022484 023086 gi|71 
004121 94.5 001365 001856 gi|14 012391 012888 gi|71 
001829 84.7 001854 001365 gi|14 010062 010632 gi|71 
000725 85.2 001367 001481 gi|14 002215 002328 gi|71 
000251 84.6 001636 001687 gi|14 022973 023036 gi|71 
000801 93.0 001855 001756 gi|14 001848 001946 gi|71 
002976 98.0 002090 002442 gi|14 010700 011051 gi|71 
002945 99.4 002091 002422 gi|14 016371 016702 gi|71 
010077 92.6 003655 002420 gi|14 016703 017938 gi|71 
007930 94.7 003342 002420 gi|14 008785 009707 gi|71 
001580 70.5 002427 003370 gi|14 006929 007866 gi|71 
001073 71.8 003398 002662 gi|14 011338 012072 gi|71 
000727 70.7 003390 002982 gi|14 001403 001817 gi|71 
000666 67.4 003168 003406 gi|14 004049 004288 gi|71 
004610 93.0 004200 003642 gi|14 015821 016379 gi|71 
001969 95.2 004553 004197 gi|14 003441 003742 gi|71 
001985 95.2 004198 004553 gi|14 007881 008181 gi|71 
001966 95.5 004553 004199 gi|14 014210 014509 gi|71 
001950 95.2 004553 004199 gi|14 021069 021368 gi|71 
005121 97.7 004343 004942 gi|14 008196 008792 gi|71 
004812 95.6 004931 004343 gi|14 002836 003426 gi|71 
004812 95.6 004931 004343 gi|14 013605 014195 gi|71 
004812 95.6 004931 004343 gi|14 020464 021054 gi|71 
002382 90.2 004547 004915 gi|14 026479 026838 gi|71 
001792 86.3 005187 004932 gi|14 025683 025938 gi|71 
000960 88.4 004932 005069 gi|14 002078 002215 gi|71 
001675 84.3 005187 005752 gi|14 010061 010633 gi|71 
001711 87.7 005479 005188 gi|14 012613 012886 gi|71 
001472 85.6 005749 005188 gi|14 022487 023084 gi|71 
000847 90.1 005188 005349 gi|14 001849 001997 gi|71 
001370 90.0 005749 005559 gi|14 012393 012585 gi|71 
000847 89.5 005750 005637 gi|14 002214 002327 gi|71 
011008 92.2 007248 005754 gi|14 019201 020730 gi|32 
000574 76.2 006070 006191 gi|14 003089 003212 gi|31 
001363 83.0 006308 006097 gi|14 001774 001987 gi|158 
003221 84.6 006958 006318 gi|14 001027 001705 gi|158 
000468 73.7 006571 006688 gi|14 032091 032213 gi|133 
000385 81.2 007226 007062 gi|14 019305 019497 gi|32 
000558 81.3 007355 007233 gi|14 010412 010530 gi|71 
000558 82.3 007233 007356 gi|14 022587 022705 gi|71 
000288 80.3 007238 007415 gi|14 012520 012687 gi|71 
002231 78.0 007830 007348 gi|14 004490 004973 gi|71 
000319 90.7 007709 007667 gi|14 004462 004504 gi|71 
000268 87.5 007805 007868 gi|14 035662 035742 gi|40 
010574 91.9 007809 009163 gi|14 030063 031412 gi|116 
000328 95.0 007868 007809 gi|14 031359 031407 gi|116 
001663 84.6 009205 008861 gi|14 035632 035994 gi|40 
000344 91.7 009162 009115 gi|14 030060 030111 gi|116 
000496 85.1 009302 009155 gi|14 004301 004422 gi|71 
001828 80.6 009646 009302 gi|14 010048 010421 gi|71 
001644 82.0 009303 009636 gi|14 022697 023085 gi|71 
001227 85.9 009310 009636 gi|14 012621 012887 gi|71 
000754 88.9 009636 009538 gi|14 001848 001946 gi|71 
000828 88.6 009669 009817 gi|14 008492 008648 gi|168 
000856 95.4 009684 009792 gi|14 024953 025059 gi|71 
000711 89.3 009690 009792 gi|14 025066 025168 gi|67 
000776 88.2 009691 009817 gi|14 005214 005344 gi|168 
001424 94.6 009794 009979 gi|14 025190 025376 gi|71 
001483 94.6 009794 009979 gi|14 027173 027356 gi|40 
001418 93.0 009794 009979 gi|14 005470 005653 gi|168 
001418 93.0 009794 009979 gi|14 008814 008997 gi|168 
001347 90.9 009794 009979 gi|14 025318 025501 gi|67 
004570 95.2 009967 010508 gi|14 012123 012664 gi|31 
002040 95.2 010510 010262 gi|14 031752 032000 gi|40 
000619 90.0 010509 010588 gi|14 025362 025441 gi|71 
000708 92.3 010509 010599 gi|14 027342 027432 gi|40 
000692 91.2 010509 010599 gi|14 005639 005729 gi|168 
000635 92.4 010509 010587 gi|14 008983 009061 gi|168 
000656 96.2 010509 010587 gi|14 025487 025568 gi|67 
000465 77.8 010792 010694 gi|14 023686 023788 gi|108 
000297 72.5 019012 018871 gi|14 008647 008783 gi|51 
000301 81.8 024282 024107 gi|14 035450 035599 gi|50 
000351 84.0 024117 024191 gi|14 007392 007462 gi|52 
000596 82.1 024118 024318 gi|14 014307 014516 gi|172 
000348 73.8 032902 033073 gi|14 034037 034234 gi|145 
000379 75.2 033145 032908 gi|14 032156 032430 gi|75 
000360 80.3 033045 032909 gi|14 021209 021389 gi|58 
000436 77.5 033069 032932 gi|14 034674 034829 gi|77 
000426 74.6 032948 033069 gi|14 007963 008093 gi|24 
000426 74.6 033069 032948 gi|14 014567 014697 gi|24 
000268 83.5 033073 033163 gi|14 023342 023426 gi|23 
000661 89.4 033090 033240 gi|14 018974 019119 gi|137 
000560 84.9 033240 033102 gi|14 000689 000818 gi|158 
000690 72.2 034562 033944 gi|14 001898 002545 gi|131 
000258 81.7 036772 036702 gi|14 028945 029013 gi|38 
009228 82.3 001536 000001 gi|2 020831 022377 gi|168 
002049 80.5 000001 000379 gi|2 018213 018583 gi|10 
001222 68.6 000061 000684 gi|2 005829 006452 gi|160 
001482 73.9 001694 002841 gi|2 006507 007676 gi|160 
007382 84.8 003593 002320 gi|2 019605 020820 gi|168 
001369 98.1 002789 002633 gi|2 012230 012387 gi|41 
000507 76.1 003470 003770 gi|2 007759 008045 gi|160 
000892 84.3 003722 003874 gi|2 018452 018604 gi|129 
001090 96.8 003741 003866 gi|2 027337 027462 gi|122 
001110 89.9 004729 004571 gi|2 032418 032576 gi|77 
001917 92.9 005547 005251 gi|2 032132 032406 gi|77 
001233 80.6 006326 006080 gi|2 026058 026303 gi|58 
001535 77.3 006080 006427 gi|2 036254 036599 gi|80 
000383 77.4 006172 006080 gi|2 009471 009565 gi|67 
000981 77.2 006081 006427 gi|2 036228 036568 gi|40 
001276 91.5 006428 006604 gi|2 013677 013850 gi|78 
000543 95.3 006576 006428 gi|2 033144 033258 gi|133 
000893 86.2 006606 006440 gi|2 034443 034599 gi|79 
001409 77.3 006767 007404 gi|2 036634 037282 gi|40 
000352 77.6 007005 007357 gi|2 025173 025521 gi|58 
001767 86.5 007708 007211 gi|2 025649 026076 gi|58 
000251 88.7 007383 007242 gi|2 029910 030009 gi|65 
000803 80.2 007694 007432 gi|2 010260 010489 gi|6 
000434 76.5 007473 007706 gi|2 037400 037614 gi|40 
000518 77.3 007693 007566 gi|2 028853 028981 gi|22 
000407 82.2 016573 016707 gi|2 009273 009403 gi|67 
000278 65.7 021260 021159 gi|2 004909 005010 gi|107 
000278 65.7 021159 021260 gi|2 039526 039627 gi|107 
000270 71.8 021640 021485 gi|2 004540 004699 gi|107 
000270 71.8 021485 021640 gi|2 039837 039996 gi|107 
000269 87.8 022513 022553 gi|2 008189 008229 gi|167 
000617 70.9 026160 026386 gi|53 028309 028548 gi|113 
000742 76.7 026952 027226 gi|53 036495 036764 gi|106 
000406 88.6 029597 029675 gi|53 019849 019953 gi|62 
026125 94.8 027114 030217 gi|40 005411 008516 gi|168 
002743 98.0 027114 027420 gi|40 008755 009061 gi|168 
002585 95.4 027114 027420 gi|40 025259 025568 gi|67 
002579 95.1 027114 027421 gi|40 025131 025441 gi|71 
037040 95.0 031754 027399 gi|40 015361 019731 gi|173 
021594 93.5 027603 030213 gi|40 006921 009554 gi|173 
002995 92.1 030941 030471 gi|40 004263 004697 gi|93 
004205 94.3 031445 030937 gi|40 003462 003968 gi|93 
001757 89.3 035994 035667 gi|40 031106 031408 gi|116 
001483 78.7 036454 035949 gi|40 026067 026588 gi|58 
001269 77.8 036328 035995 gi|40 009460 009792 gi|67 
001715 77.1 035995 036575 gi|40 036034 036606 gi|80 
000674 76.6 036884 037174 gi|40 025173 025473 gi|58 
000397 81.8 037269 037133 gi|40 025907 026058 gi|58 
000461 77.8 037619 037404 gi|40 025644 025876 gi|58 
000252 89.2 002306 002233 gi|41 016019 016096 gi|172 
000560 77.7 006507 006149 gi|41 039160 039526 gi|142 
007233 79.6 008255 006519 gi|41 037337 039090 gi|142 
001053 83.7 012230 012438 gi|41 020406 020613 gi|168 
000255 78.9 034753 034512 gi|41 039367 039578 gi|140 
000728 71.9 039448 039878 gi|41 012063 012506 gi|130 
000313 74.7 039879 039957 gi|41 015488 015565 gi|130 
000304 85.0 002356 002435 gi|42 019554 019627 gi|168 
000332 91.8 002358 002406 gi|42 021095 021146 gi|51 
000252 73.9 034151 034418 gi|42 013168 013446 gi|119 
000305 70.3 007619 007891 gi|43 000468 000742 gi|76 
000766 94.3 021835 021940 gi|44 000926 001034 gi|56 
000290 79.8 024746 025002 gi|44 015401 015659 gi|60 
001193 86.0 025123 025480 gi|44 017896 018202 gi|144 
001158 83.0 025130 025475 gi|44 009981 010298 gi|140 
000701 77.6 025224 025527 gi|44 024688 025012 gi|67 
000267 80.6 025285 025356 gi|44 000570 000650 gi|64 
000255 81.1 029443 029338 gi|44 035482 035603 gi|117 
000324 87.5 033119 033056 gi|44 011361 011418 gi|56 
000303 78.9 006728 006260 gi|49 013178 013617 gi|131 
001919 84.5 010351 009984 gi|49 027957 028317 gi|58 
000507 92.2 016569 016671 gi|49 013570 013656 gi|83 
000314 73.3 028354 028220 gi|49 002606 002739 gi|139 
000317 76.3 000571 000785 gi|64 010089 010317 gi|140 
000293 81.4 000603 000769 gi|64 024791 024970 gi|67 
000326 76.2 000907 000799 gi|64 017889 017990 gi|144 
000958 96.8 000948 001074 gi|64 008173 008295 gi|66 
000971 96.6 000961 001077 gi|64 030400 030518 gi|68 
000250 83.6 008473 008413 gi|64 019655 019721 gi|159 
000266 77.4 000360 000549 gi|67 037669 037861 gi|142 
000400 74.9 001464 001933 gi|67 020165 020687 gi|144 
000357 78.4 009166 009373 gi|67 004359 004565 gi|137 
000567 87.1 009346 009231 gi|67 025413 025523 gi|163 
001913 78.6 009954 009468 gi|67 035869 036353 gi|80 
000395 78.3 010470 010264 gi|67 035153 035333 gi|80 
000441 78.3 013558 013416 gi|67 038871 039012 gi|139 
000337 77.0 016041 015968 gi|67 036865 036937 gi|139 
000476 74.9 016602 016196 gi|67 036292 036709 gi|139 
000417 76.2 018490 018649 gi|67 004326 004491 gi|137 
000831 82.1 024677 024477 gi|67 024086 024278 gi|102 
000726 87.6 024670 024526 gi|67 024139 024273 gi|156 
000414 84.7 024551 024681 gi|67 014680 014808 gi|172 
000603 78.7 024670 024965 gi|67 017941 018199 gi|144 
000588 78.2 024671 024963 gi|67 010020 010298 gi|140 
003995 94.5 025061 025568 gi|67 005208 005717 gi|168 
003854 94.3 025064 025573 gi|67 008511 009066 gi|168 
003638 92.6 025067 025568 gi|67 024958 025440 gi|71 
000252 86.1 032031 032102 gi|67 017524 017599 gi|117 
001180 95.3 012631 012779 gi|62 021093 021237 gi|74 
000839 92.8 019323 019213 gi|62 020922 021034 gi|102 
002825 89.3 019706 019323 gi|62 020025 020407 gi|102 
000322 74.9 007200 007438 gi|48 007815 008055 gi|117 
000254 79.7 008212 008324 gi|48 008733 008845 gi|117 
000311 72.7 008330 008214 gi|48 010628 010744 gi|92 
000250 90.7 008282 008324 gi|48 000846 000888 gi|83 
000803 94.3 008148 008270 gi|59 027437 027549 gi|159 
000599 92.5 008152 008245 gi|59 020977 021085 gi|153 
000761 99.0 008157 008255 gi|59 005694 005785 gi|65 
000631 90.8 008157 008276 gi|59 013277 013392 gi|139 
001102 73.6 038393 037909 gi|59 017474 017968 gi|163 
001343 79.1 039676 039303 gi|59 017052 017430 gi|163 
016397 96.4 003752 005740 gi|50 001737 003742 gi|122 
000278 85.7 003898 003752 gi|50 004758 004873 gi|122 
000547 95.7 005792 005724 gi|50 010270 010338 gi|103 
005867 95.6 005867 006548 gi|50 003730 004412 gi|122 
004000 96.5 007468 007927 gi|50 004413 004872 gi|122 
000270 80.8 007933 007804 gi|50 001732 001892 gi|122 
001116 85.1 011053 011267 gi|50 031710 031933 gi|116 
000861 86.7 011271 011405 gi|50 032586 032720 gi|116 
000382 76.2 034994 035220 gi|50 031859 032074 gi|151 
000613 77.6 035026 035328 gi|50 006136 006455 gi|63 
000970 81.8 035328 035033 gi|50 034376 034675 gi|58 
000325 74.3 035062 035326 gi|50 004322 004616 gi|137 
000251 83.2 035322 035150 gi|50 017666 017845 gi|153 
000280 83.9 035326 035172 gi|50 036160 036323 gi|127 
000271 77.1 035585 035468 gi|50 014309 014436 gi|172 
000336 76.8 036981 036844 gi|50 005141 005282 gi|154 
000275 72.9 036959 036853 gi|50 000245 000354 gi|99 
000350 85.2 038400 038340 gi|50 034511 034568 gi|115 
000281 79.2 006145 006336 gi|63 031896 032064 gi|151 
000374 74.7 006461 006173 gi|63 015827 016087 gi|87 
000353 77.6 006474 006270 gi|63 017634 017843 gi|153 
000372 79.2 006437 006294 gi|63 036177 036322 gi|127 
000748 82.3 013647 013991 gi|58 033966 034338 gi|145 
000336 76.7 013923 013722 gi|58 032207 032416 gi|75 
000546 79.0 013957 013748 gi|58 034594 034786 gi|77 
000456 79.7 021212 021433 gi|58 032287 032470 gi|75 
000468 81.0 021433 021218 gi|58 033999 034179 gi|145 
000386 85.0 021220 021319 gi|58 034710 034797 gi|77 
000304 87.7 021377 021433 gi|58 021461 021516 gi|113 
000256 81.4 021434 021392 gi|58 034628 034670 gi|115 
000378 79.1 025019 024910 gi|58 010556 010664 gi|67 
000465 74.0 025018 025232 gi|58 035313 035542 gi|80 
004366 82.8 026890 026057 gi|58 035665 036499 gi|80 
001940 78.8 026214 026689 gi|58 009471 009954 gi|67 
000532 75.2 027037 026885 gi|58 035344 035506 gi|80 
001235 82.9 027894 027638 gi|58 035037 035302 gi|80 
000369 82.3 028352 028430 gi|58 010581 010660 gi|67 
000384 78.2 030219 030305 gi|58 025437 025522 gi|163 
000472 78.4 030369 030222 gi|58 004363 004520 gi|137 
000472 75.7 030369 030226 gi|58 009170 009311 gi|67 
000311 78.3 034363 034652 gi|58 015811 016092 gi|87 
000631 78.8 034694 034365 gi|58 006123 006455 gi|63 
001735 80.1 034984 034367 gi|58 004024 004627 gi|137 
000397 76.5 034664 034371 gi|58 018469 018789 gi|67 
000325 81.1 034388 034546 gi|58 036175 036329 gi|127 
001609 76.1 035280 034500 gi|58 031300 032065 gi|151 
000834 78.6 034626 034807 gi|58 010549 010742 gi|140 
000354 74.2 035100 035196 gi|58 030697 030791 gi|151 
000320 77.7 035333 035453 gi|58 006090 006219 gi|73 
001140 88.0 035866 035642 gi|58 020264 020474 gi|137 
000511 72.2 036134 035703 gi|58 005249 005685 gi|96 
005110 82.4 036840 035823 gi|58 019167 020226 gi|137 
000332 78.4 036287 036411 gi|58 035851 035976 gi|127 
000596 71.7 011597 011411 gi|54 029634 029820 gi|165 
001117 76.6 012552 012105 gi|54 028702 029158 gi|165 
000529 72.5 012492 012311 gi|54 007320 007501 gi|73 
000267 76.2 017405 017280 gi|54 015269 015397 gi|168 
001611 75.0 020760 021379 gi|54 017038 017705 gi|160 
000394 87.8 027415 027488 gi|54 013202 013275 gi|144 
001533 70.8 029062 027798 gi|54 005249 006524 gi|173 
000623 70.8 034730 033933 gi|54 004053 004877 gi|138 
000379 69.5 035959 035694 gi|54 002808 003077 gi|138 
000373 76.1 036230 036072 gi|54 002448 002606 gi|138 
000264 74.7 001185 001012 gi|52 037739 037902 gi|120 
000482 88.9 007388 007495 gi|52 014302 014403 gi|172 
000328 93.0 007444 007500 gi|52 021118 021177 gi|153 
000624 73.5 008899 009414 gi|52 034084 034587 gi|71 
000258 79.5 009007 009089 gi|52 033226 033307 gi|71 
000608 96.5 012595 012510 gi|47 028539 028627 gi|155 
000482 69.3 021003 021282 gi|47 028697 028977 gi|142 
000364 71.3 021154 021282 gi|47 028061 028189 gi|142 
000290 71.3 021154 021282 gi|47 028568 028696 gi|142 
000260 82.9 034544 034707 gi|47 034985 035155 gi|50 
000427 76.7 034721 034555 gi|47 034549 034707 gi|58 
000433 76.3 034601 034735 gi|47 018469 018599 gi|67 
000307 78.6 034620 034722 gi|47 004325 004419 gi|137 
000272 68.1 005555 005443 gi|57 004731 004843 gi|121 
000256 86.2 006199 006263 gi|57 004088 004147 gi|130 
000582 70.1 038230 038687 gi|57 031732 032243 gi|145 
000252 82.5 038543 038582 gi|57 033694 033733 gi|71 
000382 74.3 039475 040065 gi|57 032996 033573 gi|145 
000398 83.3 015656 015513 gi|60 034041 034196 gi|161 
000257 82.4 015689 015542 gi|60 031309 031505 gi|88 
000263 79.8 015607 015690 gi|60 009651 009744 gi|92 
000558 90.9 002740 002827 gi|71 025334 025422 gi|87 
003838 94.4 024958 025441 gi|71 005214 005718 gi|168 
003584 94.8 024960 025440 gi|71 008516 009061 gi|168 
000410 79.3 026462 026371 gi|71 025334 025425 gi|87 
000253 73.1 034508 034585 gi|71 019656 019733 gi|72 
000288 83.5 008961 008713 gi|51 028136 028373 gi|150 
000334 82.0 008970 009086 gi|51 019060 019174 gi|149 
000302 80.2 008972 009067 gi|51 034655 034753 gi|115 
000348 80.8 020729 020657 gi|51 030791 030868 gi|152 
000267 71.1 021035 020662 gi|51 033863 034254 gi|148 
000303 82.8 021095 021158 gi|51 029368 029430 gi|123 
001709 86.7 032195 031679 gi|51 025752 026249 gi|121 
000558 79.0 032088 032201 gi|51 038163 038276 gi|170 
000323 82.9 032088 032192 gi|51 005331 005445 gi|65 
000387 80.5 032195 032119 gi|51 038067 038142 gi|170 
000365 90.4 035156 035207 gi|51 025160 025209 gi|170 
000276 81.6 035215 035167 gi|51 015288 015335 gi|172 
001097 75.5 000368 000001 gi|45 028327 028695 gi|80 
001718 73.8 005482 006435 gi|45 000789 001720 gi|169 
000419 78.5 006516 006608 gi|45 001739 001832 gi|169 
002397 73.3 019377 017665 gi|45 000863 002546 gi|80 
000273 78.8 021948 022084 gi|45 036832 036969 gi|82 
003319 89.3 022782 023297 gi|45 021950 022451 gi|87 
000828 87.8 024439 024561 gi|45 023159 023289 gi|87 
000251 69.4 024687 024859 gi|45 023058 023229 gi|168 
002568 79.0 025546 024984 gi|45 027773 028352 gi|58 
001371 79.7 025010 025359 gi|45 009982 010351 gi|49 
000607 80.8 025422 025546 gi|45 035040 035161 gi|80 
000554 83.0 025995 025902 gi|45 038340 038436 gi|50 
000479 88.1 025938 026004 gi|45 034511 034577 gi|115 
000705 75.2 034510 034835 gi|45 000861 001182 gi|80 
000692 75.4 034897 035632 gi|45 001179 001846 gi|80 
000796 73.3 035628 036238 gi|45 001903 002560 gi|80 
000657 76.3 039272 038922 gi|45 030968 031306 gi|137 
002187 74.2 040325 039422 gi|45 030093 030946 gi|137 
000286 76.6 006758 006545 gi|56 018766 018981 gi|61 
000272 73.6 006865 006993 gi|56 035270 035410 gi|59 
000261 76.9 007000 006880 gi|56 004186 004297 gi|153 
000716 82.8 022879 022694 gi|56 039710 039882 gi|102 
000264 84.9 024293 024208 gi|56 027275 027363 gi|152 
000431 75.7 033350 033571 gi|56 037662 037863 gi|110 
000653 74.5 012437 012679 gi|61 032360 032603 gi|102 
000260 74.5 014844 014692 gi|61 013560 013715 gi|126 
000272 67.5 015133 015252 gi|61 033133 033255 gi|170 
000373 68.5 015931 016222 gi|61 033613 033925 gi|170 
000557 74.3 029914 030158 gi|61 025022 025263 gi|106 
000790 78.0 029938 030274 gi|61 032895 033284 gi|170 
000472 69.5 030533 030811 gi|61 025604 025882 gi|106 
000764 70.0 030875 031361 gi|61 025875 026407 gi|106 
000627 69.0 030878 031225 gi|61 033728 034075 gi|170 
000258 72.1 030892 030959 gi|61 000724 000791 gi|151 
000333 74.3 030940 031347 gi|61 000824 001248 gi|151 
000821 80.3 005466 005208 gi|65 025740 025981 gi|121 
000373 76.3 005252 005445 gi|65 038091 038267 gi|170 
000667 89.9 005675 005783 gi|65 020962 021087 gi|153 
000767 91.3 005680 005783 gi|65 027430 027535 gi|159 
000645 96.8 005692 005785 gi|65 013275 013357 gi|139 
000259 82.9 026547 026466 gi|65 017380 017478 gi|162 
000337 77.7 001239 001359 gi|69 029035 029144 gi|152 
000282 86.5 002035 001962 gi|69 012821 012903 gi|78 
001673 90.5 003612 003853 gi|69 024238 024476 gi|71 
000427 75.8 020979 021201 gi|69 015612 015832 gi|101 
000469 69.9 025478 025313 gi|69 030522 030686 gi|152 
000278 83.8 015191 015031 gi|70 033424 033552 gi|173 
000873 96.1 008186 008287 gi|66 030405 030506 gi|68 
000272 75.4 035069 035013 gi|66 018309 018365 gi|139 
000331 76.6 007344 007501 gi|73 028786 028943 gi|165 
000531 74.1 031556 031756 gi|72 000746 000946 gi|148 
000424 84.8 026482 026417 gi|74 024738 024803 gi|112 
000372 90.9 026419 026473 gi|74 031325 031381 gi|113 
000297 84.8 026427 026472 gi|74 021477 021522 gi|113 
000298 87.5 026490 026427 gi|74 032152 032207 gi|75 
000265 86.0 026473 026431 gi|74 034622 034665 gi|115 
000298 78.3 026432 026528 gi|74 000240 000335 gi|116 
000272 80.0 032159 032208 gi|75 024743 024794 gi|112 
000290 88.6 032208 032165 gi|75 021476 021521 gi|113 
000407 77.0 032204 032412 gi|75 034628 034832 gi|77 
000479 77.1 032473 032229 gi|75 033996 034258 gi|145 
000258 76.6 032413 032476 gi|75 021457 021522 gi|113 
000594 71.5 000924 000473 gi|76 026715 027171 gi|93 
000301 69.5 001337 001049 gi|76 026339 026643 gi|93 
000290 75.0 001763 002026 gi|76 016419 016679 gi|148 
000385 78.1 002036 001923 gi|76 025587 025700 gi|93 
000274 81.5 010927 010991 gi|77 026601 026666 gi|105 
000912 79.9 034822 034594 gi|77 034061 034312 gi|145 
000304 91.3 034779 034824 gi|77 000463 000510 gi|108 
000538 93.3 013822 013674 gi|78 033144 033261 gi|133 
000815 83.3 013850 013689 gi|78 034445 034599 gi|79 
000339 74.3 000001 000303 gi|87 026337 026638 gi|153 
000294 76.9 000673 000737 gi|87 026931 026997 gi|153 
000280 84.7 015880 015977 gi|87 036235 036323 gi|127 
000284 86.0 018314 018420 gi|87 014614 014731 gi|124 
000260 78.5 009276 009105 gi|106 013265 013443 gi|166 
000293 73.8 011210 011312 gi|106 032456 032556 gi|152 
000304 71.7 011450 011324 gi|106 005406 005526 gi|116 
000912 77.1 025019 026138 gi|106 032868 033942 gi|170 
000823 71.9 025795 026384 gi|106 000626 001235 gi|151 
000674 76.9 002314 002025 gi|79 024037 024362 gi|94 
001044 71.9 002749 002366 gi|79 023542 023925 gi|94 
000255 80.0 002869 002815 gi|79 023312 023366 gi|94 
000254 73.2 004081 003899 gi|79 021964 022148 gi|94 
000493 74.2 004836 004539 gi|79 021048 021370 gi|94 
000458 76.8 005249 005073 gi|79 020640 020801 gi|94 
000535 83.5 005690 005479 gi|79 020229 020517 gi|94 
000275 75.8 017930 017832 gi|79 027034 027132 gi|116 
000460 89.0 034473 034599 gi|79 033144 033242 gi|133 
000271 72.3 035140 035222 gi|79 013933 014015 gi|172 
000907 79.3 036018 035787 gi|79 005784 006015 gi|157 
000424 100.0 000001 000045 gi|109 003384 003428 gi|166 
000303 84.2 010897 010953 gi|109 000230 000290 gi|116 
033352 97.2 009742 005956 gi|94 003544 007316 gi|101 
000333 73.3 031187 030967 gi|94 029020 029237 gi|125 
000261 72.6 031990 031896 gi|94 028067 028161 gi|125 
006674 100.0 039541 038836 gi|94 001894 002599 gi|166 
000341 84.7 014155 014071 gi|102 013932 014014 gi|172 
000313 82.7 023432 023506 gi|102 017590 017662 gi|144 
000784 84.8 024083 024207 gi|102 024129 024253 gi|156 
000419 86.0 024219 024091 gi|102 014677 014794 gi|172 
000328 76.8 039495 039563 gi|102 002915 002983 gi|158 
000627 83.7 039611 039508 gi|102 015130 015234 gi|173 
000330 78.2 039539 039625 gi|102 003162 003245 gi|173 
000414 77.1 015608 015773 gi|101 031947 032123 gi|137 
000312 72.2 017369 017003 gi|101 016401 016762 gi|106 
000275 68.4 018301 018169 gi|101 015532 015661 gi|106 
001125 91.2 028110 027917 gi|101 025496 025688 gi|165 
001090 93.9 028065 027918 gi|101 026685 026830 gi|131 
001061 93.8 027928 028088 gi|101 006741 006889 gi|170 
000842 72.4 032801 032247 gi|82 030621 031165 gi|88 
000259 93.8 002663 002694 gi|93 014688 014719 gi|173 
004231 94.5 003462 003968 gi|93 015670 016178 gi|173 
002939 90.8 004263 004697 gi|93 016174 016644 gi|173 
000303 74.2 035144 034986 gi|93 011826 011987 gi|121 
000718 78.9 023014 023217 gi|100 002889 003082 gi|123 
000275 85.7 024401 024353 gi|100 034458 034505 gi|145 
000254 77.7 013244 013088 gi|99 039356 039520 gi|110 
001127 90.8 028059 028210 gi|99 008568 008720 gi|149 
000270 80.7 029327 029388 gi|99 024545 024616 gi|112 
000291 77.4 029424 029485 gi|99 005954 006015 gi|157 
000560 83.3 032228 032007 gi|99 019779 019971 gi|173 
000396 82.2 003596 003496 gi|98 014053 014156 gi|102 
000517 89.2 003497 003589 gi|98 013932 014029 gi|172 
000261 89.7 012461 012499 gi|98 022932 022972 gi|157 
000310 76.6 005178 005042 gi|80 031753 031898 gi|133 
000457 86.5 018526 018431 gi|80 039474 039570 gi|102 
000491 72.7 029206 028705 gi|80 039818 040316 gi|137 
000314 75.3 030806 030471 gi|80 038193 038514 gi|137 
000355 68.1 031558 031415 gi|80 036384 036528 gi|137 
000962 76.6 012629 013302 gi|84 010459 011065 gi|141 
000694 76.8 012649 013257 gi|84 010345 010838 gi|145 
000438 75.7 012817 013154 gi|84 035392 035677 gi|125 
000275 67.6 031418 031311 gi|88 009634 009741 gi|92 
000356 84.0 031345 031488 gi|88 034042 034164 gi|161 
000351 74.2 005310 005518 gi|96 019983 020186 gi|137 
000397 96.4 006788 006733 gi|96 001707 001762 gi|158 
000347 79.5 015896 016022 gi|96 002832 002961 gi|147 
000303 76.2 007370 007478 gi|83 002023 002133 gi|89 
000570 74.9 014339 014517 gi|83 028465 028665 gi|99 
001530 76.4 014510 015099 gi|83 028716 029353 gi|99 
000586 78.8 035553 035195 gi|83 019830 020186 gi|86 
000338 82.0 035694 035606 gi|83 019635 019722 gi|86 
000596 73.5 036483 036110 gi|83 018622 019030 gi|86 
000398 74.2 036988 036733 gi|83 018039 018297 gi|86 
000434 75.8 027028 027399 gi|89 037783 038105 gi|149 
000264 71.4 027548 027708 gi|89 038265 038425 gi|149 
000491 71.5 018089 017510 gi|81 031987 032549 gi|107 
000611 83.4 007370 007538 gi|92 001496 001670 gi|162 
000370 74.2 007466 007374 gi|92 008189 008279 gi|130 
000303 75.6 007453 007538 gi|92 006812 006901 gi|173 
000311 74.4 010816 010637 gi|92 008663 008845 gi|117 
000251 81.6 027788 027648 gi|92 039651 039798 gi|159 
000263 81.6 035807 035645 gi|92 007127 007276 gi|100 
000554 78.5 002359 002043 gi|97 017251 017558 gi|104 
000251 80.1 006490 006675 gi|108 007582 007758 gi|117 
001282 92.8 038606 038440 gi|111 006438 006603 gi|115 
000481 89.5 004122 004028 gi|90 032114 032232 gi|99 
000252 80.3 031275 031159 gi|90 013486 013601 gi|115 
000358 81.8 031212 031277 gi|90 034429 034502 gi|145 
000274 74.4 024682 024605 gi|112 023646 023725 gi|169 
000364 84.0 024736 024829 gi|112 031280 031381 gi|113 
000724 98.9 024829 024741 gi|112 031291 031389 gi|113 
000358 81.8 024824 024748 gi|112 021445 021522 gi|113 
000276 94.6 021495 021459 gi|113 029247 029283 gi|123 
000261 78.7 021521 021461 gi|113 033994 034059 gi|145 
000250 78.5 021533 021469 gi|113 034612 034676 gi|115 
000871 73.1 025763 026186 gi|113 030111 030527 gi|162 
000312 83.0 013537 013485 gi|115 024499 024553 gi|168 
000498 81.0 013564 013486 gi|115 034422 034500 gi|145 
000371 83.8 027393 027252 gi|115 031945 032110 gi|148 
001439 82.4 031721 031483 gi|115 030975 031214 gi|152 
000296 69.9 000333 000485 gi|116 022654 022809 gi|168 
001379 76.2 010428 011029 gi|141 010294 010850 gi|145 
000256 73.9 032083 032220 gi|141 038205 038339 gi|142 
000487 72.1 004095 004327 gi|137 031669 031899 gi|151 
000453 72.7 004328 004190 gi|137 010594 010742 gi|140 
000350 81.9 004524 004420 gi|137 025438 025532 gi|163 
000470 81.9 019123 018986 gi|137 000677 000818 gi|158 
000277 75.8 003629 003481 gi|135 026368 026504 gi|165 
000250 77.3 013329 013403 gi|136 012684 012764 gi|148 
000275 79.5 026198 026111 gi|138 019619 019719 gi|159 
000290 84.5 026237 026122 gi|138 019626 019720 gi|159 
000279 68.8 006027 006103 gi|125 025284 025361 gi|166 
000344 74.3 018800 018982 gi|125 019165 019343 gi|147 
000384 70.5 020828 020976 gi|125 036111 036258 gi|146 
001082 73.3 035299 035773 gi|125 010369 010842 gi|145 
000928 75.8 035301 035763 gi|125 010505 011012 gi|141 
000771 86.8 027342 027462 gi|122 018475 018596 gi|129 
000654 81.2 008184 008020 gi|130 024552 024720 gi|147 
000335 83.9 008279 008168 gi|130 001500 001605 gi|162 
000268 79.0 035976 035915 gi|127 019634 019696 gi|137 
000251 75.8 036323 036262 gi|127 031164 031229 gi|151 
002328 79.9 036451 037260 gi|127 014178 014970 gi|161 
000403 82.2 025749 025821 gi|121 038064 038135 gi|170 
000666 82.6 025923 025752 gi|121 038108 038270 gi|170 
000253 79.7 009587 009714 gi|126 038003 038109 gi|128 
000546 75.0 017424 017623 gi|131 019524 019723 gi|162 
001149 95.0 026670 026830 gi|131 025521 025687 gi|165 
001136 97.0 026822 026688 gi|131 006740 006875 gi|170 
000293 81.5 026698 026827 gi|131 012013 012139 gi|159 
000477 74.7 012496 013194 gi|132 027978 028689 gi|159 
000330 68.9 014117 014222 gi|132 029301 029406 gi|159 
000371 74.4 000001 000211 gi|133 027568 027778 gi|148 
000321 70.4 000023 000218 gi|133 038145 038340 gi|148 
002006 72.3 000662 001882 gi|133 038744 039999 gi|148 
002184 71.6 000719 002094 gi|133 036948 038333 gi|148 
001468 72.0 000984 002094 gi|133 026613 027778 gi|148 
000291 81.0 018494 018572 gi|133 026284 026360 gi|148 
001751 71.0 018496 019695 gi|133 038784 039999 gi|148 
002415 71.6 018502 019924 gi|133 036934 038354 gi|148 
001442 71.5 018771 019912 gi|133 026595 027783 gi|148 
000382 77.9 032208 032105 gi|133 001334 001448 gi|158 
000550 94.3 013275 013362 gi|139 020981 021095 gi|153 
000649 100.0 013277 013361 gi|139 027446 027539 gi|159 
000354 77.8 014138 014638 gi|124 036408 036951 gi|162 
000372 77.0 014210 014487 gi|124 036624 036895 gi|162 
000453 74.5 007416 007280 gi|129 000554 000694 gi|150 
000682 78.9 007282 007466 gi|129 000723 000924 gi|153 
001116 97.0 018038 018169 gi|129 022974 023104 gi|153 
000271 74.2 024367 024205 gi|129 028834 028994 gi|165 
001190 83.6 009982 010298 gi|140 017904 018197 gi|144 
000280 68.4 035002 035156 gi|143 018964 019124 gi|162 
000271 74.4 035654 035565 gi|143 004190 004281 gi|153 
000333 77.1 030633 030551 gi|144 035269 035350 gi|150 
000277 73.7 031056 030962 gi|144 034554 034649 gi|150 
000349 86.0 034450 034506 gi|145 024500 024558 gi|168 
000264 87.3 029477 029531 gi|123 019960 020010 gi|166 
002224 85.3 029521 029941 gi|123 023489 023894 gi|168 
004640 74.9 034655 032683 gi|123 027110 029017 gi|169 
004103 76.8 031727 029933 gi|149 035971 037738 gi|152 
000318 77.4 000691 000559 gi|150 000724 000868 gi|153 
000292 77.6 000653 000955 gi|151 033653 033926 gi|170 
000703 98.8 016056 016136 gi|162 012533 012616 gi|170 
000305 92.7 025209 025169 gi|170 015296 015335 gi|172 
000607 96.3 020983 021089 gi|153 027446 027537 gi|159 
000280 71.2 025418 025573 gi|153 039062 039217 gi|164 
000573 72.7 025967 026336 gi|153 039628 040000 gi|164 
000280 69.9 004256 004408 gi|157 022771 022917 gi|163 
000270 80.0 004670 004769 gi|157 023197 023286 gi|163 
000337 82.7 024269 024137 gi|156 014673 014794 gi|172 
000287 78.2 012134 012011 gi|159 006740 006868 gi|170 
000309 76.8 012041 012139 gi|159 025568 025684 gi|165 
001477 72.7 006444 005522 gi|160 021702 022602 gi|168 
000338 78.0 007670 007226 gi|160 020362 020730 gi|168 
000295 70.3 007882 007711 gi|160 019605 019769 gi|168 
001359 80.0 000535 001133 gi|165 002660 003233 gi|168 
001183 83.2 001134 000557 gi|165 003909 004444 gi|168 
000560 78.0 014129 013948 gi|165 024218 024398 gi|168 
001126 95.6 025687 025551 gi|165 006731 006866 gi|170 
001191 76.8 040551 039536 gi|155 000568 001566 gi|173 
000407 66.9 040727 040592 gi|155 000274 000409 gi|173 
024084 94.7 008516 005696 gi|168 016901 019731 gi|173 
022444 94.3 005906 008527 gi|168 006921 009574 gi|173 
