000790 96.7 002033 002122 gi|5 036959 037048 gi|64 
000664 89.8 002121 002034 gi|5 008899 008986 gi|135 
007201 99.1 002860 003646 gi|5 037047 037834 gi|64 
005566 90.6 003646 002860 gi|5 008114 008899 gi|135 
009064 78.4 025575 027340 gi|5 024109 025868 gi|15 
001022 83.5 027368 027628 gi|5 026057 026305 gi|15 
000986 82.4 027368 027628 gi|5 028643 028891 gi|137 
000328 82.8 027612 027444 gi|5 026177 026336 gi|15 
000369 83.4 027612 027444 gi|5 028763 028922 gi|137 
000281 77.3 027614 027505 gi|5 007109 007220 gi|170 
000264 76.9 027628 027564 gi|5 004069 004138 gi|18 
008254 88.6 031173 029946 gi|5 022782 024008 gi|112 
008287 88.2 029950 031171 gi|5 004006 005240 gi|148 
001453 83.9 000635 000870 gi|17 013410 013644 gi|155 
001060 79.5 000636 000869 gi|17 032373 032599 gi|57 
000696 91.7 002723 002831 gi|17 030800 030907 gi|57 
000671 88.7 026478 026373 gi|17 030800 030905 gi|57 
000479 72.0 033654 033498 gi|17 020917 021073 gi|142 
000532 74.3 034597 034357 gi|17 036037 036277 gi|102 
000260 84.9 000639 000711 gi|36 038770 038840 gi|38 
002065 76.3 005838 006563 gi|36 034391 035112 gi|138 
000290 68.2 005838 006173 gi|36 010418 010752 gi|97 
001323 79.7 005855 006193 gi|36 018145 018477 gi|148 
000598 84.2 005914 006059 gi|36 030218 030367 gi|138 
000423 72.1 006159 005916 gi|36 009207 009445 gi|159 
000320 71.4 005918 006148 gi|36 032717 032949 gi|81 
000732 79.0 006138 005925 gi|36 023991 024190 gi|93 
000726 78.0 006350 005955 gi|36 020439 020792 gi|64 
000486 72.4 006370 005955 gi|36 031650 032063 gi|38 
000262 74.6 006186 006049 gi|36 017782 017932 gi|154 
001144 73.2 006902 006503 gi|36 002051 002477 gi|101 
001967 81.2 006506 006921 gi|36 035799 036224 gi|138 
001675 79.7 006906 006563 gi|36 010033 010386 gi|97 
000452 71.3 006827 006567 gi|36 005254 005519 gi|45 
001587 78.0 014620 015024 gi|36 039211 039614 gi|166 
001638 82.3 014623 015030 gi|36 038811 039219 gi|74 
000327 87.8 014671 014623 gi|36 029313 029361 gi|69 
000382 83.8 014625 014698 gi|36 015538 015610 gi|119 
000775 76.6 014919 014634 gi|36 003184 003451 gi|168 
001240 79.5 014649 015039 gi|36 009012 009371 gi|119 
000561 84.7 021466 021343 gi|36 010509 010640 gi|170 
000661 85.8 021360 021472 gi|36 028755 028861 gi|71 
000659 90.6 021388 021472 gi|36 039578 039662 gi|117 
000432 96.2 021470 021521 gi|36 029129 029181 gi|71 
000432 96.2 021470 021521 gi|36 039954 040006 gi|117 
001195 91.0 021852 021676 gi|36 033643 033822 gi|117 
000503 94.3 021926 021804 gi|36 031572 031665 gi|57 
000371 80.3 021861 022058 gi|36 019513 019724 gi|46 
001015 88.4 021927 022107 gi|36 005790 005980 gi|101 
000668 84.1 021927 022039 gi|36 016603 016722 gi|52 
000430 87.3 021997 021927 gi|36 019897 019968 gi|46 
000288 82.5 021927 021983 gi|36 029421 029478 gi|151 
002040 94.8 022875 022625 gi|36 004119 004373 gi|40 
000274 83.2 022777 022871 gi|36 033474 033590 gi|71 
004063 95.1 023040 023528 gi|36 028767 029257 gi|71 
000689 95.2 023126 023044 gi|36 010509 010592 gi|170 
003926 95.2 023048 023524 gi|36 039578 040079 gi|117 
001393 92.9 023294 023112 gi|36 009794 009979 gi|170 
000852 93.8 023524 023396 gi|36 009693 009817 gi|170 
001655 88.3 023961 023706 gi|36 004121 004375 gi|40 
001185 76.3 024295 023958 gi|36 038811 039150 gi|74 
001304 82.9 024307 023958 gi|36 039204 039549 gi|166 
000918 82.7 024284 023962 gi|36 008996 009282 gi|119 
000795 79.7 023998 024287 gi|36 003184 003454 gi|168 
000366 78.7 024293 024219 gi|36 015538 015611 gi|119 
000311 81.2 024247 024315 gi|36 029313 029378 gi|69 
000282 80.5 024560 024366 gi|36 033619 033814 gi|117 
001553 95.4 024642 024448 gi|36 035905 036098 gi|117 
000594 71.9 025119 024814 gi|36 024391 024698 gi|70 
000445 81.4 029735 029607 gi|36 009150 009305 gi|170 
001511 89.1 029811 029610 gi|36 035208 035409 gi|117 
000290 88.1 029811 029770 gi|36 007668 007709 gi|170 
002262 78.5 030286 029798 gi|36 007348 007830 gi|170 
000284 94.6 029860 029824 gi|36 035249 035286 gi|117 
002785 91.4 030293 029922 gi|36 034879 035249 gi|117 
001884 70.5 033217 032011 gi|36 032265 033476 gi|117 
001731 71.4 032242 033217 gi|36 002427 003408 gi|170 
000641 73.2 032466 032711 gi|36 034634 034878 gi|117 
000719 74.5 032832 032590 gi|36 033823 034061 gi|117 
003003 98.0 033271 033615 gi|36 002086 002430 gi|170 
002806 98.8 033276 033608 gi|36 036086 036410 gi|117 
000367 69.7 033593 033952 gi|36 037317 037671 gi|101 
000628 82.6 034947 035153 gi|36 034092 034330 gi|117 
000541 88.0 034950 035024 gi|36 030572 030646 gi|117 
001161 81.0 035264 034950 gi|36 009310 009635 gi|170 
000702 86.3 035153 034950 gi|36 001618 001854 gi|170 
000480 97.0 034950 035016 gi|36 005188 005254 gi|170 
001184 85.4 035264 035004 gi|36 029099 029435 gi|117 
001818 88.3 035005 035492 gi|36 005172 005749 gi|170 
002653 87.7 035021 035517 gi|36 034093 034611 gi|117 
002878 86.6 035023 035493 gi|36 030572 031084 gi|117 
003807 95.1 035495 035023 gi|36 001364 001854 gi|170 
001750 84.5 035492 035023 gi|36 000175 000708 gi|170 
000864 86.3 035146 035023 gi|36 009513 009635 gi|170 
000320 77.4 035365 035198 gi|36 007238 007415 gi|170 
000538 83.2 035496 035301 gi|36 028782 028979 gi|117 
000635 76.4 036372 037033 gi|36 037330 037994 gi|117 
001172 76.0 037197 037567 gi|36 038200 038576 gi|117 
001274 73.8 037382 038558 gi|36 032275 033456 gi|117 
001076 72.6 038348 037382 gi|36 002426 003398 gi|170 
000455 77.3 037578 037665 gi|36 039490 039577 gi|117 
000506 80.0 037662 037751 gi|36 040081 040170 gi|117 
000368 71.3 037758 037959 gi|36 033823 034036 gi|117 
001824 87.2 038530 038786 gi|36 004932 005188 gi|170 
002771 77.9 040000 039472 gi|36 030035 030569 gi|117 
000390 93.8 039999 039952 gi|36 035856 035903 gi|117 
000489 80.9 007113 007390 gi|34 004054 004328 gi|67 
000611 83.4 007370 007538 gi|34 001496 001670 gi|43 
000303 75.6 007453 007538 gi|34 006812 006901 gi|78 
000257 79.7 007615 007752 gi|34 020734 020865 gi|130 
000311 70.3 010780 010569 gi|34 017291 017502 gi|171 
000281 72.7 010744 010628 gi|34 008214 008330 gi|70 
000311 74.4 010816 010637 gi|34 008663 008845 gi|49 
000282 71.8 010759 010643 gi|34 035015 035131 gi|168 
000458 75.4 000228 000050 gi|29 029757 029938 gi|76 
000457 77.1 000592 000318 gi|29 029336 029604 gi|76 
000259 72.4 000742 000656 gi|29 029253 029339 gi|76 
000268 77.3 029839 029659 gi|29 025188 025365 gi|126 
000887 76.7 033553 033177 gi|29 004200 004582 gi|69 
000410 81.8 037195 037037 gi|29 013973 014141 gi|76 
000333 76.4 037190 037085 gi|29 018901 019012 gi|170 
000270 88.7 037122 037183 gi|29 027685 027744 gi|93 
000314 77.5 037125 037195 gi|29 021341 021410 gi|152 
000314 85.6 037482 037571 gi|29 003431 003506 gi|142 
000282 68.5 022065 022226 gi|27 027847 028011 gi|74 
001216 74.3 024843 025472 gi|27 004447 005069 gi|151 
001037 71.4 024987 025503 gi|27 010426 010987 gi|122 
000421 81.4 037011 036926 gi|27 005336 005423 gi|126 
000661 84.1 037168 037018 gi|27 002612 002760 gi|126 
000316 78.1 039343 039148 gi|27 006849 007055 gi|67 
001049 90.9 039782 039640 gi|27 009670 009815 gi|146 
000414 68.5 039970 039771 gi|27 006349 006550 gi|67 
002444 74.7 001187 000005 gi|18 023140 024336 gi|60 
000942 76.8 001594 001276 gi|18 022864 023169 gi|60 
000251 76.3 002206 002076 gi|18 026156 026292 gi|42 
001877 79.1 003387 003940 gi|18 036763 037324 gi|60 
000416 78.0 004164 004033 gi|18 028803 028927 gi|137 
001853 74.3 004956 004214 gi|18 026529 027281 gi|137 
001794 72.3 004214 004956 gi|18 006048 006790 gi|170 
000343 76.0 004219 004368 gi|18 003068 003216 gi|142 
000447 73.0 019727 019848 gi|18 016776 016894 gi|42 
007263 76.0 007185 004994 gi|26 032661 034868 gi|82 
000699 81.2 005614 005349 gi|26 008322 008582 gi|159 
001084 72.9 006199 005672 gi|26 007684 008201 gi|159 
000521 72.8 006542 006227 gi|26 007282 007592 gi|159 
000691 72.6 007138 006643 gi|26 006628 007112 gi|159 
000253 71.3 038580 038445 gi|26 004428 004563 gi|162 
000673 94.7 023757 023664 gi|20 038640 038743 gi|65 
000737 96.7 023666 023755 gi|20 001320 001411 gi|172 
000624 98.8 023755 023674 gi|20 005694 005784 gi|106 
000726 98.8 023755 023676 gi|20 013277 013356 gi|55 
000362 78.5 039253 039443 gi|20 026297 026481 gi|43 
002786 98.4 027420 027114 gi|13 039578 039884 gi|117 
002685 95.8 027425 027114 gi|13 028772 029083 gi|71 
002576 95.1 027420 027114 gi|13 023048 023353 gi|36 
001491 94.6 027173 027356 gi|13 009794 009979 gi|170 
000647 89.4 027420 027336 gi|13 021388 021472 gi|36 
000714 92.3 027342 027432 gi|13 010509 010599 gi|170 
000685 80.3 027758 027935 gi|13 029060 029223 gi|69 
000301 81.0 028009 028071 gi|13 029223 029288 gi|69 
011518 97.9 031754 030471 gi|13 015361 016644 gi|78 
000674 78.0 031731 031445 gi|13 006562 006839 gi|15 
000694 78.4 031748 031448 gi|13 003234 003527 gi|144 
002137 97.6 031748 032000 gi|13 001508 001763 gi|40 
002035 95.2 032000 031752 gi|13 010262 010510 gi|170 
000429 72.7 033168 033310 gi|13 029162 029301 gi|50 
001649 85.4 035994 035632 gi|13 008861 009205 gi|170 
000277 90.1 035662 035742 gi|13 007805 007868 gi|170 
001483 78.7 036454 035949 gi|13 026067 026588 gi|138 
000385 78.6 036064 035995 gi|13 008853 008922 gi|146 
001597 75.7 036575 036008 gi|13 001210 001756 gi|76 
000943 76.8 036228 036568 gi|13 006081 006427 gi|90 
001248 83.2 037107 036633 gi|13 000626 001066 gi|76 
001465 77.7 036634 037282 gi|13 006767 007404 gi|90 
000674 76.6 036884 037174 gi|13 025173 025473 gi|138 
000473 79.2 036952 037239 gi|13 021780 022070 gi|130 
000397 81.8 037269 037133 gi|13 025907 026058 gi|138 
000459 74.4 037400 037614 gi|13 007473 007706 gi|90 
000461 77.8 037619 037404 gi|13 025644 025876 gi|138 
000517 80.8 037613 037406 gi|13 000345 000574 gi|76 
000429 77.7 037620 037406 gi|13 010245 010447 gi|23 
000299 92.1 037444 037407 gi|13 029077 029114 gi|48 
000303 68.6 037625 037438 gi|13 008313 008504 gi|172 
000301 70.9 037604 037478 gi|13 028853 028989 gi|48 
000264 80.0 007319 007748 gi|28 015494 015927 gi|35 
000363 76.2 011601 011818 gi|28 006617 006832 gi|172 
000251 81.2 021887 021760 gi|28 038695 038818 gi|80 
000305 69.4 036185 036305 gi|22 037939 038059 gi|166 
000283 79.2 039622 039905 gi|22 029967 030196 gi|79 
000279 78.8 005264 005395 gi|6 003215 003347 gi|126 
000263 79.5 017030 016943 gi|6 006132 006220 gi|142 
000312 78.7 019695 019569 gi|6 010600 010734 gi|170 
000374 79.4 019649 019774 gi|6 001008 001137 gi|150 
001901 73.1 019806 020359 gi|6 028447 028991 gi|13 
000449 78.3 020367 020495 gi|6 029954 030085 gi|13 
000418 73.2 021708 022494 gi|6 018262 019045 gi|80 
000575 70.5 022844 023257 gi|6 019413 019848 gi|80 
000516 79.3 028285 028141 gi|6 018138 018284 gi|148 
000440 84.0 028221 028141 gi|6 030217 030299 gi|138 
000267 84.8 028141 028305 gi|6 010513 010674 gi|99 
000255 76.6 028211 028148 gi|6 010491 010554 gi|97 
000615 83.0 028290 028150 gi|6 005845 005985 gi|36 
000388 82.8 001924 002190 gi|15 007107 007374 gi|34 
001704 90.9 001929 002191 gi|15 004054 004309 gi|67 
003790 89.2 002701 002181 gi|15 027944 028467 gi|117 
004091 93.8 002701 002188 gi|15 028755 029267 gi|33 
000545 89.5 002263 002188 gi|15 027360 027435 gi|40 
000464 86.2 002189 002282 gi|15 026625 026719 gi|117 
000324 97.4 002190 002228 gi|15 027297 027336 gi|33 
000316 94.7 002207 002282 gi|15 027463 027532 gi|33 
000844 71.1 003095 002788 gi|15 008714 009018 gi|136 
000339 64.7 003129 002994 gi|15 023865 024000 gi|126 
008897 87.2 004526 003233 gi|15 027463 028764 gi|33 
008344 83.6 004542 003233 gi|15 026627 027953 gi|117 
001019 84.7 003667 003855 gi|15 026701 026901 gi|40 
003511 87.6 003986 004542 gi|15 026889 027432 gi|40 
000516 85.1 004437 004550 gi|15 029161 029272 gi|33 
000416 83.7 004451 004542 gi|15 028362 028454 gi|117 
000315 97.4 004542 004505 gi|15 027298 027336 gi|33 
013894 91.4 004541 006430 gi|15 004212 006086 gi|67 
000283 89.0 004549 004657 gi|15 007277 007387 gi|34 
001419 70.9 006418 005711 gi|15 000249 000926 gi|135 
000291 79.3 006427 006894 gi|15 014617 015040 gi|36 
000310 80.6 006433 006880 gi|15 039214 039614 gi|166 
000306 75.9 006490 006433 gi|15 029304 029361 gi|69 
000277 80.4 006794 006433 gi|15 023966 024295 gi|36 
000269 81.0 006435 006492 gi|15 015538 015592 gi|119 
000385 79.0 006611 006493 gi|15 026659 026774 gi|61 
001680 82.0 006522 006860 gi|15 003210 003552 gi|144 
000735 75.8 006562 006780 gi|15 015384 015610 gi|78 
002974 86.2 006865 007334 gi|15 006416 006922 gi|67 
000254 62.6 009493 009698 gi|15 024564 024769 gi|124 
000252 84.2 017904 018017 gi|15 033539 033672 gi|88 
011081 92.6 020730 019201 gi|15 005754 007248 gi|170 
000421 83.9 019497 019305 gi|15 007062 007226 gi|170 
018067 94.8 019513 021828 gi|15 026350 028620 gi|137 
001939 73.8 020442 019714 gi|15 004214 004939 gi|18 
000628 78.6 020420 020295 gi|15 003089 003216 gi|142 
000257 94.3 020889 020855 gi|15 027693 027729 gi|137 
000308 80.4 023392 023488 gi|15 020158 020260 gi|115 
002797 97.3 026016 026347 gi|15 028597 028933 gi|137 
000431 75.7 026341 026239 gi|15 004033 004141 gi|18 
000264 70.4 005147 005271 gi|24 015805 015926 gi|35 
000473 74.4 005162 005611 gi|24 007638 008084 gi|28 
000324 76.8 005184 005566 gi|24 011433 011813 gi|28 
000783 81.5 025449 025621 gi|24 037516 037684 gi|57 
000742 80.2 010239 010415 gi|23 008322 008503 gi|172 
000908 82.2 010240 010515 gi|23 000341 000653 gi|76 
000974 80.9 010260 010515 gi|23 025663 025941 gi|138 
000830 77.4 010489 010260 gi|23 007432 007694 gi|90 
000515 79.8 010267 010385 gi|23 028861 028981 gi|48 
000403 74.5 011881 011986 gi|23 028953 029058 gi|83 
002337 74.2 021461 022632 gi|23 012602 013788 gi|77 
000312 73.8 021474 021771 gi|23 035965 036247 gi|29 
000269 71.5 022177 022327 gi|23 007760 007910 gi|41 
000417 90.8 032787 032701 gi|23 024217 024291 gi|128 
000318 84.6 032706 032809 gi|23 029200 029296 gi|163 
000271 82.4 032812 032739 gi|23 037679 037754 gi|138 
000304 82.3 033514 033453 gi|23 019811 019870 gi|71 
000312 88.3 033514 033455 gi|23 024248 024302 gi|170 
025129 95.9 004872 001964 gi|33 026724 029609 gi|36 
000329 97.9 027336 027289 gi|33 027395 027443 gi|40 
000318 87.4 027375 027289 gi|33 028198 028273 gi|134 
000258 84.6 027345 027294 gi|33 028409 028457 gi|117 
000259 84.6 027298 027336 gi|33 026627 026665 gi|117 
001229 96.6 027325 027470 gi|33 003725 003874 gi|90 
000266 87.0 027532 027441 gi|33 028362 028456 gi|117 
013975 90.7 027463 029268 gi|33 026643 028458 gi|117 
003569 89.0 027997 027463 gi|33 026889 027416 gi|40 
001293 86.2 028330 028142 gi|33 026701 026889 gi|40 
000521 86.9 029161 029267 gi|33 027327 027435 gi|40 
000488 83.8 029271 029173 gi|33 026622 026719 gi|117 
000879 78.9 002070 002315 gi|12 036974 037227 gi|73 
014882 93.9 022374 020575 gi|12 027473 029270 gi|33 
003763 89.7 020579 021093 gi|12 002187 002701 gi|15 
000369 77.6 020580 020655 gi|12 026624 026700 gi|117 
013744 89.1 022410 020581 gi|12 026624 028456 gi|117 
000464 82.7 020655 020581 gi|12 027360 027434 gi|40 
000465 84.9 020655 020583 gi|12 004470 004542 gi|15 
009298 88.2 021084 022407 gi|12 003233 004542 gi|15 
001363 86.2 021518 021720 gi|12 026701 026901 gi|40 
003749 88.4 021850 022409 gi|12 026889 027434 gi|40 
000639 92.5 022314 022407 gi|12 029172 029264 gi|33 
000487 83.6 022314 022429 gi|12 028361 028473 gi|117 
000552 90.0 022413 022314 gi|12 002185 002283 gi|15 
000350 97.4 022407 022369 gi|12 027298 027336 gi|33 
000621 94.9 027739 027875 gi|12 034264 034377 gi|167 
002018 74.7 031455 032864 gi|12 028504 029910 gi|38 
001622 76.0 032280 033061 gi|12 029324 030048 gi|38 
000360 73.1 034363 034141 gi|12 014293 014524 gi|127 
000520 80.2 034952 034766 gi|12 013796 013991 gi|127 
000451 71.4 035376 035251 gi|12 013468 013593 gi|127 
000807 74.8 001661 001064 gi|3 023213 023791 gi|170 
001011 90.4 003471 003688 gi|3 018223 018425 gi|123 
000263 73.9 034310 034242 gi|2 015012 015077 gi|137 
000404 75.8 035563 035212 gi|2 014145 014496 gi|137 
000302 75.7 035416 035228 gi|2 008138 008329 gi|49 
000252 72.1 035410 035228 gi|2 007640 007823 gi|70 
000295 84.8 035333 035268 gi|2 024571 024636 gi|131 
000517 74.2 035650 035295 gi|2 016475 016839 gi|171 
000307 75.3 035733 035637 gi|2 010207 010303 gi|40 
000271 77.9 022659 022780 gi|21 032157 032270 gi|30 
000331 66.1 030679 030556 gi|21 006786 006911 gi|136 
000865 90.7 001464 001603 gi|9 017825 017960 gi|40 
000880 87.4 001808 001666 gi|9 017825 017969 gi|40 
000453 81.5 002129 001968 gi|9 001978 002122 gi|151 
000366 78.4 001968 002129 gi|9 031235 031379 gi|125 
000433 83.7 001989 002129 gi|9 015718 015843 gi|165 
000842 75.3 003689 003114 gi|9 029305 029946 gi|39 
000683 83.9 003688 003799 gi|9 009966 010077 gi|170 
000764 90.0 003799 003690 gi|9 001948 002057 gi|40 
000716 92.7 004015 003907 gi|9 001514 001624 gi|40 
000719 93.4 003907 004012 gi|9 010401 010508 gi|170 
000704 92.5 004012 003907 gi|9 031754 031861 gi|13 
000985 72.9 004640 004013 gi|9 028683 029309 gi|39 
000471 78.5 004616 004912 gi|9 014747 015030 gi|36 
001059 77.1 004625 004934 gi|9 003276 003581 gi|144 
000316 74.8 004834 004637 gi|9 023956 024153 gi|36 
000340 82.6 004637 004900 gi|9 038954 039207 gi|74 
000872 82.4 004655 004910 gi|9 006617 006865 gi|15 
000281 74.1 004655 004917 gi|9 015442 015683 gi|78 
000333 75.5 004830 004684 gi|9 031503 031642 gi|13 
000355 84.7 005712 005796 gi|9 020311 020387 gi|115 
000824 84.1 005852 005715 gi|9 032657 032799 gi|40 
000266 76.6 005715 005851 gi|9 014839 014975 gi|154 
000865 96.5 020416 020531 gi|9 017820 017930 gi|40 
000923 93.5 031524 031387 gi|9 017781 017930 gi|40 
000334 78.6 035851 035976 gi|16 036287 036411 gi|138 
000291 80.0 036320 036146 gi|16 009368 009536 gi|159 
000360 80.7 036175 036329 gi|16 034388 034546 gi|138 
000324 75.8 036226 036324 gi|16 032693 032794 gi|81 
000299 77.1 036322 036253 gi|16 021958 022031 gi|76 
000258 77.9 036255 036322 gi|16 010497 010559 gi|97 
000251 75.8 036323 036262 gi|16 031164 031229 gi|38 
000358 83.8 026722 026795 gi|14 001247 001317 gi|30 
000526 74.4 027269 027663 gi|14 001905 002299 gi|30 
000278 80.5 028280 028361 gi|14 002680 002763 gi|30 
000616 93.0 012510 012595 gi|30 033649 033736 gi|71 
000504 94.0 012576 012510 gi|30 019422 019488 gi|76 
000255 81.0 016676 016561 gi|30 018092 018216 gi|132 
000266 91.7 016715 016632 gi|30 017974 018048 gi|81 
000482 69.3 021003 021282 gi|30 028697 028977 gi|127 
000364 71.3 021154 021282 gi|30 028061 028189 gi|127 
000290 71.3 021154 021282 gi|30 028568 028696 gi|127 
000427 76.7 034721 034555 gi|30 034549 034707 gi|138 
000516 79.6 034570 034726 gi|30 023981 024129 gi|93 
000533 83.5 034575 034726 gi|30 020601 020746 gi|64 
000405 75.9 034722 034578 gi|30 006008 006143 gi|36 
000424 76.9 034723 034590 gi|30 018294 018420 gi|148 
000269 83.1 001969 002051 gi|32 038093 038180 gi|52 
000291 78.5 014978 015070 gi|31 028128 028213 gi|71 
000352 78.4 010574 010399 gi|35 026147 026328 gi|39 
000427 77.3 014774 014892 gi|35 037361 037479 gi|116 
003870 82.6 014948 016497 gi|35 037480 038897 gi|116 
000382 78.7 016793 016886 gi|35 039190 039280 gi|116 
001754 84.0 018976 018690 gi|35 038530 038826 gi|77 
000322 88.5 024414 024363 gi|35 032487 032538 gi|81 
000625 71.3 037464 036685 gi|35 033941 034730 gi|170 
000446 69.6 023314 023629 gi|1 016339 016659 gi|119 
003054 86.7 023757 024200 gi|1 031789 032233 gi|110 
000378 76.5 026265 025887 gi|1 007458 007855 gi|15 
001581 98.8 026476 026648 gi|1 021002 021174 gi|153 
001538 97.3 026660 026476 gi|1 013665 013849 gi|47 
001308 91.9 026648 026476 gi|1 006428 006603 gi|90 
001006 89.0 026648 026503 gi|1 024557 024703 gi|151 
000702 92.4 026558 026649 gi|1 010104 010195 gi|99 
000931 93.3 026875 027008 gi|1 023003 023138 gi|126 
000644 87.0 027020 027165 gi|1 006659 006798 gi|45 
000720 93.0 027025 027138 gi|1 013034 013155 gi|142 
000519 93.4 027066 027156 gi|1 032948 033031 gi|165 
000292 87.3 005221 005275 gi|11 013323 013383 gi|141 
000962 76.6 012629 013302 gi|11 010459 011065 gi|122 
000452 83.7 012684 012910 gi|11 004672 004847 gi|151 
000362 75.0 012684 012767 gi|11 025075 025158 gi|27 
000524 73.5 013006 013250 gi|11 004894 005123 gi|151 
000257 84.1 035092 035154 gi|11 035660 035740 gi|13 
001923 80.5 035100 035484 gi|11 007809 008222 gi|170 
005367 88.1 035486 036258 gi|11 008389 009152 gi|170 
001563 87.1 036254 035960 gi|11 035688 035994 gi|13 
000579 75.9 015750 015323 gi|7 034357 034778 gi|17 
000762 72.7 015340 015859 gi|7 035879 036386 gi|102 
000256 78.5 015584 015520 gi|7 026234 026296 gi|149 
000257 73.3 015532 015606 gi|7 031187 031260 gi|140 
000323 90.2 015577 015537 gi|7 033711 033751 gi|17 
000315 71.8 015541 015742 gi|7 020863 021064 gi|142 
000674 72.9 015999 015564 gi|7 025707 026198 gi|149 
000256 70.6 015937 016038 gi|7 036477 036578 gi|102 
000385 83.9 008380 008319 gi|8 024435 024496 gi|60 
000354 87.3 008382 008320 gi|8 016881 016945 gi|77 
000284 82.1 013394 013516 gi|8 037811 037932 gi|171 
000260 74.0 039029 038957 gi|8 036479 036559 gi|146 
000998 77.2 038968 039331 gi|8 030132 030496 gi|129 
000288 80.9 039029 039159 gi|8 032495 032638 gi|110 
000360 76.9 039200 039329 gi|8 032252 032374 gi|64 
001088 86.4 007381 007206 gi|57 013675 013847 gi|142 
000610 81.2 007206 007365 gi|57 013927 014080 gi|119 
000991 87.4 007813 007671 gi|57 011881 012023 gi|142 
000419 96.7 031576 031665 gi|57 033623 033691 gi|117 
000291 87.5 031803 031842 gi|57 012627 012666 gi|155 
000914 81.2 031858 032176 gi|57 012754 013040 gi|155 
002764 82.7 032175 032683 gi|57 013210 013732 gi|155 
003346 77.2 032664 033350 gi|57 014137 014827 gi|155 
000534 72.4 036038 035796 gi|57 029766 029993 gi|110 
000442 77.6 035996 035796 gi|57 003663 003848 gi|149 
000900 70.6 037214 036309 gi|57 028121 029018 gi|110 
001519 77.3 008894 009245 gi|37 003723 004067 gi|149 
000469 81.2 009380 009264 gi|37 000442 000552 gi|80 
000428 77.9 009264 009385 gi|37 005095 005210 gi|135 
000272 75.4 035069 035013 gi|37 018309 018365 gi|55 
000257 72.1 000724 000791 gi|38 030892 030959 gi|79 
000318 75.3 000824 001248 gi|38 030940 031347 gi|79 
000277 87.5 021110 021245 gi|38 023709 023819 gi|102 
000360 73.7 030697 030791 gi|38 035100 035196 gi|138 
000570 76.8 031544 031282 gi|38 018466 018746 gi|148 
000395 80.8 031288 031454 gi|38 036216 036387 gi|146 
001255 79.5 031295 031723 gi|38 017332 017779 gi|154 
000750 83.4 031295 031475 gi|38 003038 003213 gi|101 
001625 75.6 032065 031300 gi|38 034500 035280 gi|138 
000383 76.6 031302 031459 gi|38 020271 020430 gi|64 
000257 76.4 031691 031864 gi|38 004462 004630 gi|97 
000566 73.8 032047 031750 gi|38 014731 015073 gi|148 
000539 78.5 031832 031994 gi|38 017780 017935 gi|154 
000424 75.4 032064 031866 gi|38 032754 032971 gi|81 
000380 77.1 031886 032077 gi|38 009217 009413 gi|159 
000416 83.3 021445 021522 gi|39 039303 039378 gi|113 
000303 82.3 021524 021457 gi|39 000634 000702 gi|97 
000273 75.7 021457 021530 gi|39 021369 021440 gi|130 
000276 94.6 021495 021459 gi|39 029247 029283 gi|61 
000292 87.5 021461 021516 gi|39 021377 021433 gi|138 
000250 78.5 021533 021469 gi|39 034612 034676 gi|167 
000353 83.9 021531 021470 gi|39 023657 023717 gi|73 
000319 88.7 021470 021522 gi|39 023984 024036 gi|73 
000301 84.8 021477 021522 gi|39 026427 026472 gi|66 
000580 73.4 023047 022774 gi|39 017722 017977 gi|128 
000871 73.1 025763 026186 gi|39 030111 030527 gi|43 
001819 74.4 027963 028712 gi|39 000485 001251 gi|80 
001511 73.4 028485 027963 gi|39 004642 005162 gi|135 
000458 71.5 028428 028711 gi|39 033312 033614 gi|64 
000261 87.0 031381 031290 gi|39 039298 039380 gi|113 
000563 92.5 031291 031383 gi|39 039298 039381 gi|113 
000287 95.1 031291 031331 gi|39 019935 019974 gi|72 
000380 90.1 031321 031391 gi|39 023984 024047 gi|73 
000373 93.8 031385 031321 gi|39 023661 023717 gi|73 
000350 91.2 031325 031381 gi|39 026419 026473 gi|66 
000266 96.9 031381 031350 gi|39 019935 019966 gi|72 
000523 79.0 034415 034872 gi|39 024144 024543 gi|50 
000483 74.5 035722 036183 gi|39 025628 026137 gi|50 
000324 75.9 036442 036549 gi|39 026337 026444 gi|50 
000295 84.2 024440 024553 gi|41 001664 001778 gi|131 
000354 87.2 026110 026195 gi|41 001722 001810 gi|131 
001046 75.4 003159 002688 gi|60 017845 018327 gi|72 
000817 79.8 003942 004462 gi|60 017817 018347 gi|72 
000302 83.8 019554 019627 gi|60 002356 002435 gi|104 
007303 84.1 020820 019605 gi|60 002320 003593 gi|90 
001023 82.7 020406 020613 gi|60 012230 012438 gi|133 
009143 82.4 022377 020831 gi|60 000001 001536 gi|90 
003573 81.5 022163 022812 gi|60 027127 027788 gi|134 
000326 70.5 022654 022809 gi|60 000333 000485 gi|162 
000391 68.5 022687 022813 gi|60 008180 008306 gi|136 
000263 69.2 023058 023229 gi|60 024687 024859 gi|112 
002248 84.7 023489 023894 gi|60 029521 029941 gi|61 
000484 86.0 024410 024495 gi|60 016858 016945 gi|77 
000318 83.6 024553 024499 gi|60 013485 013537 gi|167 
000339 74.0 024552 024647 gi|60 040605 040700 gi|134 
000659 69.9 019853 020434 gi|64 016962 017495 gi|154 
001321 74.4 019860 020430 gi|64 002674 003197 gi|101 
001896 76.4 020443 019901 gi|64 035115 035623 gi|138 
000869 75.8 020116 020416 gi|64 036074 036379 gi|146 
000509 81.2 020443 020279 gi|64 018537 018723 gi|148 
000789 77.2 020792 020433 gi|64 034502 034910 gi|138 
000294 74.6 020816 020585 gi|64 032731 032972 gi|81 
000618 80.8 020601 020772 gi|64 023987 024157 gi|93 
000307 71.5 020606 020819 gi|64 009219 009429 gi|159 
000664 76.6 020794 020607 gi|64 018240 018430 gi|148 
000334 78.7 020819 020684 gi|64 030236 030371 gi|138 
000255 80.0 024154 024100 gi|64 007946 008003 gi|163 
000789 83.6 032234 032070 gi|64 037023 037180 gi|116 
000870 87.2 032234 032087 gi|64 005263 005409 gi|149 
000592 79.5 032244 032365 gi|64 030365 030487 gi|129 
000297 68.0 032373 032274 gi|64 005395 005498 gi|162 
000554 96.8 033369 033307 gi|64 004642 004704 gi|135 
002339 90.9 033307 033614 gi|64 000943 001250 gi|80 
001871 97.5 033615 033373 gi|64 004205 004431 gi|135 
025466 92.0 040325 036960 gi|64 005646 008986 gi|135 
000281 69.9 033962 034187 gi|61 027679 027909 gi|131 
000366 75.5 019692 019587 gi|43 029343 029445 gi|76 
000715 71.4 000001 000405 gi|52 031436 031831 gi|165 
000678 70.5 000545 001216 gi|52 031951 032572 gi|165 
001457 81.3 010351 009982 gi|52 002642 002992 gi|148 
001375 80.8 009982 010351 gi|52 025010 025359 gi|112 
001919 84.5 010351 009984 gi|52 027957 028317 gi|138 
001806 78.5 010351 010741 gi|52 006100 006489 gi|135 
001602 77.4 010738 010376 gi|52 039495 039859 gi|64 
000256 77.4 014508 014425 gi|52 007026 007109 gi|159 
000384 82.5 016513 016661 gi|52 029344 029478 gi|151 
000928 87.0 016569 016722 gi|52 005756 005902 gi|101 
000250 77.4 016598 016721 gi|52 005879 005992 gi|143 
001018 97.5 027340 027461 gi|52 005876 005999 gi|75 
000314 73.3 028354 028220 gi|52 002606 002739 gi|55 
000699 91.5 013767 013650 gi|47 010104 010219 gi|99 
000980 86.2 013671 013822 gi|47 024551 024703 gi|151 
001578 97.7 013850 013675 gi|47 021001 021176 gi|153 
001300 91.4 013677 013850 gi|47 006428 006604 gi|90 
026214 93.5 014765 018090 gi|47 012318 015668 gi|165 
000465 72.9 010461 010244 gi|54 008472 008699 gi|77 
000392 71.4 010440 010245 gi|54 038820 039040 gi|87 
000324 80.7 005271 004961 gi|46 021563 021887 gi|171 
002022 98.2 016046 016370 gi|46 023707 023980 gi|73 
000475 81.7 019579 019720 gi|46 016593 016738 gi|52 
000375 84.2 019579 019724 gi|46 005780 005921 gi|101 
000258 81.2 019581 019644 gi|46 005877 005935 gi|143 
000590 85.2 019998 019898 gi|46 016575 016674 gi|52 
000540 83.2 019998 019898 gi|46 005762 005859 gi|101 
000331 81.8 020004 019906 gi|46 029372 029483 gi|151 
000577 71.5 000034 000373 gi|66 009344 009684 gi|118 
000983 93.2 021112 021244 gi|66 016846 016983 gi|142 
000425 91.2 026417 026473 gi|66 039323 039379 gi|113 
000443 96.2 026473 026421 gi|66 023665 023717 gi|73 
000425 93.1 026421 026478 gi|66 023984 024042 gi|73 
000265 86.0 026473 026431 gi|66 034622 034665 gi|167 
004625 95.6 002060 001511 gi|40 009964 010515 gi|170 
000287 81.8 004221 004096 gi|40 033474 033621 gi|71 
000263 79.4 004138 004234 gi|40 019558 019660 gi|76 
000253 74.8 010197 010414 gi|40 007806 008016 gi|49 
000290 83.1 010703 010773 gi|40 008217 008287 gi|49 
000255 69.0 011452 011564 gi|40 035015 035127 gi|168 
000790 75.8 014897 015197 gi|40 035546 035868 gi|147 
000294 79.5 014995 014918 gi|40 017502 017579 gi|121 
002220 84.3 026702 026320 gi|40 008304 008708 gi|136 
000278 63.0 026630 026469 gi|40 027853 028015 gi|134 
000660 89.8 026711 026594 gi|40 000486 000601 gi|162 
001222 84.1 026889 026701 gi|40 027329 027517 gi|117 
003489 85.0 027434 026889 gi|40 026625 027184 gi|117 
000462 84.5 027341 027437 gi|40 028362 028459 gi|117 
000521 82.6 032650 032519 gi|40 019754 019883 gi|77 
000446 80.7 032799 032655 gi|40 014839 014978 gi|154 
000360 77.5 032810 032709 gi|40 020302 020396 gi|115 
000251 69.1 035510 035388 gi|40 033886 034013 gi|134 
000557 73.1 036321 036636 gi|40 023251 023567 gi|124 
000257 81.6 014460 014535 gi|50 004932 005005 gi|68 
000525 75.5 023162 022971 gi|50 006648 006826 gi|107 
000418 75.5 005134 005276 gi|55 004095 004237 gi|89 
000712 95.7 013363 013272 gi|55 001321 001416 gi|172 
000645 96.4 013275 013357 gi|55 005692 005785 gi|106 
000643 96.5 013277 013363 gi|55 038642 038740 gi|65 
001287 86.4 034457 034016 gi|55 031076 031532 gi|93 
023235 79.3 034723 039948 gi|55 021277 026541 gi|169 
000579 72.8 036464 036127 gi|55 017303 017644 gi|158 
000554 72.4 036208 036744 gi|55 002932 003463 gi|165 
000253 70.5 038979 038858 gi|55 014850 014972 gi|158 
000253 70.7 038864 038979 gi|55 005467 005582 gi|165 
000356 78.8 032828 032987 gi|53 027637 027782 gi|93 
000292 79.8 032883 032981 gi|53 021345 021432 gi|152 
000347 80.6 033007 032910 gi|53 013928 014015 gi|76 
000317 87.3 032923 032985 gi|53 010526 010587 gi|165 
000254 80.0 036683 036732 gi|53 023665 023715 gi|73 
000482 77.7 004881 004725 gi|63 032744 032908 gi|81 
000448 77.5 004875 004725 gi|63 034497 034645 gi|138 
000388 71.7 004725 004876 gi|63 009260 009409 gi|159 
000480 75.0 004875 004736 gi|63 010517 010657 gi|97 
000419 75.0 004772 004875 gi|63 000418 000519 gi|97 
000594 77.2 005246 005587 gi|63 014311 014631 gi|134 
002228 73.5 005762 006932 gi|63 014866 016031 gi|134 
001096 70.5 007051 007518 gi|63 016163 016621 gi|134 
000258 84.2 019239 019164 gi|63 000369 000454 gi|89 
000261 74.5 037716 037993 gi|63 036707 036963 gi|79 
000959 72.0 011014 009916 gi|58 032855 034011 gi|172 
000579 80.8 018055 018215 gi|58 006728 006887 gi|149 
000270 76.7 018077 018166 gi|58 007825 007909 gi|136 
000622 84.7 022303 022465 gi|58 029541 029699 gi|151 
000667 90.7 038742 038603 gi|65 001322 001463 gi|172 
000697 94.5 038642 038732 gi|65 005694 005783 gi|106 
000250 84.7 015979 015869 gi|48 004005 004130 gi|166 
002002 94.0 022384 022649 gi|48 014150 014415 gi|92 
000518 79.5 028787 028981 gi|48 008260 008465 gi|172 
000466 71.2 028817 028986 gi|48 025623 025796 gi|138 
000565 77.5 028981 028853 gi|48 007566 007693 gi|90 
000546 79.2 028853 028977 gi|48 000356 000477 gi|76 
000499 70.9 032226 032359 gi|48 030556 030694 gi|110 
000451 81.2 032917 033065 gi|48 014647 014817 gi|119 
000370 73.0 033065 032977 gi|48 024818 024909 gi|109 
000309 75.1 007815 008055 gi|49 007200 007438 gi|70 
000262 72.1 007863 008016 gi|49 024139 024300 gi|131 
000279 74.7 008209 008287 gi|49 034442 034520 gi|168 
000264 76.1 008720 008836 gi|49 035015 035131 gi|168 
000268 79.7 008733 008845 gi|49 008212 008324 gi|70 
000396 77.0 016192 016071 gi|42 027478 027609 gi|134 
000623 87.8 016192 016078 gi|42 022493 022623 gi|60 
000360 76.8 032416 032227 gi|51 013722 013910 gi|138 
000334 79.5 032236 032479 gi|51 021214 021436 gi|130 
000428 72.0 032476 032252 gi|51 000636 000884 gi|97 
000371 76.1 032430 032255 gi|51 032908 033073 gi|170 
000439 75.5 032287 032470 gi|51 021212 021433 gi|138 
000252 80.6 032411 032477 gi|51 039313 039379 gi|113 
000495 87.5 000586 000793 gi|44 032051 032223 gi|64 
000414 84.0 000800 000638 gi|44 037028 037162 gi|116 
000529 88.1 000795 000645 gi|44 005272 005397 gi|149 
001981 95.8 008579 008819 gi|44 022578 022818 gi|130 
000737 75.7 008820 009000 gi|44 033898 034081 gi|129 
001891 82.1 009885 009209 gi|44 016828 017518 gi|166 
001096 89.7 009885 009683 gi|44 031937 032140 gi|129 
000254 71.3 030147 030019 gi|44 033292 033424 gi|82 
001690 71.8 006317 005273 gi|67 000003 001010 gi|135 
001510 70.8 036587 035612 gi|67 026276 027260 gi|84 
000296 78.1 021206 021143 gi|68 019227 019290 gi|75 
000481 72.5 005685 005249 gi|45 035703 036134 gi|138 
000269 73.8 005311 005794 gi|45 002201 002673 gi|101 
000297 68.5 005314 005519 gi|45 010177 010382 gi|97 
000523 84.3 006659 006773 gi|45 013033 013155 gi|142 
000484 82.0 006680 006790 gi|45 032926 033031 gi|165 
000255 82.5 031423 031479 gi|45 017881 017936 gi|164 
001932 82.9 000522 001101 gi|70 013722 014278 gi|85 
000296 75.8 007418 007287 gi|70 015964 016089 gi|95 
000356 71.7 008188 008314 gi|70 035004 035130 gi|168 
000258 84.7 008208 008318 gi|70 014737 014848 gi|72 
006130 80.0 002466 000981 gi|69 014364 015827 gi|77 
007136 87.6 002454 001403 gi|69 038932 039993 gi|134 
001658 77.7 002466 002037 gi|69 017919 018359 gi|165 
000484 72.9 003849 003499 gi|69 008912 009267 gi|77 
000270 76.5 004463 004413 gi|69 040493 040543 gi|134 
000322 74.0 005602 005751 gi|69 000745 000897 gi|129 
000304 83.2 010142 010462 gi|69 004344 004644 gi|142 
000279 75.0 029361 029286 gi|69 038811 038892 gi|74 
000381 88.3 029371 029312 gi|69 039208 039263 gi|166 
000326 85.4 029359 029312 gi|69 015538 015585 gi|119 
000253 87.5 019935 019974 gi|72 039298 039337 gi|113 
000262 83.8 020599 020489 gi|72 028880 028990 gi|152 
000305 71.6 020776 021187 gi|72 015160 015566 gi|117 
000529 73.7 021625 020809 gi|72 027820 028687 gi|152 
000508 72.7 020809 021625 gi|72 008912 009775 gi|79 
002397 81.1 037473 037981 gi|72 028964 029469 gi|83 
002995 86.2 037992 037514 gi|72 031545 032028 gi|128 
002541 78.2 002604 001779 gi|101 035665 036494 gi|138 
001334 70.9 002615 003232 gi|101 016909 017521 gi|154 
001630 69.1 003233 002703 gi|101 035097 035625 gi|138 
000940 73.2 002895 003192 gi|101 036078 036387 gi|146 
000471 75.0 003236 003037 gi|101 018516 018739 gi|148 
000284 81.7 005776 005846 gi|101 029407 029478 gi|151 
000256 83.8 005784 005888 gi|101 005879 005973 gi|143 
000308 74.3 022738 022669 gi|71 016179 016248 gi|148 
000607 72.7 028112 028316 gi|71 021456 021665 gi|130 
004071 96.4 028777 029254 gi|71 039578 040079 gi|117 
000661 93.7 028855 028777 gi|71 010509 010587 gi|170 
001499 95.1 029024 028841 gi|71 009794 009979 gi|170 
000782 88.6 029257 029126 gi|71 009690 009817 gi|170 
004434 93.1 033722 033098 gi|71 019415 020014 gi|76 
001339 88.0 033098 033305 gi|71 025555 025755 gi|130 
000813 84.9 033108 033339 gi|71 037146 037383 gi|137 
001250 84.9 003321 003097 gi|73 011965 012193 gi|85 
000507 96.5 015168 015225 gi|73 001463 001520 gi|168 
000267 84.8 023662 023707 gi|73 034619 034665 gi|167 
000441 94.4 023717 023664 gi|73 039327 039380 gi|113 
000401 92.6 023984 024037 gi|73 039327 039379 gi|113 
001261 71.5 037861 038438 gi|73 009842 010404 gi|78 
000927 71.2 038466 038812 gi|73 010380 010725 gi|78 
000292 70.2 038995 039145 gi|73 010860 011019 gi|78 
000316 80.2 007524 007644 gi|74 027411 027531 gi|81 
000295 73.8 027926 028093 gi|74 030889 031056 gi|79 
001886 97.0 038331 038563 gi|74 026249 026482 gi|170 
001879 83.4 038811 039231 gi|74 039214 039646 gi|166 
000564 85.6 038813 038930 gi|74 015538 015674 gi|119 
000699 79.3 039093 038819 gi|74 003198 003454 gi|168 
001039 79.9 038840 039222 gi|74 009013 009365 gi|119 
000321 81.1 008447 008395 gi|77 035001 035053 gi|124 
000671 77.9 008473 008712 gi|77 038803 039055 gi|87 
000886 82.2 010204 010366 gi|77 013542 013710 gi|158 
005447 84.7 010373 011258 gi|77 013813 014705 gi|158 
001629 79.5 011168 010374 gi|77 005784 006488 gi|165 
009232 87.0 011253 012670 gi|77 017799 019228 gi|158 
003168 77.6 012578 011255 gi|77 001490 002691 gi|165 
000262 73.4 013396 013243 gi|77 038258 038408 gi|126 
003251 78.6 014012 014881 gi|77 017524 018419 gi|165 
004950 79.3 014152 015431 gi|77 038713 040014 gi|134 
000512 89.3 016541 016643 gi|77 039993 040087 gi|134 
001710 80.6 037206 036815 gi|77 006329 006729 gi|91 
000336 81.9 037581 037466 gi|77 000356 000471 gi|124 
000515 87.4 039394 039292 gi|77 031787 031901 gi|167 
000259 78.2 005994 005876 gi|75 002282 002396 gi|151 
000259 72.7 000541 000388 gi|97 030231 030409 gi|138 
000624 78.6 000618 000418 gi|97 034399 034593 gi|138 
000317 71.0 000418 000634 gi|97 009308 009522 gi|159 
000254 74.3 000705 000636 gi|97 039312 039378 gi|113 
000397 76.6 000927 000642 gi|97 021149 021433 gi|138 
000445 81.7 000666 000894 gi|97 032893 033087 gi|170 
000431 76.2 000758 000938 gi|97 013748 013948 gi|138 
002535 82.1 009163 008488 gi|97 036986 037645 gi|138 
000298 74.5 008798 009005 gi|97 031375 031567 gi|113 
005359 81.9 010396 009303 gi|97 035851 036918 gi|138 
001554 75.5 009758 010390 gi|97 001783 002416 gi|101 
000717 74.0 010704 010397 gi|97 009220 009527 gi|159 
000793 75.5 010417 010710 gi|97 034390 034687 gi|138 
000525 70.3 010486 010788 gi|97 014671 015011 gi|148 
000282 71.3 010491 010605 gi|97 030227 030345 gi|138 
000264 71.0 010767 010613 gi|97 017780 017931 gi|154 
000279 67.9 014679 014787 gi|97 005392 005501 gi|162 
000489 84.7 014856 014681 gi|97 030311 030496 gi|129 
000320 78.7 003243 003350 gi|78 022203 022312 gi|126 
000712 78.7 015367 015667 gi|78 003234 003527 gi|144 
000253 77.5 025779 025938 gi|78 003218 003364 gi|133 
000761 96.3 038987 038879 gi|78 030879 030982 gi|125 
000752 96.0 038987 038888 gi|78 031040 031138 gi|125 
000700 93.4 010104 010194 gi|99 021084 021174 gi|153 
000698 94.5 010194 010104 gi|99 024557 024648 gi|151 
000764 78.6 010512 010340 gi|99 001385 001558 gi|150 
000441 90.0 010589 010510 gi|99 030226 030302 gi|138 
000326 83.5 010589 010511 gi|99 018209 018286 gi|148 
000307 72.2 009990 010302 gi|96 017304 017624 gi|115 
000437 78.4 015179 015032 gi|95 014991 015130 gi|137 
000388 74.5 015241 015077 gi|95 017304 017468 gi|171 
000676 81.7 015523 015180 gi|95 014647 014929 gi|137 
001015 77.4 016071 015524 gi|95 014100 014592 gi|137 
000794 77.6 016210 016046 gi|95 013884 014048 gi|137 
000281 81.9 033189 033282 gi|95 001543 001633 gi|101 
001239 83.2 000627 000248 gi|76 007432 007800 gi|90 
000676 78.5 000265 000525 gi|76 008241 008508 gi|172 
001212 84.9 000317 000654 gi|76 025626 025942 gi|138 
002833 79.7 001230 000635 gi|76 006598 007193 gi|90 
000381 78.7 000824 000661 gi|76 025173 025331 gi|138 
001024 72.3 001541 001217 gi|76 006082 006427 gi|90 
001632 78.1 001313 001755 gi|76 026058 026521 gi|138 
000451 93.5 001697 001758 gi|76 008853 008911 gi|146 
000272 75.9 008627 008425 gi|76 033230 033437 gi|170 
000323 76.4 012614 012471 gi|76 009831 009966 gi|146 
000260 80.6 013627 013530 gi|76 010351 010434 gi|131 
000270 77.3 013567 013698 gi|76 025035 025150 gi|138 
000498 85.0 013698 013586 gi|76 026932 027031 gi|138 
000297 89.7 013766 013891 gi|76 000623 000746 gi|140 
000377 81.4 013999 013882 gi|76 010533 010653 gi|165 
000414 76.8 014028 013887 gi|76 021361 021493 gi|152 
000316 70.4 013946 014080 gi|76 018866 019012 gi|170 
000306 78.5 014061 013946 gi|76 027661 027781 gi|93 
000813 85.6 020004 019790 gi|76 037146 037373 gi|137 
001365 90.5 020014 019805 gi|76 025555 025754 gi|130 
000253 79.5 021957 022034 gi|76 009365 009439 gi|159 
000273 78.3 022017 021958 gi|76 010502 010559 gi|97 
000254 73.6 022052 021962 gi|76 032697 032788 gi|81 
000292 85.9 022035 022105 gi|76 027639 027709 gi|93 
000284 73.4 035822 035949 gi|76 006149 006276 gi|142 
000277 75.5 039006 039115 gi|76 019242 019362 gi|128 
008433 94.3 001005 000003 gi|80 004642 005644 gi|135 
001507 89.3 001250 001009 gi|80 004206 004431 gi|135 
000421 96.3 039302 039355 gi|80 039344 039396 gi|135 
000576 92.0 039584 039347 gi|80 029347 029521 gi|163 
000255 78.5 002868 002637 gi|93 016325 016564 gi|129 
000359 76.7 004884 004615 gi|93 000467 000726 gi|160 
001119 99.2 009707 009582 gi|93 019040 019165 gi|129 
000619 76.9 024301 023986 gi|93 034353 034688 gi|138 
000810 76.7 024285 023998 gi|93 018121 018421 gi|148 
000317 73.7 024014 024283 gi|93 009245 009531 gi|159 
000289 75.4 024190 024069 gi|93 030228 030368 gi|138 
000331 77.7 027781 027679 gi|93 018866 018972 gi|170 
000312 81.3 027702 027776 gi|93 021358 021432 gi|152 
000265 86.2 031581 031517 gi|93 018711 018772 gi|172 
000250 80.5 016791 016867 gi|98 036519 036595 gi|107 
000344 71.9 017024 017208 gi|98 036751 036929 gi|107 
000776 89.1 035507 035380 gi|98 005849 005979 gi|162 
000631 74.3 011692 011913 gi|82 025937 026193 gi|117 
000290 77.9 029404 029301 gi|82 005444 005547 gi|100 
001772 72.7 032739 034271 gi|82 006647 008272 gi|159 
000377 77.0 034293 034509 gi|82 008353 008569 gi|159 
000253 78.1 012855 013096 gi|94 020775 021004 gi|151 
000280 73.6 006764 006835 gi|86 028765 028839 gi|93 
000275 68.8 006990 007111 gi|86 028928 029046 gi|93 
000256 80.0 040124 040025 gi|86 033004 033104 gi|126 
000269 82.3 008414 008313 gi|83 001565 001654 gi|116 
000710 77.4 012582 011830 gi|83 014581 015369 gi|90 
000396 76.2 012819 012690 gi|83 014425 014554 gi|90 
002599 83.3 029548 029004 gi|83 031494 032026 gi|128 
000355 76.8 001783 001224 gi|102 037226 037755 gi|129 
000552 77.3 036535 036205 gi|102 025715 026035 gi|149 
000563 77.5 032448 032200 gi|81 002192 002459 gi|150 
001143 84.6 032465 032206 gi|81 024387 024634 gi|128 
000547 79.5 032749 032963 gi|81 034496 034697 gi|138 
000327 72.1 032749 032949 gi|81 018236 018432 gi|148 
000460 73.5 032749 032974 gi|81 010516 010734 gi|97 
000351 77.2 032849 032749 gi|81 000418 000520 gi|97 
000490 73.7 032947 032750 gi|81 009220 009408 gi|159 
000506 76.6 032769 032973 gi|81 014734 014956 gi|148 
000298 80.4 032947 032856 gi|81 017839 017931 gi|154 
000267 74.4 020623 020417 gi|87 029400 029609 gi|157 
001630 89.8 000216 000001 gi|90 027126 027341 gi|134 
001369 98.1 002789 002633 gi|90 012230 012387 gi|133 
000302 88.4 003779 003737 gi|90 028198 028240 gi|134 
001233 80.6 006326 006080 gi|90 026058 026303 gi|138 
000657 91.1 006519 006408 gi|90 010104 010221 gi|99 
000988 88.3 006423 006576 gi|90 024551 024703 gi|151 
001309 92.1 006605 006428 gi|90 021000 021174 gi|153 
000352 77.6 007005 007357 gi|90 025173 025521 gi|138 
001767 86.5 007708 007211 gi|90 025649 026076 gi|138 
000251 88.7 007383 007242 gi|90 029910 030009 gi|106 
000576 73.0 007705 007521 gi|90 008327 008508 gi|172 
000296 85.8 007669 007802 gi|90 009400 009535 gi|159 
000343 84.3 016573 016706 gi|90 024155 024284 gi|93 
014473 88.3 010620 008449 gi|79 026965 029155 gi|152 
002802 78.4 008934 010058 gi|79 015231 016290 gi|117 
000691 73.5 012412 012679 gi|79 000609 000878 gi|168 
000515 72.6 029918 030085 gi|79 017008 017172 gi|114 
000339 74.2 030151 030274 gi|79 017345 017467 gi|114 
000311 76.0 030898 031218 gi|79 018097 018468 gi|114 
000264 74.6 008854 008741 gi|105 018243 018356 gi|130 
000273 79.3 011604 011724 gi|105 036279 036391 gi|166 
000269 73.2 013091 013243 gi|105 037925 038082 gi|166 
000473 75.7 013806 014040 gi|105 036973 037216 gi|145 
000272 78.3 037003 036852 gi|91 028240 028406 gi|129 
000469 81.7 005310 005429 gi|106 003345 003460 gi|142 
000264 83.3 005368 005427 gi|106 003565 003622 gi|142 
000630 92.6 005799 005692 gi|106 001311 001413 gi|172 
000252 74.0 012530 012354 gi|109 002891 003047 gi|134 
000312 76.9 018971 018790 gi|109 020238 020428 gi|120 
000532 83.4 019450 019264 gi|109 019680 019921 gi|120 
000747 76.2 020458 020006 gi|109 018755 019177 gi|120 
000353 72.2 021176 020878 gi|109 018039 018339 gi|120 
000297 80.0 022220 022156 gi|109 015750 015812 gi|120 
000325 75.6 022691 022454 gi|109 031126 031357 gi|118 
000612 74.3 023318 022647 gi|109 014474 015187 gi|120 
000397 75.6 023751 023347 gi|109 013955 014327 gi|120 
000364 76.5 024908 024811 gi|109 014721 014824 gi|119 
001993 71.2 026900 025519 gi|109 025118 026560 gi|134 
000447 75.7 030527 030695 gi|110 004072 004246 gi|149 
001439 82.5 031214 030975 gi|110 031483 031721 gi|167 
000984 82.6 031214 031043 gi|110 028247 028417 gi|145 
000368 76.0 036267 036608 gi|108 018663 019010 gi|115 
000380 77.8 033782 033612 gi|124 006754 006917 gi|149 
000265 74.9 034368 034554 gi|124 014149 014339 gi|161 
000689 73.6 010793 011186 gi|113 015600 016043 gi|147 
000296 76.8 011488 011569 gi|113 016345 016424 gi|147 
009738 76.8 038952 036319 gi|113 018684 021284 gi|128 
000257 85.2 039379 039319 gi|113 034622 034676 gi|167 
000279 95.7 039347 039392 gi|113 024350 024391 gi|128 
000251 97.3 039380 039416 gi|113 017240 017281 gi|165 
025668 95.0 025870 022784 gi|112 002131 005240 gi|148 
002568 79.0 025546 024984 gi|112 027773 028352 gi|138 
001001 90.2 026001 025869 gi|112 001827 001959 gi|148 
000479 88.1 025938 026004 gi|112 034511 034577 gi|167 
001159 77.3 008173 008428 gi|136 000359 000603 gi|162 
000253 88.9 030090 030037 gi|135 030259 030314 gi|138 
000262 80.0 039059 039010 gi|135 028181 028230 gi|145 
000277 78.6 039012 039067 gi|135 028931 028988 gi|145 
009394 92.1 027569 026350 gi|137 005754 006981 gi|170 
000628 78.6 027259 027134 gi|137 003089 003216 gi|142 
000396 67.3 027674 028012 gi|134 008180 008549 gi|136 
000591 81.6 038597 038484 gi|134 033063 033177 gi|165 
001136 85.1 038492 038712 gi|134 017281 017521 gi|165 
003425 83.0 038710 039357 gi|134 017703 018359 gi|165 
000799 84.7 040319 040085 gi|134 033219 033477 gi|165 
000800 79.0 040429 040097 gi|134 019063 019367 gi|165 
000358 80.5 040345 040264 gi|134 019057 019132 gi|165 
000616 85.9 040490 040356 gi|134 033142 033278 gi|165 
000363 85.1 021389 021209 gi|138 032909 033045 gi|170 
000256 81.4 021434 021392 gi|138 034628 034670 gi|167 
000419 73.9 025171 024938 gi|138 009737 009997 gi|146 
000446 72.7 025644 025830 gi|138 008319 008508 gi|172 
000821 77.4 026464 026684 gi|138 008853 009074 gi|146 
000386 74.0 026904 027007 gi|138 009720 009834 gi|146 
002660 80.2 027773 028352 gi|138 002455 003018 gi|148 
000290 81.5 028354 028445 gi|138 009942 010030 gi|146 
000262 78.2 030366 030220 gi|138 009304 009445 gi|159 
000562 80.0 030226 030365 gi|138 018209 018347 gi|148 
000338 76.5 034782 034366 gi|138 016604 017031 gi|164 
000639 77.8 034367 034740 gi|138 018117 018471 gi|148 
000781 74.2 034671 034373 gi|138 009234 009531 gi|159 
000573 73.7 034475 034786 gi|138 014676 015044 gi|148 
000311 78.3 034753 034588 gi|138 017774 017932 gi|154 
001328 69.3 035623 034845 gi|138 017002 017781 gi|154 
001000 79.2 035047 035282 gi|138 018470 018735 gi|148 
001304 79.5 035424 035142 gi|138 036078 036379 gi|146 
000556 76.6 003089 003212 gi|142 006070 006191 gi|170 
000521 89.9 013077 013155 gi|142 032934 033014 gi|165 
000387 78.8 015574 015691 gi|142 011268 011386 gi|172 
000261 78.7 014036 013948 gi|133 003352 003440 gi|145 
000381 79.9 014330 014167 gi|133 002974 003140 gi|145 
001826 86.1 031230 031632 gi|125 015698 016067 gi|165 
002483 91.2 031630 031232 gi|125 001750 002125 gi|151 
000322 84.4 021293 021427 gi|130 021290 021434 gi|138 
000320 81.3 021781 021691 gi|130 009911 009998 gi|146 
000486 89.5 021692 021777 gi|130 024938 025019 gi|138 
001220 82.4 021761 022101 gi|130 025216 025548 gi|138 
000715 79.1 025560 025755 gi|130 037138 037354 gi|137 
000256 76.5 017543 017644 gi|128 029344 029451 gi|166 
000399 87.9 024286 024221 gi|128 029200 029266 gi|163 
000427 74.2 024447 024605 gi|128 002250 002407 gi|150 
000809 74.6 037263 036253 gi|128 027388 028405 gi|131 
000402 74.2 037878 037507 gi|128 026619 027010 gi|131 
000268 76.7 008802 008588 gi|118 029124 029332 gi|162 
007333 79.8 039090 037337 gi|127 006519 008255 gi|133 
000533 78.8 039526 039160 gi|127 006149 006507 gi|133 
001140 76.8 010421 011014 gi|122 004577 005127 gi|151 
000286 82.1 022598 022759 gi|122 021312 021480 gi|168 
000256 73.9 032083 032220 gi|122 038205 038339 gi|127 
000411 71.1 018797 018604 gi|115 011136 011329 gi|159 
000867 78.9 019099 018816 gi|115 010769 011052 gi|159 
000376 79.9 019656 019274 gi|115 010203 010535 gi|159 
000327 78.0 017669 017502 gi|121 035485 035644 gi|147 
001198 77.8 009007 009362 gi|119 039236 039623 gi|166 
000542 78.7 009232 009012 gi|119 003184 003436 gi|168 
000629 82.4 014081 013923 gi|119 013687 013851 gi|142 
000587 88.2 015538 015656 gi|119 039216 039329 gi|166 
000470 88.4 015629 015544 gi|119 003370 003454 gi|168 
000979 85.7 037021 037167 gi|116 005261 005410 gi|149 
000280 73.1 037940 038084 gi|116 006009 006156 gi|172 
000267 74.7 016419 016679 gi|129 001763 002026 gi|160 
000273 69.7 030495 030397 gi|129 005395 005498 gi|162 
000519 83.3 031933 032159 gi|129 016820 017061 gi|166 
000367 86.1 032110 031945 gi|129 027252 027393 gi|167 
000252 67.3 034292 034137 gi|129 017389 017551 gi|166 
000315 87.3 010402 010332 gi|131 025041 025124 gi|138 
000364 71.4 024555 024932 gi|131 016785 017179 gi|171 
000291 76.5 025187 025254 gi|131 017384 017451 gi|171 
000355 89.6 025675 025628 gi|131 002861 002908 gi|168 
000306 75.9 026884 026619 gi|131 000542 000811 gi|151 
001595 81.8 015553 015219 gi|117 028331 028672 gi|152 
001357 71.6 016290 015710 gi|117 027537 028132 gi|152 
000540 84.7 028781 028983 gi|117 000166 000353 gi|170 
000546 82.7 028784 028979 gi|117 001365 001558 gi|170 
001968 77.7 029417 028786 gi|117 005188 005749 gi|170 
000302 80.3 028909 028979 gi|117 007237 007306 gi|170 
001850 83.2 029090 029540 gi|117 000384 000855 gi|170 
001572 86.0 029091 029418 gi|117 009302 009636 gi|170 
001314 86.8 029169 029419 gi|117 001624 001856 gi|170 
000271 82.5 029628 029770 gi|117 000675 000822 gi|170 
000536 75.9 029804 030081 gi|117 001054 001322 gi|170 
001522 81.8 030857 030540 gi|117 009308 009677 gi|170 
002867 84.8 031084 030558 gi|117 001366 001870 gi|170 
002117 84.2 031051 030570 gi|117 000196 000710 gi|170 
002461 88.3 030572 031083 gi|117 005188 005749 gi|170 
000260 86.5 030808 030757 gi|117 000597 000660 gi|170 
000303 85.4 030957 030862 gi|117 007237 007334 gi|170 
003714 91.3 032211 031743 gi|117 003730 004198 gi|170 
008627 92.6 033253 032194 gi|117 002420 003482 gi|170 
001041 96.3 033621 033488 gi|117 004800 004931 gi|170 
000546 72.8 034099 033832 gi|117 002747 003016 gi|170 
003041 89.2 034586 034095 gi|117 001367 001854 gi|170 
001584 81.9 034535 034095 gi|117 000199 000708 gi|170 
001523 82.4 034095 034367 gi|117 005188 005479 gi|170 
001222 81.9 034359 034095 gi|117 009310 009635 gi|170 
000420 83.0 034455 034362 gi|117 007237 007330 gi|170 
000822 87.2 034387 034589 gi|117 005559 005752 gi|170 
000414 71.6 034663 034884 gi|117 002682 002908 gi|170 
001802 78.8 034882 035249 gi|117 007347 007709 gi|170 
000398 79.3 035289 035409 gi|117 009156 009302 gi|170 
000383 74.5 035647 035889 gi|117 001053 001310 gi|170 
002788 97.1 036086 036429 gi|117 002091 002439 gi|170 
000255 76.7 036966 036808 gi|117 000013 000171 gi|170 
000322 76.0 038566 038396 gi|117 003217 003390 gi|170 
001995 95.3 038582 038881 gi|117 004198 004552 gi|170 
005001 96.8 038897 039486 gi|117 004343 004931 gi|170 
000262 77.3 039564 039490 gi|117 003131 003205 gi|170 
000708 95.1 039656 039575 gi|117 010509 010590 gi|170 
001473 94.0 039825 039642 gi|117 009794 009979 gi|170 
000769 86.9 040087 039951 gi|117 009685 009817 gi|170 
001227 90.1 028247 028417 gi|145 031483 031653 gi|167 
000261 81.2 029013 028945 gi|145 036702 036772 gi|170 
000253 75.9 007113 006927 gi|146 012924 013125 gi|159 
001104 72.0 006999 007808 gi|146 019756 020547 gi|161 
000288 83.1 007608 007479 gi|146 012394 012526 gi|159 
000634 76.1 036090 036373 gi|146 017211 017471 gi|154 
000522 75.2 036363 036223 gi|146 018601 018739 gi|148 
019306 78.4 019323 013655 gi|158 001323 006652 gi|165 
000613 73.1 017644 017303 gi|158 022704 023041 gi|169 
000475 92.2 001890 001827 gi|148 034511 034575 gi|167 
000322 77.5 014926 014669 gi|148 009224 009438 gi|159 
000530 88.5 018096 017949 gi|148 033098 033236 gi|170 
000441 70.5 018442 018117 gi|148 009208 009536 gi|159 
000519 75.5 018738 018486 gi|148 017332 017553 gi|154 
000398 80.7 002232 002140 gi|149 009604 009692 gi|170 
000578 72.2 002932 003463 gi|165 022785 023321 gi|169 
000340 75.4 019299 019101 gi|165 030454 030639 gi|166 
000310 78.7 014158 014032 gi|163 021055 021181 gi|168 
000377 76.5 006274 006388 gi|166 006475 006597 gi|167 
000801 77.2 039476 039222 gi|166 003213 003454 gi|168 
001871 85.6 002132 001759 gi|151 015693 016061 gi|165 
000996 89.1 024703 024557 gi|151 021029 021174 gi|153 
000465 78.6 023788 023686 gi|156 010694 010792 gi|170 
000272 78.0 021385 021466 gi|152 010533 010617 gi|165 
000288 80.8 017838 017931 gi|154 009219 009312 gi|159 
000319 71.3 013023 012585 gi|159 019771 020179 gi|161 
002501 74.5 018905 018131 gi|159 027528 028354 gi|165 
003537 74.6 020173 018352 gi|159 026233 028081 gi|165 
000263 77.8 027134 027009 gi|162 013966 014092 gi|163 
