000617 80.8 002922 003051 gi|24 016085 016219 gi|97 
004318 80.0 003961 003051 gi|24 016221 017124 gi|97 
003344 80.1 003962 004792 gi|24 017123 017960 gi|97 
017999 84.9 004961 008178 gi|24 017948 021143 gi|97 
006157 75.6 005262 007300 gi|24 029655 031650 gi|97 
008884 95.3 011014 009982 gi|24 004170 005201 gi|107 
004902 97.5 021320 021873 gi|24 007494 008048 gi|226 
004142 93.1 021873 021321 gi|24 009995 010529 gi|205 
000272 75.0 021345 021436 gi|24 007722 007810 gi|226 
000272 75.0 021436 021345 gi|24 000894 000982 gi|225 
000447 75.7 021638 021384 gi|24 010414 010695 gi|205 
000585 95.9 021391 021463 gi|24 000168 000239 gi|131 
003476 100.0 021876 021504 gi|24 000654 001026 gi|225 
000255 77.2 021545 021636 gi|24 007516 007610 gi|226 
000714 96.4 005689 005771 gi|20 010735 010817 gi|165 
005243 92.0 005689 006376 gi|20 016567 017269 gi|45 
004321 92.0 005800 006361 gi|20 018728 019305 gi|165 
006375 94.1 006904 007677 gi|20 017697 018496 gi|45 
006548 94.6 006906 007677 gi|20 019749 020521 gi|165 
000950 82.0 007234 007411 gi|20 028068 028243 gi|225 
002424 95.1 007985 008272 gi|20 020829 021115 gi|165 
000819 87.6 010837 010685 gi|20 012218 012361 gi|74 
000488 84.7 010848 010692 gi|20 038308 038451 gi|30 
000374 91.0 011045 010979 gi|20 023300 023381 gi|86 
000342 73.8 020923 021044 gi|20 038221 038339 gi|76 
000967 71.5 022298 022665 gi|20 001453 001839 gi|212 
001383 78.3 022741 022308 gi|20 032119 032558 gi|132 
001089 73.2 023535 022469 gi|20 023947 024931 gi|212 
000941 74.9 023065 022767 gi|20 020263 020559 gi|148 
001682 74.1 023512 023034 gi|20 019745 020217 gi|148 
000304 66.7 023486 023256 gi|20 001035 001272 gi|212 
000258 81.6 017448 017335 gi|26 009598 009708 gi|105 
001809 91.9 003751 003973 gi|30 013414 013636 gi|200 
013986 94.6 003973 005740 gi|30 014316 016094 gi|200 
000547 95.7 005792 005724 gi|30 010270 010338 gi|70 
005522 95.2 005867 006548 gi|30 016082 016741 gi|200 
003777 94.0 007471 007924 gi|30 016745 017198 gi|200 
000758 72.8 020836 020348 gi|30 037835 038293 gi|180 
000517 72.3 020680 020378 gi|30 038396 038698 gi|180 
000262 81.8 024322 024213 gi|30 023934 024048 gi|48 
000389 72.3 035005 035116 gi|30 033036 033149 gi|132 
000266 71.5 035164 035035 gi|30 032431 032558 gi|189 
000325 74.3 035062 035326 gi|30 004322 004616 gi|148 
000251 83.2 035322 035150 gi|30 017666 017845 gi|142 
000271 77.1 035585 035468 gi|30 014309 014436 gi|159 
000552 83.5 038340 038436 gi|30 012227 012320 gi|74 
001733 81.5 023610 024183 gi|25 012365 012920 gi|223 
000314 83.3 023708 023613 gi|25 022820 022925 gi|220 
000305 85.6 023615 023746 gi|25 016078 016202 gi|46 
000482 82.8 024200 024027 gi|25 012345 012522 gi|223 
000336 82.3 024179 024056 gi|25 016077 016205 gi|46 
000344 86.8 024078 024183 gi|25 022825 022925 gi|220 
000302 77.5 034049 033783 gi|25 017294 017568 gi|182 
000557 71.8 034053 034215 gi|25 024246 024412 gi|77 
000371 77.0 034667 034766 gi|25 037350 037443 gi|205 
000371 81.5 034774 034667 gi|25 022536 022630 gi|132 
000405 74.2 008608 008758 gi|34 015958 016111 gi|38 
000272 72.6 009770 010006 gi|34 016830 017068 gi|38 
000280 69.3 010168 010333 gi|34 025784 025953 gi|222 
000398 79.5 010264 010341 gi|34 017239 017316 gi|38 
000273 74.2 010547 010639 gi|34 017428 017523 gi|38 
000251 77.0 036292 036439 gi|34 001674 001813 gi|175 
000275 76.2 001882 001463 gi|31 029070 029493 gi|67 
000259 76.0 001882 001463 gi|31 025501 025924 gi|67 
003953 94.8 023981 024515 gi|31 001211 001781 gi|117 
003188 94.9 023982 024468 gi|31 012074 012508 gi|68 
004317 94.9 024513 023987 gi|31 033348 033899 gi|36 
004281 94.7 024513 023987 gi|31 035079 035605 gi|112 
003859 94.3 024513 023989 gi|31 028421 028913 gi|67 
003037 91.0 023991 024513 gi|31 005515 005973 gi|119 
003740 93.7 024515 023992 gi|31 026606 027096 gi|36 
003946 95.2 024513 023992 gi|31 031918 032475 gi|67 
001063 84.3 024012 024228 gi|31 031235 031441 gi|112 
002478 94.7 024515 024161 gi|31 025046 025436 gi|67 
000681 91.1 024524 024424 gi|31 029934 030033 gi|66 
002914 91.2 024640 025151 gi|31 033336 033888 gi|36 
003158 91.8 024640 025151 gi|31 035067 035594 gi|112 
003313 90.6 024640 025159 gi|31 028411 028913 gi|67 
000792 87.1 024640 024771 gi|31 031908 032036 gi|67 
000774 86.7 024644 024771 gi|31 025041 025166 gi|67 
002962 90.6 025151 024650 gi|31 005522 005976 gi|119 
003188 90.4 024653 025151 gi|31 026608 027090 gi|36 
000724 87.0 024767 024653 gi|31 001665 001779 gi|117 
000810 96.2 024655 024814 gi|31 029946 030109 gi|66 
002778 91.2 025151 024698 gi|31 012096 012508 gi|68 
002560 92.2 025151 024766 gi|31 001228 001586 gi|117 
002560 92.2 024766 025151 gi|31 032111 032469 gi|67 
001206 91.1 024766 025000 gi|31 025241 025445 gi|67 
000888 86.5 025134 024912 gi|31 031238 031441 gi|112 
000252 84.8 025256 025301 gi|31 010849 010895 gi|110 
000261 88.0 002654 002728 gi|15 018706 018772 gi|132 
000736 82.8 025189 024620 gi|15 023164 023804 gi|112 
004685 96.7 024649 025192 gi|15 022769 023312 gi|74 
004558 95.9 024649 025189 gi|15 025412 025949 gi|36 
000348 68.8 025541 025337 gi|15 026278 026479 gi|117 
000652 73.7 025847 025631 gi|15 000001 000235 gi|21 
000377 83.7 027520 027423 gi|15 001374 001458 gi|226 
000316 77.6 031751 031933 gi|15 005874 006071 gi|82 
001193 74.1 032353 033144 gi|15 006544 007279 gi|82 
000295 71.5 011053 010742 gi|29 005888 006200 gi|84 
000771 73.8 013299 013558 gi|29 006163 006428 gi|216 
000617 74.1 013559 013332 gi|29 027835 028062 gi|117 
000601 75.0 002614 002893 gi|36 032197 032468 gi|83 
000576 74.4 002963 003314 gi|36 032466 032826 gi|83 
033352 97.2 009742 005956 gi|36 003544 007316 gi|149 
014594 98.0 009742 008118 gi|36 010796 012416 gi|62 
002869 97.8 010058 009737 gi|36 010685 011006 gi|112 
001877 93.9 010005 009761 gi|36 032069 032308 gi|112 
000304 81.1 009805 009857 gi|36 026587 026639 gi|117 
000286 85.0 009945 009846 gi|36 030878 030972 gi|175 
000335 73.8 009866 009968 gi|36 011551 011654 gi|112 
000424 90.0 010011 009942 gi|36 010677 010744 gi|112 
000428 93.3 010058 009999 gi|36 032069 032128 gi|112 
000294 72.4 016280 016366 gi|36 026021 026107 gi|97 
000251 70.3 016317 016380 gi|36 023678 023741 gi|178 
000469 71.9 016616 017191 gi|36 026931 027508 gi|62 
000879 72.7 016700 017486 gi|36 024002 024786 gi|178 
000283 70.4 016833 017011 gi|36 026477 026655 gi|97 
000606 73.4 017135 017420 gi|36 026721 027017 gi|97 
000273 81.2 017235 017314 gi|36 027722 027798 gi|62 
000840 77.6 017876 018783 gi|36 027375 028233 gi|97 
000931 88.3 025428 025250 gi|36 017279 017459 gi|112 
000345 81.2 025268 025363 gi|36 016100 016191 gi|166 
000485 81.7 025270 025411 gi|36 011320 011475 gi|112 
000698 80.4 025949 025408 gi|36 023164 023779 gi|112 
004572 96.1 025410 025949 gi|36 022767 023309 gi|74 
000257 79.9 025784 025952 gi|36 024396 024566 gi|47 
000690 82.9 026131 025945 gi|36 017108 017308 gi|112 
000320 73.4 026121 025949 gi|36 011132 011316 gi|112 
000269 78.9 025949 026019 gi|36 011470 011546 gi|112 
000294 77.8 025999 026160 gi|36 015068 015235 gi|166 
002181 91.9 026408 026102 gi|36 032066 032364 gi|112 
001827 91.7 026405 026165 gi|36 010738 010982 gi|112 
000266 73.8 026209 026269 gi|36 026587 026647 gi|117 
000259 82.8 026348 026250 gi|36 030878 030972 gi|175 
000351 73.8 026269 026371 gi|36 011551 011654 gi|112 
000475 90.9 026410 026345 gi|36 010680 010744 gi|112 
000272 71.6 026461 026541 gi|36 038985 039065 gi|144 
001001 96.7 026606 026726 gi|36 025046 025166 gi|67 
000958 96.6 026722 026606 gi|36 001665 001781 gi|117 
000822 97.1 026606 026780 gi|36 029940 030109 gi|66 
004183 97.8 026607 027096 gi|36 035078 035600 gi|112 
004395 98.2 026608 027096 gi|36 028421 028910 gi|67 
000998 97.5 026608 026726 gi|36 031918 032036 gi|67 
003585 94.1 027100 026608 gi|36 005512 005973 gi|119 
003522 96.6 027103 026662 gi|36 012083 012502 gi|68 
003465 98.2 026713 027098 gi|36 032091 032477 gi|67 
001945 98.6 026713 026927 gi|36 025221 025436 gi|67 
003448 98.2 027096 026713 gi|36 001222 001606 gi|117 
001168 87.1 027076 026860 gi|36 031235 031441 gi|112 
000356 77.1 028788 028466 gi|36 021743 022042 gi|97 
000376 70.5 031065 030920 gi|36 031030 031175 gi|97 
000330 72.4 031053 030920 gi|36 019642 019775 gi|97 
000273 78.0 032187 032295 gi|36 022287 022391 gi|112 
001404 93.8 032772 032966 gi|36 034326 034519 gi|112 
010399 97.4 032816 034081 gi|36 034566 035792 gi|112 
000817 80.7 032816 033053 gi|36 022625 022845 gi|112 
000336 84.2 032991 033104 gi|36 034902 035031 gi|112 
000690 81.3 033079 033249 gi|36 034727 034890 gi|112 
000337 85.4 033171 033300 gi|36 034726 034838 gi|112 
004407 97.5 033894 033331 gi|36 001222 001796 gi|117 
004454 97.5 033336 033906 gi|36 031908 032492 gi|67 
003786 95.4 033336 033897 gi|36 028411 028913 gi|67 
002966 97.9 033338 033725 gi|36 025038 025436 gi|67 
000816 91.0 033474 033341 gi|36 005855 005978 gi|119 
000714 96.6 033350 033437 gi|36 029946 030033 gi|66 
000502 93.4 033483 033393 gi|36 012432 012508 gi|68 
003017 92.9 033902 033510 gi|36 005507 005894 gi|119 
003203 95.8 033894 033510 gi|36 012090 012477 gi|68 
001120 85.7 033874 033658 gi|36 031235 031441 gi|112 
002338 95.3 035045 035319 gi|36 019743 020017 gi|115 
000310 86.1 035708 035829 gi|36 000011 000123 gi|113 
000846 99.0 035759 035854 gi|36 000002 000097 gi|113 
000424 100.0 038051 038007 gi|36 000001 000045 gi|222 
000556 69.2 038293 038519 gi|36 028407 028633 gi|112 
007494 100.0 039541 038750 gi|36 001894 002685 gi|201 
006372 99.6 039441 038750 gi|36 001799 002489 gi|205 
000525 75.7 038877 038767 gi|36 007389 007500 gi|130 
000517 77.4 039271 039460 gi|36 018858 019047 gi|226 
000252 87.5 001252 001197 gi|9 039845 039894 gi|77 
000260 79.2 002210 002281 gi|9 015316 015394 gi|13 
000305 80.4 014310 013807 gi|9 037462 037908 gi|227 
000351 79.8 014649 014149 gi|9 037482 037997 gi|227 
000263 80.4 014342 014149 gi|9 037636 037811 gi|227 
000371 80.0 014823 014269 gi|9 037695 038207 gi|227 
000402 79.1 014731 014283 gi|9 037535 038020 gi|227 
000381 76.1 014715 014302 gi|9 037423 037882 gi|227 
000251 84.9 014832 014376 gi|9 037602 038004 gi|227 
000271 81.8 014774 014439 gi|9 037852 038207 gi|227 
000258 78.9 014756 014596 gi|9 038065 038195 gi|227 
000319 87.3 014614 014731 gi|9 018314 018420 gi|86 
000321 82.3 002983 002905 gi|19 006705 006786 gi|206 
000320 80.7 003000 002939 gi|19 034406 034468 gi|173 
003016 75.1 003226 004850 gi|19 006867 008493 gi|35 
000401 71.7 018140 017862 gi|19 007809 008081 gi|180 
000470 76.0 028388 028729 gi|19 013716 014069 gi|108 
000305 74.7 029830 029912 gi|19 015111 015193 gi|108 
000281 76.2 036878 036986 gi|19 034598 034730 gi|106 
000433 83.5 011059 010963 gi|4 020125 020221 gi|210 
000250 81.2 001591 001728 gi|3 032487 032606 gi|170 
000345 74.0 003931 004053 gi|3 029893 030014 gi|225 
000264 75.2 007234 007118 gi|3 024476 024592 gi|138 
000274 76.8 007513 007320 gi|3 032245 032463 gi|121 
000267 79.9 007481 007328 gi|3 012187 012333 gi|121 
000297 73.0 007479 007391 gi|3 008798 008886 gi|176 
000265 78.1 026964 027027 gi|3 022093 022156 gi|225 
001007 92.6 031590 031765 gi|3 023223 023373 gi|169 
000543 94.0 031619 031767 gi|3 033144 033260 gi|57 
001063 96.6 005994 005848 gi|17 001305 001451 gi|146 
001096 95.7 005854 005994 gi|17 011041 011178 gi|146 
001019 96.7 005987 005868 gi|17 001851 001971 gi|146 
000831 95.2 005994 005869 gi|17 030479 030603 gi|74 
000807 80.6 007504 007699 gi|17 017847 018032 gi|199 
000552 84.0 007550 007699 gi|17 025109 025297 gi|53 
000498 77.3 007698 007567 gi|17 034474 034608 gi|164 
000309 74.8 007690 007568 gi|17 026626 026750 gi|174 
000463 74.6 007690 007569 gi|17 011494 011614 gi|107 
000506 80.8 007570 007699 gi|17 009981 010100 gi|125 
000306 85.7 007696 007571 gi|17 007324 007432 gi|157 
000271 70.0 021050 021209 gi|17 000906 001060 gi|112 
002929 96.4 029363 029003 gi|17 025070 025425 gi|77 
001006 89.9 029263 029016 gi|17 026555 026785 gi|104 
000351 80.6 029198 029039 gi|17 025817 025985 gi|137 
001003 82.7 029070 029318 gi|17 025801 026061 gi|137 
009123 78.5 029511 031270 gi|17 026089 027854 gi|137 
012058 94.3 029756 031226 gi|17 037696 039176 gi|51 
003528 89.4 030340 029793 gi|17 000026 000551 gi|212 
002923 86.5 030795 030353 gi|17 002620 003059 gi|47 
001264 80.0 031523 031304 gi|17 022204 022423 gi|137 
018497 95.5 035888 033577 gi|17 022805 025093 gi|77 
000706 72.4 034463 034301 gi|17 034053 034215 gi|25 
000267 97.1 034515 034549 gi|17 024166 024202 gi|77 
001634 87.3 035238 035011 gi|17 001758 001987 gi|88 
003271 85.5 035864 035224 gi|17 001023 001711 gi|88 
000508 77.2 035501 035601 gi|17 032114 032213 gi|57 
000284 77.7 027183 026937 gi|27 004180 004410 gi|182 
007557 95.9 000971 001854 gi|21 006942 007823 gi|30 
002949 93.5 001487 001854 gi|21 016730 017097 gi|200 
000364 79.2 017341 017265 gi|33 039364 039440 gi|81 
000286 77.8 026996 026925 gi|33 034625 034693 gi|231 
000281 86.7 011159 011085 gi|37 024343 024413 gi|122 
000277 74.0 012098 012335 gi|37 035376 035581 gi|71 
000339 76.2 022968 022826 gi|37 032619 032774 gi|77 
000351 70.4 023241 023063 gi|37 032271 032449 gi|77 
000273 89.2 005858 005894 gi|7 024769 024805 gi|195 
000568 78.8 006136 006455 gi|7 035026 035328 gi|30 
000276 77.9 006277 006138 gi|7 032436 032562 gi|189 
000374 74.7 006461 006173 gi|7 015827 016087 gi|86 
000353 77.6 006474 006270 gi|7 017634 017843 gi|142 
000697 92.3 009543 009427 gi|7 034584 034697 gi|195 
000595 87.3 009647 009756 gi|7 024699 024802 gi|195 
000441 82.9 029177 028921 gi|7 026964 027211 gi|169 
004973 99.2 028922 029456 gi|7 023340 023874 gi|120 
000313 80.2 029177 028925 gi|7 008915 009153 gi|166 
004369 95.5 029459 028926 gi|7 034987 035529 gi|168 
000293 83.7 001013 001196 gi|14 019620 019785 gi|100 
000315 80.2 001151 001041 gi|14 008403 008507 gi|102 
000286 69.7 001077 001221 gi|14 019627 019783 gi|100 
000529 77.3 013861 014129 gi|11 031432 031692 gi|168 
000661 81.1 014174 013948 gi|11 036394 036613 gi|202 
001126 91.2 025688 025496 gi|11 027917 028110 gi|149 
001168 95.2 025521 025687 gi|11 026670 026830 gi|117 
001161 98.6 025690 025550 gi|11 008171 008311 gi|231 
000271 80.3 025568 025684 gi|11 012041 012139 gi|100 
000266 73.7 026504 026368 gi|11 003481 003629 gi|194 
000309 76.6 028786 028943 gi|11 007344 007501 gi|76 
000253 75.8 028786 028950 gi|11 034137 034305 gi|73 
000258 73.9 028994 028834 gi|11 024205 024367 gi|184 
000269 78.2 036269 036415 gi|11 011804 011948 gi|139 
000251 78.6 001909 002090 gi|18 001116 001303 gi|137 
000252 82.6 012553 012439 gi|18 010777 010882 gi|71 
000327 73.7 032414 032099 gi|18 033104 033400 gi|200 
000858 76.7 004815 004315 gi|2 008845 009387 gi|228 
000271 74.3 009405 009293 gi|2 034769 034888 gi|61 
000250 80.0 028573 028657 gi|2 003822 003910 gi|141 
000257 85.9 008055 007978 gi|23 010439 010519 gi|177 
004707 78.1 021346 019870 gi|23 018098 019531 gi|121 
000399 74.5 020606 020832 gi|23 037771 037997 gi|43 
000740 85.5 025486 025637 gi|23 026242 026385 gi|114 
000522 86.8 025612 025492 gi|23 027813 027919 gi|107 
000768 76.2 025704 025888 gi|23 020419 020607 gi|98 
001279 81.5 026128 026392 gi|23 020599 020880 gi|98 
000250 78.7 032007 032081 gi|23 021526 021597 gi|70 
000384 77.2 011823 011618 gi|35 018654 018859 gi|93 
000804 94.5 017309 017436 gi|35 026886 027014 gi|65 
000395 72.4 017857 017673 gi|35 010713 010888 gi|96 
000751 72.7 018296 017879 gi|35 025285 025698 gi|190 
002834 89.0 017882 018282 gi|35 008928 009323 gi|96 
000378 76.4 037200 037040 gi|35 013712 013894 gi|210 
000288 74.5 037696 037907 gi|35 021905 022119 gi|95 
000901 93.0 007763 007876 gi|13 019576 019689 gi|15 
000857 85.8 009094 009241 gi|13 024913 025077 gi|74 
000586 80.5 009094 009252 gi|13 027695 027861 gi|181 
000396 85.2 009221 009094 gi|13 025593 025738 gi|175 
000640 81.9 009106 009254 gi|13 027679 027824 gi|210 
000404 79.4 009130 009236 gi|13 037745 037856 gi|176 
000361 86.2 009143 009236 gi|13 021939 022039 gi|32 
000344 80.9 009236 009169 gi|13 029238 029305 gi|78 
000257 73.8 011032 010846 gi|13 035511 035671 gi|31 
000457 78.5 010916 011339 gi|13 017263 017633 gi|179 
000299 89.4 037593 037547 gi|13 008471 008516 gi|93 
002156 90.2 038115 037768 gi|13 020614 020956 gi|123 
000970 84.4 039062 038819 gi|13 020010 020258 gi|123 
000308 73.1 015898 016150 gi|10 022031 022277 gi|227 
000290 74.8 035139 035582 gi|10 011787 012221 gi|62 
000271 74.5 035617 035139 gi|10 008284 008746 gi|36 
000277 81.1 008316 008479 gi|8 000081 000256 gi|130 
000930 78.3 017967 018197 gi|8 032068 032292 gi|112 
000260 88.4 018011 017969 gi|8 029545 029591 gi|221 
000883 78.8 018205 017970 gi|8 026172 026399 gi|36 
000887 81.2 017973 018163 gi|8 010747 010936 gi|112 
000823 77.9 018239 017973 gi|8 009742 009996 gi|36 
000346 79.4 018107 017977 gi|8 011548 011672 gi|112 
000376 81.8 018025 018123 gi|8 030878 030971 gi|175 
000261 71.0 018185 018117 gi|8 026567 026635 gi|117 
000294 92.7 018238 018157 gi|8 029470 029544 gi|221 
001100 84.3 019311 019051 gi|8 034059 034321 gi|173 
000280 81.1 019922 019870 gi|8 033969 034020 gi|173 
000457 82.1 019930 020141 gi|8 008689 008879 gi|162 
000455 74.8 020145 020011 gi|8 015595 015726 gi|164 
000524 77.5 020156 020015 gi|8 030325 030464 gi|174 
000311 83.0 020123 020036 gi|8 038803 038886 gi|176 
000362 74.1 020131 020304 gi|8 035676 035838 gi|129 
000723 80.9 020813 020148 gi|8 033279 033957 gi|173 
000305 84.0 024096 024170 gi|8 020420 020489 gi|123 
000264 70.0 029072 028953 gi|8 030298 030417 gi|92 
000456 72.9 029402 029004 gi|8 036572 036963 gi|155 
000251 75.9 029396 029264 gi|8 029877 030045 gi|92 
000475 75.0 030115 029645 gi|8 025875 026376 gi|219 
000390 73.1 029865 029957 gi|8 006275 006367 gi|142 
000447 68.6 036919 037377 gi|8 011920 012369 gi|49 
000302 74.3 007343 007447 gi|28 024509 024616 gi|138 
000350 85.3 013645 013571 gi|28 022951 023028 gi|220 
000364 83.5 013656 013578 gi|28 026250 026332 gi|124 
000366 82.2 013651 013579 gi|28 038082 038159 gi|136 
000280 79.4 013645 013583 gi|28 034322 034389 gi|228 
000395 71.9 016529 016745 gi|28 037975 038191 gi|145 
000652 69.8 017052 016579 gi|28 011124 011597 gi|217 
000859 94.8 026894 027028 gi|28 003370 003508 gi|136 
001024 96.8 027019 026896 gi|28 014741 014866 gi|208 
000266 76.2 035563 035459 gi|28 016084 016188 gi|182 
000252 86.4 018898 018855 gi|6 010068 010114 gi|45 
000955 99.1 026773 026883 gi|6 014750 014858 gi|208 
000917 99.1 026880 026774 gi|6 003383 003490 gi|136 
000931 99.1 026883 026776 gi|6 026904 027009 gi|28 
000830 78.4 007436 007169 gi|32 015222 015496 gi|206 
000274 85.1 018343 018490 gi|32 035408 035526 gi|132 
000625 88.2 018383 018543 gi|32 002135 002282 gi|178 
000273 88.2 020324 020274 gi|32 007585 007636 gi|70 
015522 95.9 020412 022261 gi|32 036203 038078 gi|176 
011716 95.9 021803 020412 gi|32 022313 023695 gi|176 
000463 87.1 021939 022039 gi|32 024969 025072 gi|74 
000448 85.6 021939 022042 gi|32 027744 027851 gi|181 
000439 84.2 021939 022039 gi|32 027716 027811 gi|210 
000269 83.3 022046 021957 gi|32 029230 029313 gi|78 
000270 84.6 022274 022325 gi|32 008850 008899 gi|166 
000325 87.0 022274 022319 gi|32 026901 026946 gi|169 
001905 81.0 032238 032595 gi|32 037859 038228 gi|176 
000690 78.7 032556 032804 gi|32 011278 011546 gi|112 
000440 84.5 032588 032690 gi|32 016091 016192 gi|166 
001132 81.5 032908 032595 gi|32 017119 017443 gi|112 
000432 75.0 032597 032736 gi|32 025268 025410 gi|36 
000669 80.2 032728 032944 gi|32 025945 026160 gi|36 
000383 80.0 032909 032730 gi|32 011132 011318 gi|112 
000277 80.2 032892 033027 gi|32 026033 026160 gi|36 
000380 88.5 032969 032909 gi|32 017119 017182 gi|112 
000275 79.7 022509 022397 gi|5 021015 021125 gi|44 
000267 75.9 023922 023865 gi|5 019477 019534 gi|44 
000802 73.3 014149 013450 gi|12 030502 031167 gi|185 
000280 76.6 014246 014076 gi|12 004723 004896 gi|48 
000294 75.5 014778 014636 gi|12 029940 030082 gi|185 
002076 86.8 026215 026533 gi|12 039542 039867 gi|59 
000266 80.8 026791 026920 gi|12 031857 031977 gi|198 
000392 82.5 026824 026920 gi|12 039850 039942 gi|59 
000252 78.5 027060 026917 gi|12 018769 018914 gi|79 
000370 90.4 027147 027075 gi|12 025391 025455 gi|36 
000367 95.9 027123 027075 gi|12 022766 022812 gi|74 
000359 97.8 027120 027075 gi|12 024649 024692 gi|15 
000293 80.8 027562 027412 gi|12 024698 024843 gi|112 
000293 80.8 027412 027562 gi|12 009675 009820 gi|164 
000709 78.2 029674 030058 gi|12 019536 019892 gi|209 
000250 78.8 029683 029762 gi|12 005189 005268 gi|42 
000295 82.3 029911 029972 gi|12 035998 036059 gi|49 
000278 79.0 031647 032026 gi|12 037608 038001 gi|175 
000270 73.1 037647 037354 gi|12 014904 015220 gi|162 
000748 96.8 007806 007714 gi|1 006587 006677 gi|135 
000800 96.8 007811 007718 gi|1 017184 017277 gi|135 
000394 93.8 031615 031662 gi|1 013046 013093 gi|45 
002411 78.7 032413 033059 gi|1 013404 014027 gi|45 
005505 95.1 034819 034151 gi|1 007942 008616 gi|83 
001816 93.9 034592 034819 gi|1 014485 014718 gi|83 
000619 79.7 034593 034824 gi|1 033993 034247 gi|228 
000912 79.9 034822 034594 gi|1 034061 034312 gi|229 
000884 76.4 034826 034594 gi|1 031560 031789 gi|152 
001045 83.8 034791 034601 gi|1 008299 008494 gi|139 
000575 82.3 034768 034605 gi|1 030230 030394 gi|108 
000628 74.2 034829 034613 gi|1 003168 003399 gi|134 
000275 74.1 034684 034627 gi|1 023128 023185 gi|132 
000490 92.0 034749 034823 gi|1 036682 036755 gi|202 
000296 81.5 034768 034832 gi|1 003006 003077 gi|68 
000297 78.5 004104 004168 gi|38 022735 022800 gi|190 
000285 72.5 016854 016955 gi|38 025423 025524 gi|222 
000269 72.1 017166 017495 gi|38 025820 026191 gi|222 
000414 74.9 017308 017638 gi|38 026004 026412 gi|222 
000626 79.0 034748 035018 gi|38 018771 019041 gi|148 
000320 75.0 002261 002368 gi|45 012974 013081 gi|126 
000335 73.3 002429 002862 gi|45 013245 013697 gi|126 
000276 82.0 010101 010305 gi|45 024066 024279 gi|231 
000486 74.8 011802 011648 gi|45 031954 032101 gi|198 
000475 81.8 011958 011849 gi|45 020902 021004 gi|64 
017492 96.0 014649 016650 gi|45 008803 010818 gi|165 
015707 96.8 016678 018496 gi|45 018728 020521 gi|165 
000299 67.1 017733 017515 gi|45 006204 006422 gi|79 
000296 75.1 017515 017835 gi|45 015052 015369 gi|230 
001058 84.4 018027 018205 gi|45 028068 028243 gi|225 
002388 94.4 018804 019091 gi|45 020829 021115 gi|165 
005394 98.3 020838 021441 gi|45 007751 008378 gi|165 
000260 78.5 009276 009105 gi|41 013265 013443 gi|201 
000256 81.8 010720 010763 gi|41 022699 022743 gi|132 
000252 76.9 011450 011330 gi|41 022871 022998 gi|150 
000260 74.1 011450 011343 gi|41 021571 021676 gi|46 
000313 71.8 016762 016401 gi|41 017003 017369 gi|149 
000434 71.6 036832 036396 gi|41 009043 009490 gi|137 
000721 76.3 036495 036764 gi|41 026952 027226 gi|224 
000256 91.2 004793 004860 gi|39 037248 037305 gi|219 
000617 93.9 008256 008142 gi|40 023396 023510 gi|61 
000803 94.3 008148 008270 gi|40 027437 027549 gi|100 
000599 92.5 008152 008245 gi|40 020977 021085 gi|142 
000258 82.5 008466 008562 gi|40 031930 032024 gi|178 
000286 92.2 008491 008541 gi|40 023952 024003 gi|168 
000757 95.9 012835 012955 gi|40 029672 029785 gi|188 
000740 91.5 012840 012969 gi|40 002322 002451 gi|116 
000670 92.0 012849 012961 gi|40 024855 024965 gi|116 
000671 90.9 012958 012849 gi|40 032903 033014 gi|124 
000635 90.5 012853 012957 gi|40 032339 032444 gi|124 
000250 79.7 030710 030573 gi|40 002648 002775 gi|207 
000270 75.9 035270 035410 gi|40 006865 006993 gi|215 
000700 74.3 036383 036588 gi|40 006399 006606 gi|136 
000893 98.4 001104 001226 gi|46 000958 001078 gi|102 
000255 89.2 001107 001171 gi|46 026837 026905 gi|91 
000501 84.1 016179 016073 gi|46 022826 022928 gi|220 
000554 81.3 016078 016211 gi|46 012370 012503 gi|223 
000358 81.0 016203 016078 gi|46 012798 012918 gi|223 
000428 76.7 016368 016223 gi|46 004363 004510 gi|148 
000887 97.0 016533 016433 gi|46 000963 001063 gi|102 
000925 95.4 017153 017260 gi|46 000966 001073 gi|102 
000466 79.6 021594 021789 gi|46 022905 023092 gi|150 
000253 79.7 022879 023011 gi|46 033734 033878 gi|228 
000513 73.0 023057 023193 gi|46 036490 036623 gi|129 
000276 90.7 023306 023348 gi|46 023254 023297 gi|112 
000858 95.5 032427 032536 gi|46 000956 001063 gi|102 
000263 78.8 037645 037462 gi|46 036396 036554 gi|110 
000268 79.7 008341 008229 gi|62 038904 039003 gi|71 
015598 97.0 010649 012416 gi|62 003397 005155 gi|149 
000275 83.0 014034 013900 gi|62 032859 032990 gi|114 
000285 70.5 014348 014591 gi|62 010524 010759 gi|205 
022414 96.2 018528 015914 gi|62 028923 031568 gi|178 
000254 76.0 016620 016496 gi|62 001332 001457 gi|166 
000295 80.8 016738 016499 gi|62 014432 014660 gi|164 
000286 77.2 017486 017395 gi|62 013416 013507 gi|164 
000413 83.5 018895 018985 gi|62 031125 031210 gi|225 
000722 84.2 020645 020500 gi|62 022219 022360 gi|178 
000369 83.1 020529 020664 gi|62 030820 030948 gi|225 
001146 85.9 020793 021005 gi|62 027561 027787 gi|107 
004639 89.2 020938 021643 gi|62 013579 014257 gi|128 
001403 82.9 021643 021404 gi|62 014522 014763 gi|85 
000277 87.3 022785 022847 gi|62 005676 005734 gi|178 
000373 78.8 023163 023280 gi|62 006119 006236 gi|178 
000338 77.2 023163 023276 gi|62 003134 003247 gi|178 
000277 74.6 023280 023163 gi|62 027819 027936 gi|178 
000293 72.7 023163 023294 gi|62 028939 029073 gi|210 
000352 77.8 023407 023523 gi|62 003358 003473 gi|178 
000398 73.7 023410 023523 gi|62 006344 006457 gi|178 
000407 70.4 023995 024234 gi|62 003936 004161 gi|178 
000300 70.0 024143 024242 gi|62 007060 007159 gi|178 
000358 75.2 024151 024275 gi|62 011308 011450 gi|222 
000261 86.6 024591 024495 gi|62 024434 024531 gi|150 
000516 80.0 024985 025154 gi|62 001853 002015 gi|172 
000455 75.3 027173 027508 gi|62 026479 026777 gi|97 
000437 73.0 027725 027920 gi|62 026837 027019 gi|97 
000534 74.0 028110 028401 gi|62 027385 027727 gi|97 
000277 77.0 028517 028616 gi|62 027886 027987 gi|97 
000348 78.1 014982 014887 gi|52 005520 005623 gi|195 
006325 80.1 022355 024296 gi|52 022943 024806 gi|207 
000804 75.9 014077 014541 gi|50 015393 015869 gi|160 
000525 74.1 014651 014793 gi|50 016024 016166 gi|160 
000251 74.0 014921 014970 gi|50 016351 016400 gi|160 
000260 74.8 002610 002740 gi|43 003922 004051 gi|154 
000307 76.6 003178 003305 gi|43 004363 004490 gi|154 
000362 73.2 018209 017859 gi|43 014706 015063 gi|175 
000271 74.2 018896 019170 gi|43 021495 021801 gi|220 
000352 81.1 019176 019029 gi|43 012089 012242 gi|223 
000289 79.2 019183 019030 gi|43 022347 022494 gi|198 
000326 81.7 019060 019174 gi|43 008970 009086 gi|98 
003394 75.4 023372 024787 gi|43 016039 017509 gi|175 
000386 76.2 037402 037645 gi|43 005410 005647 gi|52 
000291 76.5 037996 037755 gi|43 018592 018824 gi|121 
000291 73.7 011716 011882 gi|44 030956 031125 gi|187 
000259 86.5 000133 000184 gi|51 022765 022816 gi|231 
000339 87.0 020807 020898 gi|51 038797 038891 gi|168 
000332 84.6 036644 036695 gi|51 023254 023305 gi|112 
000260 76.9 036695 036644 gi|51 017175 017226 gi|164 
000261 82.2 036689 036645 gi|51 011344 011388 gi|164 
001947 92.4 037400 037008 gi|51 031820 032208 gi|98 
001916 86.5 037023 037400 gi|51 025751 026111 gi|140 
000501 85.5 037542 037617 gi|51 023700 023775 gi|112 
000375 79.0 037542 037617 gi|51 019002 019076 gi|91 
000588 91.8 037619 037547 gi|51 020118 020190 gi|220 
000456 88.7 037617 037556 gi|51 016700 016761 gi|164 
000268 85.4 037572 037619 gi|51 022470 022520 gi|169 
007890 80.0 037696 039176 gi|51 026340 027810 gi|137 
003464 90.1 038289 037765 gi|51 000026 000514 gi|212 
000366 74.4 028534 028265 gi|54 039591 039849 gi|108 
000521 73.2 028654 028300 gi|54 019991 020345 gi|106 
000251 83.5 003196 003274 gi|53 017083 017169 gi|78 
000263 69.9 003970 004042 gi|53 008639 008711 gi|174 
000319 76.0 004654 004903 gi|53 009112 009364 gi|174 
000318 68.2 006226 006357 gi|53 037212 037346 gi|78 
000252 81.3 009564 009490 gi|53 020066 020144 gi|80 
000766 94.3 021835 021940 gi|53 000926 001034 gi|215 
000817 93.3 021940 021836 gi|53 012427 012534 gi|65 
000863 88.5 021966 021837 gi|53 033584 033715 gi|65 
000419 78.6 024990 024734 gi|53 031895 032125 gi|198 
000290 79.8 024746 025002 gi|53 015401 015659 gi|58 
000285 82.6 025002 024865 gi|53 039845 039987 gi|59 
000327 79.7 024888 025000 gi|53 024137 024258 gi|169 
001248 85.7 025123 025500 gi|53 017896 018220 gi|199 
000815 78.5 025527 025128 gi|53 026349 026750 gi|174 
000442 81.9 025326 025128 gi|53 034447 034607 gi|164 
001356 82.3 025529 025129 gi|53 011250 011614 gi|107 
001158 83.0 025130 025475 gi|53 009981 010298 gi|125 
001007 79.1 025526 025225 gi|53 007100 007393 gi|157 
000475 78.1 025263 025527 gi|53 019543 019793 gi|166 
000523 81.5 025403 025274 gi|53 000385 000511 gi|169 
000267 80.6 025285 025356 gi|53 000570 000650 gi|102 
000837 85.5 025525 025298 gi|53 037901 038125 gi|60 
000394 79.4 025527 025431 gi|53 027926 028017 gi|166 
000324 87.5 033119 033056 gi|53 011361 011418 gi|215 
000316 73.1 022062 022314 gi|55 016651 016894 gi|182 
000353 65.9 022327 022111 gi|55 014691 014904 gi|145 
000331 76.9 022624 022727 gi|55 017222 017325 gi|182 
001979 76.8 023242 022716 gi|55 027651 028193 gi|154 
000851 80.1 023454 023259 gi|55 019555 019744 gi|154 
002272 76.2 024206 023445 gi|55 018249 019009 gi|154 
000318 89.9 024312 024244 gi|55 017905 017982 gi|154 
000313 88.4 024244 024312 gi|55 028724 028801 gi|154 
000275 85.7 024401 024353 gi|55 034458 034505 gi|229 
000275 69.4 033898 033752 gi|55 006789 006936 gi|187 
000490 81.3 034285 034093 gi|55 006463 006675 gi|187 
000495 80.0 034119 034253 gi|55 015143 015277 gi|209 
000352 74.4 034603 034719 gi|55 015630 015746 gi|209 
000273 78.2 035898 035757 gi|49 007693 007830 gi|155 
000648 79.4 035781 036042 gi|49 019521 019792 gi|209 
000265 68.4 035874 035799 gi|49 004212 004287 gi|142 
000280 80.2 036109 036204 gi|49 019804 019905 gi|209 
000290 72.4 018440 018870 gi|60 003086 003536 gi|71 
000472 77.6 037887 038127 gi|60 026333 026619 gi|174 
000277 82.0 037901 037989 gi|60 027928 028016 gi|166 
000965 82.3 037918 038132 gi|60 011264 011491 gi|107 
000638 83.7 037918 038125 gi|60 007111 007320 gi|157 
000440 73.8 038112 037918 gi|60 019578 019779 gi|166 
000368 75.2 037923 038140 gi|60 001381 001594 gi|165 
000629 90.1 038125 037945 gi|60 018033 018206 gi|199 
000575 80.5 038122 037954 gi|60 010107 010298 gi|125 
000532 86.1 038027 038127 gi|60 000387 000489 gi|169 
000251 88.1 038468 038534 gi|42 037978 038033 gi|151 
001796 73.7 000831 000001 gi|65 029259 030092 gi|148 
001189 76.0 000409 000001 gi|65 000001 000402 gi|157 
000778 72.7 000359 000001 gi|65 008397 008767 gi|71 
000771 93.8 012538 012427 gi|65 000923 001034 gi|215 
000623 75.7 015860 015618 gi|65 026214 026445 gi|117 
000472 74.7 016300 016052 gi|65 029042 029255 gi|125 
000362 75.1 016731 016943 gi|65 024473 024701 gi|169 
000257 81.1 018512 018402 gi|65 039373 039487 gi|108 
000251 68.8 018506 018414 gi|65 035721 035813 gi|185 
000265 78.2 018458 018714 gi|65 030027 030274 gi|199 
000352 74.7 018483 018656 gi|65 006408 006581 gi|66 
000300 77.2 019123 019045 gi|65 035274 035357 gi|185 
000460 74.0 019051 019549 gi|65 030550 031053 gi|199 
000284 86.0 019430 019388 gi|65 035719 035761 gi|185 
000789 97.1 033717 033613 gi|65 000927 001034 gi|215 
000299 75.7 003135 002996 gi|68 033994 034123 gi|229 
000981 97.3 003352 003243 gi|68 031463 031572 gi|84 
003322 96.4 012062 012477 gi|68 001200 001605 gi|117 
003290 93.1 012086 012508 gi|68 005512 005928 gi|119 
003382 97.1 012508 012090 gi|68 035124 035600 gi|112 
001153 86.6 012110 012326 gi|68 031235 031441 gi|112 
000410 97.9 012455 012502 gi|68 001678 001725 gi|117 
001363 74.5 004041 005478 gi|48 036387 037882 gi|148 
000275 75.7 028942 028610 gi|48 029537 029859 gi|175 
000254 80.4 017721 017620 gi|63 037584 037687 gi|133 
000444 73.2 034772 034557 gi|63 009883 010091 gi|85 
001441 70.1 035833 034911 gi|63 008685 009670 gi|85 
000379 71.6 036852 036578 gi|63 009803 010090 gi|85 
001171 72.0 037822 036888 gi|63 008685 009694 gi|85 
000701 66.0 005993 005641 gi|56 032552 032907 gi|189 
001492 80.4 005688 005998 gi|56 004024 004333 gi|148 
000459 73.7 006002 005855 gi|56 010583 010742 gi|125 
000267 88.4 029857 030011 gi|56 017053 017188 gi|228 
006233 76.8 037926 036107 gi|56 017991 019786 gi|221 
000276 78.0 038627 038469 gi|56 012135 012294 gi|121 
000624 96.5 023483 023399 gi|61 027446 027540 gi|100 
000572 97.5 023485 023405 gi|61 020981 021087 gi|142 
000773 98.9 021338 021246 gi|64 026149 026239 gi|122 
000276 76.0 035736 035616 gi|64 011415 011534 gi|154 
000430 83.0 013514 013409 gi|59 008233 008337 gi|217 
000390 89.3 013409 013464 gi|59 016566 016621 gi|136 
000268 94.3 013452 013418 gi|59 020704 020738 gi|110 
000294 88.8 025483 025395 gi|59 035335 035420 gi|97 
000421 78.2 039844 039976 gi|59 034041 034182 gi|196 
000326 76.1 039850 039983 gi|59 008251 008390 gi|87 
000456 82.3 039857 039997 gi|59 031897 032029 gi|198 
000467 74.8 039972 039866 gi|59 024125 024231 gi|169 
000684 75.8 002116 001931 gi|47 023515 023697 gi|112 
000405 88.7 001933 002003 gi|47 020199 020269 gi|220 
000297 81.6 001999 002112 gi|47 020512 020620 gi|220 
002786 96.0 002424 002098 gi|47 007981 008307 gi|130 
000278 75.4 002598 002461 gi|47 015896 016032 gi|65 
002961 87.0 003059 002620 gi|47 038302 038744 gi|51 
002480 81.6 003051 002622 gi|47 026943 027375 gi|137 
000288 93.3 003114 003055 gi|47 029255 029309 gi|78 
000259 93.5 003055 003100 gi|47 025000 025046 gi|74 
000485 73.5 003101 003410 gi|47 007942 008241 gi|162 
000427 75.8 020979 021201 gi|47 015612 015832 gi|149 
000396 75.7 020979 021085 gi|47 020636 020748 gi|107 
000257 77.7 024415 024562 gi|47 023156 023309 gi|74 
000453 72.9 025427 025570 gi|47 001565 001715 gi|146 
000354 79.2 015690 015402 gi|58 031846 032112 gi|198 
000296 82.9 015504 015649 gi|58 024100 024241 gi|169 
000300 79.1 015646 015508 gi|58 039850 039998 gi|59 
000398 83.3 015656 015513 gi|58 034041 034196 gi|196 
000258 79.3 015686 015523 gi|58 008206 008390 gi|87 
000302 83.7 036444 036292 gi|69 003873 004001 gi|143 
000326 78.1 031898 031753 gi|57 005042 005178 gi|129 
000927 89.2 031958 032114 gi|57 019591 019763 gi|220 
000470 75.0 032213 032102 gi|57 023104 023221 gi|77 
000382 77.9 032208 032105 gi|57 001334 001448 gi|88 
000572 93.3 033144 033262 gi|57 023252 023377 gi|169 
000263 87.2 007636 007590 gi|70 023972 024015 gi|168 
000659 78.4 010439 010646 gi|70 001384 001588 gi|96 
006503 82.7 012234 010499 gi|70 025544 027246 gi|173 
000484 79.6 011930 012110 gi|70 001587 001773 gi|96 
001444 76.6 008601 008980 gi|67 002226 002611 gi|155 
002939 76.7 009049 010089 gi|67 002611 003631 gi|155 
002886 98.0 025038 025435 gi|67 035069 035430 gi|112 
003087 86.2 025436 025039 gi|67 001391 001786 gi|117 
000770 91.4 025152 025048 gi|67 005869 005973 gi|119 
000406 97.9 025149 025102 gi|67 012455 012502 gi|68 
001641 93.0 025436 025222 gi|67 005685 005894 gi|119 
001757 95.8 025436 025222 gi|67 012259 012477 gi|68 
000349 88.7 025430 025369 gi|67 031379 031441 gi|112 
000993 98.4 028535 028411 gi|67 001665 001788 gi|117 
004317 97.8 028411 028913 gi|67 035067 035603 gi|112 
003704 95.0 028911 028415 gi|67 005515 005979 gi|119 
003566 97.5 028910 028475 gi|67 012090 012502 gi|68 
003632 100.0 028911 028526 gi|67 001221 001606 gi|117 
001176 87.1 028890 028674 gi|67 031235 031441 gi|112 
004683 89.7 032489 031908 gi|67 001207 001788 gi|117 
004414 98.0 031908 032492 gi|67 035067 035612 gi|112 
000802 91.0 032022 031912 gi|67 005869 005979 gi|119 
000406 97.9 032019 031972 gi|67 012455 012502 gi|68 
003143 94.6 032477 032092 gi|67 005514 005894 gi|119 
003330 97.2 032477 032092 gi|67 012088 012477 gi|68 
001176 87.1 032455 032239 gi|67 031235 031441 gi|112 
003110 73.3 033111 034214 gi|67 005422 006632 gi|116 
004221 73.0 034255 035556 gi|67 006750 008042 gi|116 
000798 91.6 036604 036474 gi|67 021987 022115 gi|196 
001685 76.8 007166 005872 gi|66 034977 036209 gi|185 
000482 69.6 006241 006592 gi|66 029882 030227 gi|199 
000321 85.0 006802 006861 gi|66 030548 030613 gi|199 
000286 79.7 007637 007485 gi|66 034522 034674 gi|185 
001953 77.3 009742 008383 gi|66 018655 019998 gi|197 
000254 73.7 019267 019460 gi|66 038804 038997 gi|177 
007731 84.6 027628 028956 gi|66 006345 007683 gi|166 
004234 83.7 027629 028569 gi|66 024128 024997 gi|164 
001378 82.3 029620 029856 gi|66 024994 025234 gi|164 
000386 77.8 029963 029874 gi|66 028734 028826 gi|154 
000351 79.5 029886 029963 gi|66 017893 017972 gi|154 
000660 88.1 029900 030033 gi|66 025009 025137 gi|67 
000702 94.6 030033 029942 gi|66 001690 001781 gi|117 
000789 97.6 029946 030109 gi|66 028423 028594 gi|67 
000684 95.5 029946 030033 gi|66 031920 032007 gi|67 
000700 96.6 029946 030033 gi|66 035081 035168 gi|112 
000675 96.3 030109 029946 gi|66 005832 005971 gi|119 
000335 97.5 030109 029989 gi|66 012406 012508 gi|68 
000571 73.6 000008 000208 gi|71 030081 030281 gi|148 
000530 78.6 000008 000208 gi|71 000391 000591 gi|157 
000451 77.4 005518 005333 gi|71 017141 017313 gi|172 
001149 74.8 008404 009225 gi|71 000064 000859 gi|157 
001409 74.9 008410 008970 gi|71 029728 030298 gi|148 
000250 78.8 008622 008687 gi|71 011373 011444 gi|92 
000319 82.5 009146 009225 gi|71 030465 030544 gi|148 
000302 73.3 009917 010002 gi|71 001568 001653 gi|157 
000391 85.4 010504 010382 gi|71 019611 019718 gi|78 
000283 83.3 021541 021458 gi|73 038703 038792 gi|192 
000607 73.0 033909 034256 gi|73 007116 007460 gi|76 
000453 68.1 035229 035410 gi|73 008558 008735 gi|76 
000281 81.5 004253 004517 gi|74 002484 002715 gi|223 
000277 100.0 010462 010429 gi|74 002606 002639 gi|219 
000618 84.0 012973 012849 gi|74 035040 035161 gi|129 
000765 85.2 013944 013830 gi|74 023172 023289 gi|86 
004038 78.9 014976 014120 gi|74 000778 001711 gi|137 
001044 76.1 015526 015008 gi|74 030936 031478 gi|189 
003332 89.7 015654 015113 gi|74 021928 022451 gi|86 
000297 69.2 017561 017680 gi|74 004728 004847 gi|140 
000742 82.8 023309 022769 gi|74 023164 023775 gi|112 
000536 83.2 025092 024897 gi|74 025565 025756 gi|175 
000716 85.8 024904 025072 gi|74 027658 027811 gi|210 
000712 85.7 024904 025078 gi|74 027686 027851 gi|181 
000473 85.6 024969 025072 gi|74 037759 037856 gi|176 
000482 89.3 025073 024999 gi|74 029237 029310 gi|78 
000274 87.7 025072 025008 gi|74 014742 014806 gi|210 
000832 94.8 030603 030470 gi|74 011052 011185 gi|146 
000814 93.3 030470 030603 gi|74 001836 001970 gi|146 
000768 93.3 030470 030603 gi|74 001299 001430 gi|146 
000278 76.8 023202 023391 gi|75 022565 022752 gi|217 
000285 75.7 006201 006087 gi|76 032292 032399 gi|132 
000272 70.9 007459 007381 gi|76 021238 021316 gi|187 
000339 74.3 000001 000303 gi|86 026337 026638 gi|142 
000294 76.9 000673 000737 gi|86 026931 026997 gi|142 
004245 98.0 019371 018878 gi|86 036434 036925 gi|137 
000798 93.5 019487 019380 gi|86 035774 035882 gi|137 
000619 73.0 022025 022450 gi|86 030922 031373 gi|189 
000555 91.0 025334 025422 gi|86 007536 007623 gi|137 
000534 88.8 025422 025334 gi|86 020307 020394 gi|137 
000517 87.6 025334 025422 gi|86 017902 017989 gi|137 
000432 89.9 025334 025402 gi|86 037853 037921 gi|143 
000261 84.4 021076 021165 gi|77 001010 001092 gi|132 
004410 85.3 022829 023705 gi|77 001023 001987 gi|88 
001002 82.3 025364 025116 gi|77 025801 026061 gi|137 
000969 89.9 025171 025407 gi|77 026555 026772 gi|104 
000361 81.9 025236 025395 gi|77 025817 025985 gi|137 
003766 100.0 000128 000538 gi|85 008582 008992 gi|222 
000318 90.5 000142 000183 gi|85 011272 011313 gi|222 
000356 100.0 000183 000142 gi|85 031604 031646 gi|178 
000329 76.4 000228 000494 gi|85 010717 010971 gi|205 
000429 69.0 001936 002348 gi|85 013167 013579 gi|198 
000315 79.5 006015 005933 gi|85 018912 018994 gi|198 
001777 95.1 014764 014521 gi|85 014028 014258 gi|128 
001950 98.2 014857 015081 gi|85 020003 020224 gi|98 
001149 71.6 015509 015077 gi|85 014663 015096 gi|145 
000535 72.0 015261 015506 gi|85 016688 016933 gi|182 
001948 73.4 016301 017004 gi|85 016285 016999 gi|166 
000326 80.2 016562 016733 gi|85 015758 015928 gi|166 
002563 94.3 017016 017332 gi|85 003038 003350 gi|217 
000648 94.9 017511 017433 gi|85 029007 029085 gi|112 
001466 91.7 017624 017433 gi|85 020194 020385 gi|226 
000689 98.7 017433 017511 gi|85 012533 012610 gi|225 
001959 92.4 018315 018067 gi|85 009736 009984 gi|226 
019018 84.7 021223 024787 gi|85 019020 022567 gi|112 
000276 75.7 024552 024327 gi|85 011996 012223 gi|149 
000341 68.5 024394 024558 gi|85 013085 013249 gi|178 
002015 72.8 026201 025679 gi|85 029080 029614 gi|169 
000291 81.2 027059 026837 gi|85 018590 018770 gi|112 
001290 74.3 027782 027173 gi|85 017616 018271 gi|112 
016140 87.9 003626 006047 gi|78 023978 026406 gi|154 
000257 79.7 003900 004037 gi|78 002482 002606 gi|192 
001198 73.9 005893 004954 gi|78 024208 025124 gi|112 
000664 74.9 004954 005392 gi|78 009394 009844 gi|164 
000706 72.2 005300 005893 gi|78 009867 010430 gi|164 
000282 76.0 005465 005781 gi|78 003534 003848 gi|192 
000393 70.6 006017 005875 gi|78 039143 039290 gi|176 
000291 92.5 006048 006087 gi|78 026058 026097 gi|154 
001129 97.8 015693 015826 gi|78 018043 018175 gi|132 
000329 73.5 019784 019608 gi|78 018321 018496 gi|129 
000259 83.8 024017 024146 gi|78 004142 004255 gi|215 
000327 84.5 029313 029230 gi|78 037777 037863 gi|176 
000362 87.7 029302 029238 gi|78 027749 027811 gi|210 
000494 84.3 001588 001481 gi|96 027091 027203 gi|173 
000252 76.4 001759 001595 gi|96 025673 025853 gi|173 
000740 98.9 007304 007216 gi|96 009283 009367 gi|219 
001457 71.6 009912 008913 gi|96 024722 025710 gi|190 
000253 76.2 013405 013297 gi|96 022814 022920 gi|190 
005371 88.3 019339 018492 gi|96 011629 012450 gi|230 
000456 74.4 016463 017135 gi|97 000468 001130 gi|178 
000254 75.5 024949 024844 gi|97 032113 032227 gi|140 
000431 73.4 026720 027196 gi|97 024444 024938 gi|178 
000423 71.8 027405 027972 gi|97 025128 025692 gi|178 
000309 82.6 036509 036418 gi|97 013645 013738 gi|149 
000709 91.2 006969 007104 gi|107 001507 001626 gi|169 
000462 83.7 007103 006969 gi|107 014003 014126 gi|145 
000280 65.0 010249 010130 gi|107 031838 031957 gi|174 
000599 73.4 011498 011247 gi|107 019551 019797 gi|166 
000913 73.8 011251 011616 gi|107 026348 026751 gi|174 
000439 79.6 011251 011343 gi|107 027925 028017 gi|166 
001199 81.0 011253 011604 gi|107 007100 007431 gi|157 
000585 73.1 011269 011603 gi|107 001381 001687 gi|165 
001284 84.3 011610 011292 gi|107 017906 018206 gi|199 
001143 80.1 011618 011303 gi|107 009975 010296 gi|125 
000679 84.5 011367 011508 gi|107 000375 000511 gi|169 
000623 77.9 011475 011614 gi|107 034463 034606 gi|164 
000307 75.0 012506 012419 gi|107 018955 019042 gi|134 
000251 76.5 019113 019033 gi|107 012723 012812 gi|181 
000742 88.9 020633 020740 gi|107 015609 015716 gi|149 
000381 82.2 020635 020724 gi|107 031950 032044 gi|148 
000518 83.7 020960 021051 gi|107 015725 015815 gi|149 
000291 81.5 027389 027453 gi|107 000591 000653 gi|226 
000321 90.1 027717 027787 gi|107 013579 013646 gi|128 
000628 89.1 027918 027809 gi|107 026252 026363 gi|114 
001419 90.7 029710 029903 gi|107 024498 024695 gi|153 
000406 77.2 029800 029900 gi|107 013068 013167 gi|223 
000596 89.1 029901 029810 gi|107 007470 007559 gi|178 
000261 86.1 029882 029811 gi|107 020838 020917 gi|195 
000263 89.3 029820 029875 gi|107 018623 018686 gi|109 
000597 83.8 004772 004876 gi|79 001551 001655 gi|217 
001340 91.4 004890 005075 gi|79 002300 002483 gi|217 
000622 93.5 005061 005152 gi|79 002790 002874 gi|217 
000335 95.1 005482 005522 gi|79 003505 003545 gi|217 
001221 68.0 006444 005813 gi|79 021213 021847 gi|137 
000388 65.8 006422 006180 gi|79 019565 019807 gi|165 
000332 71.7 006425 006196 gi|79 015049 015278 gi|230 
005946 92.5 006480 007227 gi|79 004436 005182 gi|217 
000388 72.5 006802 006480 gi|79 010345 010676 gi|165 
000614 86.0 008014 008113 gi|79 001562 001661 gi|217 
000284 97.3 008112 008148 gi|79 002298 002332 gi|217 
000644 71.2 017741 017551 gi|79 009347 009535 gi|139 
000607 88.9 040285 040124 gi|79 019224 019360 gi|135 
000302 86.2 000005 000091 gi|89 039834 039920 gi|170 
000319 76.4 022460 022249 gi|89 031320 031591 gi|116 
000317 78.4 023009 023082 gi|89 027336 027408 gi|146 
000402 77.8 023242 023018 gi|89 030515 030739 gi|116 
000268 79.5 029036 029108 gi|89 023085 023157 gi|110 
000277 70.8 030953 031048 gi|89 029577 029672 gi|110 
000275 74.1 031365 031538 gi|89 030048 030230 gi|110 
001040 95.3 036096 035968 gi|89 012654 012784 gi|91 
000399 83.8 013645 013461 gi|81 026870 027052 gi|169 
000414 83.3 013611 013468 gi|81 008843 008993 gi|166 
000891 81.0 007942 008172 gi|83 031567 031789 gi|152 
000432 90.1 008012 007942 gi|83 036682 036751 gi|202 
000956 79.6 007943 008172 gi|83 034065 034312 gi|229 
000687 74.2 007950 008154 gi|83 003187 003399 gi|134 
000627 80.5 008178 007953 gi|83 033989 034223 gi|228 
001090 84.1 007970 008164 gi|83 008299 008493 gi|139 
000505 76.9 007993 008148 gi|83 030230 030385 gi|108 
001402 79.6 014454 014028 gi|83 024031 024465 gi|168 
000748 81.7 014408 014707 gi|83 033907 034223 gi|228 
001062 81.0 014717 014465 gi|83 034065 034337 gi|229 
000907 80.9 014718 014489 gi|83 031567 031787 gi|152 
001126 84.2 014690 014495 gi|83 008299 008493 gi|139 
000503 78.2 014667 014498 gi|83 030230 030394 gi|108 
000687 74.2 014710 014506 gi|83 003187 003399 gi|134 
000432 90.1 014648 014718 gi|83 036682 036751 gi|202 
003107 82.9 023454 024457 gi|104 020652 021628 gi|195 
000332 78.9 023731 023623 gi|104 013076 013179 gi|223 
000254 80.6 023628 023725 gi|104 007463 007554 gi|178 
000294 75.3 023725 023637 gi|104 029815 029899 gi|107 
000269 75.0 023725 023646 gi|104 024605 024682 gi|153 
000313 76.7 024512 024661 gi|104 022017 022164 gi|195 
002864 81.5 024521 025062 gi|104 021603 022155 gi|195 
000442 76.6 024548 024701 gi|104 021895 022050 gi|195 
000369 72.2 024826 024976 gi|104 021656 021800 gi|195 
000323 79.4 025009 025328 gi|104 021679 022030 gi|195 
001046 79.6 025227 025500 gi|104 022091 022346 gi|195 
000549 82.9 026718 026544 gi|104 025845 026011 gi|137 
001017 91.0 008843 008689 gi|92 018038 018197 gi|184 
000975 93.7 008843 008717 gi|92 022974 023103 gi|142 
000419 84.8 019065 018895 gi|92 014313 014458 gi|150 
000291 71.6 029810 029950 gi|92 001537 001665 gi|144 
000250 73.4 029868 029961 gi|92 026780 026874 gi|219 
000286 68.5 030433 030310 gi|92 026074 026197 gi|200 
000251 76.5 030363 030313 gi|92 036175 036225 gi|136 
002973 79.1 019288 018480 gi|90 008231 009060 gi|217 
000269 80.8 018639 018825 gi|90 004618 004794 gi|121 
002116 80.4 018757 019194 gi|90 004555 005011 gi|121 
000325 71.4 018982 018836 gi|90 008742 008888 gi|217 
001502 82.2 019281 018871 gi|90 020667 021067 gi|110 
000364 86.1 025269 025383 gi|90 003230 003347 gi|180 
000271 80.7 008726 008634 gi|98 012962 013064 gi|223 
000532 85.2 008788 008634 gi|98 035433 035577 gi|132 
000325 87.8 008637 008710 gi|98 017485 017563 gi|220 
000614 82.0 008788 008639 gi|98 022558 022709 gi|198 
000374 75.8 008647 008807 gi|98 001100 001285 gi|189 
000288 83.5 008961 008713 gi|98 028136 028373 gi|185 
000667 82.0 009092 008899 gi|98 012086 012281 gi|223 
000632 79.9 009087 008924 gi|98 022355 022505 gi|198 
000706 80.6 008939 009082 gi|98 021663 021801 gi|220 
000262 81.4 010969 010911 gi|98 011420 011480 gi|151 
000262 71.2 020988 020784 gi|98 027197 027399 gi|154 
000382 81.2 021102 021165 gi|98 000922 000985 gi|226 
000298 84.7 021173 021102 gi|98 035540 035625 gi|168 
000302 80.8 021129 021316 gi|98 008835 009003 gi|134 
000397 79.5 021303 021187 gi|98 034874 034986 gi|168 
000458 81.0 021316 021191 gi|98 001517 001648 gi|226 
001709 86.7 032195 031679 gi|98 025752 026249 gi|140 
000276 81.6 035215 035167 gi|98 015288 015335 gi|159 
001125 78.2 039616 039214 gi|98 029743 030132 gi|127 
000577 71.4 000001 000618 gi|100 011586 012229 gi|150 
000316 81.1 012013 012139 gi|100 026698 026827 gi|117 
000291 79.5 012139 012013 gi|100 008177 008310 gi|231 
000259 74.2 012133 012041 gi|100 027928 028037 gi|149 
000289 84.4 019693 019617 gi|100 007564 007653 gi|169 
000262 79.7 025355 025472 gi|100 037360 037467 gi|227 
000611 95.7 027446 027537 gi|100 020983 021089 gi|142 
000276 85.2 039727 039807 gi|100 012529 012624 gi|136 
000570 83.5 019076 018980 gi|91 020120 020216 gi|220 
000530 81.6 018980 019077 gi|91 023679 023776 gi|112 
000362 86.8 019150 019217 gi|91 026288 026353 gi|210 
000408 91.4 019849 019953 gi|91 029597 029675 gi|224 
000307 73.7 022815 022890 gi|91 006336 006411 gi|216 
000982 91.3 026986 026826 gi|91 012842 013004 gi|209 
000311 82.7 016617 016520 gi|94 025275 025364 gi|112 
000311 82.7 016520 016617 gi|94 009108 009197 gi|164 
000298 79.6 016520 016617 gi|94 016285 016375 gi|225 
000448 82.4 000818 000677 gi|88 018986 019123 gi|148 
000295 91.2 001762 001695 gi|88 001580 001637 gi|169 
000346 91.1 001707 001762 gi|88 014002 014057 gi|145 
000312 94.5 001762 001708 gi|88 007049 007103 gi|107 
000623 79.5 008198 008456 gi|87 031841 032129 gi|198 
000461 84.2 008245 008408 gi|87 034045 034203 gi|196 
000258 77.1 008353 008271 gi|87 024149 024225 gi|169 
000287 77.3 028104 028039 gi|87 034916 034985 gi|123 
000266 87.5 005170 005217 gi|95 026490 026534 gi|117 
000271 71.4 009633 009765 gi|95 006903 007035 gi|215 
000268 79.9 011738 011520 gi|95 004190 004377 gi|183 
000253 81.1 013916 014005 gi|95 026850 026942 gi|110 
000457 81.7 000778 000560 gi|102 003060 003256 gi|109 
000403 81.5 000769 000565 gi|102 001406 001583 gi|165 
000251 91.5 000650 000569 gi|102 000432 000496 gi|169 
000317 76.3 000571 000785 gi|102 010089 010317 gi|125 
000326 76.2 000907 000799 gi|102 017889 017990 gi|199 
000329 76.6 012318 012569 gi|102 010039 010278 gi|190 
000264 76.9 013519 013648 gi|102 034556 034673 gi|106 
000267 81.5 030962 031107 gi|105 018332 018473 gi|213 
000676 76.0 005066 005606 gi|106 017720 018213 gi|150 
000263 74.6 005798 005864 gi|106 018333 018399 gi|150 
000489 72.0 005952 006361 gi|106 018428 018833 gi|150 
000288 76.7 034521 034640 gi|106 010618 010740 gi|190 
000766 92.2 038839 038711 gi|106 018829 018954 gi|136 
000832 96.5 038824 038712 gi|106 002560 002664 gi|141 
000681 100.0 000239 000167 gi|131 010392 010464 gi|205 
000555 94.4 000168 000239 gi|131 007565 007637 gi|226 
000569 81.7 016109 016332 gi|108 026120 026343 gi|124 
000260 81.8 016237 016362 gi|108 038085 038220 gi|136 
000284 70.4 028473 028624 gi|108 002816 002963 gi|197 
000335 76.0 030187 030390 gi|108 003196 003400 gi|134 
000577 76.2 030218 030385 gi|108 031591 031764 gi|152 
000285 74.0 030218 030394 gi|108 034095 034302 gi|229 
000634 78.8 030230 030394 gi|108 008322 008490 gi|139 
000338 85.9 011515 011578 gi|110 017797 017861 gi|199 
001353 79.3 021071 020667 gi|110 004669 005086 gi|121 
001584 78.5 020704 021071 gi|110 008316 008686 gi|217 
000327 81.5 020795 020704 gi|110 016479 016587 gi|136 
000387 72.0 026211 026639 gi|110 033029 033484 gi|231 
000273 82.3 001953 001869 gi|109 002868 002952 gi|165 
000583 78.8 003067 003297 gi|109 001404 001623 gi|165 
000359 77.3 003344 003475 gi|109 002774 002918 gi|165 
000359 79.5 003471 003360 gi|109 000979 001101 gi|165 
000251 90.9 006715 006672 gi|109 037603 037646 gi|227 
000338 70.7 012979 012789 gi|109 004440 004639 gi|214 
000287 76.8 017982 017914 gi|109 029364 029429 gi|221 
000375 87.0 018632 018708 gi|109 013093 013167 gi|223 
000261 81.7 018714 018644 gi|109 007465 007534 gi|178 
000298 72.7 030459 030350 gi|109 035580 035688 gi|180 
000309 77.5 032097 031996 gi|109 007712 007812 gi|155 
000251 73.8 032090 032011 gi|109 004212 004293 gi|142 
000855 75.9 037307 037945 gi|109 008502 009083 gi|121 
001316 75.6 037551 038248 gi|109 008689 009473 gi|121 
000272 80.2 039466 039300 gi|109 002447 002637 gi|194 
000392 82.3 039441 039306 gi|109 012625 012773 gi|186 
000306 76.7 039436 039334 gi|109 006754 006866 gi|186 
000348 79.9 017403 017265 gi|115 010248 010386 gi|190 
004849 98.5 019595 019052 gi|115 000001 000546 gi|166 
000301 89.1 019482 019437 gi|115 000001 000049 gi|166 
000605 85.5 019663 019547 gi|115 000036 000159 gi|166 
003696 96.0 020536 020090 gi|115 000054 000515 gi|166 
000315 91.3 020491 020446 gi|115 000001 000049 gi|166 
000653 76.3 000645 000507 gi|137 001218 001357 gi|169 
000377 65.9 000507 000632 gi|137 001943 002068 gi|217 
000286 85.2 001720 001773 gi|137 034594 034645 gi|173 
000521 87.2 007522 007599 gi|137 037839 037915 gi|143 
000484 84.4 017888 017964 gi|137 037839 037914 gi|143 
000499 84.6 020408 020331 gi|137 037839 037915 gi|143 
000336 71.8 021200 021461 gi|137 015017 015278 gi|230 
000321 66.0 021235 021711 gi|137 019565 020041 gi|165 
000579 88.5 021938 021835 gi|137 020725 020830 gi|144 
002744 97.4 022201 021889 gi|137 040389 040703 gi|157 
000337 79.1 022052 022142 gi|137 014841 014931 gi|210 
000933 84.0 022053 022208 gi|137 020860 021015 gi|144 
000784 82.1 022204 022065 gi|137 019922 020065 gi|144 
000877 86.5 022068 022230 gi|137 006877 007031 gi|206 
000816 83.7 022208 022068 gi|137 018466 018606 gi|184 
002417 79.8 026922 026404 gi|137 000026 000520 gi|212 
000499 76.0 005344 005033 gi|112 004021 004394 gi|169 
000286 85.0 010798 010897 gi|112 030878 030972 gi|175 
000304 81.1 010938 010886 gi|112 026587 026639 gi|117 
000303 74.4 017237 017109 gi|112 015068 015190 gi|166 
000339 87.0 017443 017367 gi|112 016098 016167 gi|166 
000341 80.4 023301 023164 gi|112 017015 017150 gi|135 
000269 79.8 023301 023173 gi|112 016914 017040 gi|135 
000258 75.5 023270 023173 gi|112 016840 016939 gi|135 
000402 92.5 023306 023254 gi|112 017174 017226 gi|164 
000332 93.3 023299 023255 gi|112 011344 011388 gi|164 
000900 85.7 023627 023474 gi|112 020515 020670 gi|220 
000991 87.1 023792 023630 gi|112 020107 020265 gi|220 
000400 83.3 023775 023716 gi|112 016700 016759 gi|164 
000267 86.7 023731 023775 gi|112 022471 022518 gi|169 
008818 98.0 024764 023776 gi|112 009875 010865 gi|164 
000340 81.9 023986 023871 gi|112 026475 026590 gi|154 
001051 72.5 025124 024208 gi|112 025313 026252 gi|154 
000509 79.3 024371 024280 gi|112 010384 010476 gi|156 
000349 76.2 024511 024319 gi|112 003629 003848 gi|192 
012740 97.9 026085 024599 gi|112 008358 009933 gi|164 
007581 96.5 026085 025199 gi|112 015535 016451 gi|225 
000281 77.3 025253 025327 gi|112 009145 009219 gi|164 
002895 92.3 026086 026527 gi|112 018736 019202 gi|115 
000316 75.8 027869 027775 gi|112 017051 017157 gi|166 
010472 96.9 029822 028611 gi|112 011797 012999 gi|225 
007356 97.9 029007 029822 gi|112 020307 021122 gi|226 
000420 77.8 029373 029207 gi|112 000346 000512 gi|201 
001213 92.3 029963 029783 gi|112 010884 011066 gi|114 
000376 79.1 029822 029960 gi|112 010887 011027 gi|114 
000704 97.6 030042 029961 gi|112 011719 011800 gi|225 
000658 95.2 029961 030043 gi|112 021119 021202 gi|226 
000252 93.5 029991 029961 gi|112 024478 024508 gi|201 
004873 87.3 030045 031044 gi|112 020898 021946 gi|115 
025607 99.4 034325 031089 gi|112 007472 010711 gi|225 
001174 86.5 031235 031441 gi|112 001242 001458 gi|117 
001071 83.6 031235 031441 gi|112 005536 005752 gi|119 
002110 80.9 031932 031473 gi|112 021914 022366 gi|169 
002279 81.1 032067 031545 gi|112 023561 024075 gi|169 
000275 83.8 032125 032223 gi|112 030878 030972 gi|175 
000283 75.4 032264 032204 gi|112 026587 026647 gi|117 
001048 83.7 032521 032313 gi|112 023374 023565 gi|169 
002118 90.0 032827 032517 gi|112 022912 023223 gi|169 
000463 83.5 032941 032821 gi|112 022648 022756 gi|169 
000280 88.4 032872 033009 gi|112 039624 039746 gi|205 
000257 70.1 033389 033666 gi|112 029379 029678 gi|169 
000572 76.6 034073 033886 gi|112 013442 013626 gi|210 
004363 97.8 035600 035062 gi|112 001222 001796 gi|117 
003347 93.7 035608 035072 gi|112 005507 005978 gi|119 
001895 94.3 036050 035786 gi|112 008395 008659 gi|130 
000277 85.2 031924 031871 gi|128 032182 032241 gi|183 
000486 69.3 000093 000512 gi|114 022719 023142 gi|123 
000333 87.3 009163 009007 gi|114 031972 032105 gi|180 
000306 85.0 009173 009054 gi|114 032028 032153 gi|180 
000655 77.0 003170 003399 gi|134 031559 031770 gi|152 
000670 80.6 003399 003173 gi|134 034017 034247 gi|228 
000577 77.4 003210 003399 gi|134 008300 008482 gi|139 
001646 79.8 009344 008889 gi|134 034536 034972 gi|168 
000544 78.5 009108 008923 gi|134 001417 001596 gi|226 
002341 79.4 009990 009354 gi|134 033095 033684 gi|168 
001122 73.7 018787 019645 gi|134 009663 010522 gi|150 
000666 88.9 029213 029115 gi|134 023360 023460 gi|150 
000697 91.9 029213 029115 gi|134 020361 020459 gi|220 
000321 89.7 029212 029116 gi|134 014699 014784 gi|159 
000332 70.5 017192 017499 gi|143 009343 009701 gi|171 
000402 77.4 017295 017453 gi|143 016031 016189 gi|231 
001964 83.1 037915 038234 gi|143 023375 023698 gi|190 
000773 94.4 002335 002441 gi|116 032339 032448 gi|124 
000711 91.3 002449 002335 gi|116 032898 033010 gi|124 
000705 95.1 002335 002436 gi|116 029689 029786 gi|188 
000250 76.3 022184 022109 gi|116 019658 019728 gi|124 
000792 92.2 024966 024826 gi|116 032902 033054 gi|124 
000685 87.6 024827 024979 gi|116 029659 029808 gi|188 
000770 96.1 024859 024960 gi|116 032339 032442 gi|124 
000350 82.2 026492 026564 gi|116 021006 021082 gi|156 
000259 71.0 030737 030676 gi|116 027346 027407 gi|146 
000374 76.4 026244 026349 gi|124 022935 023039 gi|220 
000505 83.3 026256 026351 gi|124 038081 038182 gi|136 
000266 76.2 026263 026325 gi|124 034322 034386 gi|228 
000662 91.3 032339 032441 gi|124 029689 029785 gi|188 
000638 89.8 033011 032904 gi|124 029688 029792 gi|188 
000804 87.7 000269 000406 gi|117 014017 014162 gi|182 
003159 94.6 001219 001605 gi|117 005513 005894 gi|119 
000770 91.4 001675 001779 gi|117 005869 005973 gi|119 
000250 83.6 004142 004070 gi|117 016510 016582 gi|207 
001096 93.8 026830 026685 gi|117 027918 028065 gi|149 
001176 97.2 026830 026690 gi|117 008174 008318 gi|231 
002610 74.2 029058 027173 gi|117 005201 007104 gi|216 
000689 80.7 000723 000924 gi|142 007282 007466 gi|184 
000331 79.3 000868 000724 gi|142 000559 000691 gi|185 
000529 80.5 000735 000924 gi|142 008102 008284 gi|177 
000321 78.6 004287 004185 gi|142 019539 019640 gi|209 
000263 75.0 004297 004186 gi|142 006880 007000 gi|215 
000279 71.5 006367 006238 gi|142 026041 026164 gi|219 
001110 97.0 022974 023104 gi|142 018038 018169 gi|184 
000280 71.2 025418 025573 gi|142 039062 039217 gi|183 
000573 72.7 025967 026336 gi|142 039628 040000 gi|183 
000393 72.6 006565 006710 gi|132 005984 006135 gi|139 
001245 73.4 022847 022427 gi|132 037141 037561 gi|205 
000382 66.4 032104 032386 gi|132 024655 024934 gi|212 
001188 74.4 032719 032181 gi|132 001307 001840 gi|212 
000993 69.6 033149 032726 gi|132 032482 032896 gi|189 
000408 74.3 032764 033152 gi|132 004026 004379 gi|148 
000718 87.2 035432 035572 gi|132 022557 022709 gi|198 
000397 83.2 035574 035450 gi|132 001092 001234 gi|189 
000496 85.9 035479 035577 gi|132 012962 013064 gi|223 
000524 92.1 035574 035499 gi|132 017485 017563 gi|220 
000270 90.7 035543 035585 gi|132 021772 021817 gi|220 
000258 72.5 006597 006789 gi|126 031627 031819 gi|190 
000269 76.8 010181 010249 gi|127 022047 022114 gi|180 
000264 86.6 017329 017188 gi|138 013282 013400 gi|145 
000654 81.2 008184 008020 gi|119 024552 024720 gi|197 
001761 71.1 021821 023256 gi|119 014074 015510 gi|177 
000923 73.8 023669 024274 gi|119 015610 016210 gi|177 
001197 69.6 024526 025169 gi|119 016311 016952 gi|177 
002362 71.2 025323 026592 gi|119 017056 018405 gi|177 
000331 72.2 025760 026054 gi|119 017442 017733 gi|146 
000286 78.3 029073 029141 gi|119 032099 032169 gi|169 
000781 78.1 017700 017299 gi|129 024901 025348 gi|172 
000362 71.0 027258 027502 gi|129 035509 035754 gi|180 
000491 72.7 029206 028705 gi|129 039818 040316 gi|148 
000314 75.3 030806 030471 gi|129 038193 038514 gi|148 
000355 68.1 031558 031415 gi|129 036384 036528 gi|148 
000368 77.1 035460 035230 gi|129 016711 016975 gi|138 
000402 79.5 035378 035465 gi|129 013460 013549 gi|145 
000461 83.5 035665 035587 gi|129 000525 000602 gi|212 
000562 79.4 035836 035657 gi|129 033810 034020 gi|173 
000411 80.8 035860 035979 gi|129 000522 000634 gi|169 
000883 97.5 003495 003374 gi|136 014744 014861 gi|208 
000292 97.1 008844 008810 gi|136 021612 021646 gi|190 
000893 91.8 016625 016480 gi|136 008277 008414 gi|217 
000717 94.6 018845 018956 gi|136 002559 002667 gi|141 
000319 75.3 036316 036582 gi|136 014852 015088 gi|212 
000366 83.9 038088 038180 gi|136 022951 023039 gi|220 
000801 76.3 008299 008492 gi|139 031586 031780 gi|152 
000681 78.3 008299 008492 gi|139 034090 034304 gi|229 
000640 78.1 008494 008299 gi|139 034000 034203 gi|228 
000271 70.8 012327 012593 gi|139 021738 022004 gi|153 
000308 87.0 018880 018758 gi|139 028082 028211 gi|183 
001987 77.4 005100 004556 gi|121 008224 008794 gi|217 
000344 85.6 004939 005035 gi|121 016480 016612 gi|136 
000318 80.7 032229 032502 gi|121 002444 002714 gi|176 
000294 91.5 013924 013994 gi|145 023124 023190 gi|150 
000259 74.4 013926 014015 gi|145 013027 013116 gi|212 
000690 86.4 014149 014003 gi|145 001484 001625 gi|169 
000263 68.8 015494 015242 gi|145 020324 020573 gi|148 
000469 81.3 025496 025390 gi|145 031510 031616 gi|214 
001027 73.6 026017 025488 gi|145 030944 031453 gi|214 
001117 78.5 026719 026044 gi|145 030364 030981 gi|214 
000629 76.6 026813 026425 gi|145 030213 030650 gi|214 
000476 90.5 031240 031157 gi|145 013202 013284 gi|199 
000352 88.0 031165 031256 gi|145 009257 009334 gi|181 
000309 85.7 027311 027193 gi|135 024678 024795 gi|199 
001046 72.8 002203 001689 gi|144 025975 026477 gi|200 
000282 72.4 001720 002143 gi|144 010342 010797 gi|209 
000368 78.7 001825 002026 gi|144 036751 036952 gi|155 
000899 87.1 020061 019922 gi|144 006877 007014 gi|206 
000784 82.3 019925 020065 gi|144 040389 040525 gi|157 
000845 85.9 019927 020061 gi|144 018474 018606 gi|184 
000446 68.0 020097 020327 gi|144 002812 003042 gi|217 
000331 65.8 020328 020488 gi|144 003344 003505 gi|217 
000272 85.2 020725 020778 gi|144 040654 040703 gi|157 
001054 91.2 020820 021013 gi|144 006836 007016 gi|206 
000906 84.6 021008 020860 gi|144 040389 040537 gi|157 
001017 92.2 021016 020876 gi|144 018465 018606 gi|184 
004312 95.0 023873 023339 gi|120 034991 035534 gi|168 
000295 79.8 023595 023343 gi|120 008915 009153 gi|166 
000433 82.9 023595 023345 gi|120 026964 027206 gi|169 
002183 72.5 000002 001414 gi|130 010164 011559 gi|199 
000831 82.8 006849 006687 gi|130 023306 023471 gi|150 
000405 79.4 006814 006689 gi|130 014678 014794 gi|159 
000929 85.7 006851 006691 gi|130 020305 020466 gi|220 
000660 90.1 006698 006798 gi|130 029115 029214 gi|134 
003825 92.8 007399 006929 gi|130 018432 018902 gi|226 
000522 75.9 007389 007500 gi|130 002558 002668 gi|201 
000522 75.9 007389 007500 gi|130 002362 002472 gi|205 
000302 77.6 007490 007415 gi|130 018234 018315 gi|226 
000319 73.7 025923 025715 gi|130 032139 032352 gi|208 
000255 87.2 033398 033360 gi|130 015380 015418 gi|141 
000606 81.6 009976 009841 gi|125 027938 028071 gi|210 
000415 77.7 010271 009962 gi|125 001436 001722 gi|165 
000732 77.3 010311 009977 gi|125 026411 026751 gi|174 
000792 78.0 010280 009981 gi|125 007165 007440 gi|157 
000471 79.1 010114 009981 gi|125 034463 034605 gi|164 
001190 83.6 009982 010298 gi|125 017904 018197 gi|199 
000498 77.6 010228 010077 gi|125 000373 000511 gi|169 
000285 77.8 010122 010274 gi|125 019578 019721 gi|166 
000311 73.9 010546 010302 gi|125 034920 035160 gi|130 
000468 74.5 010742 010594 gi|125 004190 004328 gi|148 
000334 69.9 029368 029256 gi|125 014655 014767 gi|145 
017029 93.9 029910 032086 gi|125 010380 012525 gi|210 
007209 88.8 030813 031932 gi|125 026369 027484 gi|210 
000276 74.1 037758 037674 gi|125 028089 028173 gi|205 
000265 77.0 037678 037751 gi|125 029629 029702 gi|177 
000536 73.3 015383 015069 gi|133 029911 030222 gi|203 
000915 95.4 024817 024968 gi|133 033712 033851 gi|150 
000285 83.1 012363 012433 gi|123 019196 019268 gi|226 
000641 80.0 020505 020634 gi|123 022315 022447 gi|220 
000322 83.0 015870 015975 gi|146 023683 023794 gi|209 
000374 77.1 017581 018017 gi|146 017703 018165 gi|177 
000357 83.3 024116 024336 gi|146 037406 037601 gi|193 
001148 95.9 027909 028055 gi|149 008162 008309 gi|231 
001561 94.0 021658 021460 gi|147 008819 009020 gi|229 
000339 95.7 037152 037106 gi|147 021987 022034 gi|175 
000277 74.0 003579 003484 gi|148 022633 022732 gi|176 
000277 74.0 003484 003579 gi|148 037193 037292 gi|176 
000505 68.7 004421 003991 gi|148 032433 032885 gi|189 
000337 84.9 015009 015147 gi|148 030991 031161 gi|168 
000327 84.2 015615 015778 gi|148 031218 031347 gi|168 
014381 85.5 015779 018179 gi|148 035847 038230 gi|168 
000252 82.5 019002 019138 gi|148 023378 023487 gi|220 
001429 70.3 019373 020142 gi|148 023606 024360 gi|212 
000691 67.9 019644 019992 gi|148 000912 001259 gi|212 
000635 75.1 020284 020552 gi|148 024380 024640 gi|212 
000364 71.0 029518 029662 gi|148 040553 040703 gi|214 
002750 73.2 029664 030949 gi|148 000002 001262 gi|157 
000421 71.4 030969 031087 gi|148 001394 001512 gi|157 
000358 78.5 031947 032123 gi|148 015608 015773 gi|149 
000286 75.3 007102 007190 gi|157 027929 028016 gi|166 
000302 70.2 007351 007107 gi|157 019547 019783 gi|166 
000359 72.9 007116 007443 gi|157 001381 001699 gi|165 
000497 73.4 007129 007417 gi|157 026404 026711 gi|174 
000817 77.0 007442 007139 gi|157 017901 018206 gi|199 
000515 80.4 007202 007344 gi|157 000370 000511 gi|169 
000433 77.5 007311 007448 gi|157 034463 034613 gi|164 
000872 87.3 040522 040389 gi|157 006877 007011 gi|206 
000818 85.5 040392 040522 gi|157 018475 018606 gi|184 
000337 79.2 040538 040419 gi|157 014841 014958 gi|210 
000551 71.6 001701 001410 gi|165 017898 018199 gi|199 
000462 71.3 001490 001698 gi|165 026523 026750 gi|174 
000310 87.3 001513 001583 gi|165 000430 000501 gi|169 
000369 81.9 006916 007020 gi|165 017552 017662 gi|199 
000325 70.1 010677 010417 gi|165 004435 004699 gi|217 
000313 75.4 019565 019885 gi|165 015052 015369 gi|230 
001084 84.9 020077 020255 gi|165 028068 028243 gi|225 
000432 86.9 014310 014393 gi|150 027775 027855 gi|171 
001156 88.2 023286 023463 gi|150 020291 020462 gi|220 
000454 81.8 023339 023475 gi|150 014677 014799 gi|159 
000560 85.5 023580 023457 gi|150 036349 036476 gi|164 
000303 73.0 023722 023582 gi|150 001856 002001 gi|172 
000361 74.6 033671 033538 gi|150 017837 017958 gi|182 
000256 73.3 014459 014634 gi|151 011021 011190 gi|157 
000308 75.8 035848 035754 gi|151 040591 040680 gi|199 
000378 90.6 040627 040543 gi|151 031409 031479 gi|168 
000274 80.6 031628 031562 gi|152 036682 036756 gi|202 
000950 79.9 031564 031812 gi|152 034061 034331 gi|229 
000607 73.0 031823 031583 gi|152 033964 034206 gi|228 
008069 96.8 008358 009269 gi|164 015535 016447 gi|225 
000317 75.1 010127 010319 gi|164 003629 003848 gi|192 
000287 77.2 013416 013507 gi|164 029994 030085 gi|178 
001477 73.5 013780 014859 gi|164 000546 001671 gi|166 
000299 79.0 014480 014660 gi|164 030807 030987 gi|178 
001279 88.2 015589 015775 gi|164 030331 030516 gi|174 
000317 78.0 015610 015691 gi|164 038796 038877 gi|176 
000406 83.9 016700 016761 gi|164 020120 020181 gi|220 
000410 74.3 024043 023892 gi|164 001111 001260 gi|169 
005130 85.5 024097 025013 gi|164 006314 007313 gi|166 
001597 74.4 025823 025227 gi|164 010795 011413 gi|179 
000404 68.5 029282 029061 gi|164 014686 014906 gi|231 
000721 69.0 029653 029319 gi|164 034955 035289 gi|231 
001846 77.7 030606 029322 gi|164 013307 014539 gi|231 
000314 73.4 033507 033309 gi|164 010148 010365 gi|231 
000415 73.8 034432 033956 gi|164 008858 009359 gi|179 
000382 70.5 034463 034611 gi|164 026607 026753 gi|174 
000565 74.5 034607 034463 gi|164 017901 018042 gi|199 
000968 83.3 036871 037098 gi|164 017919 018149 gi|225 
000950 82.9 037098 036871 gi|164 020405 020635 gi|178 
005726 82.4 037085 038240 gi|164 018570 019712 gi|225 
005580 82.3 038239 037085 gi|164 018847 019984 gi|178 
001042 75.1 002905 004155 gi|178 028711 029951 gi|210 
000268 79.2 005675 005751 gi|178 028619 028698 gi|210 
001438 73.1 006117 007141 gi|178 028937 029947 gi|210 
000352 81.9 007575 007471 gi|178 013064 013167 gi|223 
000268 71.9 009303 009416 gi|178 036032 036145 gi|228 
000669 83.5 013905 013785 gi|178 027886 028004 gi|225 
004817 88.1 014606 013899 gi|178 026934 027629 gi|225 
007567 85.2 015829 014582 gi|178 023350 024611 gi|225 
002698 81.8 016534 015837 gi|178 022135 022841 gi|225 
044410 93.0 022101 016525 gi|178 016453 022015 gi|225 
000461 71.1 018847 018647 gi|178 017365 017568 gi|182 
000403 83.5 022329 022239 gi|178 030820 030920 gi|225 
000879 74.5 027938 026943 gi|178 028937 029949 gi|210 
000356 100.0 031646 031604 gi|178 008596 008637 gi|222 
000306 92.3 031646 031608 gi|178 011272 011310 gi|222 
001205 99.2 032068 031936 gi|178 010850 010982 gi|222 
000337 76.8 024587 024668 gi|153 013065 013145 gi|223 
000549 86.9 024706 024600 gi|153 007459 007559 gi|178 
000269 84.2 024682 024601 gi|153 020832 020917 gi|195 
000733 72.8 004359 004814 gi|154 031989 032435 gi|158 
000285 67.0 011177 011063 gi|154 023548 023662 gi|177 
000336 77.3 011086 011182 gi|154 025463 025558 gi|220 
000516 72.9 025313 025751 gi|154 009394 009844 gi|164 
000684 72.4 025659 026252 gi|154 009867 010430 gi|164 
000283 76.3 025824 026140 gi|154 003534 003848 gi|192 
000356 65.7 026376 026234 gi|154 039143 039290 gi|176 
000304 81.0 026475 026590 gi|154 010656 010771 gi|164 
000266 75.2 029657 029757 gi|154 013301 013415 gi|158 
000318 72.8 007663 007502 gi|155 021988 022149 gi|227 
000295 73.8 007649 007911 gi|155 023282 023550 gi|171 
000310 74.2 036561 036680 gi|155 025612 025728 gi|219 
000305 71.4 036939 036751 gi|155 026165 026353 gi|200 
000255 69.6 036848 036959 gi|155 026013 026124 gi|219 
000432 92.8 009324 009256 gi|181 013193 013277 gi|199 
000699 84.8 027682 027845 gi|181 027654 027810 gi|210 
000267 69.3 031733 031856 gi|181 010701 010824 gi|190 
000945 79.9 008119 008327 gi|177 007292 007507 gi|184 
000281 74.8 008236 008122 gi|177 000558 000679 gi|185 
000841 91.2 008343 008536 gi|177 000220 000457 gi|186 
003227 74.7 025647 023527 gi|177 023582 025566 gi|220 
000251 84.3 037668 037769 gi|177 005772 005887 gi|186 
002308 82.9 031867 031448 gi|168 036257 036684 gi|202 
000916 76.4 033020 032754 gi|168 000068 000334 gi|201 
001348 90.4 034766 034984 gi|168 001417 001650 gi|226 
000420 81.3 035278 035528 gi|168 026964 027206 gi|169 
000472 93.9 035628 035530 gi|168 000919 000996 gi|226 
000743 80.5 026772 026420 gi|174 017883 018199 gi|199 
000327 89.1 030367 030421 gi|174 038807 038863 gi|176 
000594 89.7 000978 001084 gi|176 002422 002535 gi|219 
000251 83.6 018241 018169 gi|176 007794 007881 gi|203 
000382 75.8 023896 023986 gi|176 034209 034301 gi|204 
000252 83.0 023919 023977 gi|176 005786 005845 gi|211 
000546 87.1 037759 037859 gi|176 027744 027851 gi|181 
000511 84.7 037759 037856 gi|176 027716 027811 gi|210 
000290 88.0 037867 037793 gi|176 014734 014806 gi|210 
000297 77.1 039539 039621 gi|176 034214 034294 gi|204 
000320 77.8 017011 017213 gi|170 016410 016622 gi|213 
000913 79.3 009123 009693 gi|171 015710 016227 gi|231 
000353 76.5 022991 022779 gi|171 022186 022393 gi|227 
000253 85.7 038376 038417 gi|171 010764 010806 gi|223 
000486 86.2 014677 014792 gi|159 020340 020466 gi|220 
000351 71.2 001858 001755 gi|156 008988 009091 gi|176 
000276 76.7 002151 002079 gi|156 008521 008590 gi|176 
000500 78.5 010384 010476 gi|156 010267 010358 gi|164 
000276 82.6 011506 011591 gi|156 007319 007407 gi|211 
000284 80.0 023529 023578 gi|156 008541 008590 gi|176 
000351 71.2 023799 023902 gi|156 008988 009091 gi|176 
000253 81.4 010401 010235 gi|175 005305 005482 gi|182 
000308 81.4 025681 025553 gi|175 037759 037870 gi|176 
000441 81.9 025747 025566 gi|175 027687 027851 gi|181 
000432 86.1 025716 025602 gi|175 027680 027783 gi|210 
000258 82.9 003591 003510 gi|163 001198 001272 gi|176 
006649 91.3 004535 003624 gi|163 000001 000935 gi|176 
000265 73.2 004554 005038 gi|163 029951 030442 gi|178 
001038 78.9 008457 008207 gi|163 001259 001512 gi|176 
000258 73.0 039982 039497 gi|163 029951 030443 gi|178 
000491 71.5 018089 017510 gi|158 031987 032549 gi|163 
000347 91.3 037374 037419 gi|167 017858 017903 gi|187 
000435 88.5 007674 007751 gi|162 006905 006980 gi|165 
000365 84.5 007681 007751 gi|162 017549 017622 gi|199 
000536 76.6 008889 008689 gi|162 015590 015783 gi|164 
000595 81.3 008883 008697 gi|162 030337 030515 gi|174 
000410 83.5 008867 008777 gi|162 038797 038885 gi|176 
000273 88.1 008888 008847 gi|162 038314 038356 gi|176 
000306 78.2 014242 014142 gi|162 006865 006965 gi|215 
000257 69.6 000653 000767 gi|166 030375 030489 gi|178 
000267 77.0 001332 001457 gi|166 030866 030990 gi|178 
001944 90.6 008850 009148 gi|166 026901 027203 gi|169 
000346 80.7 017006 017062 gi|166 027324 027380 gi|224 
002572 82.6 017281 017746 gi|166 028353 028826 gi|224 
003085 85.7 017766 018310 gi|166 028922 029459 gi|224 
000285 84.1 018339 018382 gi|166 034446 034489 gi|229 
001055 84.7 018645 018404 gi|166 000684 000901 gi|226 
000265 72.2 019665 019551 gi|166 000385 000514 gi|169 
000485 73.7 019799 019602 gi|166 026343 026568 gi|174 
000319 73.2 019627 019854 gi|166 018086 018298 gi|199 
002558 73.5 022079 020308 gi|166 011339 013097 gi|178 
000258 73.3 021584 021405 gi|166 029069 029253 gi|175 
000254 79.1 022577 022667 gi|166 037932 038026 gi|230 
001278 96.2 023184 023025 gi|166 033502 033664 gi|217 
000286 73.1 023166 023037 gi|166 036258 036390 gi|217 
000290 83.6 028017 027963 gi|166 018153 018206 gi|199 
000251 84.4 022137 022048 gi|180 010766 010855 gi|190 
000294 75.4 000508 000155 gi|169 018012 018374 gi|199 
000336 72.2 000370 000502 gi|169 026486 026631 gi|174 
000406 69.1 001200 001510 gi|169 017183 017499 gi|182 
000752 69.2 001491 001232 gi|169 001809 002068 gi|217 
000257 75.7 022048 021913 gi|169 038858 038994 gi|205 
002065 80.6 021914 022366 gi|169 009868 010327 gi|225 
000261 83.0 022522 022470 gi|169 020116 020165 gi|220 
000477 81.7 022648 022756 gi|169 008859 008979 gi|225 
002121 90.4 022912 023223 gi|169 008973 009283 gi|225 
000421 84.6 023054 022919 gi|169 037816 037969 gi|205 
001047 82.3 023374 023565 gi|169 009279 009487 gi|225 
002309 80.8 023561 024075 gi|169 009733 010255 gi|225 
000434 67.4 023835 023572 gi|169 038858 039112 gi|205 
000417 76.9 024275 024090 gi|169 031866 032044 gi|198 
000358 77.9 024225 024104 gi|169 034074 034201 gi|196 
000440 73.2 017371 017568 gi|182 019716 019910 gi|225 
000949 80.3 018042 017820 gi|182 033494 033713 gi|228 
000525 80.7 018043 017889 gi|182 008619 008753 gi|212 
000457 80.0 019652 019483 gi|182 008475 008652 gi|212 
000699 77.6 019776 019523 gi|182 033211 033475 gi|228 
000250 88.4 025749 025817 gi|182 038209 038278 gi|215 
000453 74.5 007416 007280 gi|184 000554 000694 gi|185 
000262 82.8 013456 013358 gi|184 029697 029784 gi|191 
000997 92.8 018606 018468 gi|184 006877 007016 gi|206 
000360 73.5 028131 028266 gi|185 012205 012367 gi|223 
000399 72.5 028373 028196 gi|185 001190 001392 gi|189 
000271 74.0 034649 034554 gi|185 030962 031056 gi|199 
000336 76.8 035350 035269 gi|185 030551 030633 gi|199 
000693 89.1 006729 006866 gi|186 002468 002597 gi|194 
000785 89.3 012615 012754 gi|186 002463 002612 gi|194 
000343 73.8 005204 005121 gi|187 016424 016507 gi|209 
000580 75.0 006120 005805 gi|187 015625 015940 gi|209 
000485 71.7 006635 006417 gi|187 015143 015358 gi|209 
000285 82.0 006866 006817 gi|187 014865 014913 gi|209 
000280 72.5 026211 026103 gi|200 026058 026166 gi|219 
000272 89.4 001082 001175 gi|189 017476 017556 gi|220 
000397 80.1 001265 001100 gi|189 022558 022701 gi|198 
000282 77.4 003946 004091 gi|190 012202 012336 gi|229 
000883 74.0 023194 023435 gi|190 003531 003776 gi|208 
000687 70.0 025850 026222 gi|190 026185 026551 gi|224 
000777 79.4 008475 008726 gi|212 033340 033610 gi|228 
000463 73.9 000771 000335 gi|201 020250 020683 gi|226 
000443 75.5 000346 000717 gi|201 012245 012612 gi|225 
001500 73.5 002164 000952 gi|201 018858 020091 gi|226 
006372 99.6 001994 002685 gi|201 001799 002489 gi|205 
000693 77.2 023258 023066 gi|201 003141 003322 gi|208 
000361 88.9 024478 024531 gi|201 011770 011823 gi|225 
000338 90.0 024531 024482 gi|201 021096 021145 gi|226 
000260 75.3 018473 018389 gi|192 007254 007341 gi|209 
000604 76.8 013442 013626 gi|210 007724 007911 gi|225 
000358 78.5 014075 013704 gi|210 035836 036183 gi|213 
000600 74.2 015873 015087 gi|210 006014 006774 gi|211 
000311 81.7 001968 001854 gi|205 018858 018973 gi|226 
004218 93.8 010529 009995 gi|205 007495 008048 gi|226 
002799 93.3 009995 010351 gi|205 000657 001026 gi|225 
000491 78.4 010677 010414 gi|205 007578 007812 gi|226 
000261 79.9 010414 010577 gi|205 000892 001026 gi|225 
000374 75.3 010717 010971 gi|205 008682 008948 gi|222 
000267 80.1 037961 037816 gi|205 008993 009112 gi|225 
001430 84.6 039282 038880 gi|205 014390 014738 gi|210 
000299 86.2 039746 039624 gi|205 008791 008928 gi|225 
000726 80.0 005611 005835 gi|211 038046 038294 gi|213 
000251 80.7 031073 030986 gi|211 008439 008523 gi|212 
000338 73.3 005057 004863 gi|214 030885 031067 gi|219 
000286 82.0 018404 018464 gi|216 010915 010972 gi|223 
000441 86.1 017589 017468 gi|220 012965 013068 gi|223 
000253 86.8 017479 017516 gi|220 012085 012122 gi|223 
001073 78.6 021804 021581 gi|220 012091 012327 gi|223 
000283 82.3 022754 022821 gi|220 012429 012490 gi|223 
000662 91.4 022925 022810 gi|220 012368 012484 gi|223 
000401 77.5 022838 022935 gi|220 012828 012929 gi|223 
001076 81.2 034051 034294 gi|204 038052 038304 gi|213 
000863 83.1 034051 034293 gi|204 005617 005845 gi|211 
001152 84.5 022355 022561 gi|198 012089 012307 gi|223 
000836 80.7 022580 022358 gi|198 021588 021803 gi|220 
000491 80.5 022581 022708 gi|198 012920 013056 gi|223 
000560 93.2 022709 022636 gi|198 017487 017563 gi|220 
000337 80.8 032768 032913 gi|196 038203 038342 gi|228 
000411 83.6 036754 036682 gi|202 034061 034132 gi|229 
006073 72.1 005997 008798 gi|199 036216 039075 gi|208 
003285 97.8 001026 000657 gi|225 007678 008048 gi|226 
000255 77.2 000985 000894 gi|225 007516 007610 gi|226 
007517 95.2 012610 011719 gi|225 020307 021201 gi|226 
000586 79.4 034205 033973 gi|228 034088 034330 gi|229 
