000497 90.9 021502 021437 gi|19 010353 010418 gi|64 
000307 100.0 020094 020062 gi|29 000124 000156 gi|67 
000307 100.0 020094 020062 gi|29 003565 003597 gi|67 
000281 97.0 020062 020094 gi|29 036008 036040 gi|39 
000281 97.0 020062 020094 gi|29 038685 038717 gi|39 
000613 73.1 017644 017303 gi|31 022704 023041 gi|58 
002767 97.8 019471 019781 gi|31 028864 029175 gi|69 
000306 89.8 019530 019472 gi|31 007413 007471 gi|67 
000903 88.3 019516 019652 gi|31 029103 029240 gi|69 
000855 83.8 019520 019661 gi|31 031647 031786 gi|39 
000623 79.3 019526 019646 gi|31 033122 033243 gi|69 
000449 84.9 019709 019781 gi|31 028909 028981 gi|69 
000397 82.6 019713 019781 gi|31 031647 031715 gi|39 
000263 83.0 019719 019777 gi|31 033122 033180 gi|69 
003403 99.7 020723 020347 gi|31 006963 007336 gi|67 
007421 98.0 021551 020698 gi|31 004341 005199 gi|67 
007396 97.9 020698 021551 gi|31 034853 035711 gi|39 
001095 85.6 021158 020755 gi|31 010756 011071 gi|67 
004720 89.3 014258 013579 gi|28 003867 004574 gi|45 
001047 79.8 008719 008473 gi|5 034043 034282 gi|48 
000410 73.8 008914 009215 gi|5 002287 002632 gi|45 
000886 82.2 010204 010366 gi|5 013542 013710 gi|31 
005447 84.7 010373 011258 gi|5 013813 014705 gi|31 
009232 87.0 011253 012670 gi|5 017799 019228 gi|31 
008760 89.5 012598 013784 gi|5 030152 031349 gi|39 
000286 83.2 013752 013846 gi|5 031461 031568 gi|39 
000660 76.3 014728 014531 gi|5 005787 005985 gi|45 
000388 76.9 016574 016428 gi|5 010757 010887 gi|67 
000259 66.9 016440 016593 gi|5 021021 021177 gi|31 
000259 66.9 016440 016593 gi|5 035181 035337 gi|39 
000259 66.9 016593 016440 gi|5 004715 004871 gi|67 
003359 89.7 020259 019753 gi|5 018806 019339 gi|9 
000696 48.6 026104 026286 gi|5 021320 021502 gi|19 
000537 93.9 026286 026221 gi|5 010353 010418 gi|64 
000839 90.6 031478 031605 gi|5 038406 038528 gi|69 
001050 100.0 033997 034115 gi|5 038412 038530 gi|69 
000300 81.9 037581 037466 gi|5 001854 001968 gi|64 
007486 95.2 039808 038915 gi|5 011719 012610 gi|67 
003232 89.1 007766 008289 gi|30 015908 016450 gi|67 
000994 92.7 008291 008156 gi|30 013591 013722 gi|51 
000924 70.5 002065 001761 gi|33 008713 009017 gi|63 
000430 72.1 002299 002178 gi|33 008830 008951 gi|63 
000671 83.6 002484 002351 gi|33 008561 008702 gi|63 
001446 80.4 003069 002790 gi|33 008275 008576 gi|63 
000862 84.7 003481 003312 gi|33 008171 008342 gi|63 
002544 80.8 008217 008757 gi|33 031478 032026 gi|50 
001600 78.7 008316 008686 gi|33 020704 021071 gi|54 
001472 92.1 000497 000296 gi|24 025555 025755 gi|57 
000259 84.6 008467 008390 gi|17 030315 030399 gi|69 
000323 82.3 032985 032805 gi|23 002134 002283 gi|39 
000339 73.7 027447 027579 gi|27 023313 023451 gi|75 
001013 98.3 007379 007260 gi|34 035391 035507 gi|51 
000253 77.4 001724 001807 gi|36 007569 007665 gi|43 
000412 75.5 027010 026619 gi|36 037507 037878 gi|50 
000306 75.9 026884 026619 gi|36 000542 000811 gi|55 
000817 74.8 028405 027388 gi|36 036253 037263 gi|50 
000266 72.6 031253 031192 gi|20 036901 036962 gi|52 
003289 74.3 003136 001963 gi|32 022304 023513 gi|61 
000284 81.7 005776 005846 gi|32 029407 029478 gi|55 
003916 94.6 006285 006783 gi|32 029594 030140 gi|69 
003736 96.3 006302 006785 gi|32 001559 002011 gi|35 
001133 90.0 006472 006641 gi|32 006576 006750 gi|40 
000810 79.8 006534 006780 gi|32 033966 034199 gi|67 
001108 85.2 006544 006760 gi|32 010359 010565 gi|67 
000535 80.4 011869 012317 gi|32 040319 040712 gi|40 
000314 77.0 011893 012031 gi|32 005433 005576 gi|35 
000278 73.4 013180 013057 gi|32 004507 004640 gi|35 
000874 70.5 017749 018152 gi|32 003168 003561 gi|35 
000464 67.2 018145 017948 gi|32 039751 039950 gi|40 
000874 70.5 022462 022865 gi|32 003168 003561 gi|35 
000464 67.2 022858 022661 gi|32 039751 039950 gi|40 
006712 95.6 024863 024086 gi|32 003639 004415 gi|35 
000676 75.7 026859 026708 gi|32 002007 002156 gi|35 
001217 93.8 030385 030529 gi|32 002007 002151 gi|35 
002516 74.2 032404 033112 gi|32 003060 003751 gi|35 
000569 72.1 033290 033952 gi|32 003964 004629 gi|35 
007765 94.5 035320 036249 gi|32 003690 004616 gi|35 
000335 69.9 036577 036719 gi|32 003228 003370 gi|35 
000803 72.0 036908 036716 gi|32 039757 039950 gi|40 
000569 81.0 039313 038772 gi|32 040264 040737 gi|40 
000372 76.9 039235 039102 gi|32 005420 005554 gi|35 
000335 78.0 039513 039639 gi|32 004491 004618 gi|35 
000836 92.4 001546 001663 gi|35 029604 029719 gi|69 
002932 93.5 001650 002005 gi|35 029782 030137 gi|69 
001048 85.3 001697 001866 gi|35 006576 006750 gi|40 
000667 77.0 001759 002006 gi|35 033966 034200 gi|67 
001063 84.3 001769 001985 gi|35 010359 010565 gi|67 
000350 85.2 005241 005382 gi|35 040236 040354 gi|40 
000441 76.3 005420 005554 gi|35 040332 040467 gi|40 
000335 88.4 005557 005642 gi|35 040527 040611 gi|40 
000280 74.7 012440 012354 gi|21 027664 027749 gi|43 
000286 82.0 018404 018464 gi|12 010915 010972 gi|73 
001887 95.2 023890 023639 gi|12 012759 013008 gi|69 
000759 89.7 023660 023775 gi|12 028802 028913 gi|39 
000477 90.2 024351 024442 gi|12 012892 012985 gi|69 
000470 86.3 024442 024370 gi|12 028804 028876 gi|39 
000257 73.3 015532 015606 gi|14 031187 031260 gi|20 
000455 74.4 013167 013506 gi|18 029854 030193 gi|59 
001152 84.5 022355 022561 gi|18 012089 012307 gi|73 
000491 80.5 022581 022708 gi|18 012920 013056 gi|73 
000256 74.8 031668 031558 gi|18 003037 003138 gi|32 
000705 79.1 031850 032055 gi|18 021456 021677 gi|57 
000406 76.0 032044 031866 gi|18 024090 024275 gi|43 
000488 73.7 032101 031954 gi|18 011648 011802 gi|47 
000367 87.7 007225 007281 gi|9 029933 029989 gi|46 
005494 92.7 007428 008192 gi|9 029987 030746 gi|46 
001946 74.2 011235 011680 gi|9 002522 002968 gi|35 
000576 74.3 013428 013250 gi|9 031313 031481 gi|46 
000771 73.8 013299 013558 gi|11 006163 006428 gi|12 
000666 82.0 019061 018901 gi|3 001289 001457 gi|32 
000359 76.0 030425 030301 gi|3 031126 031256 gi|20 
000302 76.4 030419 030310 gi|3 015484 015592 gi|14 
000281 81.5 004253 004517 gi|7 002484 002715 gi|73 
000825 86.8 012361 012218 gi|7 010685 010837 gi|61 
000482 89.3 025073 024999 gi|7 029237 029310 gi|17 
000328 85.1 030603 030483 gi|7 009897 010010 gi|56 
000723 73.0 040376 040062 gi|7 038101 038412 gi|23 
000348 83.3 040132 040203 gi|15 005683 005755 gi|32 
000992 95.5 016935 017066 gi|6 012848 012976 gi|22 
001754 84.0 018976 018690 gi|4 038530 038826 gi|5 
000337 82.5 024500 024556 gi|4 014163 014219 gi|60 
000304 70.7 002789 002674 gi|1 027578 027692 gi|26 
007263 76.0 007185 004994 gi|1 032661 034868 gi|46 
001109 79.0 005648 005249 gi|1 012821 013208 gi|39 
002010 73.6 006531 005631 gi|1 011809 012768 gi|39 
001003 73.6 006971 006635 gi|1 011339 011676 gi|39 
000267 100.0 008177 008140 gi|1 008391 008425 gi|17 
000390 73.2 038431 038613 gi|1 018481 018661 gi|53 
000346 75.6 003234 003063 gi|2 009947 010148 gi|63 
000375 87.0 018632 018708 gi|2 013093 013167 gi|73 
000375 93.8 018643 018707 gi|2 002056 002122 gi|55 
000261 81.7 018714 018644 gi|2 007465 007534 gi|39 
000309 77.5 032097 031996 gi|2 007712 007812 gi|52 
000392 82.3 039441 039306 gi|2 012625 012773 gi|24 
000306 76.7 039436 039334 gi|2 006754 006866 gi|24 
000279 80.0 011774 011690 gi|47 021602 021685 gi|57 
005273 92.2 016567 017269 gi|47 005689 006376 gi|61 
006382 94.2 017697 018496 gi|47 006904 007677 gi|61 
001058 84.4 018027 018205 gi|47 028068 028243 gi|67 
000295 74.3 023282 023550 gi|38 007649 007911 gi|52 
000253 85.7 038376 038417 gi|38 010764 010806 gi|73 
000950 82.0 007234 007411 gi|61 028068 028243 gi|67 
000267 80.1 037961 037816 gi|64 008993 009112 gi|67 
000299 86.2 039746 039624 gi|64 008791 008928 gi|67 
001100 90.7 006590 006751 gi|40 029839 029999 gi|69 
000253 84.6 006642 006745 gi|40 033966 034052 gi|67 
000681 87.0 006652 006751 gi|40 010359 010458 gi|67 
000471 76.8 013716 014069 gi|66 028388 028729 gi|77 
000263 76.5 014840 014958 gi|66 029540 029649 gi|77 
000300 74.7 015111 015193 gi|66 029830 029912 gi|77 
000421 74.3 004753 004400 gi|39 025729 026099 gi|69 
000352 81.9 007575 007471 gi|39 013064 013167 gi|73 
000508 84.1 007559 007472 gi|39 002032 002122 gi|55 
000340 71.1 011220 011340 gi|39 032715 032835 gi|46 
000861 74.4 011318 011676 gi|39 032871 033234 gi|46 
001884 76.9 011831 012773 gi|39 033357 034247 gi|46 
002109 76.8 012176 013207 gi|39 033647 034618 gi|46 
000669 83.5 013905 013785 gi|39 027886 028004 gi|67 
004817 88.1 014606 013899 gi|39 026934 027629 gi|67 
007567 85.2 015829 014582 gi|39 023350 024611 gi|67 
002698 81.8 016534 015837 gi|39 022135 022841 gi|67 
044410 93.0 022101 016525 gi|39 016453 022015 gi|67 
000272 84.0 018584 018658 gi|39 025410 025477 gi|69 
000299 75.7 018679 018793 gi|39 025601 025714 gi|69 
000258 71.3 018845 018710 gi|39 008863 009003 gi|63 
000403 83.5 022329 022239 gi|39 030820 030920 gi|67 
001844 82.2 022383 022770 gi|39 033576 033956 gi|69 
000774 91.8 028913 028804 gi|39 012874 012985 gi|69 
001068 83.5 031647 031877 gi|39 029107 029336 gi|69 
000823 85.6 031647 031792 gi|39 028913 029054 gi|69 
000844 77.4 031653 031895 gi|39 033122 033364 gi|69 
000257 81.7 031796 031877 gi|39 029341 029425 gi|69 
004080 74.0 032069 033474 gi|39 033977 035467 gi|69 
023044 96.8 036015 033460 gi|39 004039 006587 gi|67 
002302 94.5 033736 033462 gi|39 002850 003124 gi|67 
001533 84.0 033736 033462 gi|39 003324 003598 gi|67 
000656 82.2 033607 033462 gi|39 000013 000157 gi|67 
002248 80.2 034119 033666 gi|39 006577 007032 gi|67 
000832 84.1 033710 033923 gi|39 037957 038187 gi|69 
000617 88.7 033815 033929 gi|39 038175 038299 gi|69 
005209 88.1 035318 034264 gi|39 010756 011718 gi|67 
003889 97.7 036436 035999 gi|39 003168 003608 gi|67 
001307 98.1 036161 036005 gi|39 000007 000159 gi|67 
017440 94.0 038121 036007 gi|39 001027 003124 gi|67 
001537 84.0 036281 036007 gi|39 006311 006585 gi|67 
001316 98.7 038838 038680 gi|39 000007 000162 gi|67 
003891 98.1 039113 038683 gi|39 003168 003599 gi|67 
005698 92.5 039434 038684 gi|39 002371 003124 gi|67 
001537 84.0 038958 038684 gi|39 006311 006585 gi|67 
005316 92.4 040171 039462 gi|39 002409 003123 gi|67 
003787 97.9 039888 039462 gi|39 003168 003597 gi|67 
001475 83.5 039733 039462 gi|39 006311 006584 gi|67 
001209 98.0 039613 039462 gi|39 000007 000156 gi|67 
000501 87.8 014966 014836 gi|52 020865 020971 gi|65 
000434 80.4 002019 002130 gi|55 013065 013176 gi|73 
000294 73.9 008862 009003 gi|63 019712 019848 gi|67 
000263 86.4 017661 017596 gi|60 025415 025477 gi|69 
000554 81.3 016078 016211 gi|42 012370 012503 gi|73 
000358 81.0 016203 016078 gi|42 012798 012918 gi|73 
000263 78.8 037645 037462 gi|42 036396 036554 gi|54 
000423 79.3 010810 010896 gi|54 034936 035020 gi|65 
001543 79.2 031611 031951 gi|50 020721 021069 gi|54 
000252 77.3 013759 013672 gi|56 008528 008621 gi|68 
000301 78.7 009296 009062 gi|44 019319 019555 gi|58 
000292 79.7 009326 009174 gi|44 015502 015648 gi|58 
000284 77.7 027183 026937 gi|44 004180 004410 gi|60 
001417 98.3 013760 013588 gi|51 016286 016454 gi|67 
000732 93.3 027229 027081 gi|51 002533 002669 gi|72 
000341 75.9 000483 000376 gi|43 009952 010064 gi|63 
000257 75.7 022048 021913 gi|43 038858 038994 gi|64 
002065 80.6 021914 022366 gi|43 009868 010327 gi|67 
000477 81.7 022648 022756 gi|43 008859 008979 gi|67 
002121 90.4 022912 023223 gi|43 008973 009283 gi|67 
000421 84.6 023054 022919 gi|43 037816 037969 gi|64 
000836 92.3 023381 023252 gi|43 024551 024703 gi|55 
001047 82.3 023374 023565 gi|43 009279 009487 gi|67 
002309 80.8 023561 024075 gi|43 009733 010255 gi|67 
000434 67.4 023835 023572 gi|43 038858 039112 gi|64 
000341 74.1 024224 024090 gi|43 021523 021665 gi|57 
001093 87.9 026765 026963 gi|43 020728 020955 gi|57 
000796 99.0 003695 003597 gi|67 037191 037289 gi|69 
000617 88.7 006232 006118 gi|67 038175 038299 gi|69 
000832 84.1 006337 006124 gi|67 037957 038187 gi|69 
000639 86.2 006882 006760 gi|67 038175 038299 gi|69 
000953 86.8 006967 006771 gi|67 037982 038183 gi|69 
000286 94.8 007471 007414 gi|67 028865 028922 gi|69 
001079 84.1 010359 010565 gi|67 029901 030117 gi|69 
000292 74.6 019878 019765 gi|67 025601 025714 gi|69 
000251 80.3 019973 019908 gi|67 025410 025472 gi|69 
000779 77.3 033966 034199 gi|67 029891 030137 gi|69 
