000307 100.0 020062 020094 gi|28 022374 022406 gi|173 
000307 100.0 020094 020062 gi|28 006194 006226 gi|36 
002943 93.5 016730 017097 gi|26 001487 001854 gi|68 
000440 66.5 026356 026115 gi|26 009183 009424 gi|33 
000324 72.0 033400 033104 gi|26 032099 032414 gi|71 
000285 73.2 033381 033270 gi|26 026073 026184 gi|94 
000286 77.6 033839 033715 gi|26 025765 025889 gi|94 
000484 74.1 008699 008472 gi|21 010244 010461 gi|115 
001047 79.8 008719 008473 gi|21 034043 034282 gi|162 
000550 73.6 008912 009415 gi|21 036330 036856 gi|97 
001629 79.5 011168 010374 gi|21 005784 006488 gi|88 
003168 77.6 012578 011255 gi|21 001490 002691 gi|88 
000262 73.4 013396 013243 gi|21 038258 038408 gi|57 
003251 78.6 014012 014881 gi|21 017524 018419 gi|88 
004950 79.3 014152 015431 gi|21 038713 040014 gi|52 
006086 80.1 014365 015828 gi|21 037704 039185 gi|97 
000388 76.9 016428 016574 gi|21 030913 031043 gi|38 
000512 89.3 016541 016643 gi|21 039993 040087 gi|52 
000482 86.7 016945 016856 gi|21 031409 031497 gi|99 
000489 86.4 016858 016945 gi|21 024410 024495 gi|102 
000363 70.8 018244 018077 gi|21 018919 019081 gi|41 
001032 83.2 019590 019382 gi|21 033427 033639 gi|78 
001031 82.8 019387 019590 gi|21 035783 035991 gi|38 
000910 83.1 019590 019390 gi|21 008447 008659 gi|133 
003359 89.7 020259 019753 gi|21 018806 019339 gi|141 
005192 100.0 026104 026658 gi|21 007494 008048 gi|104 
004901 97.5 026104 026658 gi|21 021320 021873 gi|173 
004215 94.0 026658 026105 gi|21 009995 010529 gi|36 
000265 77.9 026126 026220 gi|21 021545 021636 gi|173 
000490 75.7 026422 026188 gi|21 010414 010677 gi|36 
000267 74.2 026332 026420 gi|21 021345 021436 gi|173 
002410 100.0 028346 028607 gi|21 009736 009997 gi|104 
001232 100.0 031470 031605 gi|21 012862 012997 gi|104 
000774 90.2 031484 031605 gi|21 015389 015505 gi|104 
000742 92.1 031597 031484 gi|21 004660 004769 gi|78 
001196 100.0 033997 034132 gi|21 015389 015524 gi|104 
000768 89.7 033997 034113 gi|21 012876 012997 gi|104 
000893 98.2 034105 033997 gi|21 004660 004769 gi|78 
028371 100.0 036815 039809 gi|21 018207 021202 gi|104 
004692 98.6 037326 036815 gi|21 001439 001950 gi|78 
000298 79.3 036923 036842 gi|21 007415 007490 gi|133 
003823 92.8 037510 037040 gi|21 006929 007399 gi|133 
000300 81.9 037581 037466 gi|21 001854 001968 gi|36 
007320 97.9 038915 039729 gi|21 029007 029822 gi|38 
000664 95.2 039726 039809 gi|21 029961 030043 gi|38 
012740 98.0 009933 008358 gi|29 024599 026085 gi|38 
003122 88.4 008737 009269 gi|29 007772 008286 gi|37 
006233 97.9 009083 009933 gi|29 008043 008814 gi|78 
001343 96.3 009269 009109 gi|29 013596 013760 gi|127 
000281 77.3 009145 009219 gi|29 025253 025327 gi|38 
000281 77.3 009219 009145 gi|29 008105 008179 gi|78 
000265 76.0 009145 009219 gi|29 013646 013720 gi|127 
000647 75.6 009394 009844 gi|29 004954 005392 gi|93 
000262 80.1 009675 009820 gi|29 027412 027562 gi|144 
000722 70.7 009867 010430 gi|29 005300 005893 gi|93 
008822 98.0 010865 009875 gi|29 023776 024764 gi|38 
008949 98.1 009875 010865 gi|29 008649 009640 gi|78 
000601 96.2 011422 011344 gi|29 023224 023299 gi|38 
000303 92.5 011359 011398 gi|29 010691 010730 gi|78 
000272 100.0 011394 011422 gi|29 011040 011068 gi|78 
000889 88.1 017307 017174 gi|29 023174 023306 gi|38 
000454 85.6 017307 017183 gi|29 030075 030190 gi|102 
004247 82.4 024128 024997 gi|29 027629 028569 gi|61 
003429 81.5 024997 024321 gi|29 025783 026512 gi|102 
001207 78.5 025234 024993 gi|29 024555 024792 gi|102 
001378 82.6 024994 025234 gi|29 029620 029856 gi|61 
000579 85.9 036476 036349 gi|29 023457 023580 gi|89 
000517 85.0 027203 027091 gi|24 001481 001588 gi|141 
000563 82.5 034020 033810 gi|24 035657 035836 gi|143 
000453 72.7 033810 033959 gi|24 026724 026869 gi|163 
000308 79.0 034978 035058 gi|24 027537 027618 gi|31 
000276 85.2 035058 034978 gi|24 011633 011713 gi|67 
000282 83.0 035022 035080 gi|24 040553 040620 gi|139 
000334 90.6 002420 002483 gi|22 007434 007496 gi|78 
000626 95.3 002526 002610 gi|22 027778 027875 gi|152 
000743 98.8 009367 009283 gi|22 007216 007304 gi|141 
000344 86.8 009370 009318 gi|22 035729 035783 gi|97 
000288 70.2 026164 026041 gi|22 006238 006367 gi|137 
000265 72.5 026166 026058 gi|22 026103 026211 gi|26 
000276 73.2 026814 027007 gi|22 009033 009237 gi|33 
000334 71.6 031067 030885 gi|22 004863 005057 gi|131 
000258 74.6 036267 036146 gi|22 027885 028010 gi|166 
000253 89.7 037248 037305 gi|22 004793 004860 gi|119 
000251 92.5 009705 009744 gi|13 020601 020638 gi|168 
003228 90.1 009752 010224 gi|13 021495 021951 gi|168 
001516 84.1 009752 009996 gi|13 003382 003625 gi|67 
000353 92.7 010210 010101 gi|13 020599 020704 gi|168 
000351 88.3 010220 010101 gi|13 002481 002591 gi|67 
000254 76.9 017891 017801 gi|13 012715 012810 gi|173 
000387 83.0 017889 017802 gi|13 037740 037831 gi|69 
000683 94.6 017817 017908 gi|13 008389 008480 gi|93 
000279 79.7 017818 017891 gi|13 008214 008288 gi|117 
000578 89.1 018167 018012 gi|13 037446 037607 gi|69 
000268 77.9 023888 023991 gi|15 007817 007921 gi|43 
000305 82.6 034878 034764 gi|15 000194 000311 gi|42 
000279 78.8 005264 005395 gi|8 003215 003347 gi|57 
000305 72.4 017473 017228 gi|8 017097 017346 gi|132 
000389 82.0 019718 019563 gi|8 002634 002775 gi|22 
001941 74.2 019806 020359 gi|8 013528 014072 gi|173 
001916 73.3 019806 020359 gi|8 010750 011294 gi|117 
001895 73.3 020359 019806 gi|8 006928 007472 gi|117 
000467 76.7 020367 020495 gi|8 015041 015172 gi|173 
000467 76.7 020495 020367 gi|8 005828 005959 gi|117 
000429 76.2 020367 020496 gi|8 012259 012388 gi|117 
000508 82.8 028141 028338 gi|8 004434 004653 gi|169 
000440 84.0 028221 028141 gi|8 030217 030299 gi|163 
000251 78.2 019970 019893 gi|16 022132 022207 gi|71 
001149 90.5 023841 023663 gi|16 008146 008332 gi|25 
000279 81.2 023683 023820 gi|16 012010 012139 gi|151 
001111 94.2 023685 023822 gi|16 026693 026829 gi|132 
000285 79.5 029229 029316 gi|16 000042 000129 gi|151 
000427 77.2 029391 029557 gi|16 000253 000422 gi|151 
000280 75.5 029695 029800 gi|16 000545 000650 gi|151 
000364 71.4 002675 002940 gi|25 020543 020820 gi|94 
001178 97.2 008318 008174 gi|25 026690 026830 gi|132 
000269 80.6 008310 008177 gi|25 012013 012139 gi|151 
000315 75.7 010365 010148 gi|25 033309 033507 gi|29 
001812 76.7 014539 013307 gi|25 029322 030606 gi|29 
000402 68.3 014906 014686 gi|25 029061 029282 gi|29 
000555 74.4 032908 033153 gi|25 024520 024765 gi|97 
000441 73.8 033246 033688 gi|25 024782 025269 gi|97 
000743 69.5 035289 034955 gi|25 029319 029653 gi|29 
000522 79.8 008102 008284 gi|30 000735 000924 gi|137 
000945 79.9 008119 008327 gi|30 007292 007507 gi|105 
000308 83.8 008186 008119 gi|30 033872 033946 gi|79 
000281 74.8 008236 008122 gi|30 000558 000679 gi|172 
000821 89.2 008537 008343 gi|30 033137 033377 gi|140 
000319 84.8 008471 008536 gi|30 031280 031345 gi|31 
001825 72.0 009270 010534 gi|30 012121 013514 gi|171 
000375 78.4 017703 018165 gi|30 017581 018017 gi|46 
000258 78.0 037874 037982 gi|30 018397 018505 gi|61 
000288 73.7 038804 038997 gi|30 019267 019460 gi|61 
000274 82.3 002017 001831 gi|27 035642 035854 gi|90 
002973 79.1 019288 018480 gi|27 008231 009060 gi|125 
002041 77.3 018741 019194 gi|27 028951 029410 gi|60 
000325 71.4 018982 018836 gi|27 008742 008888 gi|125 
000630 90.7 025368 025251 gi|27 008410 008541 gi|139 
001675 90.5 004054 004306 gi|19 001929 002188 gi|161 
000362 90.7 004081 004134 gi|19 028432 028484 gi|23 
013881 91.3 004214 006086 gi|19 004543 006430 gi|161 
001419 80.3 004793 005157 gi|19 028600 028965 gi|23 
002789 89.2 006434 006885 gi|19 006883 007299 gi|161 
000428 83.1 009770 009694 gi|19 032815 032891 gi|47 
000871 92.6 024280 024159 gi|19 026905 027026 gi|42 
000922 98.2 024167 024280 gi|19 014742 014857 gi|76 
000881 97.2 024173 024280 gi|19 026774 026882 gi|34 
000260 71.5 009754 009562 gi|18 035135 035324 gi|32 
000338 77.6 000598 000740 gi|10 002037 002187 gi|115 
000262 81.4 000697 000628 gi|10 007034 007104 gi|115 
000311 89.6 000629 000676 gi|10 027307 027354 gi|32 
000291 83.6 000641 000695 gi|10 008246 008299 gi|35 
000338 84.1 000652 000714 gi|10 038384 038449 gi|11 
002103 81.2 004555 005011 gi|10 018757 019194 gi|27 
002005 79.1 004555 005046 gi|10 028967 029480 gi|60 
001987 77.4 005100 004556 gi|10 008224 008794 gi|125 
000271 79.7 004618 004794 gi|10 018639 018825 gi|27 
000428 74.4 008502 008696 gi|10 037307 037501 gi|145 
000952 74.2 008689 009083 gi|10 037551 037945 gi|145 
000647 76.4 009110 009473 gi|10 037909 038248 gi|145 
000332 78.2 021696 021956 gi|10 004627 004886 gi|117 
000319 78.5 021876 021696 gi|10 016189 016370 gi|173 
002602 85.9 021714 022300 gi|10 036936 037505 gi|75 
000264 80.9 032247 032513 gi|10 007447 007701 gi|48 
000256 70.7 032427 032295 gi|10 021679 021811 gi|69 
000328 73.2 007325 007169 gi|2 036632 036786 gi|135 
000283 84.3 013675 013561 gi|2 020829 020951 gi|4 
006378 79.7 001265 000001 gi|9 026091 027361 gi|38 
002082 86.0 001711 001285 gi|9 021937 022374 gi|173 
000250 89.7 001605 001567 gi|9 020325 020362 gi|77 
000349 72.8 004160 004069 gi|9 026887 026978 gi|137 
000318 76.2 004673 004565 gi|9 000003 000117 gi|56 
000347 75.8 005014 004808 gi|9 026046 026252 gi|137 
000253 79.7 005868 005618 gi|9 025406 025606 gi|137 
000445 75.7 035945 036282 gi|9 014728 015090 gi|102 
000293 76.2 036239 036139 gi|9 031999 032104 gi|145 
000271 72.6 036282 036188 gi|9 035664 035760 gi|33 
000285 76.9 004172 004056 gi|23 005613 005726 gi|52 
000606 81.6 009976 009841 gi|23 027938 028071 gi|149 
000311 73.9 010546 010302 gi|23 034920 035160 gi|133 
000851 79.9 010549 010742 gi|23 034626 034807 gi|163 
000468 74.5 010742 010594 gi|23 004190 004328 gi|169 
000261 78.2 015924 015673 gi|23 025422 025692 gi|79 
001278 79.2 028600 028965 gi|23 005134 005507 gi|161 
000456 70.6 029255 029042 gi|23 016052 016300 gi|62 
000255 72.9 029359 029242 gi|23 007434 007549 gi|161 
017029 93.9 029910 032086 gi|23 010380 012525 gi|149 
007209 88.8 030813 031932 gi|23 026369 027484 gi|149 
000276 74.1 037758 037674 gi|23 028089 028173 gi|36 
000265 77.0 037678 037751 gi|23 029629 029702 gi|30 
000259 75.4 039438 039260 gi|23 037391 037566 gi|144 
000250 84.6 039410 039275 gi|23 034461 034583 gi|66 
000379 74.6 011824 011632 gi|14 006276 006467 gi|130 
000315 77.1 012359 012098 gi|14 005924 006158 gi|130 
000475 80.1 014615 014174 gi|14 008297 008772 gi|71 
000299 84.5 014357 014210 gi|14 037602 037749 gi|93 
000255 77.5 035624 035792 gi|14 025028 025187 gi|131 
000457 84.2 001235 001335 gi|3 023289 023386 gi|56 
000455 88.7 001384 001252 gi|3 010900 011039 gi|138 
000644 82.9 001845 001967 gi|3 014037 014163 gi|42 
000857 84.8 005421 005258 gi|3 027654 027816 gi|149 
000973 86.0 005261 005410 gi|3 037021 037167 gi|90 
000480 87.3 005263 005341 gi|3 029238 029313 gi|93 
000466 88.3 005365 005263 gi|3 021932 022039 gi|77 
000514 85.7 005397 005272 gi|3 000645 000795 gi|32 
000254 85.6 014109 014020 gi|3 016024 016133 gi|171 
000596 77.0 026590 025711 gi|3 025831 026605 gi|26 
000393 79.7 025859 026035 gi|3 009077 009256 gi|33 
000264 80.6 025876 026009 gi|3 026878 027003 gi|22 
000250 78.7 006006 005763 gi|6 039051 039278 gi|170 
000522 77.8 006446 006598 gi|6 009053 009209 gi|32 
000494 84.9 006597 006446 gi|6 036304 036465 gi|69 
000312 83.0 013537 013485 gi|6 024499 024553 gi|102 
000254 80.2 013601 013486 gi|6 031159 031275 gi|53 
000318 83.3 027250 027345 gi|6 003353 003472 gi|145 
000305 84.6 027396 027293 gi|6 001859 001958 gi|145 
000389 79.4 031039 030622 gi|6 005829 006189 gi|24 
000557 88.7 031901 031787 gi|6 029384 029487 gi|38 
000556 88.7 031901 031787 gi|6 020684 020787 gi|104 
000521 88.7 031901 031787 gi|6 039292 039394 gi|21 
001529 89.2 031907 032109 gi|6 025600 025802 gi|149 
000818 69.5 032993 033258 gi|6 028346 028608 gi|162 
000626 93.9 034264 034377 gi|6 027739 027875 gi|152 
000474 94.5 034301 034391 gi|6 002520 002620 gi|22 
000352 85.2 034517 034577 gi|6 010774 010836 gi|138 
000255 84.4 034665 034621 gi|6 007062 007105 gi|115 
000257 87.2 034622 034668 gi|6 002077 002125 gi|115 
000305 80.8 034655 034753 gi|6 008972 009067 gi|118 
000273 78.4 020586 020485 gi|4 039852 039948 gi|41 
001062 89.5 020728 020955 gi|4 026765 026963 gi|156 
000365 85.0 020889 020948 gi|4 022273 022332 gi|77 
000399 83.3 021275 021418 gi|4 002993 003121 gi|7 
000322 84.4 021293 021427 gi|4 021290 021434 gi|163 
000268 82.0 021370 021430 gi|4 007036 007101 gi|115 
000259 79.2 021430 021378 gi|4 027309 027363 gi|32 
000523 81.7 021455 021656 gi|4 034006 034206 gi|50 
000599 73.3 021456 021665 gi|4 028112 028316 gi|140 
000339 75.5 021665 021523 gi|4 024090 024224 gi|156 
000486 89.5 021692 021777 gi|4 024938 025019 gi|163 
001220 82.4 021761 022101 gi|4 025216 025548 gi|163 
000439 79.4 021780 022070 gi|4 036952 037239 gi|157 
001981 95.8 022578 022818 gi|4 008579 008819 gi|32 
001341 87.6 025555 025755 gi|4 033098 033305 gi|140 
000694 87.8 025661 025555 gi|4 031280 031388 gi|31 
000631 86.4 025720 025596 gi|4 008414 008536 gi|30 
000358 73.5 039599 039415 gi|4 028049 028227 gi|154 
001932 82.9 000522 001101 gi|12 013722 014278 gi|69 
000296 75.8 007418 007287 gi|12 015964 016089 gi|153 
000250 90.7 008282 008324 gi|12 000846 000888 gi|42 
001072 87.2 023867 023689 gi|12 015629 015807 gi|29 
000252 74.8 023772 023670 gi|17 035655 035757 gi|33 
000378 72.1 032561 031975 gi|17 037227 037901 gi|85 
001267 82.2 000258 000001 gi|31 037418 037664 gi|67 
001055 77.9 000002 000259 gi|31 028440 028697 gi|67 
000317 69.2 000049 000165 gi|31 010504 010620 gi|67 
000322 70.2 000247 000050 gi|31 014785 014979 gi|67 
007524 71.9 000249 002707 gi|31 028894 031380 gi|67 
001376 74.7 000546 000251 gi|31 036922 037218 gi|67 
000311 69.4 000690 000882 gi|31 011349 011530 gi|67 
000319 66.3 001059 000817 gi|31 013763 014005 gi|67 
000600 73.0 001922 001363 gi|31 012906 013462 gi|67 
003467 96.2 002229 002624 gi|31 032208 032602 gi|67 
000879 85.7 002698 002573 gi|31 036321 036446 gi|67 
000498 83.4 002684 003057 gi|31 031504 031892 gi|67 
000837 79.6 003040 003255 gi|31 004745 004966 gi|171 
005181 96.2 003041 003638 gi|31 032601 033196 gi|67 
001178 86.3 003190 003614 gi|31 004831 005176 gi|171 
001158 89.8 003268 003433 gi|31 004050 004219 gi|171 
002240 94.4 003344 003645 gi|31 033193 033491 gi|67 
001189 93.3 003460 003608 gi|31 004422 004570 gi|171 
000760 69.6 003636 004596 gi|31 022462 023434 gi|67 
000631 69.2 003636 004596 gi|31 006553 007524 gi|67 
002736 99.7 005218 005534 gi|31 031876 032207 gi|67 
001540 98.9 005360 005534 gi|31 003875 004049 gi|171 
011296 93.8 005616 006971 gi|31 002842 004199 gi|106 
000507 71.5 005680 006339 gi|31 015636 016284 gi|67 
000386 71.7 005940 006172 gi|31 035016 035242 gi|67 
005044 93.8 007572 006955 gi|31 032598 033214 gi|67 
002249 94.2 007266 006972 gi|31 033193 033487 gi|67 
001106 83.3 007420 006996 gi|31 004831 005188 gi|171 
001231 95.3 007150 007002 gi|31 004422 004570 gi|171 
001159 89.8 007342 007177 gi|31 004050 004219 gi|171 
000912 81.4 007569 007355 gi|31 004746 004966 gi|171 
001295 96.2 007570 007728 gi|31 004195 004352 gi|106 
000261 82.1 007729 008030 gi|31 017121 017371 gi|67 
002156 96.2 008370 008105 gi|31 027388 027653 gi|67 
003160 94.3 008290 008694 gi|31 033461 033866 gi|67 
002746 96.6 008697 008371 gi|31 018197 018525 gi|67 
001979 94.7 008710 009009 gi|31 033657 034011 gi|67 
001924 96.0 009008 008710 gi|31 018066 018410 gi|67 
000606 90.1 009341 009251 gi|31 025334 025425 gi|56 
000890 94.4 009252 009358 gi|31 005098 005204 gi|106 
001588 90.5 009358 009579 gi|31 017684 017904 gi|67 
001586 90.9 009358 009576 gi|31 011852 012069 gi|67 
019255 95.2 011804 009577 gi|31 028735 030962 gi|67 
000415 77.4 009660 009577 gi|31 032210 032293 gi|67 
000297 69.3 010145 010483 gi|31 013082 013420 gi|67 
000723 71.8 010817 011804 gi|31 013743 014735 gi|67 
000283 70.0 010998 010889 gi|31 017905 018014 gi|67 
000797 71.5 011804 010991 gi|31 010729 011548 gi|67 
001688 74.8 011348 011804 gi|31 036917 037379 gi|67 
001701 94.1 011803 012004 gi|31 011545 011746 gi|67 
005620 94.5 011804 012476 gi|31 017231 017901 gi|67 
000296 94.9 011925 011963 gi|31 017435 017475 gi|67 
000336 93.5 011959 012004 gi|31 017534 017578 gi|67 
000280 92.7 012010 012050 gi|31 011667 011705 gi|67 
000265 90.2 012010 012050 gi|31 017352 017390 gi|67 
003034 93.5 012112 012481 gi|31 011705 012074 gi|67 
000376 93.5 012112 012157 gi|31 017390 017435 gi|67 
000556 92.8 012545 012477 gi|31 028672 028740 gi|67 
000276 73.8 012480 012540 gi|31 037377 037437 gi|67 
006874 95.5 013347 012530 gi|31 027654 028473 gi|67 
000287 70.6 013446 013581 gi|31 035569 035707 gi|67 
001775 99.0 014690 014492 gi|31 032012 032210 gi|67 
001550 98.3 014669 014492 gi|31 003875 004052 gi|171 
002030 94.2 014988 014678 gi|31 033657 034026 gi|67 
002018 95.8 014680 014988 gi|31 018054 018410 gi|67 
002746 96.6 015001 015327 gi|31 018197 018525 gi|67 
003135 94.3 015409 015004 gi|31 033461 033866 gi|67 
002211 96.1 015328 015612 gi|31 027388 027680 gi|67 
001451 69.1 016498 017702 gi|31 012368 013578 gi|67 
000972 72.9 017543 016876 gi|31 030057 030733 gi|67 
000250 75.3 017364 017074 gi|31 023909 024203 gi|67 
001283 70.4 018938 017811 gi|31 028635 029753 gi|67 
001718 70.5 017827 018966 gi|31 013727 014858 gi|67 
001228 90.8 018029 017866 gi|31 017902 018065 gi|67 
007185 90.9 018957 017990 gi|31 010633 011577 gi|67 
000504 65.7 018524 018905 gi|31 037060 037443 gi|67 
001957 93.7 020759 020460 gi|31 033656 034010 gi|67 
001909 95.0 020460 020759 gi|31 018066 018411 gi|67 
002712 96.0 020771 021093 gi|31 018197 018520 gi|67 
003126 95.5 021154 020774 gi|31 033488 033866 gi|67 
002052 93.7 021094 021364 gi|31 027381 027653 gi|67 
002226 93.7 022176 021874 gi|31 033193 033498 gi|67 
005204 96.3 022479 021881 gi|31 032601 033197 gi|67 
001168 85.5 022290 021906 gi|31 004859 005176 gi|171 
001189 93.3 022060 021912 gi|31 004422 004570 gi|171 
001170 90.4 022252 022087 gi|31 004050 004219 gi|171 
000798 78.6 022479 022265 gi|31 004746 004966 gi|171 
004685 95.5 024896 025450 gi|31 019566 020122 gi|171 
004358 91.8 025476 024903 gi|31 028147 028722 gi|115 
001026 94.1 024903 025037 gi|31 011344 011475 gi|173 
003947 91.8 025446 024938 gi|31 009821 010331 gi|67 
000681 80.4 024981 025460 gi|31 023311 023796 gi|38 
000271 89.6 025190 025085 gi|31 031970 032077 gi|118 
000284 93.0 025096 025138 gi|31 030463 030504 gi|72 
000255 92.5 025121 025173 gi|31 010094 010146 gi|67 
014800 88.9 027399 025342 gi|31 011705 013743 gi|67 
004408 87.9 027719 027026 gi|31 017230 017901 gi|67 
000312 86.7 027399 027355 gi|31 017390 017434 gi|67 
000284 90.7 027503 027461 gi|31 011665 011705 gi|67 
000269 88.4 027503 027461 gi|31 017350 017390 gi|67 
001396 90.7 027718 027504 gi|31 011546 011746 gi|67 
000319 90.5 027545 027504 gi|31 017537 017578 gi|67 
000278 90.0 027584 027545 gi|31 017435 017475 gi|67 
001332 86.7 028108 027755 gi|31 033170 033499 gi|67 
002727 86.3 028338 027764 gi|31 032632 033197 gi|67 
001603 89.2 028338 027765 gi|31 004777 005250 gi|171 
000442 82.3 027961 027809 gi|31 004422 004568 gi|171 
001017 88.1 028171 027996 gi|31 004050 004219 gi|171 
000423 98.3 028524 028465 gi|31 033643 033702 gi|134 
000304 82.8 028629 028508 gi|31 004746 004848 gi|171 
000331 85.4 028640 028518 gi|31 032594 032699 gi|67 
009437 92.3 029902 028631 gi|31 019516 020822 gi|161 
000260 81.8 030169 030038 gi|31 027494 027651 gi|136 
000412 67.0 030344 030540 gi|31 035829 036025 gi|67 
003949 93.4 031309 030738 gi|31 008441 009002 gi|117 
000925 92.6 030741 030916 gi|31 009971 010123 gi|118 
003677 95.0 030744 031280 gi|31 018522 019084 gi|67 
003694 95.2 030746 031281 gi|31 026826 027387 gi|67 
001084 90.3 030747 030952 gi|31 009283 009475 gi|67 
003944 94.4 030749 031280 gi|31 003626 004147 gi|67 
003504 94.6 031281 030749 gi|31 005550 006065 gi|171 
003976 93.4 030749 031309 gi|31 035079 035635 gi|38 
003751 93.2 030749 031309 gi|31 012038 012562 gi|173 
000547 83.3 030894 030751 gi|31 010062 010200 gi|118 
002544 92.3 031269 030908 gi|31 009428 009794 gi|67 
001073 85.6 031260 031039 gi|31 031235 031441 gi|38 
000666 87.2 031388 031280 gi|31 033098 033203 gi|140 
000251 83.7 031465 031368 gi|31 040126 040215 gi|71 
000610 71.2 031573 031832 gi|31 025143 025404 gi|156 
000300 81.8 003006 003126 gi|7 021290 021429 gi|163 
000269 84.5 003135 003065 gi|7 027308 027371 gi|32 
000277 79.8 003150 003067 gi|7 000615 000704 gi|10 
000262 83.0 003138 003086 gi|7 002076 002130 gi|115 
000981 97.3 003352 003243 gi|7 031463 031572 gi|154 
003415 95.0 012508 012090 gi|7 012083 012527 gi|173 
003382 97.1 012508 012090 gi|7 035124 035600 gi|38 
003309 97.2 012477 012090 gi|7 018701 019084 gi|67 
003309 97.2 012477 012090 gi|7 027003 027386 gi|67 
003301 96.1 012502 012090 gi|7 003680 004147 gi|67 
003301 96.7 012090 012508 gi|7 008476 008952 gi|117 
003147 96.4 012090 012502 gi|7 005551 006011 gi|171 
003010 94.2 012502 012090 gi|7 030803 031280 gi|31 
002738 92.6 012103 012469 gi|7 009430 009812 gi|67 
001153 86.6 012110 012326 gi|7 031235 031441 gi|38 
000489 91.9 012502 012429 gi|7 009339 009423 gi|67 
000409 90.5 012508 012435 gi|7 010023 010107 gi|118 
000276 79.3 012439 012496 gi|7 010088 010149 gi|118 
000410 97.9 012502 012455 gi|7 018581 018628 gi|67 
000410 97.9 012502 012455 gi|7 026883 026930 gi|67 
000257 84.3 032535 032617 gi|7 031093 031170 gi|12 
001951 84.9 035833 036310 gi|7 031787 032260 gi|72 
000313 78.5 036293 036150 gi|7 003964 004122 gi|53 
001697 70.7 001010 000003 gi|5 005273 006317 gi|19 
001409 69.6 000926 000249 gi|5 005711 006418 gi|161 
000252 74.2 003837 003776 gi|5 002019 002080 gi|125 
001480 73.3 005162 004642 gi|5 027963 028485 gi|94 
000856 74.2 004932 005346 gi|5 017879 018300 gi|81 
001312 70.9 004935 005918 gi|5 008928 009918 gi|141 
003944 84.3 007378 006664 gi|5 015838 016578 gi|33 
000803 71.9 007426 007185 gi|5 003531 003776 gi|76 
000849 82.4 007601 007409 gi|5 015163 015348 gi|33 
005533 90.6 008899 008114 gi|5 002860 003646 gi|136 
000658 89.8 008986 008899 gi|5 002034 002121 gi|136 
000741 90.0 014205 014096 gi|5 030810 030917 gi|76 
000326 76.1 014097 014251 gi|5 020079 020239 gi|93 
000809 93.5 014205 014098 gi|5 011092 011198 gi|76 
000843 94.4 014205 014099 gi|5 011796 011901 gi|169 
000382 77.9 014238 014099 gi|5 034369 034499 gi|122 
000816 87.4 014100 014250 gi|5 020893 021039 gi|169 
000824 94.0 014100 014216 gi|5 011730 011851 gi|76 
000681 95.4 014100 014207 gi|5 009995 010103 gi|103 
000666 91.9 014235 014100 gi|5 028407 028539 gi|103 
000264 74.8 014238 014100 gi|5 029509 029641 gi|114 
000253 88.9 030090 030037 gi|5 030259 030314 gi|163 
000485 75.1 039059 038887 gi|5 013919 014074 gi|149 
000997 82.5 039123 039424 gi|5 030363 030635 gi|130 
000554 92.6 039302 039396 gi|5 009432 009540 gi|82 
000280 84.7 023709 023819 gi|1 021110 021245 gi|113 
000725 68.6 036049 036379 gi|1 026127 026462 gi|26 
000552 77.3 036535 036205 gi|1 025715 026035 gi|3 
000264 74.7 001185 001012 gi|33 037739 037902 gi|129 
000328 93.0 007444 007500 gi|33 021118 021177 gi|137 
000646 76.1 015844 016023 gi|33 003589 003774 gi|76 
003319 85.1 017352 017995 gi|33 030786 031451 gi|154 
000414 84.0 000800 000638 gi|32 037028 037162 gi|90 
000355 79.5 000684 000795 gi|32 021929 022030 gi|77 
000471 84.3 000685 000818 gi|32 027707 027827 gi|149 
000304 85.5 000795 000741 gi|32 029247 029302 gi|93 
000494 77.4 009021 008845 gi|32 002303 002502 gi|145 
001082 86.9 009208 009018 gi|32 036304 036501 gi|69 
001028 80.9 009465 009188 gi|32 001965 002240 gi|145 
000411 81.6 009709 009844 gi|32 003354 003476 gi|145 
000358 83.7 009880 009789 gi|32 001861 001959 gi|145 
000326 78.0 027366 027217 gi|32 021379 021521 gi|163 
000273 78.3 027348 027266 gi|32 001498 001580 gi|120 
000302 85.9 027304 027367 gi|32 002074 002146 gi|115 
000289 84.4 027351 027307 gi|32 007059 007103 gi|115 
000283 85.6 030694 030790 gi|32 030771 030860 gi|110 
000257 78.4 038165 038335 gi|32 002254 002409 gi|71 
000293 85.5 018976 019154 gi|34 016443 016603 gi|153 
000955 99.1 026773 026883 gi|34 014750 014858 gi|76 
000931 99.1 026883 026776 gi|34 026904 027009 gi|42 
000339 74.3 000001 000303 gi|56 026337 026638 gi|137 
000294 76.9 000673 000737 gi|56 026931 026997 gi|137 
000250 78.4 006047 006097 gi|56 024964 025013 gi|97 
000331 72.0 016087 015827 gi|56 006173 006461 gi|82 
000280 84.7 015880 015977 gi|56 036235 036323 gi|107 
000284 86.0 018314 018420 gi|56 014614 014731 gi|159 
002582 97.6 019792 019497 gi|56 032687 032982 gi|136 
016568 93.8 022452 020438 gi|56 030670 032685 gi|136 
000369 92.7 023381 023300 gi|56 010979 011045 gi|138 
000529 88.6 025421 025334 gi|56 005101 005187 gi|106 
000451 100.0 001894 001845 gi|35 032150 032199 gi|94 
007115 98.8 003057 002288 gi|35 031382 032151 gi|94 
000270 82.9 006216 006408 gi|35 022857 023034 gi|135 
000271 94.4 008283 008248 gi|35 001451 001487 gi|120 
000772 78.0 008253 008493 gi|35 013701 013949 gi|163 
000839 76.7 008296 008492 gi|35 031583 031780 gi|158 
000678 78.4 008494 008296 gi|35 034000 034206 gi|148 
000471 83.2 008386 008298 gi|35 021220 021314 gi|163 
000639 70.9 009535 009347 gi|35 017551 017741 gi|100 
003175 74.1 019110 020673 gi|35 024023 025736 gi|78 
001194 76.7 020867 021218 gi|35 025854 026204 gi|78 
000499 76.0 005344 005033 gi|38 004021 004394 gi|156 
000557 94.3 010675 010744 gi|38 030194 030263 gi|72 
002225 97.3 010738 011000 gi|38 030204 030462 gi|72 
000703 84.0 010747 010877 gi|38 002357 002488 gi|67 
000477 83.4 011318 011132 gi|38 015323 015498 gi|169 
000548 77.0 011318 011132 gi|38 036842 037021 gi|69 
000754 85.5 011320 011546 gi|38 015190 015394 gi|169 
000773 80.2 011320 011546 gi|38 036709 036916 gi|69 
000682 79.2 011326 011546 gi|38 038819 039018 gi|166 
000388 79.5 011679 011548 gi|38 002349 002491 gi|67 
000297 74.0 011654 011551 gi|38 030237 030339 gi|72 
002054 90.1 017483 017119 gi|38 015144 015500 gi|169 
001074 79.2 017537 017119 gi|38 038713 039132 gi|166 
001423 84.3 017443 017120 gi|38 036705 037010 gi|69 
000267 73.8 020648 020731 gi|38 007026 007109 gi|170 
003857 91.2 023164 022594 gi|38 015149 015700 gi|117 
002339 90.7 022948 022594 gi|38 005186 005530 gi|117 
002313 90.4 022594 022948 gi|38 015470 015814 gi|173 
000447 74.9 022617 022791 gi|38 002751 002915 gi|173 
000915 77.5 022845 022624 gi|38 009289 009516 gi|117 
000659 79.9 022763 022625 gi|38 009570 009709 gi|117 
000838 77.8 022625 022845 gi|38 011525 011746 gi|173 
000295 76.0 022907 022754 gi|38 009044 009200 gi|117 
000295 76.0 022754 022907 gi|38 011835 011991 gi|173 
001299 91.3 023164 022947 gi|38 004444 004666 gi|117 
001299 91.3 022947 023164 gi|38 016331 016553 gi|173 
000722 82.8 023778 023147 gi|38 028180 028738 gi|115 
000608 83.3 023150 023281 gi|38 030050 030176 gi|102 
000793 83.8 023154 023715 gi|38 019559 020081 gi|171 
000251 89.4 023164 023304 gi|38 011344 011455 gi|173 
000341 80.4 023301 023164 gi|38 017015 017150 gi|91 
000269 79.8 023301 023173 gi|38 016914 017040 gi|91 
000258 75.5 023270 023173 gi|38 016840 016939 gi|91 
000272 100.0 023252 023224 gi|38 011040 011068 gi|78 
000281 97.3 023284 023248 gi|38 010691 010730 gi|78 
000737 79.7 023779 023311 gi|38 009820 010287 gi|67 
000272 97.2 023408 023443 gi|38 030467 030504 gi|72 
001162 89.0 023776 023605 gi|38 002186 002354 gi|67 
000565 78.4 023774 023641 gi|38 018077 018214 gi|175 
014388 98.5 025389 023776 gi|38 008043 009640 gi|78 
001204 73.3 025124 024208 gi|38 004954 005893 gi|93 
000262 80.1 024843 024698 gi|38 027412 027562 gi|144 
001443 97.6 025196 025363 gi|38 013589 013760 gi|127 
000281 77.3 025253 025327 gi|38 008105 008179 gi|78 
000265 76.0 025327 025253 gi|38 013646 013720 gi|127 
007356 97.9 029007 029822 gi|38 020307 021122 gi|104 
001213 92.3 029963 029783 gi|38 010884 011066 gi|120 
000376 79.1 029822 029960 gi|38 010887 011027 gi|120 
000658 95.2 029961 030043 gi|38 021119 021202 gi|104 
001381 89.6 030353 030045 gi|38 002540 002823 gi|117 
000613 92.3 031011 031088 gi|38 019511 019588 gi|173 
001109 85.0 031235 031441 gi|38 008496 008712 gi|117 
001119 85.0 031441 031235 gi|38 012291 012507 gi|173 
001174 86.5 031441 031235 gi|38 018848 019064 gi|67 
001174 86.5 031441 031235 gi|38 027150 027366 gi|67 
001142 85.5 031441 031235 gi|38 003911 004127 gi|67 
001125 84.5 031235 031441 gi|38 005571 005788 gi|171 
001053 83.6 031247 031441 gi|38 009458 009656 gi|67 
002110 80.9 031932 031473 gi|38 021914 022366 gi|156 
002279 81.1 032067 031545 gi|38 023561 024075 gi|156 
000737 83.9 032068 032204 gi|38 002351 002488 gi|67 
002015 95.4 032068 032308 gi|38 030203 030444 gi|72 
001048 83.7 032521 032313 gi|38 023374 023565 gi|156 
002118 90.0 032827 032517 gi|38 022912 023223 gi|156 
000463 83.5 032941 032821 gi|38 022648 022756 gi|156 
000257 70.1 033389 033666 gi|38 029379 029678 gi|156 
000572 76.6 034073 033886 gi|38 013442 013626 gi|149 
013235 98.8 035792 034317 gi|38 008284 009761 gi|117 
001382 94.0 034326 034508 gi|38 011481 011662 gi|173 
000937 88.3 034508 034372 gi|38 009377 009515 gi|117 
000386 78.3 034377 034496 gi|38 002758 002873 gi|173 
000675 81.0 034502 034382 gi|38 015547 015668 gi|117 
000656 81.0 034502 034382 gi|38 005377 005498 gi|117 
000656 81.0 034382 034502 gi|38 015502 015623 gi|173 
000969 81.3 035031 034566 gi|38 009238 009709 gi|117 
010509 98.0 034566 035792 gi|38 011525 012719 gi|173 
000389 75.6 034571 034734 gi|38 002758 002917 gi|173 
000889 78.8 034801 034576 gi|38 005273 005498 gi|117 
000864 79.2 034787 034576 gi|38 015457 015668 gi|117 
000863 78.3 034576 034801 gi|38 015502 015727 gi|173 
000360 84.1 034838 034726 gi|38 009045 009174 gi|117 
000360 84.1 034726 034838 gi|38 011861 011990 gi|173 
000680 79.9 034890 034727 gi|38 009096 009263 gi|117 
000680 79.9 034727 034890 gi|38 011772 011939 gi|173 
000261 79.5 034877 034800 gi|38 005286 005358 gi|117 
000660 81.0 034980 034813 gi|38 009186 009348 gi|117 
000313 76.9 035025 034896 gi|38 005231 005353 gi|117 
000287 76.2 034896 035025 gi|38 015647 015769 gi|173 
000350 86.2 034902 035031 gi|38 011685 011797 gi|173 
003834 95.0 035603 035066 gi|38 005548 006075 gi|171 
004415 98.0 035067 035603 gi|38 026819 027389 gi|67 
001263 89.9 035067 035283 gi|38 009271 009475 gi|67 
004383 95.0 035068 035603 gi|38 003615 004150 gi|67 
004384 98.3 035079 035603 gi|38 018527 019087 gi|67 
001069 94.3 035079 035235 gi|38 009978 010123 gi|118 
000478 84.5 035177 035081 gi|38 010110 010200 gi|118 
002820 94.8 035587 035226 gi|38 009430 009808 gi|67 
001895 94.3 036050 035786 gi|38 008395 008659 gi|133 
007233 99.6 036573 035792 gi|38 032845 033626 gi|78 
000250 81.5 014023 013916 gi|44 015105 015200 gi|97 
000285 75.8 029429 029364 gi|41 017914 017982 gi|145 
000277 91.5 029591 029545 gi|41 002353 002395 gi|67 
000394 83.8 013656 013577 gi|42 019901 019988 gi|48 
000280 79.4 013645 013583 gi|42 034322 034389 gi|148 
000263 80.3 013585 013645 gi|42 019579 019642 gi|48 
000570 74.9 014339 014517 gi|42 028465 028665 gi|72 
001530 76.4 014510 015099 gi|42 028716 029353 gi|72 
000652 69.8 017052 016579 gi|42 011124 011597 gi|125 
001024 96.8 027019 026896 gi|42 014741 014866 gi|76 
000311 78.5 005250 005051 gi|37 029040 029236 gi|151 
000756 84.7 006642 006804 gi|37 003726 003874 gi|171 
000678 82.8 006654 006804 gi|37 018464 018604 gi|105 
000362 82.8 006826 006711 gi|37 014841 014954 gi|149 
002861 87.7 008332 007773 gi|37 025168 025713 gi|38 
001120 90.1 008121 008332 gi|37 008043 008264 gi|78 
000994 92.7 008291 008156 gi|37 013591 013722 gi|127 
001950 87.2 002923 003218 gi|52 027626 027925 gi|156 
003016 90.1 003222 003624 gi|52 028060 028462 gi|156 
001048 85.5 003988 003638 gi|52 027267 027581 gi|144 
002723 82.4 004318 004788 gi|52 029853 030319 gi|156 
001621 84.0 004767 005078 gi|52 030629 030957 gi|156 
001642 89.8 027341 027126 gi|52 000001 000216 gi|171 
003642 81.9 027127 027788 gi|52 022163 022812 gi|102 
000268 71.4 027591 027130 gi|52 005516 005981 gi|100 
000352 74.8 027815 027618 gi|52 003326 003530 gi|125 
000521 68.1 028015 027784 gi|52 002812 003048 gi|125 
000294 88.4 028240 028198 gi|52 003737 003779 gi|171 
000307 91.1 028253 028198 gi|52 018448 018508 gi|105 
000624 80.4 038298 038445 gi|52 040071 040225 gi|158 
000591 81.6 038597 038484 gi|52 033063 033177 gi|88 
001136 85.1 038492 038712 gi|52 017281 017521 gi|88 
003425 83.0 038710 039357 gi|52 017703 018359 gi|88 
007097 87.3 038926 039993 gi|52 037702 038770 gi|97 
000799 84.7 040319 040085 gi|52 033219 033477 gi|88 
000515 89.1 040089 040189 gi|52 000592 000684 gi|104 
000800 79.0 040429 040097 gi|52 019063 019367 gi|88 
000358 80.5 040345 040264 gi|52 019057 019132 gi|88 
000616 85.9 040490 040356 gi|52 033142 033278 gi|88 
000352 74.0 040605 040700 gi|52 024552 024647 gi|102 
000527 83.3 040700 040605 gi|52 029764 029859 gi|61 
000267 70.9 021316 021238 gi|55 007381 007459 gi|96 
000297 81.9 023654 023725 gi|43 015718 015784 gi|88 
000718 83.4 026544 026772 gi|43 027418 027671 gi|136 
000972 88.5 026555 026772 gi|43 026112 026348 gi|161 
000365 71.4 022183 022451 gi|45 037432 037700 gi|46 
000472 72.7 022518 022722 gi|45 037713 037919 gi|46 
000509 73.4 026206 025560 gi|45 015806 016467 gi|129 
000520 78.3 026043 026282 gi|45 010707 010952 gi|166 
000746 90.8 028548 028678 gi|45 018044 018169 gi|105 
000794 94.2 028551 028687 gi|45 022982 023111 gi|137 
002295 79.5 014178 014970 gi|50 036451 037260 gi|107 
000557 71.4 023356 023652 gi|50 008247 008543 gi|130 
000337 80.8 032768 032913 gi|50 038203 038342 gi|148 
000404 80.7 034045 034199 gi|50 028146 028300 gi|140 
000358 78.9 034201 034074 gi|50 024104 024225 gi|156 
000287 86.8 019646 019579 gi|48 034318 034387 gi|148 
000303 85.1 019914 019980 gi|48 034322 034389 gi|148 
000270 81.0 022435 022352 gi|49 019004 019096 gi|169 
001013 98.3 007379 007260 gi|58 035391 035507 gi|127 
007623 99.8 000121 000928 gi|36 000205 001012 gi|117 
003008 76.5 000983 000121 gi|36 019926 020828 gi|173 
000593 86.3 001129 000984 gi|36 023918 024069 gi|88 
005851 99.7 001116 001753 gi|36 001020 001657 gi|117 
000311 81.7 001968 001854 gi|36 018858 018973 gi|104 
000525 75.7 002362 002472 gi|36 007389 007500 gi|133 
000577 70.3 002945 002720 gi|36 028407 028633 gi|38 
006991 89.9 002949 003810 gi|36 002770 003630 gi|117 
000617 88.7 003339 003453 gi|36 003696 003820 gi|117 
000832 84.1 003345 003558 gi|36 003808 004038 gi|117 
002353 95.3 003532 003807 gi|36 002267 002542 gi|117 
001517 83.6 003806 003532 gi|36 022373 022647 gi|173 
000539 95.4 003807 003743 gi|36 000019 000083 gi|174 
010972 90.1 004668 006227 gi|36 001020 002541 gi|117 
004090 98.1 006275 005800 gi|36 022327 022800 gi|173 
001533 83.6 005953 006227 gi|36 003352 003626 gi|117 
004917 87.9 007555 006550 gi|36 030045 031044 gi|38 
009262 92.0 007266 008372 gi|36 002538 003637 gi|117 
000617 88.7 007892 008006 gi|36 003696 003820 gi|117 
000832 84.1 007898 008111 gi|36 003808 004038 gi|117 
002361 95.3 008085 008361 gi|36 002267 002543 gi|117 
001517 83.6 008359 008085 gi|36 022373 022647 gi|173 
000548 95.5 008361 008296 gi|36 000018 000083 gi|174 
000296 80.5 008767 008691 gi|36 017415 017493 gi|173 
004223 92.8 010539 009995 gi|36 021311 021873 gi|173 
004218 93.8 010529 009995 gi|36 007495 008048 gi|104 
000455 78.0 010695 010414 gi|36 021384 021638 gi|173 
000491 78.4 010677 010414 gi|36 007578 007812 gi|104 
001291 74.7 011020 010650 gi|36 023553 023919 gi|88 
000374 75.3 010717 010971 gi|36 008682 008948 gi|146 
002102 84.0 020256 019852 gi|36 034808 035231 gi|97 
001821 82.9 020231 019852 gi|36 003210 003588 gi|142 
000367 80.5 020327 019857 gi|36 015182 015599 gi|169 
000588 75.3 019910 020201 gi|36 031448 031742 gi|157 
000377 82.5 020332 019922 gi|36 036696 037082 gi|69 
000323 82.3 020273 020323 gi|36 017393 017443 gi|38 
000555 79.5 020656 020403 gi|36 032058 032292 gi|38 
000550 78.0 020616 020435 gi|36 010761 010937 gi|38 
000577 80.8 020648 020435 gi|36 030203 030399 gi|72 
000374 75.5 037350 037443 gi|36 034667 034766 gi|84 
000251 79.5 037816 037961 gi|36 032688 032807 gi|38 
000443 86.4 037969 037816 gi|36 022919 023054 gi|156 
000360 66.3 039112 038858 gi|36 023572 023835 gi|156 
001493 84.8 039288 038880 gi|36 014384 014738 gi|149 
000738 86.4 039443 039268 gi|36 017119 017307 gi|38 
000384 77.3 039436 039283 gi|36 011139 011306 gi|38 
001103 84.8 039283 039558 gi|36 036854 037123 gi|69 
000867 80.4 039283 039547 gi|36 038958 039222 gi|166 
001335 85.0 039289 039548 gi|36 015343 015598 gi|169 
000291 77.6 039472 039547 gi|36 001292 001368 gi|144 
000314 87.0 039624 039746 gi|36 032872 033009 gi|38 
000343 81.3 001438 001268 gi|46 009889 010030 gi|79 
000379 81.8 001971 001818 gi|46 009896 010034 gi|79 
000415 82.7 011042 011180 gi|46 009887 010010 gi|79 
000357 83.3 024116 024336 gi|46 037406 037601 gi|129 
000259 80.8 025253 025492 gi|46 037106 037332 gi|141 
000310 81.0 008821 008727 gi|47 013001 013100 gi|98 
000362 86.8 019150 019217 gi|47 026288 026353 gi|149 
000307 73.7 022815 022890 gi|47 006336 006411 gi|164 
000880 91.2 026829 026999 gi|47 039722 039883 gi|135 
000894 98.2 026849 026959 gi|47 020102 020211 gi|135 
000865 92.0 026999 026849 gi|47 032065 032212 gi|135 
000264 83.5 000237 000093 gi|54 010606 010745 gi|58 
000616 93.0 012510 012595 gi|54 033649 033736 gi|140 
000612 94.2 012595 012510 gi|54 040199 040288 gi|71 
000317 71.2 020163 020287 gi|54 028868 028992 gi|133 
000482 69.3 021003 021282 gi|54 028697 028977 gi|165 
000364 71.3 021154 021282 gi|54 028061 028189 gi|165 
000290 71.3 021154 021282 gi|54 028568 028696 gi|165 
000427 76.7 034721 034555 gi|54 034549 034707 gi|163 
000307 78.6 034620 034722 gi|54 004325 004419 gi|169 
001685 76.8 007166 005872 gi|61 034977 036209 gi|172 
000352 74.7 006408 006581 gi|61 018483 018656 gi|62 
000286 79.7 007637 007485 gi|61 034522 034674 gi|172 
013081 86.5 029884 027820 gi|61 024527 026532 gi|102 
000269 82.3 008414 008313 gi|60 001565 001654 gi|90 
000710 77.4 012582 011830 gi|60 014581 015369 gi|171 
000396 76.2 012819 012690 gi|60 014425 014554 gi|171 
000265 80.4 014196 014333 gi|60 015024 015146 gi|80 
002453 80.3 029550 028953 gi|60 008226 008809 gi|125 
000366 64.7 024000 023865 gi|57 002994 003129 gi|161 
000299 65.3 023992 023895 gi|57 001971 002068 gi|125 
000265 80.8 031257 031133 gi|57 035850 035964 gi|144 
000289 74.1 039461 039661 gi|57 033005 033211 gi|63 
000481 89.5 004122 004028 gi|53 032114 032232 gi|72 
001796 73.7 000831 000001 gi|62 029259 030092 gi|169 
000778 72.7 000359 000001 gi|62 008397 008767 gi|80 
000538 83.0 001873 001662 gi|62 024728 024915 gi|94 
000293 76.5 010404 010684 gi|62 012607 012882 gi|117 
000623 75.7 015860 015618 gi|62 026214 026445 gi|132 
000362 75.1 016731 016943 gi|62 024473 024701 gi|156 
000251 68.8 018506 018414 gi|62 035721 035813 gi|172 
000300 77.2 019123 019045 gi|62 035274 035357 gi|172 
000284 86.0 019430 019388 gi|62 035719 035761 gi|172 
000809 94.6 026886 027014 gi|62 017309 017436 gi|81 
000624 96.5 023483 023399 gi|63 027446 027540 gi|151 
000572 97.5 023485 023405 gi|63 020981 021087 gi|137 
000272 75.8 034888 034769 gi|63 009293 009405 gi|95 
000282 77.5 015966 015896 gi|66 014304 014371 gi|159 
000266 79.1 017308 017103 gi|66 014432 014647 gi|159 
000257 86.0 030400 030442 gi|64 020098 020140 gi|135 
000413 73.5 002188 002323 gi|67 018077 018215 gi|175 
000716 83.3 002351 002488 gi|67 030203 030339 gi|72 
009101 92.3 002472 003625 gi|67 020583 021738 gi|168 
000304 89.2 002557 002493 gi|67 021881 021940 gi|168 
003882 95.3 004150 003614 gi|67 005548 006079 gi|171 
004345 94.8 004150 003615 gi|67 008473 009008 gi|117 
004038 94.6 003615 004150 gi|67 012027 012530 gi|173 
001125 91.3 003625 003774 gi|67 009977 010123 gi|118 
000524 80.5 003781 003628 gi|67 010050 010200 gi|118 
001208 88.8 009475 009271 gi|67 008793 009009 gi|117 
001192 92.0 009271 009432 gi|67 012026 012185 gi|173 
000955 95.0 009403 009285 gi|67 005947 006065 gi|171 
001070 89.7 009285 009440 gi|67 009978 010132 gi|118 
000484 79.9 009440 009287 gi|67 010054 010200 gi|118 
002792 94.8 009430 009797 gi|67 008489 008841 gi|117 
002709 93.1 009806 009430 gi|67 012156 012514 gi|173 
002526 96.0 009452 009774 gi|67 005583 005893 gi|171 
000252 83.1 009870 009800 gi|67 005523 005584 gi|171 
004072 94.1 009824 010331 gi|67 028183 028687 gi|115 
003906 91.7 010331 009824 gi|67 019609 020114 gi|171 
000293 93.0 010172 010130 gi|67 030463 030504 gi|72 
000712 95.0 010331 010231 gi|67 011379 011475 gi|173 
000552 69.5 015636 016203 gi|67 002906 003473 gi|106 
003235 84.0 019087 018526 gi|67 005548 006066 gi|171 
000924 95.8 018526 018645 gi|67 009977 010093 gi|118 
004314 97.9 019087 018527 gi|67 008473 008997 gi|117 
000994 97.5 018527 018645 gi|67 012038 012156 gi|173 
000450 83.5 018625 018529 gi|67 010110 010200 gi|118 
003380 96.1 018700 019087 gi|67 012143 012530 gi|173 
000283 85.7 018700 018741 gi|67 010080 010121 gi|118 
003262 83.7 027394 026813 gi|67 005541 006079 gi|171 
004341 97.5 027389 026819 gi|67 008473 009009 gi|117 
001000 96.1 026819 026947 gi|67 012026 012156 gi|173 
000916 95.8 026829 026947 gi|67 009978 010093 gi|118 
000450 83.5 026927 026831 gi|67 010110 010200 gi|118 
003386 96.1 027002 027389 gi|67 012143 012530 gi|173 
000283 85.7 027002 027043 gi|67 010080 010121 gi|118 
001552 98.3 032033 032211 gi|67 003875 004053 gi|171 
000809 83.7 032601 032759 gi|67 004746 004897 gi|171 
001114 82.8 032790 033172 gi|67 004859 005188 gi|171 
001184 91.0 032828 032993 gi|67 004050 004219 gi|171 
001244 94.9 033018 033174 gi|67 004422 004576 gi|171 
000510 89.9 033193 033281 gi|67 004130 004219 gi|171 
000632 84.8 033234 033464 gi|67 004973 005176 gi|171 
001202 94.6 033311 033458 gi|67 004423 004570 gi|171 
001722 90.6 034915 034671 gi|67 038331 038571 gi|166 
000745 81.0 034684 034957 gi|67 012611 012894 gi|117 
000400 71.0 035016 035287 gi|67 003166 003443 gi|106 
000415 68.3 039171 038989 gi|67 037946 038130 gi|139 
000806 74.8 002945 003560 gi|88 021379 022036 gi|122 
000373 70.8 005374 005873 gi|88 023906 024438 gi|122 
016847 84.8 007729 010522 gi|88 004912 007756 gi|173 
000450 81.9 010533 010808 gi|88 008734 009056 gi|118 
000515 75.8 010838 011073 gi|88 008117 008350 gi|173 
000279 80.8 015779 015702 gi|88 018623 018706 gi|145 
000512 73.9 016725 016454 gi|88 015595 015865 gi|149 
001566 77.3 017914 018359 gi|88 037692 038123 gi|97 
000511 77.2 019366 019231 gi|88 035595 035730 gi|97 
000555 73.5 019603 019926 gi|88 005400 005744 gi|173 
001350 70.8 020213 021323 gi|88 006039 007225 gi|173 
000331 74.2 023868 023602 gi|88 008666 008948 gi|146 
000251 76.4 025222 025378 gi|88 019893 020051 gi|140 
000311 86.6 025292 025226 gi|88 030163 030228 gi|133 
003569 75.0 028081 026233 gi|88 018352 020173 gi|170 
002518 76.1 028354 027528 gi|88 018131 018905 gi|170 
000262 78.9 028491 028383 gi|88 018046 018151 gi|170 
000294 73.9 031659 032490 gi|88 003053 003911 gi|173 
000370 84.9 032926 033031 gi|88 001527 001628 gi|156 
000455 83.3 033481 033362 gi|88 000585 000701 gi|104 
004695 98.6 001950 001439 gi|78 018207 018718 gi|104 
002323 92.3 001439 001725 gi|78 007113 007399 gi|133 
000282 78.0 001842 001923 gi|78 007415 007490 gi|133 
000895 98.2 004769 004660 gi|78 015389 015497 gi|104 
000742 91.8 004769 004660 gi|78 012876 012989 gi|104 
000283 79.0 005541 005480 gi|78 002830 002891 gi|161 
000695 90.2 005549 005681 gi|78 001507 001624 gi|156 
000305 81.2 005594 005689 gi|78 032943 033038 gi|88 
001443 97.6 008236 008069 gi|78 013589 013760 gi|127 
000265 76.0 008105 008179 gi|78 013646 013720 gi|127 
001077 73.5 008342 009219 gi|78 005007 005907 gi|93 
000262 80.1 008570 008715 gi|78 027412 027562 gi|144 
000811 76.4 032193 032446 gi|78 035781 036024 gi|97 
001892 95.0 033368 033626 gi|78 008395 008653 gi|133 
000395 72.4 017857 017673 gi|81 010713 010888 gi|141 
002834 89.0 017882 018282 gi|81 008928 009323 gi|141 
000378 76.4 037200 037040 gi|81 013712 013894 gi|149 
000261 82.8 033739 033837 gi|84 011216 011309 gi|173 
000671 71.2 034053 034215 gi|84 020941 021103 gi|161 
000855 72.7 036302 036050 gi|69 034595 034846 gi|150 
000422 79.7 036716 036491 gi|69 034051 034235 gi|150 
001837 84.2 036688 037105 gi|69 015174 015595 gi|169 
001815 81.3 036707 037108 gi|69 038811 039223 gi|166 
000288 81.8 037031 037107 gi|69 001292 001368 gi|144 
000641 78.0 037266 037108 gi|69 033915 034069 gi|150 
000321 83.7 037445 037397 gi|69 033865 033913 gi|150 
000450 83.8 037809 037711 gi|69 008215 008317 gi|117 
000439 83.8 037711 037809 gi|69 012686 012788 gi|173 
000387 84.3 037809 037740 gi|69 008391 008461 gi|93 
000379 77.8 016999 016474 gi|85 030974 031459 gi|162 
000833 76.6 023636 023078 gi|83 018142 018725 gi|171 
000733 75.3 024268 023892 gi|83 017602 017980 gi|171 
000270 80.7 029784 029697 gi|83 013358 013456 gi|105 
000305 82.5 016942 016840 gi|91 030071 030165 gi|102 
000305 82.5 017043 016941 gi|91 030071 030165 gi|102 
000433 82.3 017194 017042 gi|91 030021 030165 gi|102 
000263 77.8 019222 019329 gi|91 026697 026821 gi|132 
000632 86.9 019360 019224 gi|91 040124 040285 gi|100 
000484 72.8 007221 007595 gi|72 016093 016512 gi|140 
000671 69.7 008104 008456 gi|72 017034 017386 gi|140 
000535 75.8 009293 009750 gi|72 018098 018538 gi|140 
000268 80.7 029388 029327 gi|72 015773 015844 gi|88 
000357 85.9 029489 029405 gi|72 032195 032270 gi|78 
000306 85.7 030518 030463 gi|72 028471 028529 gi|115 
000305 85.7 030463 030518 gi|72 019767 019825 gi|171 
000590 72.5 011586 012229 gi|89 000001 000618 gi|151 
000966 84.4 023467 023301 gi|89 011669 011833 gi|106 
000756 89.2 023303 023413 gi|89 037457 037571 gi|103 
000827 83.1 023471 023306 gi|89 006687 006849 gi|133 
000277 74.0 012098 012335 gi|73 035376 035581 gi|80 
000659 73.9 020055 019857 gi|73 018529 018736 gi|90 
006140 75.5 022650 020110 gi|73 015918 018432 gi|90 
000454 82.8 022740 022648 gi|73 015591 015678 gi|90 
000648 81.1 037168 037021 gi|90 027664 027813 gi|149 
000444 81.6 037023 037098 gi|90 029238 029313 gi|93 
000368 80.0 033976 033872 gi|79 007261 007358 gi|105 
000343 83.0 033872 033959 gi|79 000613 000695 gi|172 
000250 73.3 008774 008700 gi|74 014802 014881 gi|150 
000261 76.4 009290 008973 gi|74 014239 014550 gi|150 
000366 72.7 010802 010598 gi|74 012202 012406 gi|150 
000447 77.4 029025 029232 gi|74 023900 024085 gi|172 
000494 82.5 029329 029431 gi|74 024085 024187 gi|172 
000744 92.7 002669 002533 gi|86 027081 027229 gi|127 
000254 87.2 015418 015380 gi|86 033360 033398 gi|133 
000269 95.1 032071 032031 gi|86 002769 002812 gi|121 
000600 79.0 006455 006123 gi|82 034365 034694 gi|163 
000487 74.8 006138 006447 gi|82 009223 009531 gi|170 
000281 79.2 006145 006336 gi|82 031896 032064 gi|113 
000353 77.6 006474 006270 gi|82 017634 017843 gi|137 
000372 79.2 006437 006294 gi|82 036177 036322 gi|107 
000323 74.7 008233 008303 gi|82 022669 022739 gi|140 
000491 81.7 009412 009542 gi|82 030498 030627 gi|130 
000403 73.7 028417 028304 gi|82 007730 007843 gi|103 
000252 82.6 012553 012439 gi|71 010777 010882 gi|80 
000677 77.4 031438 031867 gi|71 025489 025893 gi|94 
000277 76.3 032077 032232 gi|71 026032 026188 gi|94 
000312 75.0 032351 032418 gi|71 026302 026369 gi|94 
000791 90.5 040325 040199 gi|71 033614 033736 gi|140 
000439 84.2 021939 022039 gi|77 027716 027811 gi|149 
000341 80.4 022051 021940 gi|77 037008 037115 gi|90 
000269 83.3 022046 021957 gi|77 029230 029313 gi|93 
000325 87.0 022274 022319 gi|77 026901 026946 gi|156 
000272 71.1 033694 033598 gi|87 008374 008470 gi|130 
000621 91.7 011065 011208 gi|76 028404 028547 gi|103 
000708 88.2 011197 011079 gi|76 009994 010116 gi|103 
000843 90.8 011083 011202 gi|76 011789 011906 gi|169 
000756 94.3 011196 011092 gi|76 020893 020997 gi|169 
000296 78.8 011092 011204 gi|76 034395 034504 gi|122 
000276 71.8 011214 011098 gi|76 020067 020186 gi|93 
000937 90.7 011842 011681 gi|76 011789 011948 gi|169 
000313 77.4 011847 011711 gi|76 029524 029660 gi|114 
000270 72.0 011722 011828 gi|76 020076 020186 gi|93 
000725 88.7 011728 011860 gi|76 009993 010134 gi|103 
000794 89.4 011730 011870 gi|76 020893 021035 gi|169 
000682 94.5 011839 011730 gi|76 028427 028539 gi|103 
000318 75.9 011841 011730 gi|76 034389 034498 gi|122 
000288 73.7 030944 030766 gi|76 020057 020233 gi|93 
000791 90.3 030917 030805 gi|76 020889 021002 gi|169 
000838 94.4 030807 030913 gi|76 011793 011900 gi|169 
000626 86.1 030807 030928 gi|76 028428 028555 gi|103 
000336 76.0 030807 030927 gi|76 034392 034515 gi|122 
000617 91.3 030913 030810 gi|76 009995 010101 gi|103 
000287 76.1 030816 030932 gi|76 029544 029657 gi|114 
000321 74.3 032352 032139 gi|76 025715 025923 gi|133 
001363 74.5 004041 005478 gi|75 036387 037882 gi|169 
000298 77.0 004896 004723 gi|75 014076 014246 gi|144 
000266 84.7 012641 012764 gi|75 035641 035767 gi|139 
000354 78.3 036947 037181 gi|75 004662 004886 gi|117 
000349 82.5 037181 036947 gi|75 016113 016335 gi|173 
000571 73.6 000008 000208 gi|80 030081 030281 gi|169 
001409 74.9 008410 008970 gi|80 029728 030298 gi|169 
000319 82.5 009146 009225 gi|80 030465 030544 gi|169 
000391 85.4 010504 010382 gi|80 019611 019718 gi|93 
000381 81.2 000922 000985 gi|104 021102 021165 gi|118 
000469 81.8 001648 001517 gi|104 021191 021316 gi|118 
004901 97.5 007494 008048 gi|104 021320 021873 gi|173 
000265 77.9 007516 007610 gi|104 021545 021636 gi|173 
000267 74.2 007722 007810 gi|104 021345 021436 gi|173 
000298 79.3 018315 018234 gi|104 007415 007490 gi|133 
003823 92.8 018902 018432 gi|104 006929 007399 gi|133 
000259 84.6 008390 008467 gi|93 008214 008298 gi|117 
000329 73.5 019784 019608 gi|93 018321 018496 gi|143 
000801 89.5 020197 020074 gi|93 029533 029652 gi|114 
000285 73.6 020202 020078 gi|93 011786 011906 gi|169 
000358 76.4 020081 020288 gi|93 020889 021109 gi|169 
000362 87.7 029302 029238 gi|93 027749 027811 gi|149 
000767 74.2 028206 027963 gi|94 008914 009153 gi|141 
000858 76.7 004815 004315 gi|95 008845 009387 gi|148 
000332 79.2 006090 006219 gi|96 035333 035453 gi|163 
000322 73.1 038221 038339 gi|96 020923 021044 gi|138 
000277 71.5 009985 010282 gi|97 010714 011011 gi|116 
000257 85.7 010172 010234 gi|97 039579 039647 gi|144 
000898 85.3 034599 034443 gi|97 006440 006606 gi|171 
000617 84.7 034443 034599 gi|97 023222 023361 gi|156 
001619 80.1 034876 035232 gi|97 003237 003589 gi|142 
000654 79.1 035180 034879 gi|97 031459 031741 gi|157 
000310 88.5 035732 035783 gi|97 007216 007265 gi|141 
000951 98.1 010842 010738 gi|106 014724 014828 gi|128 
000937 86.9 011669 011828 gi|106 006691 006849 gi|133 
000472 79.8 012017 012120 gi|106 020902 021004 gi|109 
000727 74.6 012370 012162 gi|106 035152 035356 gi|143 
000453 77.5 012211 012370 gi|106 027632 027782 gi|163 
000301 77.1 017031 016604 gi|98 034366 034782 gi|163 
000341 87.7 030991 031161 gi|99 015009 015147 gi|169 
000336 80.0 031218 031347 gi|99 015615 015778 gi|169 
010505 92.4 032753 031409 gi|99 023157 024495 gi|102 
002941 95.6 033438 033095 gi|99 022812 023154 gi|102 
001348 90.4 034766 034984 gi|99 001417 001650 gi|104 
000410 78.8 034986 034874 gi|99 021187 021303 gi|118 
000472 93.9 035628 035530 gi|99 000919 000996 gi|104 
000296 87.2 035625 035540 gi|99 021102 021173 gi|118 
014393 85.4 035847 038230 gi|99 015779 018179 gi|169 
007303 84.1 020820 019605 gi|102 002320 003593 gi|171 
009143 82.4 022377 020831 gi|102 000001 001536 gi|171 
001076 74.9 021599 020852 gi|102 003564 004284 gi|125 
000503 72.2 022812 022644 gi|102 003347 003516 gi|125 
000670 89.0 010101 009993 gi|103 011796 011902 gi|169 
000250 75.7 010107 009993 gi|103 029534 029644 gi|114 
000656 90.1 009995 010115 gi|103 020893 021009 gi|169 
000355 83.9 010137 009995 gi|103 034357 034498 gi|122 
000674 82.3 015859 015713 gi|103 032843 032990 gi|176 
000610 87.5 028391 028542 gi|103 011757 011903 gi|169 
000660 89.6 028541 028417 gi|103 020890 021010 gi|169 
000379 80.6 028427 028570 gi|103 034391 034523 gi|122 
000542 82.6 037058 037195 gi|103 008624 008761 gi|118 
000261 80.0 037195 037131 gi|103 028324 028395 gi|172 
000629 89.7 037566 037451 gi|103 011726 011836 gi|106 
000500 86.0 037566 037460 gi|103 006749 006849 gi|133 
000597 83.8 004772 004876 gi|100 001551 001655 gi|125 
001340 91.4 004890 005075 gi|100 002300 002483 gi|125 
000622 93.5 005061 005152 gi|100 002790 002874 gi|125 
000335 95.1 005482 005522 gi|100 003505 003545 gi|125 
001477 72.7 006444 005522 gi|100 021702 022602 gi|102 
001211 68.6 005829 006452 gi|100 000061 000684 gi|171 
005946 92.5 006480 007227 gi|100 004436 005182 gi|125 
001455 74.4 006507 007676 gi|100 001694 002841 gi|171 
000338 78.0 007670 007226 gi|100 020362 020730 gi|102 
000295 70.3 007882 007711 gi|100 019605 019769 gi|102 
000520 74.9 007759 008045 gi|100 003470 003770 gi|171 
000614 86.0 008014 008113 gi|100 001562 001661 gi|125 
000284 97.3 008112 008148 gi|100 002298 002332 gi|125 
000261 78.8 018914 018769 gi|100 026917 027060 gi|144 
000256 83.6 016582 016510 gi|112 004070 004142 gi|132 
000384 76.1 034387 034499 gi|122 011788 011901 gi|169 
000400 77.6 034498 034392 gi|122 020892 021000 gi|169 
000253 78.8 005189 005268 gi|101 029683 029762 gi|144 
001998 74.6 028504 029910 gi|113 031455 032864 gi|152 
001619 74.1 029324 030048 gi|113 032280 033061 gi|152 
000360 73.7 030697 030791 gi|113 035100 035196 gi|163 
000384 78.1 031399 031295 gi|113 022298 022403 gi|138 
001625 75.6 032065 031300 gi|113 034500 035280 gi|163 
000473 71.9 031669 031899 gi|113 004095 004327 gi|169 
000256 72.1 031867 032045 gi|113 018108 018330 gi|168 
000380 77.1 031886 032077 gi|113 009217 009413 gi|170 
003456 78.8 001005 000130 gi|117 019988 020903 gi|173 
002905 89.7 002541 002114 gi|117 022373 022800 gi|173 
000547 92.7 002559 002478 gi|117 000001 000083 gi|174 
001517 83.6 003626 003352 gi|117 022373 022647 gi|173 
000530 95.3 003626 003563 gi|117 000020 000083 gi|174 
045465 97.9 009515 004295 gi|117 011525 016702 gi|173 
000363 75.6 005353 005231 gi|117 011855 011984 gi|173 
000850 77.4 005498 005273 gi|117 011535 011760 gi|173 
000259 78.1 005358 005286 gi|117 011759 011836 gi|173 
000507 76.3 005492 005341 gi|117 002769 002915 gi|173 
003793 95.0 008473 009010 gi|117 005548 006075 gi|171 
001051 94.3 008997 008841 gi|117 009978 010123 gi|118 
000466 84.4 008899 008994 gi|117 010110 010199 gi|118 
000350 86.2 009174 009045 gi|117 011685 011797 gi|173 
000287 76.2 009180 009051 gi|117 015647 015769 gi|173 
000681 80.4 009263 009096 gi|117 011686 011849 gi|173 
000663 80.4 009348 009186 gi|117 011772 011939 gi|173 
001605 84.3 009754 009238 gi|117 011480 011990 gi|173 
000877 77.1 009505 009275 gi|117 015502 015727 gi|173 
000384 78.3 009510 009368 gi|117 002758 002898 gi|173 
000670 81.8 009699 009579 gi|117 015502 015623 gi|173 
000413 80.0 009704 009585 gi|117 002758 002873 gi|173 
018247 89.7 010003 012607 gi|117 012777 015394 gi|173 
000678 80.4 012834 012611 gi|117 038336 038558 gi|166 
000265 75.0 012893 012762 gi|117 034953 035074 gi|150 
002176 75.4 013578 013047 gi|117 016963 017516 gi|173 
007157 87.0 015358 014259 gi|117 016331 017448 gi|173 
002755 92.8 015703 015356 gi|117 015467 015815 gi|173 
000833 77.8 015668 015457 gi|117 011535 011746 gi|173 
000537 76.3 015679 015511 gi|117 002751 002915 gi|173 
000383 75.8 029646 029461 gi|114 020890 021076 gi|169 
000294 73.3 029544 029648 gi|114 011802 011906 gi|169 
000288 83.5 008961 008713 gi|118 028136 028373 gi|172 
000853 90.7 010093 009976 gi|118 005947 006067 gi|171 
001148 93.8 009978 010121 gi|118 012038 012184 gi|173 
000499 80.1 010200 010060 gi|118 012040 012186 gi|173 
000480 81.8 010103 010201 gi|118 005960 006064 gi|171 
000279 86.1 032077 031970 gi|118 019756 019861 gi|171 
000301 82.7 002637 002447 gi|111 039300 039466 gi|145 
000253 84.1 007035 007097 gi|115 021370 021433 gi|163 
000635 73.0 010231 010460 gi|115 034048 034282 gi|162 
000477 74.7 012496 013194 gi|115 027978 028689 gi|151 
000330 68.9 014117 014222 gi|115 029301 029406 gi|151 
004658 96.7 028722 028182 gi|115 019574 020115 gi|171 
000265 84.9 028435 028540 gi|115 031970 032077 gi|118 
001115 99.3 028722 028588 gi|115 011344 011475 gi|173 
000319 74.5 004505 004396 gi|119 027285 027406 gi|166 
000453 74.5 007416 007280 gi|105 000554 000694 gi|172 
000682 78.9 007282 007466 gi|105 000723 000924 gi|137 
001116 97.0 018038 018169 gi|105 022974 023104 gi|137 
000898 83.9 018452 018606 gi|105 003722 003876 gi|171 
000256 79.8 038469 038391 gi|105 015869 015952 gi|124 
000250 83.3 009471 009412 gi|109 030219 030293 gi|163 
000334 78.6 035851 035976 gi|107 036287 036411 gi|163 
000268 79.0 035976 035915 gi|107 019634 019696 gi|169 
000291 80.0 036320 036146 gi|107 009368 009536 gi|170 
000360 80.7 036175 036329 gi|107 034388 034546 gi|163 
000251 75.8 036323 036262 gi|107 031164 031229 gi|113 
000331 69.2 020179 019771 gi|123 012585 013023 gi|170 
000484 73.9 006419 006041 gi|124 026517 026940 gi|146 
000707 77.9 007058 006797 gi|124 025919 026163 gi|146 
000466 71.2 028817 028986 gi|124 025623 025796 gi|163 
000565 77.5 028981 028853 gi|124 007566 007693 gi|171 
000306 73.0 028989 028853 gi|124 037478 037604 gi|157 
000304 92.1 029114 029077 gi|124 037407 037444 gi|157 
009064 78.4 025575 027340 gi|136 024109 025868 gi|161 
001253 82.9 027368 027671 gi|136 026057 026348 gi|161 
000353 80.1 027659 027444 gi|136 026130 026336 gi|161 
000285 87.9 027661 027538 gi|136 026233 026330 gi|161 
001085 70.3 001775 002074 gi|125 002805 003105 gi|161 
000931 91.8 002178 002299 gi|125 002858 002979 gi|161 
002496 72.6 003665 005104 gi|125 000885 002332 gi|171 
000414 78.3 025256 025352 gi|147 034975 035075 gi|150 
000299 79.5 008530 008409 gi|130 038754 038866 gi|158 
000407 79.6 031255 031163 gi|130 033463 033555 gi|148 
000310 83.1 031380 031251 gi|130 033234 033369 gi|148 
001336 73.1 022298 022709 gi|138 035181 035590 gi|163 
000941 74.9 023065 022767 gi|138 020263 020559 gi|169 
002376 77.3 022887 023517 gi|138 035690 036310 gi|163 
001682 74.1 023512 023034 gi|138 019745 020217 gi|169 
000293 81.5 026698 026827 gi|132 012013 012139 gi|151 
002610 74.2 029058 027173 gi|132 005201 007104 gi|164 
000283 70.0 025784 025953 gi|146 010168 010333 gi|176 
000324 72.0 004639 004440 gi|131 012789 012979 gi|145 
000371 72.2 040553 040703 gi|131 029518 029662 gi|169 
000331 79.3 000868 000724 gi|137 000559 000691 gi|172 
000267 74.4 004293 004212 gi|137 032011 032090 gi|145 
001926 71.6 015087 016239 gi|137 034792 035930 gi|170 
000581 81.1 017843 017659 gi|137 009345 009532 gi|170 
000607 96.3 020983 021089 gi|137 027446 027537 gi|151 
000360 73.1 034363 034141 gi|152 014293 014524 gi|165 
000520 80.2 034952 034766 gi|152 013796 013991 gi|165 
000451 71.4 035376 035251 gi|152 013468 013593 gi|165 
000275 75.6 022846 023124 gi|135 037342 037632 gi|144 
000502 75.8 029457 029326 gi|139 033170 033302 gi|142 
000491 72.7 029206 028705 gi|143 039818 040316 gi|169 
000314 75.3 030806 030471 gi|143 038193 038514 gi|169 
000355 68.1 031558 031415 gi|143 036384 036528 gi|169 
001231 83.5 035302 035037 gi|143 027638 027894 gi|163 
000451 75.7 035313 035542 gi|143 025018 025232 gi|163 
000521 76.7 035506 035344 gi|143 026885 027037 gi|163 
004340 82.9 036499 035665 gi|143 026057 026890 gi|163 
000393 80.5 035860 035977 gi|143 000522 000632 gi|156 
001800 76.8 036034 036606 gi|143 035995 036575 gi|157 
001669 76.4 036163 036599 gi|143 006000 006427 gi|171 
000280 81.3 001292 001366 gi|144 015522 015595 gi|169 
000802 73.3 014149 013450 gi|144 030502 031167 gi|172 
000294 75.5 014778 014636 gi|144 029940 030082 gi|172 
001303 73.9 021547 022063 gi|140 012832 013362 gi|144 
000259 86.3 021629 021579 gi|140 031590 031638 gi|172 
005318 78.6 022144 023535 gi|140 013495 014868 gi|144 
000926 74.9 023183 022151 gi|140 030102 031122 gi|172 
000292 78.7 028112 028205 gi|140 018264 018362 gi|169 
000295 77.1 028305 028175 gi|140 024101 024221 gi|156 
000608 73.2 034206 033964 gi|148 031583 031823 gi|158 
000531 84.7 034107 034204 gi|148 021210 021314 gi|163 
000279 69.2 029394 029967 gi|149 023091 023653 gi|170 
000253 74.2 039909 039848 gi|149 039044 039105 gi|158 
000289 84.4 019693 019617 gi|151 007564 007653 gi|156 
000259 81.9 019620 019785 gi|151 001013 001196 gi|155 
000261 72.0 019627 019783 gi|151 001077 001221 gi|155 
000259 80.0 032728 032624 gi|153 004524 004634 gi|169 
000691 77.9 003527 003234 gi|142 031448 031748 gi|157 
000368 78.7 000629 000522 gi|156 026594 026698 gi|163 
001014 89.6 023393 023221 gi|156 006410 006607 gi|171 
001433 78.9 036454 035995 gi|157 026067 026534 gi|163 
000943 76.8 036228 036568 gi|157 006081 006427 gi|171 
001465 77.7 036634 037282 gi|157 006767 007404 gi|171 
000674 76.6 036884 037174 gi|157 025173 025473 gi|163 
000397 81.8 037269 037133 gi|157 025907 026058 gi|163 
000459 74.4 037400 037614 gi|157 007473 007706 gi|171 
000461 77.8 037619 037404 gi|157 025644 025876 gi|163 
000390 83.0 031672 031585 gi|158 021221 021314 gi|163 
000721 79.1 031590 031804 gi|158 013747 013976 gi|163 
000253 89.1 018367 018412 gi|159 025627 025669 gi|163 
001744 80.7 038811 039220 gi|166 015188 015595 gi|169 
000360 77.4 025173 025521 gi|163 007005 007357 gi|171 
001845 84.3 026076 025649 gi|163 007211 007708 gi|171 
001381 81.2 026345 026058 gi|163 006041 006326 gi|171 
000262 78.2 030366 030220 gi|163 009304 009445 gi|170 
000472 78.4 030369 030222 gi|163 004363 004520 gi|169 
001735 80.1 034984 034367 gi|163 004024 004627 gi|169 
000781 74.2 034671 034373 gi|163 009234 009531 gi|170 
000292 75.3 034619 034478 gi|163 018214 018379 gi|168 
001140 88.0 035866 035642 gi|163 020264 020474 gi|169 
005110 82.4 036840 035823 gi|163 019167 020226 gi|169 
000366 75.9 004322 004616 gi|169 009258 009526 gi|170 
000318 86.0 009400 009535 gi|170 007669 007802 gi|171 
003653 93.8 006075 005548 gi|171 012025 012530 gi|173 
001131 99.3 019573 019708 gi|171 011343 011475 gi|173 
