000297 87.3 008864 008810 gi|30 036934 036989 gi|67 
000835 89.4 016622 016472 gi|30 031548 031695 gi|60 
000410 89.3 016566 016621 gi|30 013409 013464 gi|35 
000301 88.1 036176 036217 gi|30 015540 015581 gi|73 
000319 75.3 036316 036582 gi|30 014852 015088 gi|53 
000285 75.9 036557 036643 gi|30 015952 016038 gi|73 
000408 87.7 038137 038081 gi|30 021931 021987 gi|75 
000252 73.1 002183 001987 gi|29 004629 004827 gi|39 
000263 76.4 002948 002894 gi|29 003739 003793 gi|39 
000333 79.5 020555 020813 gi|29 024480 024800 gi|32 
000255 81.0 030303 030241 gi|29 010488 010550 gi|61 
000312 71.1 020431 020148 gi|5 031038 031326 gi|52 
000846 74.2 021742 021079 gi|5 029811 030456 gi|52 
000586 83.5 024206 024092 gi|5 003448 003562 gi|6 
000978 86.7 024257 024093 gi|5 020305 020466 gi|7 
000697 97.5 024711 024633 gi|5 003800 003878 gi|63 
000380 80.8 039570 039399 gi|5 037834 038012 gi|6 
000706 81.5 039882 039710 gi|5 022694 022879 gi|37 
007268 76.3 034868 032661 gi|24 004994 007185 gi|57 
000367 92.4 025527 025409 gi|22 024126 024234 gi|39 
000408 85.1 025516 025443 gi|22 010513 010591 gi|76 
000279 76.0 025445 025523 gi|22 005924 006001 gi|75 
000304 73.2 026568 026457 gi|22 028280 028394 gi|36 
000286 75.0 000024 000131 gi|25 014022 014129 gi|40 
000549 78.1 004757 004852 gi|25 032114 032209 gi|62 
000770 79.1 032030 032350 gi|25 028772 029064 gi|49 
000376 68.3 039070 039287 gi|25 031147 031374 gi|51 
000337 77.1 008251 008390 gi|14 039850 039983 gi|35 
001092 98.4 019583 019460 gi|14 005876 006000 gi|36 
000699 77.4 001731 001524 gi|12 008190 008420 gi|14 
000505 80.0 001685 001561 gi|12 039850 039973 gi|35 
000601 81.7 020349 020121 gi|19 022929 023146 gi|45 
000270 82.9 026149 026218 gi|19 004191 004261 gi|50 
000743 96.6 026239 026151 gi|19 023036 023125 gi|50 
002189 73.8 040324 039012 gi|23 000404 001637 gi|72 
000708 79.1 008241 008508 gi|17 000265 000525 gi|32 
000765 80.8 008322 008503 gi|17 010239 010415 gi|50 
000277 85.5 018772 018711 gi|17 031517 031581 gi|39 
001153 75.8 033370 032552 gi|17 034035 034816 gi|74 
001008 72.9 034027 033545 gi|17 033328 033810 gi|74 
000938 75.0 024149 024548 gi|31 014622 015019 gi|75 
000813 75.3 024489 024150 gi|31 023956 024295 gi|75 
001006 90.2 001959 001827 gi|11 025869 026001 gi|23 
025664 95.1 005240 002131 gi|11 022784 025870 gi|23 
000798 77.7 018421 018121 gi|11 023998 024285 gi|39 
001334 79.3 018145 018477 gi|11 005855 006193 gi|75 
000344 83.3 018286 018209 gi|11 010511 010589 gi|76 
000273 70.7 018210 018301 gi|11 025445 025533 gi|22 
000644 77.0 018430 018240 gi|11 020607 020794 gi|67 
000535 79.0 018472 018742 gi|11 001337 001573 gi|53 
000498 83.4 018723 018537 gi|11 020279 020443 gi|67 
000282 76.6 019047 018920 gi|11 013742 013862 gi|32 
000579 82.8 002128 001931 gi|10 031616 031801 gi|13 
001857 91.2 003598 003859 gi|10 023700 023957 gi|75 
001733 91.6 003611 003860 gi|10 022626 022872 gi|75 
001673 91.7 003612 003853 gi|10 035302 035539 gi|67 
000843 79.1 025154 025316 gi|10 019397 019558 gi|25 
000699 70.2 025375 025619 gi|10 019863 020105 gi|25 
000283 81.2 025666 025529 gi|10 008966 009101 gi|49 
000837 83.3 025829 025674 gi|10 014048 014211 gi|72 
000831 85.3 025674 025829 gi|10 019041 019201 gi|38 
000297 77.3 010022 010290 gi|15 016571 016839 gi|71 
000334 77.1 010653 010827 gi|15 017256 017430 gi|71 
000296 97.1 021646 021612 gi|15 008810 008844 gi|30 
031156 99.0 021614 024983 gi|15 036957 040325 gi|67 
001969 83.3 023375 023698 gi|15 037915 038234 gi|44 
013187 94.4 025926 027486 gi|15 033307 034868 gi|67 
001909 97.3 027488 027707 gi|15 035083 035301 gi|67 
010227 91.9 027703 029078 gi|15 035604 036945 gi|67 
001090 94.6 036121 035974 gi|8 027810 027960 gi|9 
001088 95.7 035974 036112 gi|8 036988 037134 gi|9 
000684 72.2 006807 006334 gi|9 033544 034005 gi|17 
000396 83.3 006352 006465 gi|9 033369 033478 gi|74 
000276 67.3 006709 006806 gi|9 033713 033810 gi|74 
001753 76.7 014901 015641 gi|9 019308 019990 gi|48 
000934 98.1 036840 036734 gi|9 033030 033136 gi|30 
000342 80.8 017556 017484 gi|7 014023 014091 gi|32 
000949 90.2 019591 019763 gi|7 031958 032114 gi|62 
000814 85.5 020264 020120 gi|7 031734 031880 gi|13 
000387 88.7 020199 020269 gi|7 001933 002003 gi|10 
000260 80.7 020512 020620 gi|7 001999 002112 gi|10 
000795 85.3 020671 020515 gi|7 031585 031730 gi|13 
000627 81.3 021149 020707 gi|7 031408 031817 gi|13 
000916 83.9 021404 021212 gi|7 031408 031589 gi|13 
000276 82.3 023015 022937 gi|7 021919 021996 gi|75 
000374 83.2 022951 023039 gi|7 038088 038180 gi|30 
025129 95.9 004872 001964 gi|3 026724 029609 gi|75 
001084 96.8 027337 027462 gi|3 040387 040512 gi|72 
000834 87.3 027462 027337 gi|3 020885 021010 gi|46 
000741 83.3 027337 027462 gi|3 019923 020051 gi|46 
000852 93.6 012497 012358 gi|13 025546 025675 gi|40 
000440 83.3 016287 016370 gi|13 010783 010866 gi|39 
000882 77.4 030199 029912 gi|13 001273 001560 gi|25 
000919 75.8 030637 030139 gi|13 000714 001202 gi|25 
000402 76.9 030943 030723 gi|13 004137 004337 gi|25 
000689 83.2 030897 031092 gi|13 007164 007354 gi|72 
000603 94.4 031310 031169 gi|13 033146 033261 gi|62 
000927 85.5 031342 031170 gi|13 026478 026650 gi|55 
000668 93.6 031264 031171 gi|13 010104 010195 gi|76 
000970 87.4 031346 031172 gi|13 031590 031765 gi|51 
000282 68.5 021433 021556 gi|4 031674 031801 gi|24 
000376 78.8 021703 021806 gi|4 031879 031982 gi|24 
000292 88.4 035420 035335 gi|4 025395 025483 gi|35 
000369 80.2 003140 002974 gi|2 014167 014330 gi|33 
000282 78.7 003440 003352 gi|2 013948 014036 gi|33 
000255 78.2 018215 018503 gi|2 028446 028724 gi|9 
000712 95.7 013363 013272 gi|1 001321 001416 gi|17 
000250 78.1 025146 025083 gi|1 009674 009737 gi|61 
001287 86.4 034457 034016 gi|1 031076 031532 gi|39 
000328 75.8 003068 003216 gi|6 004219 004368 gi|25 
000297 77.8 003346 003275 gi|6 025675 025747 gi|58 
000710 91.3 003459 003561 gi|6 020367 020466 gi|7 
000304 79.0 005954 006067 gi|6 006856 006969 gi|37 
000252 75.6 005987 006076 gi|6 017732 017821 gi|48 
000254 73.4 006149 006276 gi|6 035822 035949 gi|32 
000425 76.8 011356 011202 gi|6 014870 015024 gi|75 
000254 81.0 011270 011353 gi|6 023958 024043 gi|75 
000383 80.7 012127 012045 gi|6 009685 009763 gi|32 
004301 93.5 012124 012665 gi|6 020672 021212 gi|7 
000744 80.9 012602 012159 gi|6 031408 031817 gi|13 
000313 83.4 012428 012608 gi|6 021234 021407 gi|7 
000883 80.0 012834 012650 gi|6 009530 009705 gi|32 
000900 91.2 013028 013186 gi|6 027015 027169 gi|55 
003345 86.7 013676 013165 gi|6 008804 009314 gi|32 
000387 78.8 015574 015691 gi|6 011268 011386 gi|17 
001152 94.2 016811 016984 gi|6 027802 027974 gi|9 
000997 93.6 016982 016827 gi|6 035969 036115 gi|8 
001141 92.5 016988 016830 gi|6 036974 037134 gi|9 
000307 71.8 020863 021064 gi|6 015541 015742 gi|73 
000252 74.9 021072 020866 gi|6 001823 002029 gi|46 
000363 78.0 023174 023066 gi|6 023831 023939 gi|69 
000291 74.8 027292 027138 gi|6 003322 003493 gi|30 
000901 84.3 000341 000653 gi|32 010240 010515 gi|50 
001640 92.8 002483 002221 gi|32 023047 023286 gi|75 
000550 93.0 002483 002384 gi|32 021387 021472 gi|75 
000510 90.8 002385 002482 gi|32 017516 017599 gi|72 
003598 93.0 013509 013042 gi|32 023048 023527 gi|75 
000262 95.7 013163 013118 gi|32 021473 021521 gi|75 
000643 92.0 013509 013422 gi|32 021388 021472 gi|75 
000631 90.9 013423 013510 gi|32 017516 017600 gi|72 
000306 78.5 014061 013946 gi|32 027661 027781 gi|39 
000361 87.3 018020 017958 gi|32 027587 027651 gi|39 
012616 99.8 017975 019315 gi|32 026292 027634 gi|39 
000360 97.8 019313 019269 gi|32 026292 026338 gi|39 
000292 85.9 022035 022105 gi|32 027639 027709 gi|39 
000258 90.2 034780 034820 gi|32 011807 011845 gi|48 
000277 75.5 039006 039115 gi|32 019242 019362 gi|60 
000263 78.3 024641 024709 gi|33 024740 024804 gi|69 
000316 78.6 024723 024654 gi|33 031791 031856 gi|39 
000389 84.0 018132 018058 gi|36 021029 021107 gi|65 
000266 75.0 003402 003207 gi|38 027949 028144 gi|41 
000255 76.2 004410 004180 gi|38 026937 027183 gi|41 
000885 79.3 017765 018034 gi|38 014061 014314 gi|48 
000525 80.7 018043 017889 gi|38 008619 008753 gi|53 
002927 91.0 019208 018765 gi|38 014043 014475 gi|72 
000457 80.0 019652 019483 gi|38 008475 008652 gi|53 
000477 76.0 019517 019733 gi|38 014315 014562 gi|48 
000541 94.5 026503 026648 gi|55 033144 033258 gi|62 
000702 92.4 026558 026649 gi|55 010104 010195 gi|76 
001980 83.4 037915 038234 gi|44 038717 039040 gi|67 
000383 83.0 013514 013409 gi|35 031497 031607 gi|60 
000348 69.9 039542 039780 gi|35 002949 003186 gi|48 
000251 74.0 006893 006965 gi|37 017736 017808 gi|48 
000587 80.7 023987 024157 gi|39 020601 020772 gi|67 
000768 77.5 024190 023991 gi|39 005925 006138 gi|75 
000601 88.2 031109 031025 gi|39 021939 022023 gi|58 
000259 73.3 031858 031784 gi|39 020822 020895 gi|67 
000319 74.7 031864 031786 gi|39 024743 024819 gi|69 
001081 77.0 029158 028702 gi|40 012105 012552 gi|48 
000566 71.7 029820 029634 gi|40 011411 011597 gi|48 
000262 80.8 021615 021708 gi|45 006685 006770 gi|74 
001516 75.8 002072 001507 gi|46 015501 016068 gi|73 
000819 82.3 019919 020065 gi|46 040383 040525 gi|72 
000272 85.2 020725 020778 gi|46 040654 040703 gi|72 
000929 84.9 021011 020860 gi|46 040386 040537 gi|72 
000655 80.7 014454 014217 gi|48 008484 008726 gi|53 
000267 80.4 006923 007034 gi|42 036349 036463 gi|72 
000601 90.1 009283 009153 gi|49 021514 021621 gi|75 
000356 70.3 021747 021307 gi|50 039498 039934 gi|68 
000347 70.0 021307 021719 gi|50 004602 005010 gi|68 
000417 90.8 032787 032701 gi|50 024217 024291 gi|60 
000318 84.6 032706 032809 gi|50 029200 029296 gi|52 
001436 95.4 031592 031765 gi|51 026476 026648 gi|55 
000543 94.0 031619 031767 gi|51 033144 033260 gi|62 
000716 92.3 031675 031778 gi|51 010104 010209 gi|76 
000388 88.1 029266 029200 gi|52 024221 024286 gi|60 
001367 75.2 001849 001382 gi|53 019966 020447 gi|67 
000268 77.0 014631 014717 gi|53 015519 015598 gi|73 
000465 69.9 024360 024079 gi|53 006612 006882 gi|75 
000368 68.7 024619 024934 gi|53 019853 020200 gi|67 
000385 82.7 025739 025572 gi|58 032087 032232 gi|67 
000293 73.5 007080 007211 gi|61 035775 035906 gi|66 
000565 98.7 033183 033258 gi|62 010123 010194 gi|76 
000462 83.7 002129 001989 gi|63 024546 024674 gi|69 
000740 75.4 020792 020439 gi|67 005955 006350 gi|75 
000251 80.3 020820 020895 gi|67 024747 024823 gi|69 
000257 72.8 025742 025822 gi|67 032475 032560 gi|68 
000256 82.3 025970 026037 gi|67 032690 032761 gi|68 
001552 88.3 035270 035525 gi|67 023673 023937 gi|75 
001936 91.9 035296 035579 gi|67 022621 022910 gi|75 
000286 76.8 000118 000229 gi|72 025545 025654 gi|74 
000312 86.8 000519 000700 gi|72 026182 026308 gi|74 
000253 72.8 000713 000859 gi|72 026376 026543 gi|74 
000551 82.6 017601 017510 gi|72 021386 021477 gi|75 
000658 88.1 017624 017516 gi|72 023022 023131 gi|75 
002426 95.6 018583 018287 gi|72 024352 024644 gi|75 
000369 85.9 018584 018507 gi|72 021667 021742 gi|75 
002528 70.4 019476 018581 gi|72 035696 036612 gi|75 
002862 92.3 019854 019489 gi|72 029922 030285 gi|75 
001583 90.5 020013 019813 gi|72 029611 029811 gi|75 
002877 98.2 020571 020905 gi|72 033274 033608 gi|75 
000349 85.7 021071 021147 gi|72 021668 021742 gi|75 
002445 95.9 021072 021361 gi|72 024353 024642 gi|75 
021334 95.7 021800 024312 gi|72 035023 037512 gi|75 
000632 85.6 021800 022035 gi|72 034950 035152 gi|75 
000252 81.8 024293 024195 gi|72 033094 033194 gi|75 
002358 98.3 025293 024933 gi|72 033271 033631 gi|75 
001359 70.9 026919 028011 gi|72 030581 031679 gi|75 
000939 74.3 028031 027039 gi|72 038893 039882 gi|75 
001359 71.1 029474 028241 gi|72 037432 038654 gi|75 
001968 70.7 028250 029477 gi|72 031942 033160 gi|75 
004034 98.2 029967 029477 gi|72 035023 035493 gi|75 
000688 86.9 029967 029732 gi|72 034950 035152 gi|75 
000294 78.7 029969 030029 gi|72 033157 033217 gi|75 
020125 95.7 033028 035368 gi|72 037492 039824 gi|75 
000802 73.8 033513 033071 gi|72 032617 033056 gi|75 
000354 67.4 034149 033914 gi|72 031978 032213 gi|75 
000664 71.9 034990 034453 gi|72 031143 031677 gi|75 
003727 94.7 035824 035337 gi|72 035023 035492 gi|75 
000644 95.2 035832 035750 gi|72 034945 035024 gi|75 
000354 71.9 036446 036276 gi|72 039389 039559 gi|75 
000880 70.8 037493 037828 gi|72 031344 031679 gi|75 
000489 74.3 037848 037522 gi|72 038893 039222 gi|75 
002202 92.6 038424 038046 gi|72 024346 024674 gi|75 
000349 85.7 038418 038342 gi|72 021668 021742 gi|75 
001824 69.4 038413 039685 gi|72 031952 033217 gi|75 
001263 71.6 039675 038493 gi|72 037382 038558 gi|75 
001302 95.8 040221 040388 gi|72 033276 033442 gi|75 
