000348 78.5 000163 000371 gi|3 032063 032274 gi|128 
002571 73.5 008155 006721 gi|3 023371 024769 gi|123 
000280 82.3 025410 025477 gi|3 018584 018658 gi|75 
000251 79.4 025472 025410 gi|3 019908 019973 gi|162 
000259 80.0 025415 025474 gi|3 008286 008344 gi|175 
000268 84.3 025535 025585 gi|3 002346 002397 gi|20 
000284 75.4 025601 025714 gi|3 018679 018793 gi|75 
000283 74.6 025714 025601 gi|3 019765 019878 gi|162 
000624 100.0 036976 037045 gi|3 030953 031022 gi|93 
001920 100.0 037386 037595 gi|3 036348 036557 gi|93 
000276 82.9 037461 037577 gi|3 028707 028825 gi|31 
001159 100.0 037462 037595 gi|3 037390 037523 gi|93 
001159 100.0 037462 037595 gi|3 037829 037962 gi|93 
000591 83.6 037462 037595 gi|3 020621 020742 gi|93 
000323 80.9 038528 038419 gi|3 009443 009535 gi|107 
000431 74.6 032211 032379 gi|27 039247 039418 gi|173 
000479 77.1 032473 032229 gi|27 033996 034258 gi|141 
000418 73.3 032408 032233 gi|27 003169 003363 gi|156 
000449 75.7 032472 032234 gi|27 011815 012060 gi|92 
000418 74.3 032477 032237 gi|27 030107 030354 gi|73 
000392 75.6 032237 032412 gi|27 034652 034832 gi|207 
000428 72.0 032476 032252 gi|27 000636 000884 gi|124 
000251 89.8 002386 002328 gi|30 032689 032751 gi|103 
000570 81.7 026120 026343 gi|30 016109 016332 gi|73 
000731 79.9 026350 026187 gi|30 016569 016731 gi|155 
000686 83.7 026350 026204 gi|30 005756 005899 gi|97 
000420 88.1 026333 026225 gi|30 029401 029521 gi|50 
000261 84.5 027338 027447 gi|30 007110 007228 gi|182 
000811 87.2 032303 032482 gi|30 030190 030365 gi|112 
000760 93.2 032339 032441 gi|30 035764 035868 gi|112 
000642 90.6 032339 032444 gi|30 012853 012957 gi|223 
000662 91.3 032339 032441 gi|30 029689 029785 gi|139 
000771 88.0 033010 032894 gi|30 030226 030343 gi|112 
000672 91.1 033014 032903 gi|30 012849 012958 gi|223 
000860 93.4 033025 032904 gi|30 035748 035870 gi|112 
000638 89.8 033011 032904 gi|30 029688 029792 gi|139 
000283 83.3 021541 021458 gi|19 038703 038792 gi|129 
000342 71.2 032281 032053 gi|19 006669 006900 gi|219 
000412 70.4 034058 034246 gi|19 029226 029411 gi|79 
000691 93.7 015341 015451 gi|11 021837 021940 gi|54 
000274 71.6 025883 025729 gi|11 020305 020458 gi|31 
000398 74.2 026229 026071 gi|11 019989 020143 gi|31 
000285 85.1 026423 026377 gi|11 019895 019940 gi|31 
000737 76.0 027670 027308 gi|11 018599 018958 gi|31 
000500 76.1 028419 028286 gi|11 017830 017963 gi|31 
000260 64.1 029241 029033 gi|11 016985 017193 gi|31 
009520 92.3 006978 005754 gi|13 022805 024042 gi|110 
009470 92.5 005754 006983 gi|13 034674 035893 gi|146 
009394 92.2 006981 005754 gi|13 026350 027569 gi|53 
001363 83.0 006308 006097 gi|13 001774 001987 gi|55 
003221 84.6 006958 006318 gi|13 001027 001705 gi|55 
000266 77.0 007106 007218 gi|13 035325 035431 gi|116 
000254 77.7 007109 007220 gi|13 025815 025924 gi|109 
000809 81.6 008019 007813 gi|13 032796 032992 gi|175 
000806 89.8 009690 009817 gi|13 008064 008195 gi|116 
001558 97.3 009794 009979 gi|13 008297 008480 gi|116 
004452 93.2 009957 010540 gi|13 024638 025217 gi|71 
003928 90.9 009968 010508 gi|13 034550 035091 gi|173 
000712 95.2 010509 010592 gi|13 008466 008549 gi|116 
000302 81.8 010683 010629 gi|13 038781 038838 gi|92 
000465 77.8 010792 010694 gi|13 023686 023788 gi|196 
000409 77.5 018866 019007 gi|13 022558 022696 gi|39 
000447 79.5 018901 019012 gi|13 035451 035564 gi|77 
000318 79.7 019013 018901 gi|13 001099 001233 gi|37 
000785 73.9 023791 023213 gi|13 001064 001661 gi|88 
000301 81.8 024282 024107 gi|13 035450 035599 gi|116 
000596 82.1 024118 024318 gi|13 014307 014516 gi|160 
000306 72.3 024224 024131 gi|13 037821 037918 gi|84 
001546 89.4 026482 026247 gi|13 036070 036307 gi|173 
002014 97.5 026486 026247 gi|13 003965 004211 gi|14 
000326 79.4 032887 033066 gi|13 030131 030329 gi|73 
000442 78.5 032893 033087 gi|13 000666 000894 gi|124 
000348 73.8 032902 033073 gi|13 034037 034234 gi|141 
000376 74.7 033073 032908 gi|13 032255 032430 gi|27 
000382 78.2 032924 033070 gi|13 011863 012036 gi|92 
000436 77.5 033069 032932 gi|13 034674 034829 gi|207 
000309 77.7 032932 033070 gi|13 003168 003338 gi|156 
000433 77.2 033079 032935 gi|13 039279 039426 gi|173 
000560 84.9 033240 033102 gi|13 000689 000818 gi|55 
000594 71.7 034730 033941 gi|13 036685 037464 gi|32 
000337 72.9 017304 017624 gi|28 009990 010302 gi|68 
000366 76.4 018663 019010 gi|28 036267 036608 gi|47 
000465 73.9 018862 019187 gi|28 011326 011651 gi|113 
000294 81.5 020260 020158 gi|28 031891 031987 gi|146 
000330 75.8 020396 020302 gi|28 032709 032810 gi|181 
000530 84.3 016820 017061 gi|24 031933 032159 gi|52 
000269 91.0 016937 017003 gi|24 001003 001091 gi|85 
000268 68.7 017551 017389 gi|24 034137 034292 gi|52 
000372 72.8 030226 029995 gi|24 019863 020089 gi|126 
000314 91.0 030686 030554 gi|24 021024 021137 gi|78 
000350 76.3 031206 031353 gi|24 026079 026223 gi|43 
001178 77.7 031906 032398 gi|24 026852 027365 gi|197 
000888 78.4 032463 032963 gi|24 027364 027921 gi|197 
000270 77.9 036279 036391 gi|24 011604 011724 gi|185 
000253 72.8 037925 038082 gi|24 013091 013243 gi|185 
000306 69.4 037939 038059 gi|24 036185 036305 gi|142 
000264 73.8 016480 016340 gi|23 001926 002059 gi|38 
000320 78.4 017948 017468 gi|23 000827 001263 gi|38 
000501 73.9 018445 018178 gi|23 000455 000723 gi|38 
000584 81.0 037161 036809 gi|23 028862 029230 gi|57 
000702 81.9 038046 038294 gi|23 005611 005835 gi|200 
000658 76.1 038315 038052 gi|23 038780 039053 gi|134 
000259 93.8 002663 002694 gi|14 014688 014719 gi|145 
005222 97.0 002846 003448 gi|14 019437 020033 gi|203 
004231 94.5 003462 003968 gi|14 015670 016178 gi|145 
003807 97.2 003533 003968 gi|14 020029 020463 gi|203 
001596 89.7 003969 004211 gi|14 036070 036307 gi|173 
002874 94.1 004263 004634 gi|14 020459 020831 gi|203 
002939 90.8 004263 004697 gi|14 016174 016644 gi|145 
000327 82.5 007127 007065 gi|14 029223 029288 gi|34 
000687 80.6 007422 007201 gi|14 029021 029223 gi|34 
001501 97.3 007513 007695 gi|14 020928 021113 gi|203 
000265 80.5 015672 015784 gi|14 015207 015328 gi|89 
000401 74.5 019159 018968 gi|14 009573 009756 gi|225 
000458 74.0 025546 025833 gi|14 016329 016635 gi|23 
000391 78.1 025700 025587 gi|14 001923 002036 gi|38 
000314 71.2 026643 026339 gi|14 001049 001337 gi|38 
000589 71.8 027171 026715 gi|14 000473 000924 gi|38 
000429 77.8 027011 027186 gi|14 018267 018442 gi|23 
000282 68.2 031589 031502 gi|14 024532 024619 gi|59 
000303 74.2 035144 034986 gi|14 011826 011987 gi|90 
000268 83.9 022076 022137 gi|20 034267 034328 gi|122 
000283 86.3 023490 023562 gi|20 018571 018644 gi|215 
000283 84.0 029094 029168 gi|20 031223 031294 gi|122 
000733 71.0 038293 037835 gi|20 020348 020836 gi|116 
000509 72.3 038698 038396 gi|20 020378 020680 gi|116 
001140 76.8 010421 011014 gi|15 004577 005127 gi|50 
001379 76.2 010428 011029 gi|15 010294 010850 gi|141 
000938 79.3 010505 011012 gi|15 035301 035763 gi|152 
000778 76.3 013771 014403 gi|15 010729 011354 gi|222 
000286 82.1 022598 022759 gi|15 021312 021480 gi|106 
000254 84.3 032458 032376 gi|15 036520 036594 gi|92 
000316 70.0 032799 032577 gi|15 039787 040000 gi|40 
000251 82.0 033099 033039 gi|29 027321 027387 gi|41 
000266 81.6 035470 035545 gi|29 029366 029439 gi|174 
000943 74.8 001331 001552 gi|21 034278 034498 gi|192 
000278 81.5 001421 001357 gi|21 037522 037584 gi|31 
000254 80.0 001357 001421 gi|21 022355 022417 gi|31 
000275 72.8 001841 001965 gi|21 034877 035005 gi|192 
000554 78.5 002359 002043 gi|21 017251 017558 gi|42 
000565 79.1 002459 002192 gi|21 032200 032448 gi|225 
000454 73.5 002246 002411 gi|21 025589 025758 gi|149 
000386 74.9 013120 012942 gi|16 023496 023674 gi|124 
000423 74.4 013508 013263 gi|16 023037 023296 gi|124 
000465 82.6 013562 013477 gi|16 022929 023013 gi|124 
000444 80.0 014978 014839 gi|5 032655 032799 gi|181 
001328 70.6 016909 017521 gi|5 002615 003232 gi|97 
001733 73.7 017008 017766 gi|5 032108 032877 gi|77 
000621 74.0 017211 017471 gi|5 036090 036373 gi|168 
000826 82.0 017779 017541 gi|5 032730 032952 gi|37 
000336 70.1 017780 017933 gi|5 032996 033154 gi|77 
000571 77.6 017931 017780 gi|5 032479 032625 gi|37 
000256 70.4 017931 017780 gi|5 010613 010767 gi|124 
000283 80.7 017931 017839 gi|5 032856 032947 gi|225 
000282 74.7 017854 017932 gi|5 035041 035120 gi|116 
000251 91.3 020581 020626 gi|5 028946 028986 gi|86 
002047 72.1 028952 030806 gi|5 023924 025779 gi|40 
000252 74.7 034917 034772 gi|8 002243 002381 gi|21 
000490 78.2 036955 036855 gi|8 021149 021250 gi|181 
000280 75.0 037107 037052 gi|8 020891 020946 gi|181 
000257 69.6 000653 000767 gi|18 030375 030489 gi|75 
000267 77.0 001332 001457 gi|18 030866 030990 gi|75 
000251 76.2 001457 001332 gi|18 016496 016620 gi|126 
007787 84.4 006337 007683 gi|18 006375 007704 gi|208 
000315 80.1 015758 015928 gi|18 016562 016733 gi|78 
000864 78.3 016082 015903 gi|18 020412 020589 gi|86 
001957 73.8 016285 016999 gi|18 016301 017004 gi|78 
000252 80.0 017006 017050 gi|18 027324 027368 gi|94 
002572 82.6 017281 017746 gi|18 028353 028826 gi|94 
003085 85.7 017766 018310 gi|18 028922 029459 gi|94 
000285 84.1 018339 018382 gi|18 034446 034489 gi|141 
000256 69.4 019346 019417 gi|18 036189 036260 gi|159 
000461 77.9 019539 019809 gi|18 022345 022585 gi|93 
000477 76.9 019543 019793 gi|18 025263 025527 gi|54 
000607 73.7 019797 019551 gi|18 011247 011498 gi|46 
000586 75.6 019578 019794 gi|18 009962 010186 gi|193 
000255 75.6 019667 019578 gi|18 017016 017106 gi|74 
000467 69.5 019578 019780 gi|18 024792 025001 gi|190 
000428 74.8 019779 019578 gi|18 037918 038112 gi|169 
000485 73.7 019799 019602 gi|18 026343 026568 gi|132 
000319 73.2 019627 019854 gi|18 018086 018298 gi|22 
000338 72.2 019798 019684 gi|18 016804 016916 gi|74 
002558 73.5 022079 020308 gi|18 011339 013097 gi|75 
000619 77.8 024358 024636 gi|18 031578 031828 gi|44 
000707 97.7 027315 027401 gi|18 005983 006069 gi|208 
000874 99.0 027522 027620 gi|18 006070 006169 gi|208 
000503 79.8 027924 028017 gi|18 016807 016902 gi|74 
000451 79.6 027925 028017 gi|18 011251 011343 gi|46 
000500 82.8 028017 027925 gi|18 010088 010186 gi|193 
000429 78.3 028017 027926 gi|18 025431 025527 gi|54 
000280 82.0 027928 028016 gi|18 037901 037989 gi|169 
000312 73.8 028014 027931 gi|18 024923 025007 gi|190 
000290 83.6 028017 027963 gi|18 018153 018206 gi|22 
000431 94.1 013277 013193 gi|22 009256 009324 gi|226 
000483 90.4 013284 013202 gi|22 031157 031240 gi|150 
000359 85.1 017549 017622 gi|22 007681 007751 gi|211 
000351 82.9 017552 017662 gi|22 006916 007020 gi|85 
000375 85.3 017767 017861 gi|22 011490 011578 gi|40 
000831 79.6 017847 018032 gi|22 007504 007699 gi|146 
000751 78.2 018199 017883 gi|22 026420 026772 gi|132 
000311 74.5 017990 017889 gi|22 000799 000907 gi|206 
001247 83.4 017896 018220 gi|22 025123 025500 gi|54 
000542 72.8 018199 017898 gi|22 001410 001701 gi|85 
000997 81.0 017901 018173 gi|22 022252 022530 gi|93 
000276 79.8 017901 017984 gi|22 009875 009960 gi|193 
001020 83.4 018137 017903 gi|22 017007 017253 gi|74 
001277 83.4 018206 017906 gi|22 011292 011610 gi|46 
000601 75.7 017941 018199 gi|22 024670 024965 gi|190 
000630 89.7 018206 018033 gi|22 037945 038125 gi|169 
000749 89.3 018085 018206 gi|22 010016 010145 gi|193 
000455 92.3 018206 018142 gi|22 016849 016916 gi|74 
000462 74.5 018475 018209 gi|22 028980 029251 gi|166 
000262 75.0 018209 018476 gi|22 004579 004827 gi|75 
000365 78.5 018442 018243 gi|22 011070 011269 gi|40 
000439 77.4 020165 020687 gi|22 001464 001933 gi|190 
000259 78.1 024108 023926 gi|22 004936 005114 gi|50 
000253 85.7 033956 033880 gi|22 034241 034322 gi|78 
000310 74.4 040680 040591 gi|22 035754 035848 gi|135 
000352 73.5 014327 013955 gi|12 023347 023751 gi|105 
000600 75.8 015187 014474 gi|12 022647 023318 gi|105 
000307 79.4 015812 015750 gi|12 022156 022220 gi|105 
000383 72.4 018339 018039 gi|12 020878 021176 gi|105 
000743 74.5 019177 018755 gi|12 020006 020458 gi|105 
000543 87.2 019921 019680 gi|12 019264 019450 gi|105 
000349 78.0 020428 020238 gi|12 018790 018971 gi|105 
000311 72.5 001716 001806 gi|25 008782 008873 gi|80 
000351 71.2 001858 001755 gi|25 008988 009091 gi|31 
000259 79.5 002001 002088 gi|25 009189 009294 gi|80 
000276 76.7 002151 002079 gi|25 008521 008590 gi|31 
000273 72.1 010388 010328 gi|25 019152 019212 gi|203 
000250 70.0 010388 010329 gi|25 015141 015200 gi|145 
000356 77.9 011863 011506 gi|25 005563 005923 gi|136 
000276 82.6 011506 011591 gi|25 007319 007407 gi|200 
000691 68.0 012516 012195 gi|25 004790 005124 gi|136 
000257 78.6 013602 013704 gi|25 030300 030396 gi|45 
000284 80.0 023529 023578 gi|25 008541 008590 gi|31 
000274 80.7 023656 023569 gi|25 009189 009294 gi|80 
000351 71.2 023799 023902 gi|25 008988 009091 gi|31 
000311 72.5 023941 023851 gi|25 008782 008873 gi|80 
000306 81.0 002634 002738 gi|7 034362 034466 gi|164 
000852 71.9 031165 030621 gi|7 032247 032801 gi|174 
000340 70.3 030876 030776 gi|7 018826 018926 gi|28 
000272 86.8 031505 031309 gi|7 015542 015689 gi|69 
000281 78.2 031310 031488 gi|7 031848 031996 gi|39 
000559 77.4 031900 031746 gi|7 002077 002245 gi|192 
000782 81.2 011759 011472 gi|6 032519 032808 gi|181 
000324 71.8 015017 015278 gi|6 021200 021461 gi|109 
000325 75.2 015052 015369 gi|6 019565 019885 gi|85 
000304 74.8 015052 015369 gi|6 017515 017835 gi|217 
000266 70.4 016302 016161 gi|6 026559 026699 gi|181 
002228 85.7 030091 030515 gi|6 038327 038775 gi|31 
001148 77.5 030107 030519 gi|6 004379 004826 gi|75 
000418 81.1 030522 030115 gi|6 011051 011508 gi|40 
000308 78.8 030180 030115 gi|6 029298 029361 gi|34 
000370 80.0 030117 030191 gi|6 015538 015611 gi|74 
001275 80.7 030137 030515 gi|6 009007 009352 gi|74 
000279 93.9 030471 030519 gi|6 026407 026455 gi|153 
000283 80.0 037932 038026 gi|6 022577 022667 gi|18 
000255 78.3 039186 039044 gi|6 015823 015955 gi|32 
000293 75.2 005556 005440 gi|9 017563 017679 gi|61 
000272 68.1 005555 005443 gi|9 004731 004843 gi|90 
000256 86.2 006199 006263 gi|9 004088 004147 gi|148 
000261 71.6 009695 009789 gi|9 017644 017741 gi|172 
000255 78.3 009787 009705 gi|9 002044 002125 gi|172 
000902 75.4 009853 010485 gi|9 017719 018339 gi|172 
000907 71.3 011291 009858 gi|9 000567 002052 gi|172 
000522 73.9 010556 011474 gi|9 018464 019473 gi|172 
000265 77.1 011473 011330 gi|9 000322 000465 gi|172 
000311 76.1 032679 032588 gi|9 022778 022864 gi|169 
000582 70.1 038230 038687 gi|9 031732 032243 gi|141 
000252 82.5 038543 038582 gi|9 033694 033733 gi|133 
000382 74.3 039475 040065 gi|9 032996 033573 gi|141 
004365 96.0 025906 026437 gi|10 038638 039162 gi|116 
000263 81.1 026159 026017 gi|10 022530 022667 gi|75 
000264 87.9 026447 026390 gi|10 029473 029531 gi|57 
000687 72.5 033415 033734 gi|10 035413 035734 gi|74 
000735 78.0 033791 034035 gi|10 035932 036176 gi|74 
000876 76.2 013237 012372 gi|2 030730 031623 gi|137 
000337 82.7 024269 024137 gi|2 014673 014794 gi|160 
000750 86.7 024273 024139 gi|2 024526 024670 gi|190 
000498 81.2 024139 024276 gi|2 037264 037433 gi|86 
000660 89.0 024146 024245 gi|2 029115 029213 gi|156 
000611 83.4 007370 007538 gi|1 001496 001670 gi|96 
000370 74.2 007466 007374 gi|1 008189 008279 gi|148 
000322 76.0 007445 007540 gi|1 020795 020900 gi|201 
000303 75.6 007453 007538 gi|1 006812 006901 gi|145 
000298 72.0 010612 010772 gi|1 025923 026083 gi|204 
000311 74.4 010816 010637 gi|1 008663 008845 gi|91 
000282 71.8 010759 010643 gi|1 035015 035131 gi|106 
000263 81.6 035807 035645 gi|1 007127 007276 gi|119 
000965 84.7 020258 020010 gi|4 038819 039062 gi|222 
002175 90.1 020956 020614 gi|4 037768 038115 gi|222 
000750 74.8 021891 022417 gi|4 026144 026671 gi|96 
001289 77.5 022617 022994 gi|4 026928 027308 gi|96 
000264 75.6 022995 023125 gi|4 027359 027489 gi|96 
000252 73.7 023430 023505 gi|4 027766 027841 gi|96 
000386 79.1 001105 001015 gi|31 033175 033268 gi|127 
000361 83.9 008895 008834 gi|31 009042 009103 gi|80 
000312 77.5 023227 023148 gi|31 020535 020609 gi|74 
000302 82.4 023762 023852 gi|31 032821 032916 gi|115 
000304 78.5 023978 023886 gi|31 038791 038890 gi|134 
000252 83.0 023919 023977 gi|31 005786 005845 gi|200 
001196 81.5 024028 024324 gi|31 015238 015519 gi|74 
002983 79.2 024623 025366 gi|31 015624 016333 gi|74 
000341 79.5 025059 025170 gi|31 015109 015216 gi|74 
000332 76.9 025293 025461 gi|31 016619 016797 gi|74 
000460 77.2 025459 025603 gi|31 017256 017390 gi|74 
000456 77.7 028705 028870 gi|31 020619 020787 gi|93 
000293 85.1 028705 028825 gi|31 037388 037505 gi|93 
000288 85.0 028706 028825 gi|31 037828 037944 gi|93 
000287 83.2 028707 028825 gi|31 036423 036539 gi|93 
000308 80.0 036698 036777 gi|31 020535 020609 gi|74 
000402 80.4 037745 037856 gi|31 009130 009236 gi|222 
000546 87.1 037759 037859 gi|31 027744 027851 gi|226 
000473 84.7 037759 037856 gi|31 024969 025072 gi|61 
000271 88.4 038356 038314 gi|31 008847 008888 gi|211 
000327 97.6 038356 038316 gi|31 035595 035634 gi|173 
000357 78.7 038340 038433 gi|31 015513 015611 gi|74 
000321 78.6 038422 038353 gi|31 029298 029365 gi|34 
000262 78.5 038786 038355 gi|31 011044 011510 gi|40 
001026 77.7 038360 038785 gi|31 004390 004823 gi|75 
000907 80.2 038380 038738 gi|31 009008 009346 gi|74 
000372 82.9 038877 038796 gi|31 036971 037054 gi|44 
000440 83.2 038885 038797 gi|31 008777 008867 gi|211 
000330 89.5 038807 038863 gi|31 030367 030421 gi|132 
000473 93.3 038884 038810 gi|31 035528 035600 gi|173 
000342 66.9 039290 039143 gi|31 026234 026376 gi|43 
000250 75.0 025921 025980 gi|33 007826 007885 gi|91 
000296 76.4 026157 026347 gi|33 014139 014326 gi|53 
000311 70.5 000468 000742 gi|38 007619 007891 gi|216 
000290 75.0 001763 002026 gi|38 016419 016679 gi|52 
002661 83.4 004169 004691 gi|46 021702 022245 gi|93 
000307 89.7 004169 004207 gi|46 032678 032716 gi|159 
001785 82.0 004692 005192 gi|46 022572 023041 gi|93 
000767 91.8 006969 007103 gi|46 006661 006787 gi|214 
000462 83.7 007103 006969 gi|46 014003 014126 gi|150 
000304 94.5 007103 007049 gi|46 001708 001762 gi|55 
000280 65.0 010249 010130 gi|46 031838 031957 gi|132 
001082 79.6 011481 011203 gi|46 009952 010226 gi|193 
001572 84.5 011633 011246 gi|46 022237 022575 gi|93 
000943 74.8 011575 011247 gi|46 024671 025017 gi|190 
001360 80.5 011614 011250 gi|46 025129 025529 gi|54 
000643 84.0 011251 011356 gi|46 016808 016915 gi|74 
000913 73.8 011251 011616 gi|46 026348 026751 gi|132 
000974 83.3 011264 011491 gi|46 037918 038132 gi|169 
000585 73.1 011269 011603 gi|46 001381 001687 gi|85 
001021 77.9 011362 011601 gi|46 017002 017242 gi|74 
000479 74.4 011614 011494 gi|46 007569 007690 gi|146 
000287 78.5 011623 011545 gi|46 009869 009944 gi|193 
000307 75.0 012506 012419 gi|46 018955 019042 gi|156 
001260 71.6 014581 015729 gi|46 022193 023513 gi|92 
000277 76.0 015594 015324 gi|46 016042 016271 gi|101 
000262 69.7 015868 016019 gi|46 023673 023824 gi|92 
000258 79.5 016085 016172 gi|46 023991 024072 gi|92 
000797 75.2 016176 016441 gi|46 024132 024394 gi|92 
000728 70.5 017078 017508 gi|46 024914 025368 gi|92 
001181 70.2 017807 018179 gi|46 025738 026124 gi|92 
000628 72.9 018216 018820 gi|46 013746 014441 gi|101 
000430 71.0 018315 018469 gi|46 026376 026530 gi|92 
000549 74.3 018606 018823 gi|46 026793 027060 gi|92 
000403 71.3 018966 019418 gi|46 027262 027706 gi|92 
000251 76.5 019113 019033 gi|46 012723 012812 gi|226 
000956 85.5 027068 027260 gi|46 028472 028673 gi|210 
001159 86.8 027561 027787 gi|46 020793 021005 gi|126 
001186 88.0 027787 027563 gi|46 004507 004718 gi|208 
001109 87.9 027563 027793 gi|46 036778 037000 gi|159 
000687 91.9 027809 027919 gi|46 015081 015193 gi|130 
000626 88.1 027926 027809 gi|46 017504 017622 gi|112 
000520 85.0 027919 027813 gi|46 025492 025612 gi|220 
001856 83.3 029525 029902 gi|46 001761 002125 gi|50 
000336 89.0 029532 029649 gi|46 024015 024115 gi|219 
001943 85.9 029902 029535 gi|46 031232 031588 gi|182 
000406 77.2 029800 029900 gi|46 013068 013167 gi|158 
000596 89.1 029901 029810 gi|46 007470 007559 gi|75 
000261 86.1 029882 029811 gi|46 020838 020917 gi|199 
000400 71.9 030976 031142 gi|46 018669 018835 gi|74 
000513 71.3 031561 031891 gi|46 019133 019471 gi|74 
000395 85.3 001234 001092 gi|37 035450 035574 gi|77 
000397 80.1 001265 001100 gi|37 022558 022701 gi|39 
000403 80.5 001170 001297 gi|37 021349 021464 gi|221 
000291 70.4 001292 001185 gi|37 030556 030664 gi|192 
000392 81.8 001195 001293 gi|37 032910 033012 gi|115 
000264 86.0 023310 023254 gi|37 031141 031199 gi|192 
000336 91.3 023257 023302 gi|37 035823 035868 gi|121 
001029 77.2 031478 030936 gi|37 015008 015526 gi|61 
000363 67.1 032436 032645 gi|37 010573 010787 gi|124 
000312 75.7 032436 032579 gi|37 032806 032960 gi|225 
001000 68.9 032896 032482 gi|37 032726 033149 gi|77 
000735 66.3 032907 032552 gi|37 005641 005993 gi|164 
000811 82.3 036796 036594 gi|37 003191 003385 gi|45 
000286 87.5 011941 011862 gi|32 026138 026213 gi|146 
002472 78.6 016510 014771 gi|32 036221 037899 gi|116 
000264 94.1 018635 018668 gi|32 017590 017623 gi|78 
000322 88.5 024414 024363 gi|32 032487 032538 gi|225 
000278 83.8 015191 015031 gi|56 033424 033552 gi|145 
000298 79.6 016520 016617 gi|56 016285 016375 gi|162 
000263 69.9 003970 004042 gi|54 008639 008711 gi|132 
000319 76.0 004654 004903 gi|54 009112 009364 gi|132 
000252 81.3 009564 009490 gi|54 020066 020144 gi|172 
000290 79.8 024746 025002 gi|54 015401 015659 gi|69 
000542 87.3 025109 025297 gi|54 007550 007699 gi|146 
001079 85.9 025128 025525 gi|54 022252 022568 gi|93 
000815 78.5 025527 025128 gi|54 026349 026750 gi|132 
000964 83.9 025407 025160 gi|54 017014 017228 gi|74 
000701 77.6 025224 025527 gi|54 024688 025012 gi|190 
000267 80.6 025285 025356 gi|54 000570 000650 gi|206 
000837 85.5 025525 025298 gi|54 037901 038125 gi|169 
001180 85.9 025306 025532 gi|54 009956 010190 gi|193 
000634 84.5 025527 025418 gi|54 016809 016915 gi|74 
000255 81.1 029443 029338 gi|54 035482 035603 gi|91 
015600 96.9 003397 005155 gi|41 010649 012416 gi|126 
033352 97.2 007316 003544 gi|41 005956 009742 gi|153 
000254 76.4 007680 007785 gi|41 024229 024332 gi|78 
000250 75.9 012223 011996 gi|41 024327 024552 gi|78 
000307 73.1 012005 012123 gi|41 002384 002508 gi|203 
000255 73.1 013332 013554 gi|41 008856 009078 gi|203 
000742 88.9 015609 015716 gi|41 020633 020740 gi|46 
000532 83.5 015725 015815 gi|41 020960 021051 gi|46 
001632 74.7 017938 016506 gi|41 021514 022904 gi|130 
000312 72.2 017369 017003 gi|41 016401 016762 gi|212 
000921 77.0 018283 018014 gi|41 021215 021497 gi|130 
000275 68.4 018301 018169 gi|41 015532 015661 gi|212 
000990 77.1 019017 018340 gi|41 020587 021216 gi|130 
001061 93.8 027928 028088 gi|41 006741 006889 gi|197 
000654 70.7 002136 002326 gi|34 005796 005988 gi|208 
000297 79.7 003124 003241 gi|34 013193 013312 gi|126 
000326 72.4 003663 003847 gi|34 013772 013956 gi|126 
000256 72.8 003847 003664 gi|34 002287 002472 gi|208 
000322 74.0 005602 005751 gi|34 000745 000897 gi|52 
000435 74.7 005609 005754 gi|34 031562 031707 gi|161 
000264 83.3 008809 008898 gi|34 026726 026817 gi|115 
000253 79.3 013343 013482 gi|34 001615 001755 gi|81 
000355 81.2 029304 029367 gi|34 011451 011513 gi|40 
000281 84.8 029369 029304 gi|34 004377 004450 gi|75 
000326 85.4 029359 029312 gi|34 015538 015585 gi|74 
000251 82.4 004463 004536 gi|40 007299 007379 gi|112 
000742 82.6 011323 011048 gi|40 004552 004835 gi|75 
000335 82.9 011136 011055 gi|40 013922 014014 gi|160 
000880 72.1 011058 011508 gi|40 029001 029462 gi|166 
000607 78.5 011379 011120 gi|40 015383 015647 gi|145 
000598 78.7 011138 011508 gi|40 024720 025086 gi|162 
000346 89.9 011329 011447 gi|40 026659 026774 gi|57 
000375 80.3 011498 011573 gi|40 010012 010088 gi|168 
001727 81.2 021071 020706 gi|40 037584 037950 gi|121 
000257 81.7 026850 026942 gi|40 013916 014005 gi|102 
000268 78.5 029585 029663 gi|40 028906 028984 gi|145 
000288 76.7 036554 036396 gi|40 037462 037645 gi|194 
000542 74.1 000746 000946 gi|52 031556 031756 gi|161 
000268 75.2 001867 001755 gi|52 002953 003067 gi|93 
000403 76.4 002567 002297 gi|52 002043 002305 gi|93 
000290 72.7 030102 030218 gi|52 037652 037774 gi|84 
000987 77.3 030132 030496 gi|52 038968 039331 gi|186 
000271 83.2 030281 030145 gi|52 037297 037468 gi|167 
000310 74.8 030183 030313 gi|52 005386 005536 gi|203 
000534 75.1 030498 030242 gi|52 021559 021796 gi|194 
000470 85.5 030496 030311 gi|52 014681 014856 gi|124 
000273 69.7 030495 030397 gi|52 005395 005498 gi|195 
000704 84.9 032259 031943 gi|52 002668 002961 gi|85 
000492 88.8 031989 032095 gi|52 000978 001091 gi|85 
000478 77.1 032584 032489 gi|52 002565 002660 gi|85 
000250 66.9 034547 034406 gi|52 025942 026083 gi|220 
000455 74.4 013167 013506 gi|39 029854 030193 gi|59 
000355 69.0 013167 013579 gi|39 001936 002348 gi|78 
000285 76.8 016862 016751 gi|39 021717 021830 gi|221 
000313 79.5 018994 018912 gi|39 005933 006015 gi|78 
000265 72.9 019485 019183 gi|39 004785 005098 gi|78 
000271 73.8 019414 019335 gi|39 034629 034708 gi|127 
000298 78.4 022494 022347 gi|39 019030 019183 gi|123 
001152 84.5 022355 022561 gi|39 012089 012307 gi|158 
000718 88.2 022557 022709 gi|39 035432 035572 gi|77 
000495 76.5 022558 022672 gi|39 030584 030698 gi|192 
000265 74.1 022647 022563 gi|39 021350 021432 gi|221 
000491 80.5 022581 022708 gi|39 012920 013056 gi|158 
000256 74.8 031668 031558 gi|39 003037 003138 gi|97 
000344 77.5 032112 031846 gi|39 015402 015690 gi|69 
000415 76.2 032125 031895 gi|39 024734 024990 gi|54 
000488 73.7 032101 031954 gi|39 011648 011802 gi|217 
000275 78.1 032126 031990 gi|39 012054 012214 gi|91 
000269 79.0 032069 032125 gi|39 015247 015307 gi|184 
003728 72.1 036545 035100 gi|58 009255 010706 gi|68 
000345 75.8 014496 014145 gi|53 035212 035563 gi|122 
000273 76.5 014155 014396 gi|53 033850 034085 gi|99 
000297 81.4 014163 014398 gi|53 012319 012566 gi|206 
000386 79.4 014861 015088 gi|53 013568 013783 gi|206 
000261 72.7 015077 015012 gi|53 034242 034310 gi|122 
000266 80.2 023817 024058 gi|53 009985 010221 gi|148 
000274 82.3 024312 024379 gi|53 010470 010537 gi|148 
018368 95.3 028620 026350 gi|53 033577 035891 gi|146 
024106 99.7 026353 028933 gi|53 022805 025406 gi|110 
004371 85.5 026370 027232 gi|53 001024 001987 gi|55 
000265 97.3 027693 027729 gi|53 034515 034549 gi|146 
002842 97.0 028933 028597 gi|53 029028 029363 gi|146 
001196 81.4 028933 028643 gi|53 025759 026061 gi|109 
000384 79.7 028716 028922 gi|53 025770 025985 gi|109 
000255 82.7 028819 028922 gi|53 025768 025886 gi|109 
000818 81.4 037428 037133 gi|53 000215 000499 gi|66 
000653 84.1 037141 037310 gi|53 003427 003571 gi|92 
000760 87.5 037383 037208 gi|53 028937 029136 gi|163 
000402 84.2 037399 037550 gi|53 000931 001086 gi|67 
000607 79.4 017439 017251 gi|42 025538 025706 gi|149 
000711 76.1 017252 017456 gi|42 032291 032482 gi|225 
000282 76.3 000811 000542 gi|50 026619 026884 gi|147 
002444 90.7 002125 001750 gi|50 031232 031630 gi|182 
000434 80.4 002019 002130 gi|50 013065 013176 gi|158 
000508 84.6 002122 002032 gi|50 007472 007559 gi|75 
001234 72.2 004548 005127 gi|50 010240 010835 gi|141 
000800 67.9 004668 005125 gi|50 035306 035763 gi|152 
000996 89.1 024703 024557 gi|50 021029 021174 gi|140 
000385 80.7 029344 029478 gi|50 016513 016661 gi|155 
000283 81.9 029407 029478 gi|50 005776 005846 gi|97 
000251 73.1 000690 000561 gi|43 014357 014485 gi|221 
000296 70.6 001638 001530 gi|43 013715 013823 gi|221 
000250 74.6 003922 004051 gi|43 002610 002740 gi|123 
000298 76.6 004363 004490 gi|43 003178 003305 gi|123 
000313 91.0 017982 017905 gi|43 024244 024312 gi|119 
002273 76.2 019009 018249 gi|43 023445 024206 gi|119 
000852 79.5 019744 019555 gi|43 023259 023454 gi|119 
000283 76.3 025824 026140 gi|43 003534 003848 gi|129 
000275 75.8 026104 026198 gi|43 032606 032700 gi|52 
000500 77.4 026609 026486 gi|43 003126 003254 gi|57 
001969 77.5 028193 027651 gi|43 022716 023242 gi|119 
000928 82.3 027885 027677 gi|43 002889 003081 gi|57 
000304 89.7 028724 028801 gi|43 024244 024312 gi|119 
000254 82.1 005879 005973 gi|36 005784 005888 gi|97 
000264 78.6 014097 014199 gi|36 007763 007858 gi|138 
000980 86.2 013671 013822 gi|49 024551 024703 gi|50 
001578 97.7 013850 013675 gi|49 021001 021176 gi|140 
000339 73.7 030307 030492 gi|51 019700 019881 gi|169 
000887 96.4 000574 000464 gi|55 017824 017930 gi|181 
004487 86.6 001023 001987 gi|55 022829 023705 gi|110 
003279 86.5 001711 001023 gi|55 035224 035864 gi|146 
000262 84.3 001588 001519 gi|55 007853 007921 gi|187 
000396 96.4 001762 001707 gi|55 006733 006788 gi|214 
000346 91.1 001707 001762 gi|55 014002 014057 gi|150 
001641 87.4 001987 001758 gi|55 035011 035238 gi|146 
000260 75.0 013715 013560 gi|48 014692 014844 gi|117 
000254 72.0 008238 008355 gi|45 021016 021133 gi|139 
000717 77.8 002889 003082 gi|57 023014 023217 gi|119 
000311 72.1 008372 008597 gi|57 004175 004397 gi|201 
000286 73.4 009647 010222 gi|57 005148 005672 gi|201 
000429 74.5 013752 013565 gi|57 008230 008406 gi|65 
000292 75.3 029479 029391 gi|57 019934 020015 gi|112 
000258 89.4 029520 029474 gi|57 039126 039168 gi|116 
000281 69.9 033962 034187 gi|57 027679 027909 gi|147 
000266 78.6 038487 038362 gi|57 006901 007050 gi|135 
000263 71.4 028766 028835 gi|44 009900 009969 gi|142 
000504 80.6 033485 033618 gi|44 027806 027942 gi|222 
000333 96.5 035225 035365 gi|44 028546 028641 gi|222 
000410 79.2 036843 036604 gi|44 001372 001583 gi|85 
000913 87.1 037069 036900 gi|44 030337 030515 gi|132 
000532 82.3 036900 037080 gi|44 035433 035639 gi|173 
000516 81.9 036970 037063 gi|44 008784 008877 gi|211 
000263 78.0 036601 036759 gi|47 011401 011559 gi|113 
000337 74.0 036873 037041 gi|47 011582 011749 gi|113 
000277 74.5 004596 004693 gi|60 007824 007921 gi|91 
000359 67.4 004598 004726 gi|60 010218 010346 gi|181 
000299 67.5 004800 004635 gi|60 035520 035685 gi|122 
000450 73.4 005158 004967 gi|60 035220 035402 gi|122 
000263 88.4 005042 005084 gi|60 024567 024610 gi|147 
000338 74.7 020529 020380 gi|60 030374 030523 gi|96 
000251 88.9 035913 035878 gi|60 002356 002392 gi|178 
000285 76.2 005507 005445 gi|59 018696 018758 gi|91 
000338 75.4 005699 005578 gi|59 018573 018694 gi|91 
000392 77.9 006051 005907 gi|59 018312 018483 gi|91 
000253 71.4 005989 006051 gi|59 037120 037182 gi|130 
001329 74.3 007780 006122 gi|59 016690 018309 gi|91 
000304 77.1 006288 006418 gi|59 037366 037493 gi|130 
000651 71.8 006596 006968 gi|59 037578 037944 gi|130 
000646 73.6 007180 007584 gi|59 038099 038555 gi|130 
000548 73.7 001658 001381 gi|85 024671 024995 gi|190 
000356 74.8 001381 001594 gi|85 037923 038140 gi|169 
000395 78.7 001583 001406 gi|85 000565 000769 gi|206 
000501 70.9 001698 001431 gi|85 022252 022532 gi|93 
000462 71.3 001490 001698 gi|85 026523 026750 gi|132 
000445 88.2 006905 006980 gi|85 007674 007751 gi|211 
005393 98.4 007751 008378 gi|85 020838 021441 gi|217 
003274 78.3 007782 008495 gi|85 032664 033350 gi|202 
017485 96.0 008803 010818 gi|85 014649 016650 gi|217 
015693 96.8 018728 020521 gi|85 016678 018496 gi|217 
000296 66.0 019565 020041 gi|85 021235 021711 gi|109 
001084 84.9 020077 020255 gi|85 028068 028243 gi|162 
002398 94.4 020829 021115 gi|85 018804 019091 gi|217 
000281 81.5 004253 004517 gi|61 002484 002715 gi|158 
000551 83.0 012227 012320 gi|61 038340 038436 gi|116 
001437 80.1 013386 013036 gi|61 009982 010351 gi|155 
004038 78.9 014976 014120 gi|61 000778 001711 gi|109 
000297 69.2 017561 017680 gi|61 004728 004847 gi|90 
000712 85.7 024904 025078 gi|61 027686 027851 gi|226 
000841 87.3 024913 025077 gi|61 009094 009241 gi|222 
000830 95.2 030603 030479 gi|61 005869 005994 gi|146 
000444 81.4 036627 037050 gi|61 013960 014332 gi|140 
000723 73.0 040376 040062 gi|61 038101 038412 gi|115 
000359 73.1 008298 008498 gi|65 024580 024788 gi|159 
001444 76.6 008601 008980 gi|65 002226 002611 gi|138 
000402 76.6 008857 009125 gi|65 025136 025408 gi|159 
002939 76.7 009049 010089 gi|65 002611 003631 gi|138 
000820 91.5 036476 036604 gi|65 016527 016653 gi|215 
000260 76.1 007341 007254 gi|64 018389 018473 gi|129 
000992 95.3 012848 012976 gi|64 016935 017066 gi|131 
000501 80.0 015143 015277 gi|64 034119 034253 gi|119 
000350 74.4 015630 015746 gi|64 034603 034719 gi|119 
000669 80.2 019521 019792 gi|64 035781 036042 gi|170 
000375 71.3 019614 019521 gi|64 017512 017605 gi|108 
000313 71.1 019527 019616 gi|64 007003 007091 gi|204 
000292 81.4 019804 019905 gi|64 036109 036204 gi|170 
000328 74.2 028224 028448 gi|81 003448 003687 gi|184 
000519 72.8 016487 016699 gi|62 038566 038791 gi|192 
000546 84.8 016707 016975 gi|62 010545 010788 gi|112 
000283 87.2 016718 016881 gi|62 010309 010429 gi|147 
000264 86.6 017329 017188 gi|62 013282 013400 gi|150 
000251 77.0 017208 017333 gi|62 009885 010006 gi|168 
000321 85.5 017225 017334 gi|62 010549 010648 gi|190 
001307 81.5 014521 014763 gi|78 003867 004113 gi|208 
001847 93.8 014764 014522 gi|78 037373 037613 gi|159 
001359 83.1 014763 014522 gi|78 021404 021643 gi|126 
000894 80.8 014761 015078 gi|78 017508 017823 gi|112 
001149 71.6 015509 015077 gi|78 014663 015096 gi|150 
000416 70.9 015508 015303 gi|78 037103 037308 gi|93 
001367 47.0 015807 015344 gi|78 014845 015306 gi|86 
000318 95.5 016075 016032 gi|78 014576 014618 gi|86 
000689 98.7 017433 017511 gi|78 012533 012610 gi|162 
000296 77.9 021454 021247 gi|78 015762 015964 gi|155 
014565 84.2 024849 022076 gi|78 012542 015250 gi|155 
003080 92.0 000001 000461 gi|66 028663 029145 gi|163 
001154 94.0 000497 000349 gi|66 003421 003571 gi|92 
000328 80.0 000482 000576 gi|66 001006 001104 gi|67 
000274 85.1 025374 025487 gi|66 029932 030036 gi|107 
000264 70.8 038718 038806 gi|66 039825 039913 gi|216 
000253 86.9 015052 015112 gi|63 006574 006630 gi|124 
000254 67.6 002633 002560 gi|86 003909 003982 gi|150 
000806 91.5 005067 004951 gi|86 034817 034929 gi|195 
000250 80.1 005111 004956 gi|86 029634 029801 gi|139 
000346 75.2 012462 012334 gi|86 009117 009250 gi|93 
000890 95.0 012343 012462 gi|86 007758 007878 gi|222 
000782 95.6 012457 012345 gi|86 003959 004060 gi|107 
000274 72.4 012360 012464 gi|86 027283 027392 gi|125 
000733 94.8 014368 014464 gi|86 025999 026091 gi|109 
000506 69.7 015143 015317 gi|86 014663 014840 gi|150 
000338 72.4 015144 015299 gi|86 037103 037260 gi|93 
000533 89.7 015305 015372 gi|86 026094 026161 gi|109 
003653 79.2 015698 016417 gi|86 029573 030300 gi|146 
005987 94.2 015699 016417 gi|86 026158 026882 gi|109 
002682 79.5 015881 016417 gi|86 037696 038249 gi|201 
005369 92.9 016727 017390 gi|86 026878 027549 gi|109 
003507 78.4 016728 017390 gi|86 030297 030967 gi|146 
003556 79.5 016728 017390 gi|86 038246 038913 gi|201 
000251 78.1 017542 017374 gi|86 021966 022118 gi|109 
000274 96.8 017388 017418 gi|86 027216 027246 gi|109 
000414 68.2 018015 017846 gi|86 000367 000531 gi|195 
000428 68.5 018026 017900 gi|86 008170 008298 gi|193 
001992 78.5 018583 018202 gi|86 021515 021899 gi|109 
000336 76.4 019364 019490 gi|86 038918 039047 gi|92 
000372 80.8 019472 019395 gi|86 007289 007375 gi|148 
000482 68.1 020808 020643 gi|86 006937 007104 gi|148 
000534 78.3 020821 020981 gi|86 005495 005648 gi|214 
000315 72.0 024713 024812 gi|86 016166 016263 gi|178 
000741 81.9 037422 037263 gi|86 024505 024671 gi|190 
000453 81.4 037392 037264 gi|86 014677 014792 gi|160 
000457 81.4 037271 037372 gi|86 029115 029214 gi|156 
000425 80.2 016386 016190 gi|73 016520 016710 gi|155 
000257 81.6 016388 016340 gi|73 001537 001587 gi|155 
001621 71.1 022172 021180 gi|73 007268 008321 gi|84 
000284 70.4 028473 028624 gi|73 002816 002963 gi|177 
000734 77.9 030105 030394 gi|73 000632 000936 gi|124 
000400 77.5 030107 030390 gi|73 003139 003400 gi|156 
000369 74.1 030109 030394 gi|73 033994 034302 gi|141 
000625 78.9 030394 030163 gi|73 034605 034826 gi|207 
000509 75.3 030384 030231 gi|73 039233 039386 gi|173 
000311 72.3 039920 039545 gi|73 023353 023731 gi|106 
000360 73.4 039849 039591 gi|73 028265 028534 gi|216 
000290 73.0 039849 039761 gi|73 020763 020851 gi|106 
004881 74.6 001194 002950 gi|83 015378 017121 gi|84 
000553 69.7 002992 003255 gi|83 017275 017554 gi|84 
000382 72.7 003541 003774 gi|83 017838 018067 gi|84 
000282 88.1 010066 010132 gi|83 005867 005967 gi|146 
000252 84.2 010376 010213 gi|83 031138 031287 gi|191 
000579 72.8 023041 022704 gi|83 017303 017644 gi|209 
000469 75.6 023286 022869 gi|83 016196 016602 gi|190 
000313 75.3 023537 023453 gi|83 015947 016031 gi|190 
000403 73.1 025599 025466 gi|83 013420 013553 gi|190 
000261 88.8 001024 000891 gi|67 011718 011822 gi|101 
000499 79.1 001853 002015 gi|67 024985 025154 gi|126 
000507 90.6 016076 016192 gi|76 018064 018173 gi|86 
000336 73.6 001027 000456 gi|75 000323 000933 gi|155 
000320 78.7 002283 002134 gi|75 032805 032985 gi|115 
000342 77.2 003134 003247 gi|75 023163 023276 gi|126 
000357 77.6 003358 003473 gi|75 023407 023523 gi|126 
000400 68.6 003936 004161 gi|75 023995 024234 gi|126 
000295 78.0 004581 004721 gi|75 015473 015611 gi|145 
000285 79.1 004736 004826 gi|75 013923 014014 gi|160 
000276 86.4 005676 005734 gi|75 022785 022847 gi|126 
000375 78.8 006119 006236 gi|75 023163 023280 gi|126 
000405 73.7 006344 006457 gi|75 023410 023523 gi|126 
000304 70.0 007060 007159 gi|75 024143 024242 gi|126 
000352 81.9 007575 007471 gi|75 013064 013167 gi|158 
000430 78.4 007472 007559 gi|75 031235 031325 gi|182 
000278 76.0 013263 012952 gi|75 002366 002676 gi|203 
000343 68.5 013085 013249 gi|75 024394 024558 gi|78 
000669 83.5 013905 013785 gi|75 027886 028004 gi|162 
004817 88.1 014606 013899 gi|75 026934 027629 gi|162 
007567 85.2 015829 014582 gi|75 023350 024611 gi|162 
002698 81.8 016534 015837 gi|75 022135 022841 gi|162 
044410 93.0 022101 016525 gi|75 016453 022015 gi|162 
000550 74.4 018574 018835 gi|75 008272 008526 gi|175 
000258 71.3 018845 018710 gi|75 008863 009003 gi|193 
000360 66.5 019175 018973 gi|75 036258 036461 gi|176 
000719 83.8 022360 022219 gi|75 020500 020645 gi|126 
000403 83.5 022329 022239 gi|75 030820 030920 gi|162 
000862 72.6 024002 024786 gi|75 016700 017486 gi|153 
000287 74.6 027936 027819 gi|75 023163 023280 gi|126 
000330 76.9 028810 028913 gi|75 037916 038023 gi|174 
000253 81.2 028876 028813 gi|75 039669 039742 gi|174 
022523 96.3 031568 028910 gi|75 015914 018541 gi|126 
000495 100.0 031660 031604 gi|75 000128 000183 gi|78 
000376 83.8 031642 031740 gi|75 003537 003632 gi|119 
000297 68.3 011108 010951 gi|77 007487 007645 gi|84 
000426 76.4 018224 018477 gi|77 027269 027512 gi|151 
000255 82.2 022699 022743 gi|77 010720 010763 gi|212 
000276 74.1 023185 023128 gi|77 034627 034684 gi|207 
001806 75.1 032107 032652 gi|77 002710 003233 gi|97 
000916 76.4 032303 032607 gi|77 036078 036379 gi|168 
000267 73.2 032863 033026 gi|77 004461 004626 gi|124 
000297 74.5 032939 033079 gi|77 035030 035173 gi|92 
000398 72.8 033036 033149 gi|77 035005 035116 gi|116 
000257 70.1 033149 033043 gi|77 032859 032960 gi|225 
000288 76.7 035450 035535 gi|77 030616 030698 gi|192 
000496 85.9 035479 035577 gi|77 012962 013064 gi|158 
000482 77.7 004881 004725 gi|70 032744 032908 gi|225 
000382 74.8 004725 004875 gi|70 035064 035218 gi|116 
000480 75.0 004875 004736 gi|70 010517 010657 gi|124 
000419 75.0 004772 004875 gi|70 000418 000519 gi|124 
000258 84.2 019239 019164 gi|70 000369 000454 gi|95 
000261 74.5 037716 037993 gi|70 036707 036963 gi|117 
000547 78.1 008983 009366 gi|74 004392 004827 gi|75 
000323 79.3 013901 014011 gi|74 007580 007702 gi|148 
000614 80.5 013927 014080 gi|74 007206 007365 gi|202 
000358 77.9 014824 014721 gi|74 024811 024908 gi|105 
000406 80.2 015539 015629 gi|74 004390 004484 gi|75 
000466 75.0 016916 016781 gi|74 024906 025040 gi|190 
000323 90.1 016918 016808 gi|74 022495 022571 gi|93 
000713 86.2 016916 016808 gi|74 010074 010186 gi|193 
000515 88.7 016811 016916 gi|74 037901 038007 gi|169 
000597 75.0 016937 017252 gi|74 001385 001695 gi|85 
001003 77.9 017242 017008 gi|74 022266 022486 gi|93 
000589 87.1 017008 017123 gi|74 038017 038127 gi|169 
000620 75.8 017013 017235 gi|74 026490 026729 gi|132 
000546 84.7 017111 017014 gi|74 009957 010059 gi|193 
000461 80.3 017215 017018 gi|74 024671 024881 gi|190 
000309 85.5 017133 017065 gi|74 000570 000650 gi|206 
000511 78.6 017251 017121 gi|74 007571 007699 gi|146 
000256 83.0 028460 028518 gi|74 019139 019204 gi|160 
000255 80.3 019412 019337 gi|87 015751 015829 gi|190 
001729 80.6 020292 019547 gi|87 009571 010261 gi|117 
001127 77.2 020289 019671 gi|87 014676 015246 gi|112 
000261 81.5 019869 019762 gi|87 033540 033654 gi|152 
001605 77.5 019840 020292 gi|87 027563 028024 gi|221 
001483 78.7 021458 020641 gi|87 013611 014436 gi|112 
002336 81.2 020657 021464 gi|87 028331 029045 gi|221 
002330 80.8 021464 020657 gi|87 008558 009268 gi|117 
000264 73.9 021009 020918 gi|87 020862 020953 gi|121 
000295 70.9 021409 021300 gi|87 020489 020598 gi|121 
000261 85.4 021550 021590 gi|87 029132 029172 gi|221 
001011 90.4 003471 003688 gi|88 018223 018425 gi|180 
000338 77.5 005282 005141 gi|80 036844 036981 gi|116 
002352 83.3 025674 025123 gi|80 011796 012324 gi|217 
000783 81.5 025449 025621 gi|80 037516 037684 gi|202 
000290 67.0 031568 031330 gi|80 034338 034576 gi|92 
000756 72.0 032416 031793 gi|80 033505 034143 gi|92 
000273 73.1 033245 032900 gi|80 032718 033060 gi|92 
002178 93.3 025137 024749 gi|89 016910 017274 gi|93 
000582 97.7 024902 024817 gi|89 024263 024341 gi|105 
000278 70.7 004738 004870 gi|90 037116 037248 gi|166 
000257 79.2 007328 006968 gi|90 021950 022268 gi|108 
000811 78.9 025981 025740 gi|90 005208 005466 gi|104 
000403 82.2 025749 025821 gi|90 038064 038135 gi|197 
001923 85.9 025751 026111 gi|90 037023 037400 gi|201 
000666 82.6 025923 025752 gi|90 038108 038270 gi|197 
000254 78.0 027072 026964 gi|69 015345 015453 gi|79 
000261 88.0 002654 002728 gi|71 018706 018772 gi|77 
000983 92.7 019554 019717 gi|71 012324 012491 gi|86 
000793 96.8 019692 019569 gi|71 003950 004063 gi|107 
000334 77.9 019690 019569 gi|71 009118 009236 gi|93 
000900 93.0 019576 019689 gi|71 007763 007876 gi|222 
000291 76.3 019587 019683 gi|71 027283 027378 gi|125 
000641 77.5 023958 024099 gi|71 009987 010122 gi|140 
004361 95.4 024649 025192 gi|71 034550 035094 gi|173 
000653 69.4 030652 029796 gi|71 023335 024251 gi|205 
000316 77.6 031751 031933 gi|71 005874 006071 gi|218 
001193 74.1 032353 033144 gi|71 006544 007279 gi|218 
005699 77.1 020461 018951 gi|84 017797 019304 gi|101 
000339 83.6 027352 027280 gi|84 038786 038853 gi|176 
000290 80.5 037887 037806 gi|84 014350 014436 gi|160 
001426 90.4 039292 039499 gi|84 034996 035200 gi|159 
000347 72.3 039538 039674 gi|84 010399 010528 gi|190 
000896 85.8 006877 007031 gi|82 022068 022230 gi|109 
000262 86.6 018400 018511 gi|82 026354 026466 gi|115 
000724 69.8 026185 026551 gi|94 000867 001239 gi|187 
000742 76.7 026952 027226 gi|94 036495 036764 gi|212 
000713 77.5 026952 027226 gi|94 037334 037603 gi|97 
000667 82.8 001457 001289 gi|97 018901 019061 gi|118 
001504 75.5 001783 002416 gi|97 009758 010390 gi|124 
000277 73.6 002201 002673 gi|97 005311 005794 gi|214 
000940 73.2 002895 003192 gi|97 036078 036387 gi|168 
000932 86.4 005756 005902 gi|97 016569 016722 gi|155 
005047 96.3 037099 037672 gi|97 036260 036833 gi|212 
000453 71.3 037671 037236 gi|97 009043 009490 gi|109 
000438 89.9 000092 000004 gi|93 021134 021225 gi|172 
000301 71.8 003935 003819 gi|93 035032 035147 gi|147 
000339 77.4 009073 009236 gi|93 003914 004063 gi|107 
000372 82.1 009105 009227 gi|93 004127 004236 gi|187 
000474 78.2 009233 009110 gi|93 009136 009256 gi|116 
000257 90.5 009226 009111 gi|93 007720 007813 gi|207 
000292 73.0 009231 009117 gi|93 007762 007878 gi|222 
000583 92.2 009227 009125 gi|93 027274 027378 gi|125 
001260 73.2 013224 013938 gi|93 031710 032437 gi|128 
000776 69.7 013651 014178 gi|93 039603 040141 gi|153 
000448 78.9 014093 014334 gi|93 032700 032923 gi|128 
001142 75.0 014361 015220 gi|93 033038 033920 gi|128 
001340 79.9 016772 016356 gi|93 033076 033524 gi|159 
000622 89.0 017137 017218 gi|93 024261 024342 gi|105 
000539 95.3 017217 017301 gi|93 016373 016454 gi|162 
000302 75.2 019115 018975 gi|93 012571 012713 gi|153 
000265 85.3 019642 019568 gi|93 011901 011975 gi|153 
000366 76.5 020020 019664 gi|93 011512 011819 gi|153 
000315 94.2 020660 020609 gi|93 006878 006926 gi|126 
004420 84.4 020922 021740 gi|93 031914 032716 gi|159 
000932 85.4 022248 022568 gi|93 009871 010183 gi|193 
000759 73.2 022526 022251 gi|93 026451 026751 gi|132 
000413 71.9 022252 022372 gi|93 007568 007691 gi|146 
000724 76.5 022292 022563 gi|93 024670 025005 gi|190 
000773 82.8 022558 022385 gi|93 037918 038115 gi|169 
000519 71.2 037090 037308 gi|93 014651 014869 gi|150 
000251 88.9 037430 037386 gi|93 006877 006922 gi|126 
000250 90.0 037869 037830 gi|93 006877 006916 gi|126 
000262 72.1 007863 008016 gi|91 024139 024300 gi|147 
000380 77.2 008138 008251 gi|91 030910 031022 gi|226 
000303 76.0 008329 008138 gi|91 035228 035416 gi|122 
000279 74.7 008209 008287 gi|91 034442 034520 gi|106 
000301 83.1 008217 008287 gi|91 010703 010773 gi|181 
000264 76.1 008720 008836 gi|91 035015 035131 gi|106 
000805 79.7 016877 016646 gi|91 038512 038742 gi|130 
002801 77.7 018374 016936 gi|91 037120 038510 gi|130 
000807 77.8 018782 018598 gi|91 036720 036904 gi|130 
000369 66.4 000628 000507 gi|109 008714 008835 gi|193 
000874 96.2 007519 007623 gi|109 002723 002827 gi|133 
000531 83.7 007622 007519 gi|109 026375 026478 gi|133 
000681 91.3 007519 007621 gi|109 030800 030903 gi|202 
000412 72.3 009490 009043 gi|109 036396 036832 gi|212 
000893 95.4 017885 017992 gi|109 002723 002830 gi|133 
000573 88.1 017993 017885 gi|109 026371 026478 gi|133 
000698 92.2 017885 017987 gi|109 030800 030903 gi|202 
000859 94.3 020411 020307 gi|109 002723 002827 gi|133 
000578 85.6 020308 020411 gi|109 026375 026478 gi|133 
000726 93.2 020411 020309 gi|109 030800 030903 gi|202 
001264 80.0 022423 022204 gi|109 031304 031523 gi|146 
001277 83.2 025758 026061 gi|109 029027 029318 gi|146 
001272 82.9 026061 025758 gi|109 025116 025407 gi|110 
000266 85.7 025768 025886 gi|109 025292 025395 gi|110 
000371 79.2 025985 025770 gi|109 029039 029245 gi|146 
000383 80.1 025770 025985 gi|109 025189 025395 gi|110 
009114 78.6 026089 027854 gi|109 029511 031270 gi|146 
007882 79.8 026340 027810 gi|109 037696 039176 gi|201 
000909 94.7 003571 003458 gi|92 029029 029145 gi|163 
003077 84.2 004277 003728 gi|92 024364 024898 gi|196 
002448 82.1 005015 004540 gi|92 023895 024366 gi|196 
000781 89.7 005176 005051 gi|92 023373 023495 gi|196 
001176 90.3 011812 012110 gi|92 003141 003398 gi|156 
000476 79.2 011824 012130 gi|92 034011 034312 gi|141 
000682 77.0 012200 011848 gi|92 039135 039458 gi|173 
000891 81.8 012230 011857 gi|92 034484 034829 gi|207 
000414 80.1 011881 012121 gi|92 000733 000938 gi|124 
000474 86.0 015360 015495 gi|92 032536 032679 gi|225 
000262 100.0 015574 015602 gi|92 032665 032693 gi|225 
000340 72.4 025661 026098 gi|92 013189 013631 gi|101 
000255 73.7 026225 026323 gi|92 013749 013847 gi|101 
000409 72.9 026378 026521 gi|92 013844 013990 gi|101 
000422 84.5 035412 035566 gi|92 016075 016204 gi|194 
000706 86.6 035421 035621 gi|92 012375 012556 gi|158 
000316 84.3 035598 035446 gi|92 012765 012900 gi|158 
000572 84.0 035624 035792 gi|92 012774 012940 gi|158 
000622 87.3 035779 035654 gi|92 012364 012507 gi|158 
000593 84.4 035820 035654 gi|92 016023 016213 gi|194 
000474 78.0 039066 038949 gi|92 007259 007376 gi|148 
000342 72.3 039285 039102 gi|92 007123 007307 gi|148 
000797 73.3 002900 002396 gi|95 022832 023338 gi|160 
000622 76.8 028408 028571 gi|102 038272 038427 gi|121 
000353 65.9 022327 022111 gi|119 014691 014904 gi|150 
000275 85.7 024401 024353 gi|119 034458 034505 gi|141 
000362 75.6 005410 005647 gi|98 037402 037645 gi|123 
000348 78.1 014982 014887 gi|98 005520 005623 gi|199 
000335 83.0 001605 001500 gi|96 008168 008279 gi|148 
000293 74.1 001590 001670 gi|96 020818 020898 gi|201 
000523 68.2 002619 002813 gi|96 039968 040159 gi|154 
001551 94.4 006183 006396 gi|96 011612 011829 gi|135 
000599 88.9 016186 016043 gi|96 012856 013016 gi|211 
000703 98.8 016056 016136 gi|96 012533 012616 gi|197 
000355 77.8 026297 026481 gi|96 039253 039443 gi|143 
000407 83.9 036749 036291 gi|96 037539 037896 gi|120 
000430 81.0 036836 036379 gi|96 037842 038278 gi|120 
000503 81.5 036769 036402 gi|96 037616 037916 gi|120 
000257 82.8 036488 036402 gi|96 037459 037553 gi|120 
000466 81.5 036945 036513 gi|96 037661 038027 gi|120 
000309 83.5 036709 036534 gi|96 037465 037649 gi|120 
000310 77.9 036951 036603 gi|96 037874 038222 gi|120 
000294 77.8 036844 036651 gi|96 038032 038234 gi|120 
000313 75.1 037042 036706 gi|96 037870 038231 gi|120 
000528 71.9 017687 017496 gi|108 035696 035892 gi|170 
000300 79.5 017579 017502 gi|108 014918 014995 gi|181 
000261 81.7 014166 014225 gi|113 026319 026379 gi|203 
000453 75.5 017263 017633 gi|113 010916 011339 gi|222 
000252 79.8 002788 002675 gi|112 025596 025703 gi|139 
000455 70.3 002958 002713 gi|112 030072 030318 gi|176 
000422 79.7 009653 009531 gi|112 037156 037284 gi|169 
000957 84.1 009803 010029 gi|112 038456 038661 gi|192 
000286 80.7 010033 010094 gi|112 039980 040043 gi|192 
000486 77.7 010471 010645 gi|112 009659 009834 gi|168 
000365 78.5 010628 010720 gi|112 010351 010438 gi|147 
000923 82.1 010686 011031 gi|112 010264 010625 gi|190 
000317 84.1 010854 011067 gi|112 009852 010023 gi|168 
000336 88.6 011037 010854 gi|112 013298 013437 gi|150 
000353 81.9 013509 013427 gi|112 029079 029168 gi|221 
000332 86.0 013442 013491 gi|112 008450 008499 gi|117 
000411 81.4 013611 013680 gi|112 008564 008633 gi|117 
000540 79.0 013730 013834 gi|112 008630 008734 gi|117 
000441 74.3 013834 013730 gi|112 028869 028973 gi|221 
004178 80.5 013969 015223 gi|112 008867 010121 gi|117 
003992 80.8 015138 013975 gi|112 027559 028726 gi|221 
000629 70.1 014110 014832 gi|112 020849 021584 gi|121 
001299 92.3 017679 017511 gi|112 015024 015192 gi|130 
000828 79.1 017511 017716 gi|112 025493 025713 gi|220 
000252 96.8 017537 017567 gi|112 014170 014200 gi|130 
001151 96.4 018014 018180 gi|112 025705 025871 gi|220 
000364 78.6 018597 018439 gi|112 009415 009592 gi|156 
001452 77.7 020012 019465 gi|112 008826 009344 gi|156 
000705 88.2 030196 030365 gi|112 029661 029816 gi|139 
000676 94.4 030226 030332 gi|112 012853 012955 gi|223 
000713 89.7 035749 035893 gi|112 029671 029810 gi|139 
000746 93.8 035760 035888 gi|112 012849 012977 gi|223 
000964 96.8 008173 008295 gi|100 000948 001074 gi|206 
000893 89.9 008173 008340 gi|100 001104 001262 gi|194 
000829 92.5 008179 008285 gi|100 032430 032536 gi|194 
000832 94.2 008304 008185 gi|100 016418 016532 gi|194 
000869 93.5 008186 008323 gi|100 017154 017281 gi|194 
000469 81.2 009380 009264 gi|100 000442 000552 gi|187 
000403 80.5 019024 018897 gi|118 015039 015160 gi|124 
000291 73.5 029843 029944 gi|118 019163 019258 gi|161 
000291 75.0 029875 030022 gi|118 033226 033376 gi|133 
000391 80.8 030277 030380 gi|118 019639 019733 gi|161 
000359 76.0 030425 030301 gi|118 031126 031256 gi|224 
000409 78.3 030309 030428 gi|118 034514 034635 gi|133 
000340 78.0 030310 030436 gi|118 033696 033822 gi|133 
000547 95.7 005792 005724 gi|116 010270 010338 gi|213 
000834 94.3 009257 009135 gi|116 004127 004241 gi|187 
000330 76.0 009140 009243 gi|116 027274 027380 gi|125 
001116 85.1 011053 011267 gi|116 031710 031933 gi|195 
000861 86.7 011271 011405 gi|116 032586 032720 gi|195 
000250 69.9 028800 028728 gi|116 000115 000187 gi|168 
000628 75.7 035246 035000 gi|116 032720 032972 gi|225 
001212 80.1 035327 035001 gi|116 010397 010731 gi|124 
000515 83.3 035115 035330 gi|116 000418 000621 gi|124 
000271 77.1 035585 035468 gi|116 014309 014436 gi|160 
000280 71.7 002821 003018 gi|99 003842 004042 gi|197 
000531 73.2 020345 019991 gi|99 028300 028654 gi|216 
000277 71.1 034646 034505 gi|99 026033 026176 gi|204 
000272 74.6 034556 034673 gi|99 013519 013648 gi|206 
000255 82.0 034598 034730 gi|99 035004 035112 gi|106 
000683 91.9 038711 038833 gi|99 015108 015220 gi|173 
001136 70.0 018842 018039 gi|103 004213 005022 gi|195 
000522 69.5 018815 018501 gi|103 013923 014236 gi|149 
000657 73.7 000609 000878 gi|106 012412 012679 gi|117 
000506 96.5 001463 001520 gi|106 015168 015225 gi|128 
000363 89.6 002908 002861 gi|106 025628 025675 gi|147 
000709 87.3 032747 032943 gi|106 030713 030893 gi|215 
000346 73.1 035143 035014 gi|106 025942 026071 gi|204 
000353 76.5 022991 022779 gi|111 022186 022393 gi|120 
000295 74.3 023282 023550 gi|111 007649 007911 gi|138 
000253 85.7 038376 038417 gi|111 010764 010806 gi|158 
001384 73.6 030996 030471 gi|105 004584 005111 gi|226 
000256 79.5 035640 035348 gi|105 014791 015041 gi|211 
000295 84.8 035333 035268 gi|122 024571 024636 gi|147 
000293 80.0 035294 035353 gi|122 026652 026709 gi|204 
000260 72.9 035579 035307 gi|122 012288 012569 gi|206 
000307 75.3 035733 035637 gi|122 010207 010303 gi|181 
000309 78.8 013925 013860 gi|110 035977 036042 gi|205 
000281 74.0 014659 014556 gi|110 035373 035473 gi|205 
018497 95.5 025093 022805 gi|110 033577 035888 gi|146 
000265 97.3 024166 024202 gi|110 034515 034549 gi|146 
002932 96.3 025425 025070 gi|110 029003 029363 gi|146 
001026 83.5 029759 029470 gi|115 007995 008325 gi|116 
000273 80.7 029532 029702 gi|115 038020 038191 gi|116 
000292 79.8 032883 032981 gi|115 021345 021432 gi|221 
014473 88.3 010620 008449 gi|117 026965 029155 gi|221 
000494 74.2 008912 009775 gi|117 020809 021625 gi|121 
000272 67.5 015133 015252 gi|117 033133 033255 gi|197 
000373 68.5 015931 016222 gi|117 033613 033925 gi|197 
000557 74.3 029914 030158 gi|117 025022 025263 gi|212 
000515 72.6 029918 030085 gi|117 017008 017172 gi|189 
000790 78.0 029938 030274 gi|117 032895 033284 gi|197 
000285 74.3 029967 030196 gi|117 039622 039905 gi|142 
000339 74.2 030151 030274 gi|117 017345 017467 gi|189 
000472 69.5 030533 030811 gi|117 025604 025882 gi|212 
000764 70.0 030875 031361 gi|117 025875 026407 gi|212 
000627 69.0 030878 031225 gi|117 033728 034075 gi|197 
000311 76.0 030898 031218 gi|117 018097 018468 gi|189 
000257 74.1 004040 003956 gi|107 000602 000696 gi|195 
000738 95.0 004062 003963 gi|107 007757 007870 gi|222 
000259 77.1 004045 003963 gi|107 027283 027378 gi|125 
000331 79.7 006339 006407 gi|107 036408 036473 gi|173 
000274 73.7 011112 010794 gi|101 031363 031674 gi|132 
000263 84.2 015114 015195 gi|101 015386 015459 gi|146 
000251 77.0 004792 004537 gi|120 021861 022127 gi|186 
000325 72.8 022149 021988 gi|120 007502 007663 gi|138 
000267 76.8 009218 009372 gi|121 038169 038317 gi|206 
000262 83.8 020599 020489 gi|121 028880 028990 gi|221 
000529 73.7 021625 020809 gi|121 027820 028687 gi|221 
000267 84.4 035899 035823 gi|121 031125 031196 gi|192 
000767 81.5 005445 005208 gi|104 037027 037252 gi|201 
000373 76.3 005252 005445 gi|104 038091 038267 gi|197 
000764 98.9 005694 005785 gi|104 008157 008255 gi|223 
000698 94.4 005694 005783 gi|104 038642 038732 gi|131 
000626 98.9 005784 005694 gi|104 023674 023755 gi|143 
000254 85.7 029976 030045 gi|104 009872 009931 gi|112 
000352 81.1 019176 019029 gi|123 012089 012242 gi|158 
004103 76.8 031727 029933 gi|123 035971 037738 gi|127 
006010 75.8 034228 032185 gi|123 027978 029963 gi|189 
000412 74.5 037771 037997 gi|123 020606 020832 gi|220 
000326 77.7 000520 000418 gi|124 032749 032849 gi|225 
000775 79.9 000637 000939 gi|124 033994 034305 gi|141 
000794 82.4 000938 000729 gi|124 034603 034812 gi|207 
000319 85.1 000795 000729 gi|124 036682 036744 gi|137 
000612 77.4 000730 000928 gi|124 003187 003399 gi|156 
000638 75.7 000945 000744 gi|124 039209 039415 gi|173 
000315 68.5 010177 010382 gi|124 005314 005519 gi|214 
000258 67.6 010494 010604 gi|124 016226 016337 gi|194 
000438 72.6 010516 010734 gi|124 032749 032974 gi|225 
000266 71.4 014676 014801 gi|124 021553 021681 gi|194 
000279 67.9 014679 014787 gi|124 005392 005501 gi|195 
000330 77.9 027386 027274 gi|125 004129 004236 gi|187 
000283 69.8 027283 027378 gi|125 007774 007869 gi|222 
000646 74.7 034921 035501 gi|125 020131 020681 gi|146 
007827 83.5 037056 038446 gi|125 037754 039238 gi|135 
002501 78.3 038599 039141 gi|125 039234 039797 gi|135 
000326 71.6 039765 039972 gi|125 038823 039033 gi|135 
001060 79.5 000636 000869 gi|133 032373 032599 gi|202 
000696 91.7 002723 002831 gi|133 030800 030907 gi|202 
000671 88.7 026478 026373 gi|133 030800 030905 gi|202 
000441 73.0 033494 033634 gi|133 036741 036884 gi|138 
000535 73.3 034159 034567 gi|133 036539 036959 gi|138 
000253 73.1 034508 034585 gi|133 019656 019733 gi|161 
014591 98.0 012416 010796 gi|126 008118 009742 gi|153 
003843 86.4 013976 013380 gi|126 002269 002876 gi|208 
005301 88.0 015399 014420 gi|126 001382 002289 gi|208 
000420 74.1 015486 015628 gi|126 034071 034213 gi|159 
000637 79.3 015629 015768 gi|126 034292 034437 gi|159 
000413 83.5 018895 018985 gi|126 031125 031210 gi|162 
000594 74.2 019147 018970 gi|126 008606 008777 gi|175 
000369 83.1 020529 020664 gi|126 030820 030948 gi|162 
011989 87.4 022604 020777 gi|126 002877 004735 gi|208 
005589 86.9 020790 021643 gi|126 036772 037613 gi|159 
000468 72.0 026931 027508 gi|126 016616 017191 gi|153 
000275 80.5 027722 027798 gi|126 017235 017314 gi|153 
000327 73.9 035048 035158 gi|126 015997 016107 gi|190 
000320 74.0 035381 035645 gi|126 017298 017560 gi|209 
001261 71.5 037861 038438 gi|128 009842 010404 gi|145 
000345 76.9 037869 037959 gi|128 026455 026544 gi|153 
000927 71.2 038466 038812 gi|128 010380 010725 gi|145 
000292 70.2 038995 039145 gi|128 010860 011019 gi|145 
000262 72.5 012997 013530 gi|127 022068 022587 gi|201 
000255 72.5 014143 014211 gi|127 023209 023277 gi|201 
000905 70.4 029018 028121 gi|127 036309 037214 gi|202 
000529 70.6 029993 029766 gi|127 035796 036038 gi|202 
001094 85.2 030451 030276 gi|127 036702 036887 gi|173 
000473 86.8 030861 030794 gi|127 026190 026257 gi|220 
000303 78.9 032614 032449 gi|127 037296 037460 gi|167 
000278 73.3 032456 032556 gi|127 011210 011312 gi|212 
000381 73.9 032491 032689 gi|127 005389 005594 gi|203 
000295 82.6 032495 032638 gi|127 039029 039159 gi|186 
000407 66.9 000409 000274 gi|145 040592 040727 gi|163 
001180 76.4 001566 000568 gi|145 039536 040551 gi|163 
004939 93.6 014813 015425 gi|145 018831 019436 gi|203 
000443 76.0 015667 015397 gi|145 029045 029332 gi|166 
006490 93.8 015741 016556 gi|145 020029 020836 gi|203 
000761 96.3 038987 038879 gi|145 030879 030982 gi|182 
000752 96.0 038987 038888 gi|145 031040 031138 gi|182 
012058 94.3 029756 031226 gi|146 037696 039176 gi|201 
000304 81.1 034714 034498 gi|136 024214 024439 gi|138 
000318 75.2 034777 034512 gi|136 024217 024461 gi|138 
000743 75.0 035120 034526 gi|136 023935 024589 gi|138 
000435 80.5 035708 035627 gi|136 023149 023230 gi|138 
000267 92.7 037004 036950 gi|136 021794 021841 gi|138 
001093 73.2 010369 010842 gi|141 035299 035773 gi|152 
000257 75.5 011005 011163 gi|141 035935 036090 gi|152 
000316 77.7 018961 018778 gi|141 011643 011825 gi|179 
000791 72.3 025602 025350 gi|141 036902 037161 gi|173 
000906 81.8 034312 034061 gi|141 034594 034822 gi|207 
000563 79.5 034304 034085 gi|141 039216 039415 gi|173 
000793 82.9 015193 015024 gi|130 025492 025684 gi|220 
000607 74.7 021195 022409 gi|130 015527 016771 gi|212 
000296 73.7 022396 022551 gi|130 016818 016967 gi|212 
007494 100.0 039541 038750 gi|153 001894 002685 gi|183 
005066 96.8 039399 038751 gi|153 000343 000977 gi|159 
000310 91.3 007670 007602 gi|148 030713 030775 gi|192 
000419 76.8 007606 007700 gi|148 007206 007298 gi|202 
000654 81.2 008184 008020 gi|148 024552 024720 gi|177 
000586 74.8 003399 003142 gi|156 039226 039476 gi|173 
000621 75.9 003399 003168 gi|156 034613 034829 gi|207 
000346 87.0 018232 018010 gi|156 018608 018822 gi|190 
000629 89.6 029210 029115 gi|156 024568 024663 gi|190 
000321 89.7 029212 029116 gi|156 014699 014784 gi|160 
000255 80.7 006763 006681 gi|134 001577 001657 gi|201 
000985 71.8 021420 021141 gi|134 039387 039666 gi|197 
000417 77.9 039053 038792 gi|134 005617 005845 gi|200 
000269 90.5 038909 038950 gi|134 005720 005763 gi|200 
000673 97.9 023759 023665 gi|143 008153 008270 gi|223 
000759 95.6 029672 029785 gi|139 012835 012955 gi|223 
000567 97.1 038037 038106 gi|139 019782 019851 gi|209 
000299 100.0 038259 038293 gi|139 019852 019886 gi|209 
003372 99.6 038415 038956 gi|139 019879 020315 gi|209 
000267 100.0 039021 039052 gi|139 020316 020347 gi|209 
000305 84.3 001664 001778 gi|147 024440 024553 gi|175 
000256 86.9 001684 001843 gi|147 008379 008509 gi|206 
000370 87.6 001722 001810 gi|147 026110 026195 gi|175 
000259 93.6 019030 019076 gi|147 017048 017097 gi|166 
000261 77.5 007830 007693 gi|138 035757 035898 gi|170 
000251 83.6 024225 024389 gi|138 023844 024011 gi|172 
000286 79.1 036894 036960 gi|138 019648 019716 gi|161 
000274 72.6 036962 036901 gi|138 031192 031253 gi|224 
000253 88.9 017072 017028 gi|131 000959 001002 gi|206 
000730 88.3 038605 038741 gi|131 008129 008254 gi|223 
000679 95.2 038743 038640 gi|131 023664 023757 gi|143 
000554 81.3 039667 039934 gi|142 032972 033238 gi|197 
002134 94.7 013553 013289 gi|150 009736 009999 gi|168 
000980 88.6 013456 013290 gi|150 010465 010639 gi|190 
000693 85.0 014128 014002 gi|150 006659 006788 gi|214 
000328 97.7 014427 014384 gi|150 006351 006394 gi|214 
000274 83.0 014723 014677 gi|150 006056 006102 gi|214 
001774 87.7 015531 015272 gi|150 005546 005804 gi|214 
000352 88.0 031165 031256 gi|150 009257 009334 gi|226 
000251 83.0 015715 015761 gi|135 000165 000214 gi|176 
000261 80.8 040598 040552 gi|135 008333 008380 gi|186 
000488 91.9 036682 036755 gi|137 034749 034823 gi|207 
000411 83.6 036754 036682 gi|137 034061 034132 gi|141 
000253 81.9 036755 036684 gi|137 003174 003251 gi|156 
000775 79.3 026709 026333 gi|132 024671 025034 gi|190 
000460 81.2 026333 026619 gi|132 037887 038127 gi|169 
000521 80.5 026609 026348 gi|132 009956 010186 gi|193 
000336 75.2 026750 026626 gi|132 007568 007690 gi|146 
000642 81.0 030515 030285 gi|132 035433 035688 gi|173 
000595 80.5 030515 030337 gi|132 008697 008883 gi|211 
000277 73.7 014090 013935 gi|149 026995 027150 gi|195 
000285 67.9 013975 014236 gi|149 004292 004555 gi|195 
000719 74.9 024909 025139 gi|149 034531 034756 gi|192 
000810 79.4 025781 025539 gi|149 032210 032468 gi|225 
000253 78.9 010492 010422 gi|151 039101 039180 gi|173 
000279 68.8 006027 006103 gi|152 025284 025361 gi|183 
000344 74.3 018800 018982 gi|152 019165 019343 gi|177 
000257 72.6 028161 028067 gi|152 031896 031990 gi|153 
000329 72.9 029237 029020 gi|152 030967 031187 gi|153 
005067 96.7 000343 000977 gi|159 002036 002684 gi|183 
000708 73.8 013803 013989 gi|159 036404 036587 gi|223 
000520 73.2 023251 023567 gi|159 036321 036636 gi|181 
013335 88.9 037613 035707 gi|159 003868 005794 gi|208 
000546 81.3 012370 012503 gi|158 016078 016211 gi|194 
000363 80.2 012918 012798 gi|158 016078 016203 gi|194 
000380 75.9 013172 013065 gi|158 031228 031338 gi|182 
000377 88.9 011770 011823 gi|162 024478 024531 gi|183 
000456 75.3 012245 012612 gi|162 000346 000717 gi|183 
000412 69.6 019346 019585 gi|162 036220 036461 gi|176 
000283 71.0 019613 019705 gi|162 036556 036652 gi|176 
000294 73.0 019712 019848 gi|162 008862 009003 gi|193 
000609 75.5 019983 019723 gi|162 008272 008526 gi|175 
000441 77.6 024703 024983 gi|162 029081 029381 gi|166 
001066 84.1 028068 028243 gi|162 018027 018205 gi|217 
000292 79.8 009467 009364 gi|160 032166 032269 gi|205 
000426 84.5 014680 014808 gi|160 024551 024681 gi|190 
000299 92.5 015335 015296 gi|160 025169 025209 gi|197 
000262 84.0 010944 011024 gi|161 000506 000575 gi|211 
000268 73.1 019720 019654 gi|161 031190 031256 gi|224 
000268 79.3 013443 013265 gi|183 009105 009276 gi|212 
001222 73.3 010158 009310 gi|184 027925 028772 gi|223 
000331 79.0 011564 011441 gi|181 025958 026081 gi|204 
002205 84.2 026698 026320 gi|181 008309 008708 gi|193 
000658 88.6 026698 026594 gi|181 000492 000601 gi|195 
000254 86.8 016095 016162 gi|172 003217 003275 gi|225 
002431 72.5 007677 006246 gi|167 028513 030001 gi|206 
000366 82.2 037424 037296 gi|167 005386 005505 gi|203 
000324 86.1 037453 037296 gi|167 039001 039128 gi|186 
000327 78.9 037491 037326 gi|167 011183 011343 gi|212 
000364 80.0 002832 002961 gi|177 015896 016022 gi|214 
001231 74.6 005162 004261 gi|176 007358 008190 gi|189 
000343 76.1 033820 033733 gi|176 013232 013319 gi|193 
000981 86.2 038118 037901 gi|169 009956 010183 gi|193 
000527 75.4 038117 037911 gi|169 024787 025008 gi|190 
000394 72.5 029231 028941 gi|174 030452 030755 gi|221 
002703 86.0 008853 009267 gi|168 009723 010148 gi|190 
000793 80.2 008853 009074 gi|168 039409 039610 gi|192 
001074 84.9 009833 010031 gi|168 010465 010673 gi|190 
000254 76.5 036559 036479 gi|168 038957 039029 gi|186 
001137 86.5 035419 035662 gi|173 008684 008916 gi|211 
003410 86.0 038793 039415 gi|173 034151 034797 gi|207 
000331 71.8 035764 035873 gi|170 006981 007088 gi|204 
000283 76.7 035800 035889 gi|170 014911 015000 gi|181 
000371 76.0 016163 016441 gi|178 024906 025159 gi|215 
000269 84.3 031275 031225 gi|182 024108 024155 gi|219 
000278 85.2 031612 031491 gi|182 024017 024115 gi|219 
000266 90.5 008274 008315 gi|186 028229 028269 gi|207 
000430 78.2 039032 039228 gi|186 005395 005596 gi|203 
000596 77.5 039330 039096 gi|186 021559 021794 gi|194 
000276 76.6 004247 004141 gi|187 007750 007871 gi|222 
000636 74.6 034177 033364 gi|187 035252 036098 gi|201 
000941 76.5 034743 034182 gi|187 034572 035125 gi|201 
000444 92.3 039431 039302 gi|187 034537 034650 gi|199 
000584 94.7 039463 039576 gi|187 024674 024802 gi|199 
001348 80.2 017012 018812 gi|189 025030 026560 gi|212 
000331 74.1 017013 017174 gi|189 032877 033048 gi|197 
000351 77.2 017345 017471 gi|189 033161 033288 gi|197 
000460 78.7 017683 018057 gi|189 033416 033767 gi|197 
000549 73.9 018097 018825 gi|189 033748 034426 gi|197 
002601 75.8 032664 033233 gi|202 020869 021441 gi|217 
000877 81.4 037682 037516 gi|202 011845 012018 gi|217 
000393 72.7 009311 009162 gi|190 016222 016369 gi|194 
000398 81.0 009166 009355 gi|190 018052 018250 gi|219 
001036 78.9 009657 009954 gi|190 039341 039615 gi|192 
000371 72.5 013317 013676 gi|190 014720 015076 gi|209 
000738 74.8 016166 016658 gi|190 017037 017531 gi|209 
000300 75.4 018664 018478 gi|190 032720 032918 gi|225 
000275 76.9 018650 018530 gi|190 016241 016355 gi|194 
000750 74.2 024785 025013 gi|190 009955 010186 gi|193 
000302 82.8 024791 024970 gi|190 000603 000769 gi|206 
000250 75.9 000602 000688 gi|195 007779 007876 gi|222 
000266 70.2 005526 005406 gi|195 011324 011450 gi|212 
000926 73.9 030129 030550 gi|192 008207 008628 gi|202 
000354 80.2 030674 030564 gi|192 021349 021455 gi|221 
000555 76.2 039141 038982 gi|192 024292 024448 gi|194 
000534 76.5 039287 039139 gi|192 023065 023213 gi|194 
000256 78.0 004317 004434 gi|212 015459 015575 gi|223 
001159 77.3 008173 008428 gi|193 000359 000603 gi|195 
000279 77.6 009960 010160 gi|193 000602 000796 gi|206 
000653 100.0 012622 012533 gi|197 012909 013000 gi|211 
000912 76.9 032868 033942 gi|197 025019 026138 gi|212 
000341 76.9 038065 038142 gi|197 037022 037100 gi|201 
000595 84.3 038270 038112 gi|197 037024 037192 gi|201 
000893 98.4 001104 001226 gi|194 000958 001078 gi|206 
000306 78.2 010551 010637 gi|194 027418 027505 gi|225 
000302 76.3 016357 016227 gi|194 018063 018202 gi|219 
000887 97.0 016533 016433 gi|194 000963 001063 gi|206 
000925 95.4 017153 017260 gi|194 000966 001073 gi|206 
000298 85.5 021745 021691 gi|194 005504 005557 gi|195 
000283 84.3 023298 023348 gi|194 036636 036687 gi|201 
000858 95.5 032427 032536 gi|194 000956 001063 gi|206 
000292 91.7 000463 000510 gi|196 034779 034824 gi|207 
000682 83.3 023602 023495 gi|196 007891 008001 gi|211 
000394 93.8 031615 031662 gi|207 013046 013093 gi|217 
002411 78.7 032413 033059 gi|207 013404 014027 gi|217 
000279 77.8 021526 021597 gi|213 032007 032081 gi|220 
000586 80.5 009094 009252 gi|222 027695 027861 gi|226 
