000254 84.4 017667 017540 gi|35 017031 017147 gi|59 
000271 73.2 035760 035664 gi|35 036188 036282 gi|69 
000255 76.5 008517 008433 gi|31 020634 020715 gi|42 
000250 75.2 011537 011437 gi|31 010308 010402 gi|33 
000292 71.0 027283 027389 gi|31 029547 029649 gi|72 
000285 84.0 027438 027283 gi|31 028980 029125 gi|33 
000404 86.4 031150 031252 gi|26 014253 014341 gi|47 
000515 90.1 006576 006656 gi|36 011047 011123 gi|37 
000990 87.9 006590 006754 gi|36 030971 031145 gi|74 
000285 79.0 034883 034746 gi|36 022081 022206 gi|40 
000425 68.7 038130 037946 gi|36 038989 039171 gi|61 
000278 80.0 038207 038133 gi|36 030774 030846 gi|54 
000431 71.0 039952 039760 gi|36 002415 002605 gi|37 
000404 77.7 040257 040547 gi|36 027173 027488 gi|74 
000439 77.5 040263 040710 gi|36 005872 006386 gi|37 
000512 77.8 040547 040264 gi|36 012023 012320 gi|74 
000264 78.8 040524 040627 gi|36 027550 027659 gi|74 
000310 78.5 006922 007153 gi|33 015688 015940 gi|73 
000682 93.5 018070 018176 gi|33 008419 008533 gi|36 
000269 82.0 019393 019514 gi|33 018620 018744 gi|37 
000800 89.1 029175 028993 gi|33 029487 029672 gi|72 
000264 68.2 037569 037441 gi|33 024149 024277 gi|58 
000529 92.5 008212 008291 gi|32 017217 017298 gi|59 
000271 85.3 000298 000399 gi|30 035219 035302 gi|48 
000283 82.4 002210 002006 gi|34 034040 034225 gi|38 
005453 95.7 035801 036457 gi|34 034011 034678 gi|61 
002513 94.9 039288 039621 gi|34 004702 005024 gi|37 
000325 97.2 039329 039364 gi|34 011124 011159 gi|37 
001803 95.3 039386 039618 gi|34 011124 011350 gi|37 
001338 80.4 040025 040325 gi|34 001804 002104 gi|40 
000529 84.5 035433 035639 gi|18 036900 037080 gi|34 
000652 79.8 036618 036490 gi|18 015495 015619 gi|35 
000411 73.7 026190 026710 gi|16 007121 007614 gi|26 
000285 71.6 027008 027257 gi|16 007892 008142 gi|26 
000921 77.2 027400 028054 gi|16 008244 008899 gi|26 
000624 100.0 036976 037045 gi|16 030953 031022 gi|59 
001920 100.0 037386 037595 gi|16 036348 036557 gi|59 
001159 100.0 037462 037595 gi|16 037390 037523 gi|59 
001159 100.0 037462 037595 gi|16 037829 037962 gi|59 
000591 83.6 037462 037595 gi|16 020621 020742 gi|59 
000250 81.5 014023 013916 gi|12 015105 015200 gi|19 
000371 72.0 012378 012125 gi|28 014009 014257 gi|56 
000352 72.7 012406 012202 gi|28 010598 010802 gi|29 
000273 76.0 014550 014239 gi|28 008973 009290 gi|29 
000372 72.4 014550 014272 gi|28 011857 012141 gi|56 
001203 75.5 029935 030232 gi|10 002768 003065 gi|62 
000576 78.2 030203 030390 gi|10 003108 003289 gi|62 
000320 84.8 030769 031024 gi|10 003539 003767 gi|62 
000350 82.7 033369 033478 gi|10 006352 006465 gi|45 
000272 67.3 033713 033810 gi|10 006709 006806 gi|45 
005699 77.1 020461 018951 gi|22 017797 019304 gi|68 
000397 81.8 027363 027265 gi|22 029816 029910 gi|67 
000339 83.6 027352 027280 gi|22 038786 038853 gi|40 
000387 77.2 039530 039674 gi|22 012297 012427 gi|37 
000347 72.3 039538 039674 gi|22 010399 010528 gi|44 
000449 75.3 014682 014851 gi|13 016734 016901 gi|74 
000407 76.5 014682 014796 gi|13 006566 006679 gi|37 
001293 92.3 015192 015024 gi|13 017511 017679 gi|53 
000280 80.4 023343 023434 gi|13 031151 031243 gi|74 
000276 76.6 037366 037493 gi|13 006288 006418 gi|62 
000607 71.4 037578 037944 gi|13 006596 006968 gi|62 
000624 76.6 038099 038555 gi|13 007180 007584 gi|62 
000779 84.8 024129 024253 gi|23 024083 024207 gi|24 
000817 88.3 024139 024275 gi|23 011669 011830 gi|37 
000750 86.7 024273 024139 gi|23 024526 024670 gi|44 
000498 81.2 024139 024276 gi|23 037264 037433 gi|54 
000871 81.3 024278 024086 gi|24 024477 024677 gi|44 
001010 87.7 024093 024255 gi|24 011669 011828 gi|37 
000649 77.5 024093 024252 gi|24 037264 037422 gi|54 
000606 84.8 039620 039509 gi|24 019135 019245 gi|48 
000301 71.3 008676 008790 gi|29 011441 011555 gi|56 
000480 76.7 008948 009371 gi|29 011832 012252 gi|56 
000448 73.4 010465 010802 gi|29 013842 014185 gi|56 
000959 87.3 034600 034444 gi|19 031183 031346 gi|67 
000730 79.5 035221 034875 gi|19 028980 029358 gi|75 
000542 79.1 035215 035039 gi|19 014081 014255 gi|24 
001846 93.9 030184 030444 gi|9 039346 039609 gi|34 
000442 96.7 030203 030263 gi|9 004717 004778 gi|37 
001843 93.8 030204 030444 gi|9 004772 005014 gi|37 
001868 91.5 030225 030470 gi|9 011124 011368 gi|37 
000282 92.9 030463 030504 gi|9 025096 025138 gi|74 
000481 91.6 032232 032114 gi|9 004028 004122 gi|21 
000541 86.9 001569 001667 gi|8 036406 036512 gi|18 
001123 90.2 008040 008264 gi|8 008118 008332 gi|32 
000573 93.9 008155 008236 gi|8 017217 017300 gi|59 
000618 82.5 010088 009621 gi|8 024992 025460 gi|74 
001126 87.3 009640 009804 gi|8 002186 002350 gi|61 
002863 87.2 010118 009641 gi|8 031412 031880 gi|67 
003054 95.7 010645 010084 gi|8 030749 031284 gi|74 
000322 82.6 010194 010126 gi|8 023360 023434 gi|13 
001147 90.8 010386 010224 gi|8 006590 006754 gi|36 
000960 97.3 010429 010320 gi|8 011014 011123 gi|37 
000987 98.3 010645 010531 gi|8 010861 010975 gi|37 
000541 90.7 010720 010646 gi|8 031370 031444 gi|67 
001471 87.3 010731 010967 gi|8 003969 004211 gi|73 
000518 87.7 011130 011058 gi|8 031099 031171 gi|67 
000423 75.6 011546 011367 gi|8 001803 001976 gi|40 
000395 77.3 011545 011374 gi|8 040025 040191 gi|34 
001636 79.6 017617 018052 gi|8 037095 037531 gi|22 
001199 78.4 019637 020030 gi|8 001798 002210 gi|40 
001296 78.3 019640 019952 gi|8 040023 040325 gi|34 
000811 76.4 032193 032446 gi|8 035781 036024 gi|19 
000360 84.2 032270 032195 gi|8 029405 029489 gi|9 
000275 79.4 003301 003441 gi|7 011595 011734 gi|68 
001117 90.6 003527 003358 gi|7 031280 031452 gi|74 
000909 94.7 003571 003458 gi|7 029029 029145 gi|65 
000880 82.1 004513 004279 gi|7 011124 011347 gi|37 
000979 81.7 004547 004280 gi|7 030198 030462 gi|9 
000908 85.4 004532 004280 gi|7 039370 039613 gi|34 
000938 82.4 004532 004300 gi|7 004781 005007 gi|37 
000252 73.0 004581 004467 gi|7 028643 028758 gi|65 
000318 81.5 004538 004474 gi|7 004717 004779 gi|37 
000349 83.3 004539 004474 gi|7 039306 039368 gi|34 
000682 77.0 012200 011848 gi|7 039135 039458 gi|18 
000267 87.0 015512 015565 gi|7 017157 017214 gi|67 
000340 72.4 025661 026098 gi|7 013189 013631 gi|68 
000255 73.7 026225 026323 gi|7 013749 013847 gi|68 
000409 72.9 026378 026521 gi|7 013844 013990 gi|68 
000340 76.9 038918 039047 gi|7 019364 019490 gi|54 
000339 73.7 027447 027579 gi|5 023313 023451 gi|45 
000374 79.6 001540 001394 gi|3 028186 028351 gi|65 
000403 75.9 001704 001572 gi|3 031335 031488 gi|39 
003291 79.1 000001 000991 gi|37 021394 022481 gi|74 
000393 71.8 000008 000184 gi|37 030604 030771 gi|74 
000317 71.4 000030 000326 gi|37 013967 014256 gi|74 
002735 89.0 000458 000958 gi|37 027719 028338 gi|74 
001190 81.1 000503 000872 gi|37 006971 007377 gi|74 
001546 84.6 000989 000504 gi|37 003041 003638 gi|74 
000968 80.6 000753 000989 gi|37 007340 007569 gi|74 
000324 83.0 000897 001049 gi|37 028523 028712 gi|74 
000373 79.2 001002 001265 gi|37 017484 017746 gi|74 
000290 73.0 001153 001002 gi|37 025576 025736 gi|74 
002430 71.5 001356 002492 gi|37 017815 018956 gi|74 
000687 72.4 002135 001358 gi|37 000332 001106 gi|74 
001071 73.1 001385 002377 gi|37 010817 011804 gi|74 
012011 93.8 002761 004199 gi|37 005535 006971 gi|74 
000385 69.0 002776 003374 gi|37 015508 016103 gi|61 
000283 71.8 003166 003374 gi|37 035016 035218 gi|61 
004546 96.0 004195 004716 gi|37 007570 008092 gi|74 
000271 91.2 004640 004673 gi|37 009045 009078 gi|74 
000357 97.7 004674 004716 gi|37 009135 009177 gi|74 
001632 96.0 005017 005217 gi|37 009171 009369 gi|74 
002066 89.9 005611 005205 gi|37 027765 028314 gi|74 
000427 88.7 005205 005266 gi|37 003096 003156 gi|74 
000427 88.7 005266 005205 gi|37 022364 022424 gi|74 
000414 76.0 005362 005205 gi|37 007340 007514 gi|74 
001263 81.9 005237 005623 gi|37 003227 003656 gi|74 
001239 81.3 005611 005237 gi|37 006972 007383 gi|74 
001228 81.9 005611 005237 gi|37 021882 022293 gi|74 
000751 97.7 005629 005715 gi|37 016473 016559 gi|74 
001505 88.5 005935 005701 gi|37 009358 009600 gi|74 
005331 93.0 006389 005704 gi|37 011800 012498 gi|74 
004462 87.4 005716 006421 gi|37 027026 027749 gi|74 
000347 93.3 006083 006039 gi|37 011959 012004 gi|74 
000317 90.5 006039 006080 gi|37 027504 027545 gi|74 
000277 90.2 006142 006182 gi|37 027545 027584 gi|74 
000267 90.2 006182 006142 gi|37 011925 011963 gi|74 
000350 93.0 006227 006185 gi|37 012112 012154 gi|74 
000324 90.7 006185 006227 gi|37 027357 027399 gi|74 
000323 95.1 006227 006267 gi|37 027461 027503 gi|74 
000306 94.9 006265 006227 gi|37 012010 012050 gi|74 
002730 92.8 006387 006719 gi|37 016555 016887 gi|74 
000389 71.1 006662 006390 gi|37 026393 026671 gi|74 
001750 98.5 006717 006915 gi|37 014492 014690 gi|74 
001966 99.1 006942 006720 gi|37 005312 005534 gi|74 
002410 71.2 007941 006981 gi|37 001772 002707 gi|74 
004677 94.8 007399 007956 gi|37 009577 010129 gi|74 
000451 75.6 007628 007873 gi|37 016876 017112 gi|74 
001451 86.4 007942 008250 gi|37 003040 003444 gi|74 
001445 86.0 008250 007943 gi|37 007166 007569 gi|74 
001416 86.0 008250 007943 gi|37 022076 022479 gi|74 
000381 90.4 008036 007943 gi|37 028523 028629 gi|74 
001293 85.6 008250 007974 gi|37 027985 028338 gi|74 
000995 83.8 008265 008031 gi|37 007130 007419 gi|74 
000966 83.0 008265 008031 gi|37 022040 022329 gi|74 
000353 85.9 008327 008250 gi|37 030234 030309 gi|74 
000301 85.5 008252 008327 gi|37 028339 028412 gi|74 
001909 94.7 010861 011123 gi|37 030749 031043 gi|74 
001533 80.9 011547 011860 gi|37 037139 037469 gi|54 
000861 85.2 011828 011660 gi|37 024502 024678 gi|44 
000773 78.5 012166 012490 gi|37 010666 010963 gi|53 
000862 70.1 012238 012578 gi|37 010341 010676 gi|44 
000257 78.0 017676 017536 gi|21 025929 026071 gi|52 
000344 72.9 029698 029837 gi|14 022513 022653 gi|55 
000260 72.2 002568 002646 gi|2 036564 036642 gi|19 
000646 73.4 005984 005797 gi|2 037844 038029 gi|19 
005744 93.9 008508 007806 gi|2 000001 000701 gi|27 
000954 85.4 002350 002187 gi|61 031715 031880 gi|67 
000472 71.2 015636 016103 gi|61 005680 006148 gi|74 
000371 72.2 035016 035209 gi|61 005940 006139 gi|74 
000753 82.5 022530 022286 gi|59 030904 031147 gi|67 
000350 83.3 018202 018131 gi|46 025449 025523 gi|66 
000729 74.3 034531 034756 gi|51 024909 025139 gi|56 
000961 82.5 038456 038661 gi|51 009803 010029 gi|53 
000289 81.2 039980 040043 gi|51 010033 010094 gi|53 
000398 81.0 009166 009355 gi|44 018052 018250 gi|46 
000567 87.1 009346 009231 gi|44 025413 025523 gi|66 
001036 78.9 009657 009954 gi|44 039341 039615 gi|51 
000894 82.9 010264 010625 gi|44 010686 011031 gi|53 
000712 82.6 024671 024505 gi|44 037263 037422 gi|54 
000714 81.0 024670 025005 gi|44 022292 022563 gi|59 
000426 75.6 024950 024787 gi|44 030897 031048 gi|67 
000559 77.4 031900 031746 gi|39 002077 002245 gi|51 
000292 83.1 023933 024009 gi|47 031119 031196 gi|51 
000338 72.4 015144 015299 gi|54 037103 037260 gi|59 
000724 80.8 030852 030686 gi|54 002021 002189 gi|61 
000252 79.5 006923 007034 gi|38 017018 017132 gi|74 
000261 86.0 020098 020140 gi|43 030400 030442 gi|58 
000252 86.0 039733 039775 gi|43 030400 030442 gi|58 
000374 80.8 005505 005386 gi|48 037296 037424 gi|49 
005221 97.0 019437 020033 gi|48 002846 003448 gi|73 
003806 97.2 020029 020463 gi|48 003533 003968 gi|73 
002855 94.1 020459 020831 gi|48 004263 004634 gi|73 
001500 97.3 020928 021113 gi|48 007513 007695 gi|73 
000441 73.5 032427 031855 gi|48 021763 022349 gi|71 
001753 76.7 014901 015641 gi|45 019308 019990 gi|47 
000436 70.5 030318 030072 gi|40 002713 002958 gi|53 
000722 80.8 039013 039351 gi|40 034024 034410 gi|66 
000325 78.5 012805 012920 gi|50 030899 031005 gi|67 
000365 70.6 005119 005244 gi|52 023902 024029 gi|76 
000414 75.4 012028 012592 gi|52 032893 033475 gi|63 
000322 91.9 012776 012849 gi|52 033686 033744 gi|63 
000809 88.9 006743 006877 gi|57 012358 012503 gi|67 
000301 68.2 024619 024532 gi|62 031502 031589 gi|73 
000468 91.2 029078 029145 gi|65 031282 031350 gi|74 
000319 83.1 030723 030659 gi|67 030102 030167 gi|74 
000713 79.8 031408 031817 gi|67 024965 025408 gi|74 
000276 83.9 011770 011647 gi|68 031342 031458 gi|74 
000250 81.0 019972 020034 gi|68 009214 009272 gi|71 
